[0.477s] Invoking command in '/home/conner/codePractice/rosDummy/build/control_node': CMAKE_PREFIX_PATH=/home/conner/codePractice/rosDummy/install/robot_types:/home/conner/codePractice/rosDummy/install/mediator_node:/home/conner/codePractice/rosDummy/install/control_node:/home/conner/codePractice/rosDummy/install/brain_node:/opt/ros/foxy LD_LIBRARY_PATH=/home/conner/codePractice/rosDummy/install/robot_types/lib:/home/conner/codePractice/rosDummy/install/mediator_node/lib:/home/conner/codePractice/rosDummy/install/control_node/lib:/opt/ros/foxy/opt/yaml_cpp_vendor/lib:/opt/ros/foxy/opt/rviz_ogre_vendor/lib:/opt/ros/foxy/lib/x86_64-linux-gnu:/opt/ros/foxy/lib /usr/bin/cmake --build /home/conner/codePractice/rosDummy/build/control_node -- -j8 -l8
[0.570s] [35m[1mScanning dependencies of target action_client[0m
[0.618s] [ 50%] Built target PID_action_client
[0.659s] [ 75%] [32mBuilding CXX object CMakeFiles/action_client.dir/src/control_node.cpp.o[0m
[11.653s] [100%] [32m[1mLinking CXX shared library libaction_client.so[0m
[12.429s] [100%] Built target action_client
[12.458s] Invoked command in '/home/conner/codePractice/rosDummy/build/control_node' returned '0': CMAKE_PREFIX_PATH=/home/conner/codePractice/rosDummy/install/robot_types:/home/conner/codePractice/rosDummy/install/mediator_node:/home/conner/codePractice/rosDummy/install/control_node:/home/conner/codePractice/rosDummy/install/brain_node:/opt/ros/foxy LD_LIBRARY_PATH=/home/conner/codePractice/rosDummy/install/robot_types/lib:/home/conner/codePractice/rosDummy/install/mediator_node/lib:/home/conner/codePractice/rosDummy/install/control_node/lib:/opt/ros/foxy/opt/yaml_cpp_vendor/lib:/opt/ros/foxy/opt/rviz_ogre_vendor/lib:/opt/ros/foxy/lib/x86_64-linux-gnu:/opt/ros/foxy/lib /usr/bin/cmake --build /home/conner/codePractice/rosDummy/build/control_node -- -j8 -l8
[12.535s] Invoking command in '/home/conner/codePractice/rosDummy/build/control_node': CMAKE_PREFIX_PATH=/home/conner/codePractice/rosDummy/install/robot_types:/home/conner/codePractice/rosDummy/install/mediator_node:/home/conner/codePractice/rosDummy/install/control_node:/home/conner/codePractice/rosDummy/install/brain_node:/opt/ros/foxy LD_LIBRARY_PATH=/home/conner/codePractice/rosDummy/install/robot_types/lib:/home/conner/codePractice/rosDummy/install/mediator_node/lib:/home/conner/codePractice/rosDummy/install/control_node/lib:/opt/ros/foxy/opt/yaml_cpp_vendor/lib:/opt/ros/foxy/opt/rviz_ogre_vendor/lib:/opt/ros/foxy/lib/x86_64-linux-gnu:/opt/ros/foxy/lib /usr/bin/cmake --install /home/conner/codePractice/rosDummy/build/control_node
[12.550s] -- Install configuration: ""
[12.551s] -- Up-to-date: /home/conner/codePractice/rosDummy/install/control_node/lib/control_node/PID_action_client
[12.551s] -- Installing: /home/conner/codePractice/rosDummy/install/control_node/lib/libaction_client.so
[12.559s] -- Set runtime path of "/home/conner/codePractice/rosDummy/install/control_node/lib/libaction_client.so" to ""
[12.560s] -- Up-to-date: /home/conner/codePractice/rosDummy/install/control_node/share/ament_index/resource_index/package_run_dependencies/control_node
[12.560s] -- Up-to-date: /home/conner/codePractice/rosDummy/install/control_node/share/ament_index/resource_index/parent_prefix_path/control_node
[12.561s] -- Up-to-date: /home/conner/codePractice/rosDummy/install/control_node/share/control_node/environment/ament_prefix_path.sh
[12.562s] -- Up-to-date: /home/conner/codePractice/rosDummy/install/control_node/share/control_node/environment/ament_prefix_path.dsv
[12.562s] -- Up-to-date: /home/conner/codePractice/rosDummy/install/control_node/share/control_node/environment/path.sh
[12.562s] -- Up-to-date: /home/conner/codePractice/rosDummy/install/control_node/share/control_node/environment/path.dsv
[12.562s] -- Up-to-date: /home/conner/codePractice/rosDummy/install/control_node/share/control_node/local_setup.bash
[12.563s] -- Up-to-date: /home/conner/codePractice/rosDummy/install/control_node/share/control_node/local_setup.sh
[12.563s] -- Up-to-date: /home/conner/codePractice/rosDummy/install/control_node/share/control_node/local_setup.zsh
[12.563s] -- Up-to-date: /home/conner/codePractice/rosDummy/install/control_node/share/control_node/local_setup.dsv
[12.563s] -- Installing: /home/conner/codePractice/rosDummy/install/control_node/share/control_node/package.dsv
[12.564s] -- Up-to-date: /home/conner/codePractice/rosDummy/install/control_node/share/ament_index/resource_index/packages/control_node
[12.564s] -- Up-to-date: /home/conner/codePractice/rosDummy/install/control_node/share/ament_index/resource_index/rclcpp_components/control_node
[12.564s] -- Up-to-date: /home/conner/codePractice/rosDummy/install/control_node/share/control_node/cmake/control_nodeConfig.cmake
[12.564s] -- Up-to-date: /home/conner/codePractice/rosDummy/install/control_node/share/control_node/cmake/control_nodeConfig-version.cmake
[12.564s] -- Up-to-date: /home/conner/codePractice/rosDummy/install/control_node/share/control_node/package.xml
[12.567s] Invoked command in '/home/conner/codePractice/rosDummy/build/control_node' returned '0': CMAKE_PREFIX_PATH=/home/conner/codePractice/rosDummy/install/robot_types:/home/conner/codePractice/rosDummy/install/mediator_node:/home/conner/codePractice/rosDummy/install/control_node:/home/conner/codePractice/rosDummy/install/brain_node:/opt/ros/foxy LD_LIBRARY_PATH=/home/conner/codePractice/rosDummy/install/robot_types/lib:/home/conner/codePractice/rosDummy/install/mediator_node/lib:/home/conner/codePractice/rosDummy/install/control_node/lib:/opt/ros/foxy/opt/yaml_cpp_vendor/lib:/opt/ros/foxy/opt/rviz_ogre_vendor/lib:/opt/ros/foxy/lib/x86_64-linux-gnu:/opt/ros/foxy/lib /usr/bin/cmake --install /home/conner/codePractice/rosDummy/build/control_node
