-- Found ament_cmake: 0.9.11 (/opt/ros/foxy/share/ament_cmake/cmake)
-- Using PYTHON_EXECUTABLE: /usr/bin/python3
-- Found rclcpp: 2.4.2 (/opt/ros/foxy/share/rclcpp/cmake)
-- Using all available rosidl_typesupport_c: rosidl_typesupport_fastrtps_c;rosidl_typesupport_introspection_c
-- Found rosidl_adapter: 1.3.0 (/opt/ros/foxy/share/rosidl_adapter/cmake)
-- Using all available rosidl_typesupport_cpp: rosidl_typesupport_fastrtps_cpp;rosidl_typesupport_introspection_cpp
-- Found rmw_implementation_cmake: 1.0.3 (/opt/ros/foxy/share/rmw_implementation_cmake/cmake)
-- Using RMW implementation 'rmw_fastrtps_cpp' as default
-- Found robot_types: 0.0.0 (/home/conner/codePractice/rosDummy/install/robot_types/share/robot_types/cmake)
-- Found rclcpp_action: 2.4.2 (/opt/ros/foxy/share/rclcpp_action/cmake)
-- Found rclcpp_components: 2.4.2 (/opt/ros/foxy/share/rclcpp_components/cmake)
-- Configuring done
-- Generating done
-- Build files have been written to: /home/conner/codePractice/rosDummy/build/mediator_node
[35m[1mScanning dependencies of target pid_action_server[0m
[35m[1mScanning dependencies of target action_server[0m
[ 25%] [32mBuilding CXX object CMakeFiles/pid_action_server.dir/rclcpp_components/node_main_pid_action_server.cpp.o[0m
[ 50%] [32mBuilding CXX object CMakeFiles/action_server.dir/src/mediator_node.cpp.o[0m
[01m[K/home/conner/codePractice/rosDummy/src/mediator_node/src/mediator_node.cpp:[m[K In member function ‘[01m[Kbool Mediator::PIDActionServer::areEqual(std::vector<float, std::allocator<float> >&, std::vector<float, std::allocator<float> >&)[m[K’:
[01m[K/home/conner/codePractice/rosDummy/src/mediator_node/src/mediator_node.cpp:69:24:[m[K [01;35m[Kwarning: [m[Kcomparison of integer expressions of different signedness: ‘[01m[Kint[m[K’ and ‘[01m[Kstd::vector<float, std::allocator<float> >::size_type[m[K’ {aka ‘[01m[Klong unsigned int[m[K’} [[01;35m[K-Wsign-compare[m[K]
   69 |     for (auto i = 0; [01;35m[Ki < current_state.size()[m[K; i++)
      |                      [01;35m[K~~^~~~~~~~~~~~~~~~~~~~~~[m[K
[ 75%] [32m[1mLinking CXX executable pid_action_server[0m
[ 75%] Built target pid_action_server
[100%] [32m[1mLinking CXX shared library libaction_server.so[0m
[100%] Built target action_server
