[0.318s] Invoking command in '/home/conner/codePractice/rosDummy/build/mediator_node': AMENT_PREFIX_PATH=/home/conner/codePractice/rosDummy/install/robot_types:${AMENT_PREFIX_PATH} CMAKE_PREFIX_PATH=/home/conner/codePractice/rosDummy/install/robot_types:/opt/ros/foxy LD_LIBRARY_PATH=/home/conner/codePractice/rosDummy/install/robot_types/lib:${LD_LIBRARY_PATH} PYTHONPATH=/home/conner/codePractice/rosDummy/install/robot_types/lib/python3.8/site-packages:${PYTHONPATH} /usr/bin/cmake --build /home/conner/codePractice/rosDummy/build/mediator_node -- -j8 -l8
[0.345s] -- Found ament_cmake: 0.9.11 (/opt/ros/foxy/share/ament_cmake/cmake)
[0.374s] -- Using PYTHON_EXECUTABLE: /usr/bin/python3
[0.611s] -- Found rclcpp: 2.4.2 (/opt/ros/foxy/share/rclcpp/cmake)
[0.814s] -- Using all available rosidl_typesupport_c: rosidl_typesupport_fastrtps_c;rosidl_typesupport_introspection_c
[0.818s] -- Found rosidl_adapter: 1.3.0 (/opt/ros/foxy/share/rosidl_adapter/cmake)
[3.521s] -- Using all available rosidl_typesupport_cpp: rosidl_typesupport_fastrtps_cpp;rosidl_typesupport_introspection_cpp
[3.592s] -- Found rmw_implementation_cmake: 1.0.3 (/opt/ros/foxy/share/rmw_implementation_cmake/cmake)
[3.594s] -- Using RMW implementation 'rmw_fastrtps_cpp' as default
[3.788s] -- Found robot_types: 0.0.0 (/home/conner/codePractice/rosDummy/install/robot_types/share/robot_types/cmake)
[3.917s] -- Found rclcpp_action: 2.4.2 (/opt/ros/foxy/share/rclcpp_action/cmake)
[3.947s] -- Found rclcpp_components: 2.4.2 (/opt/ros/foxy/share/rclcpp_components/cmake)
[4.101s] -- Configuring done
[4.127s] -- Generating done
[4.130s] -- Build files have been written to: /home/conner/codePractice/rosDummy/build/mediator_node
[4.157s] [35m[1mScanning dependencies of target pid_action_server[0m
[4.160s] [35m[1mScanning dependencies of target action_server[0m
[4.201s] [ 25%] [32mBuilding CXX object CMakeFiles/pid_action_server.dir/rclcpp_components/node_main_pid_action_server.cpp.o[0m
[4.217s] [ 50%] [32mBuilding CXX object CMakeFiles/action_server.dir/src/mediator_node.cpp.o[0m
[6.300s] [01m[K/home/conner/codePractice/rosDummy/src/mediator_node/src/mediator_node.cpp:[m[K In member function ‘[01m[Kbool Mediator::PIDActionServer::areEqual(std::vector<float, std::allocator<float> >&, std::vector<float, std::allocator<float> >&)[m[K’:
[6.301s] [01m[K/home/conner/codePractice/rosDummy/src/mediator_node/src/mediator_node.cpp:69:24:[m[K [01;35m[Kwarning: [m[Kcomparison of integer expressions of different signedness: ‘[01m[Kint[m[K’ and ‘[01m[Kstd::vector<float, std::allocator<float> >::size_type[m[K’ {aka ‘[01m[Klong unsigned int[m[K’} [[01;35m[K-Wsign-compare[m[K]
[6.301s]    69 |     for (auto i = 0; [01;35m[Ki < current_state.size()[m[K; i++)
[6.301s]       |                      [01;35m[K~~^~~~~~~~~~~~~~~~~~~~~~[m[K
[7.857s] [ 75%] [32m[1mLinking CXX executable pid_action_server[0m
[8.215s] [ 75%] Built target pid_action_server
[9.999s] [100%] [32m[1mLinking CXX shared library libaction_server.so[0m
[12.962s] [100%] Built target action_server
