[0.470s] Invoking command in '/home/conner/codePractice/rosDummy/build/control_node': CMAKE_PREFIX_PATH=/home/conner/codePractice/rosDummy/install/robot_types:/home/conner/codePractice/rosDummy/install/mediator_node:/home/conner/codePractice/rosDummy/install/control_node:/home/conner/codePractice/rosDummy/install/brain_node:/opt/ros/foxy LD_LIBRARY_PATH=/home/conner/codePractice/rosDummy/install/robot_types/lib:/home/conner/codePractice/rosDummy/install/mediator_node/lib:/home/conner/codePractice/rosDummy/install/control_node/lib:/opt/ros/foxy/opt/yaml_cpp_vendor/lib:/opt/ros/foxy/opt/rviz_ogre_vendor/lib:/opt/ros/foxy/lib/x86_64-linux-gnu:/opt/ros/foxy/lib /usr/bin/cmake --build /home/conner/codePractice/rosDummy/build/control_node -- -j8 -l8
[0.577s] [ 50%] Built target PID_action_client
[0.581s] [100%] Built target action_client
[0.608s] Invoked command in '/home/conner/codePractice/rosDummy/build/control_node' returned '0': CMAKE_PREFIX_PATH=/home/conner/codePractice/rosDummy/install/robot_types:/home/conner/codePractice/rosDummy/install/mediator_node:/home/conner/codePractice/rosDummy/install/control_node:/home/conner/codePractice/rosDummy/install/brain_node:/opt/ros/foxy LD_LIBRARY_PATH=/home/conner/codePractice/rosDummy/install/robot_types/lib:/home/conner/codePractice/rosDummy/install/mediator_node/lib:/home/conner/codePractice/rosDummy/install/control_node/lib:/opt/ros/foxy/opt/yaml_cpp_vendor/lib:/opt/ros/foxy/opt/rviz_ogre_vendor/lib:/opt/ros/foxy/lib/x86_64-linux-gnu:/opt/ros/foxy/lib /usr/bin/cmake --build /home/conner/codePractice/rosDummy/build/control_node -- -j8 -l8
[0.665s] Invoking command in '/home/conner/codePractice/rosDummy/build/control_node': CMAKE_PREFIX_PATH=/home/conner/codePractice/rosDummy/install/robot_types:/home/conner/codePractice/rosDummy/install/mediator_node:/home/conner/codePractice/rosDummy/install/control_node:/home/conner/codePractice/rosDummy/install/brain_node:/opt/ros/foxy LD_LIBRARY_PATH=/home/conner/codePractice/rosDummy/install/robot_types/lib:/home/conner/codePractice/rosDummy/install/mediator_node/lib:/home/conner/codePractice/rosDummy/install/control_node/lib:/opt/ros/foxy/opt/yaml_cpp_vendor/lib:/opt/ros/foxy/opt/rviz_ogre_vendor/lib:/opt/ros/foxy/lib/x86_64-linux-gnu:/opt/ros/foxy/lib /usr/bin/cmake --install /home/conner/codePractice/rosDummy/build/control_node
[0.677s] -- Install configuration: ""
[0.677s] -- Up-to-date: /home/conner/codePractice/rosDummy/install/control_node/lib/control_node/PID_action_client
[0.678s] -- Up-to-date: /home/conner/codePractice/rosDummy/install/control_node/lib/libaction_client.so
[0.679s] -- Up-to-date: /home/conner/codePractice/rosDummy/install/control_node/share/ament_index/resource_index/package_run_dependencies/control_node
[0.679s] -- Up-to-date: /home/conner/codePractice/rosDummy/install/control_node/share/ament_index/resource_index/parent_prefix_path/control_node
[0.680s] -- Up-to-date: /home/conner/codePractice/rosDummy/install/control_node/share/control_node/environment/ament_prefix_path.sh
[0.680s] -- Up-to-date: /home/conner/codePractice/rosDummy/install/control_node/share/control_node/environment/ament_prefix_path.dsv
[0.680s] -- Up-to-date: /home/conner/codePractice/rosDummy/install/control_node/share/control_node/environment/path.sh
[0.681s] -- Up-to-date: /home/conner/codePractice/rosDummy/install/control_node/share/control_node/environment/path.dsv
[0.681s] -- Up-to-date: /home/conner/codePractice/rosDummy/install/control_node/share/control_node/local_setup.bash
[0.682s] -- Up-to-date: /home/conner/codePractice/rosDummy/install/control_node/share/control_node/local_setup.sh
[0.683s] -- Up-to-date: /home/conner/codePractice/rosDummy/install/control_node/share/control_node/local_setup.zsh
[0.683s] -- Up-to-date: /home/conner/codePractice/rosDummy/install/control_node/share/control_node/local_setup.dsv
[0.684s] -- Installing: /home/conner/codePractice/rosDummy/install/control_node/share/control_node/package.dsv
[0.684s] -- Up-to-date: /home/conner/codePractice/rosDummy/install/control_node/share/ament_index/resource_index/packages/control_node
[0.684s] -- Up-to-date: /home/conner/codePractice/rosDummy/install/control_node/share/ament_index/resource_index/rclcpp_components/control_node
[0.684s] -- Up-to-date: /home/conner/codePractice/rosDummy/install/control_node/share/control_node/cmake/control_nodeConfig.cmake
[0.684s] -- Up-to-date: /home/conner/codePractice/rosDummy/install/control_node/share/control_node/cmake/control_nodeConfig-version.cmake
[0.684s] -- Up-to-date: /home/conner/codePractice/rosDummy/install/control_node/share/control_node/package.xml
[0.688s] Invoked command in '/home/conner/codePractice/rosDummy/build/control_node' returned '0': CMAKE_PREFIX_PATH=/home/conner/codePractice/rosDummy/install/robot_types:/home/conner/codePractice/rosDummy/install/mediator_node:/home/conner/codePractice/rosDummy/install/control_node:/home/conner/codePractice/rosDummy/install/brain_node:/opt/ros/foxy LD_LIBRARY_PATH=/home/conner/codePractice/rosDummy/install/robot_types/lib:/home/conner/codePractice/rosDummy/install/mediator_node/lib:/home/conner/codePractice/rosDummy/install/control_node/lib:/opt/ros/foxy/opt/yaml_cpp_vendor/lib:/opt/ros/foxy/opt/rviz_ogre_vendor/lib:/opt/ros/foxy/lib/x86_64-linux-gnu:/opt/ros/foxy/lib /usr/bin/cmake --install /home/conner/codePractice/rosDummy/build/control_node
