[0.090s] Invoking command in '/home/conner/codePractice/rosDummy/build/robot_types': CMAKE_PREFIX_PATH=${CMAKE_PREFIX_PATH}:/opt/ros/foxy /usr/bin/cmake --build /home/conner/codePractice/rosDummy/build/robot_types -- -j8 -l8
[0.227s] [  3%] Built target robot_types__cpp
[0.244s] [ 12%] Built target robot_types__rosidl_generator_c
[0.324s] [ 32%] Built target robot_types__rosidl_typesupport_introspection_cpp
[0.326s] [ 32%] Built target robot_types__rosidl_typesupport_fastrtps_cpp
[0.326s] [ 41%] Built target robot_types__rosidl_typesupport_cpp
[0.339s] [ 51%] Built target robot_types__rosidl_typesupport_introspection_c
[0.340s] [ 61%] Built target robot_types__rosidl_typesupport_c
[0.405s] [ 70%] Built target robot_types__rosidl_typesupport_fastrtps_c
[0.465s] [ 70%] Built target robot_types
[0.535s] [ 74%] Built target robot_types__py
[0.605s] [ 80%] Built target robot_types__python
[0.693s] [ 87%] Built target robot_types__rosidl_typesupport_c__pyext
[0.695s] [ 93%] Built target robot_types__rosidl_typesupport_introspection_c__pyext
[0.707s] [100%] Built target robot_types__rosidl_typesupport_fastrtps_c__pyext
[0.740s] Invoked command in '/home/conner/codePractice/rosDummy/build/robot_types' returned '0': CMAKE_PREFIX_PATH=${CMAKE_PREFIX_PATH}:/opt/ros/foxy /usr/bin/cmake --build /home/conner/codePractice/rosDummy/build/robot_types -- -j8 -l8
[0.886s] Invoking command in '/home/conner/codePractice/rosDummy/build/robot_types': CMAKE_PREFIX_PATH=${CMAKE_PREFIX_PATH}:/opt/ros/foxy /usr/bin/cmake --install /home/conner/codePractice/rosDummy/build/robot_types
[0.902s] -- Install configuration: ""
[0.902s] -- Up-to-date: /home/conner/codePractice/rosDummy/install/robot_types/share/ament_index/resource_index/rosidl_interfaces/robot_types
[0.903s] -- Up-to-date: /home/conner/codePractice/rosDummy/install/robot_types/include/robot_types
[0.903s] -- Up-to-date: /home/conner/codePractice/rosDummy/install/robot_types/include/robot_types/msg
[0.903s] -- Up-to-date: /home/conner/codePractice/rosDummy/install/robot_types/include/robot_types/msg/rosidl_generator_c__visibility_control.h
[0.903s] -- Up-to-date: /home/conner/codePractice/rosDummy/install/robot_types/include/robot_types/action
[0.904s] -- Up-to-date: /home/conner/codePractice/rosDummy/install/robot_types/include/robot_types/action/pid.h
[0.904s] -- Up-to-date: /home/conner/codePractice/rosDummy/install/robot_types/include/robot_types/action/detail
[0.904s] -- Up-to-date: /home/conner/codePractice/rosDummy/install/robot_types/include/robot_types/action/detail/pid__struct.h
[0.905s] -- Up-to-date: /home/conner/codePractice/rosDummy/install/robot_types/include/robot_types/action/detail/pid__functions.h
[0.905s] -- Up-to-date: /home/conner/codePractice/rosDummy/install/robot_types/include/robot_types/action/detail/pid__type_support.h
[0.906s] -- Up-to-date: /home/conner/codePractice/rosDummy/install/robot_types/include/robot_types/action/detail/pid__functions.c
[0.906s] -- Up-to-date: /home/conner/codePractice/rosDummy/install/robot_types/share/robot_types/environment/library_path.sh
[0.906s] -- Up-to-date: /home/conner/codePractice/rosDummy/install/robot_types/share/robot_types/environment/library_path.dsv
[0.907s] -- Up-to-date: /home/conner/codePractice/rosDummy/install/robot_types/lib/librobot_types__rosidl_generator_c.so
[0.907s] -- Up-to-date: /home/conner/codePractice/rosDummy/install/robot_types/include/robot_types
[0.908s] -- Up-to-date: /home/conner/codePractice/rosDummy/install/robot_types/include/robot_types/msg
[0.908s] -- Up-to-date: /home/conner/codePractice/rosDummy/install/robot_types/include/robot_types/msg/rosidl_typesupport_fastrtps_c__visibility_control.h
[0.908s] -- Up-to-date: /home/conner/codePractice/rosDummy/install/robot_types/include/robot_types/action
[0.909s] -- Up-to-date: /home/conner/codePractice/rosDummy/install/robot_types/include/robot_types/action/detail
[0.909s] -- Up-to-date: /home/conner/codePractice/rosDummy/install/robot_types/include/robot_types/action/detail/pid__rosidl_typesupport_fastrtps_c.h
[0.910s] -- Up-to-date: /home/conner/codePractice/rosDummy/install/robot_types/lib/librobot_types__rosidl_typesupport_fastrtps_c.so
[0.910s] -- Up-to-date: /home/conner/codePractice/rosDummy/install/robot_types/include/robot_types
[0.911s] -- Up-to-date: /home/conner/codePractice/rosDummy/install/robot_types/include/robot_types/msg
[0.911s] -- Up-to-date: /home/conner/codePractice/rosDummy/install/robot_types/include/robot_types/msg/rosidl_typesupport_fastrtps_cpp__visibility_control.h
[0.911s] -- Up-to-date: /home/conner/codePractice/rosDummy/install/robot_types/include/robot_types/action
[0.911s] -- Up-to-date: /home/conner/codePractice/rosDummy/install/robot_types/include/robot_types/action/detail
[0.912s] -- Up-to-date: /home/conner/codePractice/rosDummy/install/robot_types/include/robot_types/action/detail/pid__rosidl_typesupport_fastrtps_cpp.hpp
[0.913s] -- Up-to-date: /home/conner/codePractice/rosDummy/install/robot_types/include/robot_types/action/detail/dds_fastrtps
[0.914s] -- Up-to-date: /home/conner/codePractice/rosDummy/install/robot_types/lib/librobot_types__rosidl_typesupport_fastrtps_cpp.so
[0.914s] -- Up-to-date: /home/conner/codePractice/rosDummy/install/robot_types/include/robot_types
[0.914s] -- Up-to-date: /home/conner/codePractice/rosDummy/install/robot_types/include/robot_types/msg
[0.915s] -- Up-to-date: /home/conner/codePractice/rosDummy/install/robot_types/include/robot_types/msg/rosidl_typesupport_introspection_c__visibility_control.h
[0.915s] -- Up-to-date: /home/conner/codePractice/rosDummy/install/robot_types/include/robot_types/action
[0.916s] -- Up-to-date: /home/conner/codePractice/rosDummy/install/robot_types/include/robot_types/action/detail
[0.916s] -- Up-to-date: /home/conner/codePractice/rosDummy/install/robot_types/include/robot_types/action/detail/pid__rosidl_typesupport_introspection_c.h
[0.917s] -- Up-to-date: /home/conner/codePractice/rosDummy/install/robot_types/include/robot_types/action/detail/pid__type_support.c
[0.917s] -- Up-to-date: /home/conner/codePractice/rosDummy/install/robot_types/lib/librobot_types__rosidl_typesupport_introspection_c.so
[0.918s] -- Up-to-date: /home/conner/codePractice/rosDummy/install/robot_types/lib/librobot_types__rosidl_typesupport_c.so
[0.918s] -- Up-to-date: /home/conner/codePractice/rosDummy/install/robot_types/include/robot_types
[0.919s] -- Up-to-date: /home/conner/codePractice/rosDummy/install/robot_types/include/robot_types/action
[0.919s] -- Up-to-date: /home/conner/codePractice/rosDummy/install/robot_types/include/robot_types/action/pid.hpp
[0.919s] -- Up-to-date: /home/conner/codePractice/rosDummy/install/robot_types/include/robot_types/action/detail
[0.919s] -- Up-to-date: /home/conner/codePractice/rosDummy/install/robot_types/include/robot_types/action/detail/pid__traits.hpp
[0.919s] -- Up-to-date: /home/conner/codePractice/rosDummy/install/robot_types/include/robot_types/action/detail/pid__struct.hpp
[0.919s] -- Up-to-date: /home/conner/codePractice/rosDummy/install/robot_types/include/robot_types/action/detail/pid__builder.hpp
[0.919s] -- Up-to-date: /home/conner/codePractice/rosDummy/install/robot_types/include/robot_types
[0.919s] -- Up-to-date: /home/conner/codePractice/rosDummy/install/robot_types/include/robot_types/action
[0.920s] -- Up-to-date: /home/conner/codePractice/rosDummy/install/robot_types/include/robot_types/action/detail
[0.920s] -- Up-to-date: /home/conner/codePractice/rosDummy/install/robot_types/include/robot_types/action/detail/pid__type_support.cpp
[0.920s] -- Up-to-date: /home/conner/codePractice/rosDummy/install/robot_types/include/robot_types/action/detail/pid__rosidl_typesupport_introspection_cpp.hpp
[0.920s] -- Up-to-date: /home/conner/codePractice/rosDummy/install/robot_types/lib/librobot_types__rosidl_typesupport_introspection_cpp.so
[0.920s] -- Up-to-date: /home/conner/codePractice/rosDummy/install/robot_types/lib/librobot_types__rosidl_typesupport_cpp.so
[0.920s] -- Up-to-date: /home/conner/codePractice/rosDummy/install/robot_types/share/robot_types/environment/pythonpath.sh
[0.920s] -- Up-to-date: /home/conner/codePractice/rosDummy/install/robot_types/share/robot_types/environment/pythonpath.dsv
[0.921s] -- Up-to-date: /home/conner/codePractice/rosDummy/install/robot_types/lib/python3.8/site-packages/robot_types/__init__.py
[1.035s] -- Up-to-date: /home/conner/codePractice/rosDummy/install/robot_types/lib/python3.8/site-packages/robot_types/action
[1.036s] -- Up-to-date: /home/conner/codePractice/rosDummy/install/robot_types/lib/python3.8/site-packages/robot_types/action/_pid.py
[1.036s] -- Up-to-date: /home/conner/codePractice/rosDummy/install/robot_types/lib/python3.8/site-packages/robot_types/action/_pid_s.c
[1.036s] -- Up-to-date: /home/conner/codePractice/rosDummy/install/robot_types/lib/python3.8/site-packages/robot_types/action/__init__.py
[1.037s] -- Up-to-date: /home/conner/codePractice/rosDummy/install/robot_types/lib/python3.8/site-packages/robot_types/robot_types_s__rosidl_typesupport_fastrtps_c.cpython-38-x86_64-linux-gnu.so
[1.038s] -- Up-to-date: /home/conner/codePractice/rosDummy/install/robot_types/lib/python3.8/site-packages/robot_types/robot_types_s__rosidl_typesupport_introspection_c.cpython-38-x86_64-linux-gnu.so
[1.039s] -- Up-to-date: /home/conner/codePractice/rosDummy/install/robot_types/lib/python3.8/site-packages/robot_types/robot_types_s__rosidl_typesupport_c.cpython-38-x86_64-linux-gnu.so
[1.040s] -- Up-to-date: /home/conner/codePractice/rosDummy/install/robot_types/lib/librobot_types__python.so
[1.041s] -- Up-to-date: /home/conner/codePractice/rosDummy/install/robot_types/share/robot_types/action/PID.idl
[1.041s] -- Up-to-date: /home/conner/codePractice/rosDummy/install/robot_types/share/robot_types/action/PID.action
[1.042s] -- Up-to-date: /home/conner/codePractice/rosDummy/install/robot_types/share/ament_index/resource_index/package_run_dependencies/robot_types
[1.043s] -- Up-to-date: /home/conner/codePractice/rosDummy/install/robot_types/share/ament_index/resource_index/parent_prefix_path/robot_types
[1.043s] -- Up-to-date: /home/conner/codePractice/rosDummy/install/robot_types/share/robot_types/environment/ament_prefix_path.sh
[1.044s] -- Up-to-date: /home/conner/codePractice/rosDummy/install/robot_types/share/robot_types/environment/ament_prefix_path.dsv
[1.044s] -- Up-to-date: /home/conner/codePractice/rosDummy/install/robot_types/share/robot_types/environment/path.sh
[1.046s] -- Up-to-date: /home/conner/codePractice/rosDummy/install/robot_types/share/robot_types/environment/path.dsv
[1.047s] -- Up-to-date: /home/conner/codePractice/rosDummy/install/robot_types/share/robot_types/local_setup.bash
[1.048s] -- Up-to-date: /home/conner/codePractice/rosDummy/install/robot_types/share/robot_types/local_setup.sh
[1.049s] -- Up-to-date: /home/conner/codePractice/rosDummy/install/robot_types/share/robot_types/local_setup.zsh
[1.052s] -- Up-to-date: /home/conner/codePractice/rosDummy/install/robot_types/share/robot_types/local_setup.dsv
[1.052s] -- Installing: /home/conner/codePractice/rosDummy/install/robot_types/share/robot_types/package.dsv
[1.052s] -- Up-to-date: /home/conner/codePractice/rosDummy/install/robot_types/share/ament_index/resource_index/packages/robot_types
[1.053s] -- Up-to-date: /home/conner/codePractice/rosDummy/install/robot_types/share/robot_types/cmake/robot_types__rosidl_generator_cExport.cmake
[1.053s] -- Up-to-date: /home/conner/codePractice/rosDummy/install/robot_types/share/robot_types/cmake/robot_types__rosidl_generator_cExport-noconfig.cmake
[1.054s] -- Up-to-date: /home/conner/codePractice/rosDummy/install/robot_types/share/robot_types/cmake/robot_types__rosidl_typesupport_introspection_cExport.cmake
[1.054s] -- Up-to-date: /home/conner/codePractice/rosDummy/install/robot_types/share/robot_types/cmake/robot_types__rosidl_typesupport_introspection_cExport-noconfig.cmake
[1.054s] -- Up-to-date: /home/conner/codePractice/rosDummy/install/robot_types/share/robot_types/cmake/robot_types__rosidl_typesupport_cExport.cmake
[1.054s] -- Up-to-date: /home/conner/codePractice/rosDummy/install/robot_types/share/robot_types/cmake/robot_types__rosidl_typesupport_cExport-noconfig.cmake
[1.054s] -- Up-to-date: /home/conner/codePractice/rosDummy/install/robot_types/share/robot_types/cmake/robot_types__rosidl_generator_cppExport.cmake
[1.055s] -- Up-to-date: /home/conner/codePractice/rosDummy/install/robot_types/share/robot_types/cmake/robot_types__rosidl_typesupport_introspection_cppExport.cmake
[1.055s] -- Up-to-date: /home/conner/codePractice/rosDummy/install/robot_types/share/robot_types/cmake/robot_types__rosidl_typesupport_introspection_cppExport-noconfig.cmake
[1.055s] -- Up-to-date: /home/conner/codePractice/rosDummy/install/robot_types/share/robot_types/cmake/robot_types__rosidl_typesupport_cppExport.cmake
[1.055s] -- Up-to-date: /home/conner/codePractice/rosDummy/install/robot_types/share/robot_types/cmake/robot_types__rosidl_typesupport_cppExport-noconfig.cmake
[1.055s] -- Up-to-date: /home/conner/codePractice/rosDummy/install/robot_types/share/robot_types/cmake/rosidl_cmake-extras.cmake
[1.055s] -- Up-to-date: /home/conner/codePractice/rosDummy/install/robot_types/share/robot_types/cmake/ament_cmake_export_dependencies-extras.cmake
[1.056s] -- Up-to-date: /home/conner/codePractice/rosDummy/install/robot_types/share/robot_types/cmake/ament_cmake_export_libraries-extras.cmake
[1.058s] -- Up-to-date: /home/conner/codePractice/rosDummy/install/robot_types/share/robot_types/cmake/ament_cmake_export_targets-extras.cmake
[1.059s] -- Up-to-date: /home/conner/codePractice/rosDummy/install/robot_types/share/robot_types/cmake/ament_cmake_export_include_directories-extras.cmake
[1.059s] -- Up-to-date: /home/conner/codePractice/rosDummy/install/robot_types/share/robot_types/cmake/rosidl_cmake_export_typesupport_libraries-extras.cmake
[1.060s] -- Up-to-date: /home/conner/codePractice/rosDummy/install/robot_types/share/robot_types/cmake/rosidl_cmake_export_typesupport_targets-extras.cmake
[1.061s] -- Up-to-date: /home/conner/codePractice/rosDummy/install/robot_types/share/robot_types/cmake/robot_typesConfig.cmake
[1.061s] -- Up-to-date: /home/conner/codePractice/rosDummy/install/robot_types/share/robot_types/cmake/robot_typesConfig-version.cmake
[1.062s] -- Up-to-date: /home/conner/codePractice/rosDummy/install/robot_types/share/robot_types/package.xml
[1.070s] Invoked command in '/home/conner/codePractice/rosDummy/build/robot_types' returned '0': CMAKE_PREFIX_PATH=${CMAKE_PREFIX_PATH}:/opt/ros/foxy /usr/bin/cmake --install /home/conner/codePractice/rosDummy/build/robot_types
