[0.901s] DEBUG:colcon:Command line arguments: ['/usr/bin/colcon', 'build']
[0.901s] DEBUG:colcon:Parsed command line arguments: Namespace(allow_overriding=[], ament_cmake_args=None, base_paths=['.'], build_base='build', catkin_cmake_args=None, catkin_skip_building_tests=False, cmake_args=None, cmake_clean_cache=False, cmake_clean_first=False, cmake_force_configure=False, cmake_target=None, cmake_target_skip_unavailable=False, continue_on_error=False, event_handlers=None, executor='parallel', ignore_user_meta=False, install_base='install', log_base=None, log_level=None, main=<bound method BuildVerb.main of <colcon_core.verb.build.BuildVerb object at 0x7f7755e5c4f0>>, merge_install=False, metas=['./colcon.meta'], packages_above=None, packages_above_and_dependencies=None, packages_above_depth=None, packages_end=None, packages_ignore=None, packages_ignore_regex=None, packages_select=None, packages_select_build_failed=False, packages_select_by_dep=None, packages_select_regex=None, packages_select_test_failures=False, packages_skip=None, packages_skip_build_finished=False, packages_skip_by_dep=None, packages_skip_regex=None, packages_skip_test_passed=False, packages_skip_up_to=None, packages_start=None, packages_up_to=None, packages_up_to_regex=None, parallel_workers=8, paths=None, symlink_install=False, test_result_base=None, verb_extension=<colcon_core.verb.build.BuildVerb object at 0x7f7755e5c4f0>, verb_name='build', verb_parser=<colcon_defaults.argument_parser.defaults.DefaultArgumentsDecorator object at 0x7f7755e5ca30>)
[0.947s] Level 1:colcon.colcon_core.package_discovery:discover_packages(colcon_meta) check parameters
[0.947s] Level 1:colcon.colcon_core.package_discovery:discover_packages(recursive) check parameters
[0.947s] Level 1:colcon.colcon_core.package_discovery:discover_packages(ignore) check parameters
[0.947s] Level 1:colcon.colcon_core.package_discovery:discover_packages(path) check parameters
[0.947s] Level 1:colcon.colcon_core.package_discovery:discover_packages(colcon_meta) discover
[0.948s] Level 1:colcon.colcon_core.package_discovery:discover_packages(recursive) discover
[0.948s] INFO:colcon.colcon_core.package_discovery:Crawling recursively for packages in '/home/conner/codePractice/rosDummy'
[0.948s] Level 1:colcon.colcon_core.package_identification:_identify(.) by extensions ['ignore', 'ignore_ament_install']
[0.948s] Level 1:colcon.colcon_core.package_identification:_identify(.) by extension 'ignore'
[0.948s] Level 1:colcon.colcon_core.package_identification:_identify(.) by extension 'ignore_ament_install'
[0.949s] Level 1:colcon.colcon_core.package_identification:_identify(.) by extensions ['colcon_pkg']
[0.949s] Level 1:colcon.colcon_core.package_identification:_identify(.) by extension 'colcon_pkg'
[0.949s] Level 1:colcon.colcon_core.package_identification:_identify(.) by extensions ['colcon_meta']
[0.949s] Level 1:colcon.colcon_core.package_identification:_identify(.) by extension 'colcon_meta'
[0.949s] Level 1:colcon.colcon_core.package_identification:_identify(.) by extensions ['ros']
[0.949s] Level 1:colcon.colcon_core.package_identification:_identify(.) by extension 'ros'
[0.981s] Level 1:colcon.colcon_core.package_identification:_identify(.) by extensions ['cmake', 'python']
[0.981s] Level 1:colcon.colcon_core.package_identification:_identify(.) by extension 'cmake'
[0.982s] Level 1:colcon.colcon_core.package_identification:_identify(.) by extension 'python'
[0.982s] Level 1:colcon.colcon_core.package_identification:_identify(.) by extensions ['python_setup_py']
[0.982s] Level 1:colcon.colcon_core.package_identification:_identify(.) by extension 'python_setup_py'
[0.982s] Level 1:colcon.colcon_core.package_identification:_identify(build) by extensions ['ignore', 'ignore_ament_install']
[0.983s] Level 1:colcon.colcon_core.package_identification:_identify(build) by extension 'ignore'
[0.983s] Level 1:colcon.colcon_core.package_identification:_identify(build) ignored
[0.983s] Level 1:colcon.colcon_core.package_identification:_identify(install) by extensions ['ignore', 'ignore_ament_install']
[0.983s] Level 1:colcon.colcon_core.package_identification:_identify(install) by extension 'ignore'
[0.983s] Level 1:colcon.colcon_core.package_identification:_identify(install) ignored
[0.983s] Level 1:colcon.colcon_core.package_identification:_identify(log) by extensions ['ignore', 'ignore_ament_install']
[0.983s] Level 1:colcon.colcon_core.package_identification:_identify(log) by extension 'ignore'
[0.983s] Level 1:colcon.colcon_core.package_identification:_identify(log) ignored
[0.983s] Level 1:colcon.colcon_core.package_identification:_identify(src) by extensions ['ignore', 'ignore_ament_install']
[0.983s] Level 1:colcon.colcon_core.package_identification:_identify(src) by extension 'ignore'
[0.984s] Level 1:colcon.colcon_core.package_identification:_identify(src) by extension 'ignore_ament_install'
[0.984s] Level 1:colcon.colcon_core.package_identification:_identify(src) by extensions ['colcon_pkg']
[0.984s] Level 1:colcon.colcon_core.package_identification:_identify(src) by extension 'colcon_pkg'
[0.984s] Level 1:colcon.colcon_core.package_identification:_identify(src) by extensions ['colcon_meta']
[0.984s] Level 1:colcon.colcon_core.package_identification:_identify(src) by extension 'colcon_meta'
[0.984s] Level 1:colcon.colcon_core.package_identification:_identify(src) by extensions ['ros']
[0.984s] Level 1:colcon.colcon_core.package_identification:_identify(src) by extension 'ros'
[0.984s] Level 1:colcon.colcon_core.package_identification:_identify(src) by extensions ['cmake', 'python']
[0.984s] Level 1:colcon.colcon_core.package_identification:_identify(src) by extension 'cmake'
[0.984s] Level 1:colcon.colcon_core.package_identification:_identify(src) by extension 'python'
[0.984s] Level 1:colcon.colcon_core.package_identification:_identify(src) by extensions ['python_setup_py']
[0.984s] Level 1:colcon.colcon_core.package_identification:_identify(src) by extension 'python_setup_py'
[0.984s] Level 1:colcon.colcon_core.package_identification:_identify(src/brain_node) by extensions ['ignore', 'ignore_ament_install']
[0.984s] Level 1:colcon.colcon_core.package_identification:_identify(src/brain_node) by extension 'ignore'
[0.984s] Level 1:colcon.colcon_core.package_identification:_identify(src/brain_node) by extension 'ignore_ament_install'
[0.984s] Level 1:colcon.colcon_core.package_identification:_identify(src/brain_node) by extensions ['colcon_pkg']
[0.985s] Level 1:colcon.colcon_core.package_identification:_identify(src/brain_node) by extension 'colcon_pkg'
[0.985s] Level 1:colcon.colcon_core.package_identification:_identify(src/brain_node) by extensions ['colcon_meta']
[0.985s] Level 1:colcon.colcon_core.package_identification:_identify(src/brain_node) by extension 'colcon_meta'
[0.985s] Level 1:colcon.colcon_core.package_identification:_identify(src/brain_node) by extensions ['ros']
[0.985s] Level 1:colcon.colcon_core.package_identification:_identify(src/brain_node) by extension 'ros'
[0.993s] DEBUG:colcon.colcon_core.package_identification:Package 'src/brain_node' with type 'ros.ament_cmake' and name 'brain_node'
[0.994s] Level 1:colcon.colcon_core.package_identification:_identify(src/control_node) by extensions ['ignore', 'ignore_ament_install']
[0.994s] Level 1:colcon.colcon_core.package_identification:_identify(src/control_node) by extension 'ignore'
[0.994s] Level 1:colcon.colcon_core.package_identification:_identify(src/control_node) by extension 'ignore_ament_install'
[0.994s] Level 1:colcon.colcon_core.package_identification:_identify(src/control_node) by extensions ['colcon_pkg']
[0.995s] Level 1:colcon.colcon_core.package_identification:_identify(src/control_node) by extension 'colcon_pkg'
[0.995s] Level 1:colcon.colcon_core.package_identification:_identify(src/control_node) by extensions ['colcon_meta']
[0.995s] Level 1:colcon.colcon_core.package_identification:_identify(src/control_node) by extension 'colcon_meta'
[0.995s] Level 1:colcon.colcon_core.package_identification:_identify(src/control_node) by extensions ['ros']
[0.995s] Level 1:colcon.colcon_core.package_identification:_identify(src/control_node) by extension 'ros'
[0.999s] DEBUG:colcon.colcon_core.package_identification:Package 'src/control_node' with type 'ros.ament_cmake' and name 'control_node'
[0.999s] Level 1:colcon.colcon_core.package_identification:_identify(src/mediator_node) by extensions ['ignore', 'ignore_ament_install']
[1.000s] Level 1:colcon.colcon_core.package_identification:_identify(src/mediator_node) by extension 'ignore'
[1.000s] Level 1:colcon.colcon_core.package_identification:_identify(src/mediator_node) by extension 'ignore_ament_install'
[1.000s] Level 1:colcon.colcon_core.package_identification:_identify(src/mediator_node) by extensions ['colcon_pkg']
[1.000s] Level 1:colcon.colcon_core.package_identification:_identify(src/mediator_node) by extension 'colcon_pkg'
[1.000s] Level 1:colcon.colcon_core.package_identification:_identify(src/mediator_node) by extensions ['colcon_meta']
[1.000s] Level 1:colcon.colcon_core.package_identification:_identify(src/mediator_node) by extension 'colcon_meta'
[1.000s] Level 1:colcon.colcon_core.package_identification:_identify(src/mediator_node) by extensions ['ros']
[1.000s] Level 1:colcon.colcon_core.package_identification:_identify(src/mediator_node) by extension 'ros'
[1.003s] DEBUG:colcon.colcon_core.package_identification:Package 'src/mediator_node' with type 'ros.ament_cmake' and name 'mediator_node'
[1.003s] Level 1:colcon.colcon_core.package_identification:_identify(src/robot_types) by extensions ['ignore', 'ignore_ament_install']
[1.003s] Level 1:colcon.colcon_core.package_identification:_identify(src/robot_types) by extension 'ignore'
[1.003s] Level 1:colcon.colcon_core.package_identification:_identify(src/robot_types) by extension 'ignore_ament_install'
[1.003s] Level 1:colcon.colcon_core.package_identification:_identify(src/robot_types) by extensions ['colcon_pkg']
[1.003s] Level 1:colcon.colcon_core.package_identification:_identify(src/robot_types) by extension 'colcon_pkg'
[1.003s] Level 1:colcon.colcon_core.package_identification:_identify(src/robot_types) by extensions ['colcon_meta']
[1.003s] Level 1:colcon.colcon_core.package_identification:_identify(src/robot_types) by extension 'colcon_meta'
[1.003s] Level 1:colcon.colcon_core.package_identification:_identify(src/robot_types) by extensions ['ros']
[1.003s] Level 1:colcon.colcon_core.package_identification:_identify(src/robot_types) by extension 'ros'
[1.005s] DEBUG:colcon.colcon_core.package_identification:Package 'src/robot_types' with type 'ros.ament_cmake' and name 'robot_types'
[1.006s] Level 1:colcon.colcon_core.package_discovery:discover_packages(recursive) using defaults
[1.006s] Level 1:colcon.colcon_core.package_discovery:discover_packages(ignore) discover
[1.006s] Level 1:colcon.colcon_core.package_discovery:discover_packages(ignore) using defaults
[1.006s] Level 1:colcon.colcon_core.package_discovery:discover_packages(path) discover
[1.006s] Level 1:colcon.colcon_core.package_discovery:discover_packages(path) using defaults
[1.041s] Level 1:colcon.colcon_core.package_discovery:discover_packages(prefix_path) check parameters
[1.042s] Level 1:colcon.colcon_core.package_discovery:discover_packages(prefix_path) discover
[1.046s] DEBUG:colcon.colcon_installed_package_information.package_discovery:Found 4 installed packages in /home/conner/codePractice/rosDummy/install
[1.047s] DEBUG:colcon.colcon_installed_package_information.package_discovery:Found 256 installed packages in /opt/ros/foxy
[1.050s] Level 1:colcon.colcon_core.package_discovery:discover_packages(prefix_path) using defaults
[1.140s] Level 5:colcon.colcon_core.verb:set package 'brain_node' build argument 'cmake_args' from command line to 'None'
[1.141s] Level 5:colcon.colcon_core.verb:set package 'brain_node' build argument 'cmake_target' from command line to 'None'
[1.141s] Level 5:colcon.colcon_core.verb:set package 'brain_node' build argument 'cmake_target_skip_unavailable' from command line to 'False'
[1.141s] Level 5:colcon.colcon_core.verb:set package 'brain_node' build argument 'cmake_clean_cache' from command line to 'False'
[1.141s] Level 5:colcon.colcon_core.verb:set package 'brain_node' build argument 'cmake_clean_first' from command line to 'False'
[1.141s] Level 5:colcon.colcon_core.verb:set package 'brain_node' build argument 'cmake_force_configure' from command line to 'False'
[1.141s] Level 5:colcon.colcon_core.verb:set package 'brain_node' build argument 'ament_cmake_args' from command line to 'None'
[1.141s] Level 5:colcon.colcon_core.verb:set package 'brain_node' build argument 'catkin_cmake_args' from command line to 'None'
[1.141s] Level 5:colcon.colcon_core.verb:set package 'brain_node' build argument 'catkin_skip_building_tests' from command line to 'False'
[1.141s] DEBUG:colcon.colcon_core.verb:Building package 'brain_node' with the following arguments: {'ament_cmake_args': None, 'build_base': '/home/conner/codePractice/rosDummy/build/brain_node', 'catkin_cmake_args': None, 'catkin_skip_building_tests': False, 'cmake_args': None, 'cmake_clean_cache': False, 'cmake_clean_first': False, 'cmake_force_configure': False, 'cmake_target': None, 'cmake_target_skip_unavailable': False, 'install_base': '/home/conner/codePractice/rosDummy/install/brain_node', 'merge_install': False, 'path': '/home/conner/codePractice/rosDummy/src/brain_node', 'symlink_install': False, 'test_result_base': None}
[1.142s] Level 5:colcon.colcon_core.verb:set package 'robot_types' build argument 'cmake_args' from command line to 'None'
[1.143s] Level 5:colcon.colcon_core.verb:set package 'robot_types' build argument 'cmake_target' from command line to 'None'
[1.143s] Level 5:colcon.colcon_core.verb:set package 'robot_types' build argument 'cmake_target_skip_unavailable' from command line to 'False'
[1.143s] Level 5:colcon.colcon_core.verb:set package 'robot_types' build argument 'cmake_clean_cache' from command line to 'False'
[1.143s] Level 5:colcon.colcon_core.verb:set package 'robot_types' build argument 'cmake_clean_first' from command line to 'False'
[1.143s] Level 5:colcon.colcon_core.verb:set package 'robot_types' build argument 'cmake_force_configure' from command line to 'False'
[1.143s] Level 5:colcon.colcon_core.verb:set package 'robot_types' build argument 'ament_cmake_args' from command line to 'None'
[1.143s] Level 5:colcon.colcon_core.verb:set package 'robot_types' build argument 'catkin_cmake_args' from command line to 'None'
[1.143s] Level 5:colcon.colcon_core.verb:set package 'robot_types' build argument 'catkin_skip_building_tests' from command line to 'False'
[1.143s] DEBUG:colcon.colcon_core.verb:Building package 'robot_types' with the following arguments: {'ament_cmake_args': None, 'build_base': '/home/conner/codePractice/rosDummy/build/robot_types', 'catkin_cmake_args': None, 'catkin_skip_building_tests': False, 'cmake_args': None, 'cmake_clean_cache': False, 'cmake_clean_first': False, 'cmake_force_configure': False, 'cmake_target': None, 'cmake_target_skip_unavailable': False, 'install_base': '/home/conner/codePractice/rosDummy/install/robot_types', 'merge_install': False, 'path': '/home/conner/codePractice/rosDummy/src/robot_types', 'symlink_install': False, 'test_result_base': None}
[1.144s] Level 5:colcon.colcon_core.verb:set package 'control_node' build argument 'cmake_args' from command line to 'None'
[1.144s] Level 5:colcon.colcon_core.verb:set package 'control_node' build argument 'cmake_target' from command line to 'None'
[1.144s] Level 5:colcon.colcon_core.verb:set package 'control_node' build argument 'cmake_target_skip_unavailable' from command line to 'False'
[1.144s] Level 5:colcon.colcon_core.verb:set package 'control_node' build argument 'cmake_clean_cache' from command line to 'False'
[1.144s] Level 5:colcon.colcon_core.verb:set package 'control_node' build argument 'cmake_clean_first' from command line to 'False'
[1.144s] Level 5:colcon.colcon_core.verb:set package 'control_node' build argument 'cmake_force_configure' from command line to 'False'
[1.144s] Level 5:colcon.colcon_core.verb:set package 'control_node' build argument 'ament_cmake_args' from command line to 'None'
[1.144s] Level 5:colcon.colcon_core.verb:set package 'control_node' build argument 'catkin_cmake_args' from command line to 'None'
[1.144s] Level 5:colcon.colcon_core.verb:set package 'control_node' build argument 'catkin_skip_building_tests' from command line to 'False'
[1.145s] DEBUG:colcon.colcon_core.verb:Building package 'control_node' with the following arguments: {'ament_cmake_args': None, 'build_base': '/home/conner/codePractice/rosDummy/build/control_node', 'catkin_cmake_args': None, 'catkin_skip_building_tests': False, 'cmake_args': None, 'cmake_clean_cache': False, 'cmake_clean_first': False, 'cmake_force_configure': False, 'cmake_target': None, 'cmake_target_skip_unavailable': False, 'install_base': '/home/conner/codePractice/rosDummy/install/control_node', 'merge_install': False, 'path': '/home/conner/codePractice/rosDummy/src/control_node', 'symlink_install': False, 'test_result_base': None}
[1.146s] Level 5:colcon.colcon_core.verb:set package 'mediator_node' build argument 'cmake_args' from command line to 'None'
[1.146s] Level 5:colcon.colcon_core.verb:set package 'mediator_node' build argument 'cmake_target' from command line to 'None'
[1.146s] Level 5:colcon.colcon_core.verb:set package 'mediator_node' build argument 'cmake_target_skip_unavailable' from command line to 'False'
[1.146s] Level 5:colcon.colcon_core.verb:set package 'mediator_node' build argument 'cmake_clean_cache' from command line to 'False'
[1.146s] Level 5:colcon.colcon_core.verb:set package 'mediator_node' build argument 'cmake_clean_first' from command line to 'False'
[1.146s] Level 5:colcon.colcon_core.verb:set package 'mediator_node' build argument 'cmake_force_configure' from command line to 'False'
[1.146s] Level 5:colcon.colcon_core.verb:set package 'mediator_node' build argument 'ament_cmake_args' from command line to 'None'
[1.146s] Level 5:colcon.colcon_core.verb:set package 'mediator_node' build argument 'catkin_cmake_args' from command line to 'None'
[1.146s] Level 5:colcon.colcon_core.verb:set package 'mediator_node' build argument 'catkin_skip_building_tests' from command line to 'False'
[1.146s] DEBUG:colcon.colcon_core.verb:Building package 'mediator_node' with the following arguments: {'ament_cmake_args': None, 'build_base': '/home/conner/codePractice/rosDummy/build/mediator_node', 'catkin_cmake_args': None, 'catkin_skip_building_tests': False, 'cmake_args': None, 'cmake_clean_cache': False, 'cmake_clean_first': False, 'cmake_force_configure': False, 'cmake_target': None, 'cmake_target_skip_unavailable': False, 'install_base': '/home/conner/codePractice/rosDummy/install/mediator_node', 'merge_install': False, 'path': '/home/conner/codePractice/rosDummy/src/mediator_node', 'symlink_install': False, 'test_result_base': None}
[1.146s] INFO:colcon.colcon_core.executor:Executing jobs using 'parallel' executor
[1.150s] DEBUG:colcon.colcon_parallel_executor.executor.parallel:run_until_complete
[1.151s] INFO:colcon.colcon_ros.task.ament_cmake.build:Building ROS package in '/home/conner/codePractice/rosDummy/src/robot_types' with build type 'ament_cmake'
[1.151s] INFO:colcon.colcon_cmake.task.cmake.build:Building CMake package in '/home/conner/codePractice/rosDummy/src/robot_types'
[1.161s] INFO:colcon.colcon_core.plugin_system:Skipping extension 'colcon_core.shell.bat': Not used on non-Windows systems
[1.162s] INFO:colcon.colcon_core.shell:Skip shell extension 'powershell' for command environment: Not usable outside of PowerShell
[1.162s] DEBUG:colcon.colcon_core.shell:Skip shell extension 'dsv' for command environment
[1.170s] INFO:colcon.colcon_ros.task.ament_cmake.build:Building ROS package in '/home/conner/codePractice/rosDummy/src/brain_node' with build type 'ament_cmake'
[1.171s] INFO:colcon.colcon_cmake.task.cmake.build:Building CMake package in '/home/conner/codePractice/rosDummy/src/brain_node'
[1.173s] INFO:colcon.colcon_core.shell:Skip shell extension 'powershell' for command environment: Not usable outside of PowerShell
[1.173s] DEBUG:colcon.colcon_core.shell:Skip shell extension 'dsv' for command environment
[1.205s] DEBUG:colcon.colcon_core.event_handler.log_command:Invoking command in '/home/conner/codePractice/rosDummy/build/robot_types': CMAKE_PREFIX_PATH=/home/conner/codePractice/rosDummy/install/mediator_node:/home/conner/codePractice/rosDummy/install/control_node:/home/conner/codePractice/rosDummy/install/robot_types:/home/conner/codePractice/rosDummy/install/brain_node:/opt/ros/foxy /usr/bin/cmake --build /home/conner/codePractice/rosDummy/build/robot_types -- -j8 -l8
[1.216s] DEBUG:colcon.colcon_core.event_handler.log_command:Invoking command in '/home/conner/codePractice/rosDummy/build/brain_node': CMAKE_PREFIX_PATH=/home/conner/codePractice/rosDummy/install/mediator_node:/home/conner/codePractice/rosDummy/install/control_node:/home/conner/codePractice/rosDummy/install/robot_types:/home/conner/codePractice/rosDummy/install/brain_node:/opt/ros/foxy /usr/bin/cmake --build /home/conner/codePractice/rosDummy/build/brain_node -- -j8 -l8
[1.354s] DEBUG:colcon.colcon_core.event_handler.log_command:Invoked command in '/home/conner/codePractice/rosDummy/build/brain_node' returned '0': CMAKE_PREFIX_PATH=/home/conner/codePractice/rosDummy/install/mediator_node:/home/conner/codePractice/rosDummy/install/control_node:/home/conner/codePractice/rosDummy/install/robot_types:/home/conner/codePractice/rosDummy/install/brain_node:/opt/ros/foxy /usr/bin/cmake --build /home/conner/codePractice/rosDummy/build/brain_node -- -j8 -l8
[1.419s] DEBUG:colcon.colcon_core.event_handler.log_command:Invoking command in '/home/conner/codePractice/rosDummy/build/brain_node': CMAKE_PREFIX_PATH=/home/conner/codePractice/rosDummy/install/mediator_node:/home/conner/codePractice/rosDummy/install/control_node:/home/conner/codePractice/rosDummy/install/robot_types:/home/conner/codePractice/rosDummy/install/brain_node:/opt/ros/foxy /usr/bin/cmake --install /home/conner/codePractice/rosDummy/build/brain_node
[1.451s] Level 1:colcon.colcon_core.environment:create_environment_scripts_only(brain_node)
[1.465s] DEBUG:colcon.colcon_core.event_handler.log_command:Invoked command in '/home/conner/codePractice/rosDummy/build/brain_node' returned '0': CMAKE_PREFIX_PATH=/home/conner/codePractice/rosDummy/install/mediator_node:/home/conner/codePractice/rosDummy/install/control_node:/home/conner/codePractice/rosDummy/install/robot_types:/home/conner/codePractice/rosDummy/install/brain_node:/opt/ros/foxy /usr/bin/cmake --install /home/conner/codePractice/rosDummy/build/brain_node
[1.469s] Level 1:colcon.colcon_core.environment:checking '/home/conner/codePractice/rosDummy/install/brain_node' for CMake module files
[1.470s] Level 1:colcon.colcon_core.environment:checking '/home/conner/codePractice/rosDummy/install/brain_node' for CMake config files
[1.471s] Level 1:colcon.colcon_core.shell:create_environment_hook('brain_node', 'cmake_prefix_path')
[1.474s] INFO:colcon.colcon_core.shell:Creating environment hook '/home/conner/codePractice/rosDummy/install/brain_node/share/brain_node/hook/cmake_prefix_path.ps1'
[1.476s] INFO:colcon.colcon_core.shell:Creating environment descriptor '/home/conner/codePractice/rosDummy/install/brain_node/share/brain_node/hook/cmake_prefix_path.dsv'
[1.477s] INFO:colcon.colcon_core.shell:Creating environment hook '/home/conner/codePractice/rosDummy/install/brain_node/share/brain_node/hook/cmake_prefix_path.sh'
[1.478s] Level 1:colcon.colcon_core.environment:checking '/home/conner/codePractice/rosDummy/install/brain_node/bin'
[1.479s] Level 1:colcon.colcon_core.environment:checking '/home/conner/codePractice/rosDummy/install/brain_node/lib/pkgconfig/brain_node.pc'
[1.479s] Level 1:colcon.colcon_core.environment:checking '/home/conner/codePractice/rosDummy/install/brain_node/lib/python3.8/site-packages'
[1.479s] Level 1:colcon.colcon_core.environment:checking '/home/conner/codePractice/rosDummy/install/brain_node/bin'
[1.481s] INFO:colcon.colcon_core.shell:Creating package script '/home/conner/codePractice/rosDummy/install/brain_node/share/brain_node/package.ps1'
[1.482s] INFO:colcon.colcon_core.shell:Creating package descriptor '/home/conner/codePractice/rosDummy/install/brain_node/share/brain_node/package.dsv'
[1.483s] INFO:colcon.colcon_core.shell:Creating package script '/home/conner/codePractice/rosDummy/install/brain_node/share/brain_node/package.sh'
[1.484s] INFO:colcon.colcon_core.shell:Creating package script '/home/conner/codePractice/rosDummy/install/brain_node/share/brain_node/package.bash'
[1.485s] INFO:colcon.colcon_core.shell:Creating package script '/home/conner/codePractice/rosDummy/install/brain_node/share/brain_node/package.zsh'
[1.486s] Level 1:colcon.colcon_core.environment:create_file_with_runtime_dependencies(/home/conner/codePractice/rosDummy/install/brain_node/share/colcon-core/packages/brain_node)
[1.515s] Level 1:colcon.colcon_core.environment:create_environment_scripts_only(brain_node)
[1.518s] Level 1:colcon.colcon_core.environment:checking '/home/conner/codePractice/rosDummy/install/brain_node' for CMake module files
[1.519s] Level 1:colcon.colcon_core.environment:checking '/home/conner/codePractice/rosDummy/install/brain_node' for CMake config files
[1.520s] Level 1:colcon.colcon_core.shell:create_environment_hook('brain_node', 'cmake_prefix_path')
[1.521s] INFO:colcon.colcon_core.shell:Creating environment hook '/home/conner/codePractice/rosDummy/install/brain_node/share/brain_node/hook/cmake_prefix_path.ps1'
[1.522s] INFO:colcon.colcon_core.shell:Creating environment descriptor '/home/conner/codePractice/rosDummy/install/brain_node/share/brain_node/hook/cmake_prefix_path.dsv'
[1.522s] INFO:colcon.colcon_core.shell:Creating environment hook '/home/conner/codePractice/rosDummy/install/brain_node/share/brain_node/hook/cmake_prefix_path.sh'
[1.523s] Level 1:colcon.colcon_core.environment:checking '/home/conner/codePractice/rosDummy/install/brain_node/bin'
[1.523s] Level 1:colcon.colcon_core.environment:checking '/home/conner/codePractice/rosDummy/install/brain_node/lib/pkgconfig/brain_node.pc'
[1.524s] Level 1:colcon.colcon_core.environment:checking '/home/conner/codePractice/rosDummy/install/brain_node/lib/python3.8/site-packages'
[1.524s] Level 1:colcon.colcon_core.environment:checking '/home/conner/codePractice/rosDummy/install/brain_node/bin'
[1.526s] INFO:colcon.colcon_core.shell:Creating package script '/home/conner/codePractice/rosDummy/install/brain_node/share/brain_node/package.ps1'
[1.527s] INFO:colcon.colcon_core.shell:Creating package descriptor '/home/conner/codePractice/rosDummy/install/brain_node/share/brain_node/package.dsv'
[1.527s] INFO:colcon.colcon_core.shell:Creating package script '/home/conner/codePractice/rosDummy/install/brain_node/share/brain_node/package.sh'
[1.528s] INFO:colcon.colcon_core.shell:Creating package script '/home/conner/codePractice/rosDummy/install/brain_node/share/brain_node/package.bash'
[1.528s] INFO:colcon.colcon_core.shell:Creating package script '/home/conner/codePractice/rosDummy/install/brain_node/share/brain_node/package.zsh'
[1.529s] Level 1:colcon.colcon_core.environment:create_file_with_runtime_dependencies(/home/conner/codePractice/rosDummy/install/brain_node/share/colcon-core/packages/brain_node)
[1.647s] DEBUG:colcon.colcon_core.event_handler.log_command:Invoked command in '/home/conner/codePractice/rosDummy/build/robot_types' returned '0': CMAKE_PREFIX_PATH=/home/conner/codePractice/rosDummy/install/mediator_node:/home/conner/codePractice/rosDummy/install/control_node:/home/conner/codePractice/rosDummy/install/robot_types:/home/conner/codePractice/rosDummy/install/brain_node:/opt/ros/foxy /usr/bin/cmake --build /home/conner/codePractice/rosDummy/build/robot_types -- -j8 -l8
[1.750s] DEBUG:colcon.colcon_core.event_handler.log_command:Invoking command in '/home/conner/codePractice/rosDummy/build/robot_types': CMAKE_PREFIX_PATH=/home/conner/codePractice/rosDummy/install/mediator_node:/home/conner/codePractice/rosDummy/install/control_node:/home/conner/codePractice/rosDummy/install/robot_types:/home/conner/codePractice/rosDummy/install/brain_node:/opt/ros/foxy /usr/bin/cmake --install /home/conner/codePractice/rosDummy/build/robot_types
[1.859s] Level 1:colcon.colcon_core.environment:create_environment_scripts_only(robot_types)
[1.863s] Level 1:colcon.colcon_core.environment:checking '/home/conner/codePractice/rosDummy/install/robot_types' for CMake module files
[1.864s] DEBUG:colcon.colcon_core.event_handler.log_command:Invoked command in '/home/conner/codePractice/rosDummy/build/robot_types' returned '0': CMAKE_PREFIX_PATH=/home/conner/codePractice/rosDummy/install/mediator_node:/home/conner/codePractice/rosDummy/install/control_node:/home/conner/codePractice/rosDummy/install/robot_types:/home/conner/codePractice/rosDummy/install/brain_node:/opt/ros/foxy /usr/bin/cmake --install /home/conner/codePractice/rosDummy/build/robot_types
[1.864s] Level 1:colcon.colcon_core.environment:checking '/home/conner/codePractice/rosDummy/install/robot_types' for CMake config files
[1.865s] Level 1:colcon.colcon_core.shell:create_environment_hook('robot_types', 'cmake_prefix_path')
[1.866s] INFO:colcon.colcon_core.shell:Creating environment hook '/home/conner/codePractice/rosDummy/install/robot_types/share/robot_types/hook/cmake_prefix_path.ps1'
[1.867s] INFO:colcon.colcon_core.shell:Creating environment descriptor '/home/conner/codePractice/rosDummy/install/robot_types/share/robot_types/hook/cmake_prefix_path.dsv'
[1.868s] INFO:colcon.colcon_core.shell:Creating environment hook '/home/conner/codePractice/rosDummy/install/robot_types/share/robot_types/hook/cmake_prefix_path.sh'
[1.869s] Level 1:colcon.colcon_core.environment:checking '/home/conner/codePractice/rosDummy/install/robot_types/lib'
[1.869s] Level 1:colcon.colcon_core.shell:create_environment_hook('robot_types', 'ld_library_path_lib')
[1.871s] INFO:colcon.colcon_core.shell:Creating environment hook '/home/conner/codePractice/rosDummy/install/robot_types/share/robot_types/hook/ld_library_path_lib.ps1'
[1.872s] INFO:colcon.colcon_core.shell:Creating environment descriptor '/home/conner/codePractice/rosDummy/install/robot_types/share/robot_types/hook/ld_library_path_lib.dsv'
[1.873s] INFO:colcon.colcon_core.shell:Creating environment hook '/home/conner/codePractice/rosDummy/install/robot_types/share/robot_types/hook/ld_library_path_lib.sh'
[1.873s] Level 1:colcon.colcon_core.environment:checking '/home/conner/codePractice/rosDummy/install/robot_types/bin'
[1.874s] Level 1:colcon.colcon_core.environment:checking '/home/conner/codePractice/rosDummy/install/robot_types/lib/pkgconfig/robot_types.pc'
[1.874s] Level 1:colcon.colcon_core.environment:checking '/home/conner/codePractice/rosDummy/install/robot_types/lib/python3.8/site-packages'
[1.874s] Level 1:colcon.colcon_core.shell:create_environment_hook('robot_types', 'pythonpath')
[1.876s] INFO:colcon.colcon_core.shell:Creating environment hook '/home/conner/codePractice/rosDummy/install/robot_types/share/robot_types/hook/pythonpath.ps1'
[1.877s] INFO:colcon.colcon_core.shell:Creating environment descriptor '/home/conner/codePractice/rosDummy/install/robot_types/share/robot_types/hook/pythonpath.dsv'
[1.878s] INFO:colcon.colcon_core.shell:Creating environment hook '/home/conner/codePractice/rosDummy/install/robot_types/share/robot_types/hook/pythonpath.sh'
[1.878s] Level 1:colcon.colcon_core.environment:checking '/home/conner/codePractice/rosDummy/install/robot_types/bin'
[1.880s] INFO:colcon.colcon_core.shell:Creating package script '/home/conner/codePractice/rosDummy/install/robot_types/share/robot_types/package.ps1'
[1.882s] INFO:colcon.colcon_core.shell:Creating package descriptor '/home/conner/codePractice/rosDummy/install/robot_types/share/robot_types/package.dsv'
[1.887s] INFO:colcon.colcon_core.shell:Creating package script '/home/conner/codePractice/rosDummy/install/robot_types/share/robot_types/package.sh'
[1.888s] INFO:colcon.colcon_core.shell:Creating package script '/home/conner/codePractice/rosDummy/install/robot_types/share/robot_types/package.bash'
[1.890s] INFO:colcon.colcon_core.shell:Creating package script '/home/conner/codePractice/rosDummy/install/robot_types/share/robot_types/package.zsh'
[1.891s] Level 1:colcon.colcon_core.environment:create_file_with_runtime_dependencies(/home/conner/codePractice/rosDummy/install/robot_types/share/colcon-core/packages/robot_types)
[1.967s] Level 1:colcon.colcon_core.environment:create_environment_scripts_only(robot_types)
[1.969s] Level 1:colcon.colcon_core.environment:checking '/home/conner/codePractice/rosDummy/install/robot_types' for CMake module files
[1.970s] Level 1:colcon.colcon_core.environment:checking '/home/conner/codePractice/rosDummy/install/robot_types' for CMake config files
[1.970s] Level 1:colcon.colcon_core.shell:create_environment_hook('robot_types', 'cmake_prefix_path')
[1.971s] INFO:colcon.colcon_core.shell:Creating environment hook '/home/conner/codePractice/rosDummy/install/robot_types/share/robot_types/hook/cmake_prefix_path.ps1'
[1.972s] INFO:colcon.colcon_core.shell:Creating environment descriptor '/home/conner/codePractice/rosDummy/install/robot_types/share/robot_types/hook/cmake_prefix_path.dsv'
[1.972s] INFO:colcon.colcon_core.shell:Creating environment hook '/home/conner/codePractice/rosDummy/install/robot_types/share/robot_types/hook/cmake_prefix_path.sh'
[1.973s] Level 1:colcon.colcon_core.environment:checking '/home/conner/codePractice/rosDummy/install/robot_types/lib'
[1.973s] Level 1:colcon.colcon_core.shell:create_environment_hook('robot_types', 'ld_library_path_lib')
[1.975s] INFO:colcon.colcon_core.shell:Creating environment hook '/home/conner/codePractice/rosDummy/install/robot_types/share/robot_types/hook/ld_library_path_lib.ps1'
[1.976s] INFO:colcon.colcon_core.shell:Creating environment descriptor '/home/conner/codePractice/rosDummy/install/robot_types/share/robot_types/hook/ld_library_path_lib.dsv'
[1.977s] INFO:colcon.colcon_core.shell:Creating environment hook '/home/conner/codePractice/rosDummy/install/robot_types/share/robot_types/hook/ld_library_path_lib.sh'
[1.978s] Level 1:colcon.colcon_core.environment:checking '/home/conner/codePractice/rosDummy/install/robot_types/bin'
[1.979s] Level 1:colcon.colcon_core.environment:checking '/home/conner/codePractice/rosDummy/install/robot_types/lib/pkgconfig/robot_types.pc'
[1.979s] Level 1:colcon.colcon_core.environment:checking '/home/conner/codePractice/rosDummy/install/robot_types/lib/python3.8/site-packages'
[1.979s] Level 1:colcon.colcon_core.shell:create_environment_hook('robot_types', 'pythonpath')
[1.981s] INFO:colcon.colcon_core.shell:Creating environment hook '/home/conner/codePractice/rosDummy/install/robot_types/share/robot_types/hook/pythonpath.ps1'
[1.981s] INFO:colcon.colcon_core.shell:Creating environment descriptor '/home/conner/codePractice/rosDummy/install/robot_types/share/robot_types/hook/pythonpath.dsv'
[1.982s] INFO:colcon.colcon_core.shell:Creating environment hook '/home/conner/codePractice/rosDummy/install/robot_types/share/robot_types/hook/pythonpath.sh'
[1.982s] Level 1:colcon.colcon_core.environment:checking '/home/conner/codePractice/rosDummy/install/robot_types/bin'
[1.985s] INFO:colcon.colcon_core.shell:Creating package script '/home/conner/codePractice/rosDummy/install/robot_types/share/robot_types/package.ps1'
[1.986s] INFO:colcon.colcon_core.shell:Creating package descriptor '/home/conner/codePractice/rosDummy/install/robot_types/share/robot_types/package.dsv'
[1.987s] INFO:colcon.colcon_core.shell:Creating package script '/home/conner/codePractice/rosDummy/install/robot_types/share/robot_types/package.sh'
[1.988s] INFO:colcon.colcon_core.shell:Creating package script '/home/conner/codePractice/rosDummy/install/robot_types/share/robot_types/package.bash'
[1.989s] INFO:colcon.colcon_core.shell:Creating package script '/home/conner/codePractice/rosDummy/install/robot_types/share/robot_types/package.zsh'
[1.990s] Level 1:colcon.colcon_core.environment:create_file_with_runtime_dependencies(/home/conner/codePractice/rosDummy/install/robot_types/share/colcon-core/packages/robot_types)
[1.990s] INFO:colcon.colcon_ros.task.ament_cmake.build:Building ROS package in '/home/conner/codePractice/rosDummy/src/control_node' with build type 'ament_cmake'
[1.992s] INFO:colcon.colcon_cmake.task.cmake.build:Building CMake package in '/home/conner/codePractice/rosDummy/src/control_node'
[1.994s] INFO:colcon.colcon_core.shell:Skip shell extension 'powershell' for command environment: Not usable outside of PowerShell
[1.994s] DEBUG:colcon.colcon_core.shell:Skip shell extension 'dsv' for command environment
[2.002s] INFO:colcon.colcon_ros.task.ament_cmake.build:Building ROS package in '/home/conner/codePractice/rosDummy/src/mediator_node' with build type 'ament_cmake'
[2.003s] INFO:colcon.colcon_cmake.task.cmake.build:Building CMake package in '/home/conner/codePractice/rosDummy/src/mediator_node'
[2.007s] INFO:colcon.colcon_core.shell:Skip shell extension 'powershell' for command environment: Not usable outside of PowerShell
[2.007s] DEBUG:colcon.colcon_core.shell:Skip shell extension 'dsv' for command environment
[2.210s] DEBUG:colcon.colcon_core.event_handler.log_command:Invoking command in '/home/conner/codePractice/rosDummy/build/control_node': CMAKE_PREFIX_PATH=/home/conner/codePractice/rosDummy/install/robot_types:/home/conner/codePractice/rosDummy/install/mediator_node:/home/conner/codePractice/rosDummy/install/control_node:/home/conner/codePractice/rosDummy/install/brain_node:/opt/ros/foxy /usr/bin/cmake --build /home/conner/codePractice/rosDummy/build/control_node -- -j8 -l8
[2.221s] DEBUG:colcon.colcon_core.event_handler.log_command:Invoking command in '/home/conner/codePractice/rosDummy/build/mediator_node': CMAKE_PREFIX_PATH=/home/conner/codePractice/rosDummy/install/robot_types:/home/conner/codePractice/rosDummy/install/mediator_node:/home/conner/codePractice/rosDummy/install/control_node:/home/conner/codePractice/rosDummy/install/brain_node:/opt/ros/foxy /usr/bin/cmake --build /home/conner/codePractice/rosDummy/build/mediator_node -- -j8 -l8
[11.174s] DEBUG:colcon.colcon_core.event_handler.log_command:Invoked command in '/home/conner/codePractice/rosDummy/build/mediator_node' returned '0': CMAKE_PREFIX_PATH=/home/conner/codePractice/rosDummy/install/robot_types:/home/conner/codePractice/rosDummy/install/mediator_node:/home/conner/codePractice/rosDummy/install/control_node:/home/conner/codePractice/rosDummy/install/brain_node:/opt/ros/foxy /usr/bin/cmake --build /home/conner/codePractice/rosDummy/build/mediator_node -- -j8 -l8
[11.180s] DEBUG:colcon.colcon_core.event_handler.log_command:Invoked command in '/home/conner/codePractice/rosDummy/build/control_node' returned '0': CMAKE_PREFIX_PATH=/home/conner/codePractice/rosDummy/install/robot_types:/home/conner/codePractice/rosDummy/install/mediator_node:/home/conner/codePractice/rosDummy/install/control_node:/home/conner/codePractice/rosDummy/install/brain_node:/opt/ros/foxy /usr/bin/cmake --build /home/conner/codePractice/rosDummy/build/control_node -- -j8 -l8
[11.209s] DEBUG:colcon.colcon_core.event_handler.log_command:Invoking command in '/home/conner/codePractice/rosDummy/build/mediator_node': CMAKE_PREFIX_PATH=/home/conner/codePractice/rosDummy/install/robot_types:/home/conner/codePractice/rosDummy/install/mediator_node:/home/conner/codePractice/rosDummy/install/control_node:/home/conner/codePractice/rosDummy/install/brain_node:/opt/ros/foxy /usr/bin/cmake --install /home/conner/codePractice/rosDummy/build/mediator_node
[11.217s] DEBUG:colcon.colcon_core.event_handler.log_command:Invoking command in '/home/conner/codePractice/rosDummy/build/control_node': CMAKE_PREFIX_PATH=/home/conner/codePractice/rosDummy/install/robot_types:/home/conner/codePractice/rosDummy/install/mediator_node:/home/conner/codePractice/rosDummy/install/control_node:/home/conner/codePractice/rosDummy/install/brain_node:/opt/ros/foxy /usr/bin/cmake --install /home/conner/codePractice/rosDummy/build/control_node
[11.238s] Level 1:colcon.colcon_core.environment:create_environment_scripts_only(mediator_node)
[11.242s] Level 1:colcon.colcon_core.environment:checking '/home/conner/codePractice/rosDummy/install/mediator_node' for CMake module files
[11.244s] DEBUG:colcon.colcon_core.event_handler.log_command:Invoked command in '/home/conner/codePractice/rosDummy/build/mediator_node' returned '0': CMAKE_PREFIX_PATH=/home/conner/codePractice/rosDummy/install/robot_types:/home/conner/codePractice/rosDummy/install/mediator_node:/home/conner/codePractice/rosDummy/install/control_node:/home/conner/codePractice/rosDummy/install/brain_node:/opt/ros/foxy /usr/bin/cmake --install /home/conner/codePractice/rosDummy/build/mediator_node
[11.244s] Level 1:colcon.colcon_core.environment:checking '/home/conner/codePractice/rosDummy/install/mediator_node' for CMake config files
[11.245s] Level 1:colcon.colcon_core.shell:create_environment_hook('mediator_node', 'cmake_prefix_path')
[11.248s] INFO:colcon.colcon_core.shell:Creating environment hook '/home/conner/codePractice/rosDummy/install/mediator_node/share/mediator_node/hook/cmake_prefix_path.ps1'
[11.248s] INFO:colcon.colcon_core.shell:Creating environment descriptor '/home/conner/codePractice/rosDummy/install/mediator_node/share/mediator_node/hook/cmake_prefix_path.dsv'
[11.249s] INFO:colcon.colcon_core.shell:Creating environment hook '/home/conner/codePractice/rosDummy/install/mediator_node/share/mediator_node/hook/cmake_prefix_path.sh'
[11.250s] Level 1:colcon.colcon_core.environment:checking '/home/conner/codePractice/rosDummy/install/mediator_node/lib'
[11.250s] Level 1:colcon.colcon_core.shell:create_environment_hook('mediator_node', 'ld_library_path_lib')
[11.252s] INFO:colcon.colcon_core.shell:Creating environment hook '/home/conner/codePractice/rosDummy/install/mediator_node/share/mediator_node/hook/ld_library_path_lib.ps1'
[11.253s] INFO:colcon.colcon_core.shell:Creating environment descriptor '/home/conner/codePractice/rosDummy/install/mediator_node/share/mediator_node/hook/ld_library_path_lib.dsv'
[11.253s] INFO:colcon.colcon_core.shell:Creating environment hook '/home/conner/codePractice/rosDummy/install/mediator_node/share/mediator_node/hook/ld_library_path_lib.sh'
[11.254s] Level 1:colcon.colcon_core.environment:checking '/home/conner/codePractice/rosDummy/install/mediator_node/bin'
[11.254s] Level 1:colcon.colcon_core.environment:checking '/home/conner/codePractice/rosDummy/install/mediator_node/lib/pkgconfig/mediator_node.pc'
[11.255s] Level 1:colcon.colcon_core.environment:checking '/home/conner/codePractice/rosDummy/install/mediator_node/lib/python3.8/site-packages'
[11.255s] Level 1:colcon.colcon_core.environment:checking '/home/conner/codePractice/rosDummy/install/mediator_node/bin'
[11.257s] INFO:colcon.colcon_core.shell:Creating package script '/home/conner/codePractice/rosDummy/install/mediator_node/share/mediator_node/package.ps1'
[11.258s] INFO:colcon.colcon_core.shell:Creating package descriptor '/home/conner/codePractice/rosDummy/install/mediator_node/share/mediator_node/package.dsv'
[11.258s] INFO:colcon.colcon_core.shell:Creating package script '/home/conner/codePractice/rosDummy/install/mediator_node/share/mediator_node/package.sh'
[11.259s] INFO:colcon.colcon_core.shell:Creating package script '/home/conner/codePractice/rosDummy/install/mediator_node/share/mediator_node/package.bash'
[11.260s] INFO:colcon.colcon_core.shell:Creating package script '/home/conner/codePractice/rosDummy/install/mediator_node/share/mediator_node/package.zsh'
[11.261s] Level 1:colcon.colcon_core.environment:create_file_with_runtime_dependencies(/home/conner/codePractice/rosDummy/install/mediator_node/share/colcon-core/packages/mediator_node)
[11.266s] Level 1:colcon.colcon_core.environment:create_environment_scripts_only(control_node)
[11.269s] Level 1:colcon.colcon_core.environment:checking '/home/conner/codePractice/rosDummy/install/control_node' for CMake module files
[11.270s] DEBUG:colcon.colcon_core.event_handler.log_command:Invoked command in '/home/conner/codePractice/rosDummy/build/control_node' returned '0': CMAKE_PREFIX_PATH=/home/conner/codePractice/rosDummy/install/robot_types:/home/conner/codePractice/rosDummy/install/mediator_node:/home/conner/codePractice/rosDummy/install/control_node:/home/conner/codePractice/rosDummy/install/brain_node:/opt/ros/foxy /usr/bin/cmake --install /home/conner/codePractice/rosDummy/build/control_node
[11.271s] Level 1:colcon.colcon_core.environment:checking '/home/conner/codePractice/rosDummy/install/control_node' for CMake config files
[11.272s] Level 1:colcon.colcon_core.shell:create_environment_hook('control_node', 'cmake_prefix_path')
[11.273s] INFO:colcon.colcon_core.shell:Creating environment hook '/home/conner/codePractice/rosDummy/install/control_node/share/control_node/hook/cmake_prefix_path.ps1'
[11.274s] INFO:colcon.colcon_core.shell:Creating environment descriptor '/home/conner/codePractice/rosDummy/install/control_node/share/control_node/hook/cmake_prefix_path.dsv'
[11.275s] INFO:colcon.colcon_core.shell:Creating environment hook '/home/conner/codePractice/rosDummy/install/control_node/share/control_node/hook/cmake_prefix_path.sh'
[11.276s] Level 1:colcon.colcon_core.environment:checking '/home/conner/codePractice/rosDummy/install/control_node/lib'
[11.276s] Level 1:colcon.colcon_core.shell:create_environment_hook('control_node', 'ld_library_path_lib')
[11.278s] INFO:colcon.colcon_core.shell:Creating environment hook '/home/conner/codePractice/rosDummy/install/control_node/share/control_node/hook/ld_library_path_lib.ps1'
[11.279s] INFO:colcon.colcon_core.shell:Creating environment descriptor '/home/conner/codePractice/rosDummy/install/control_node/share/control_node/hook/ld_library_path_lib.dsv'
[11.279s] INFO:colcon.colcon_core.shell:Creating environment hook '/home/conner/codePractice/rosDummy/install/control_node/share/control_node/hook/ld_library_path_lib.sh'
[11.280s] Level 1:colcon.colcon_core.environment:checking '/home/conner/codePractice/rosDummy/install/control_node/bin'
[11.280s] Level 1:colcon.colcon_core.environment:checking '/home/conner/codePractice/rosDummy/install/control_node/lib/pkgconfig/control_node.pc'
[11.280s] Level 1:colcon.colcon_core.environment:checking '/home/conner/codePractice/rosDummy/install/control_node/lib/python3.8/site-packages'
[11.280s] Level 1:colcon.colcon_core.environment:checking '/home/conner/codePractice/rosDummy/install/control_node/bin'
[11.282s] INFO:colcon.colcon_core.shell:Creating package script '/home/conner/codePractice/rosDummy/install/control_node/share/control_node/package.ps1'
[11.282s] INFO:colcon.colcon_core.shell:Creating package descriptor '/home/conner/codePractice/rosDummy/install/control_node/share/control_node/package.dsv'
[11.283s] INFO:colcon.colcon_core.shell:Creating package script '/home/conner/codePractice/rosDummy/install/control_node/share/control_node/package.sh'
[11.284s] INFO:colcon.colcon_core.shell:Creating package script '/home/conner/codePractice/rosDummy/install/control_node/share/control_node/package.bash'
[11.284s] INFO:colcon.colcon_core.shell:Creating package script '/home/conner/codePractice/rosDummy/install/control_node/share/control_node/package.zsh'
[11.285s] Level 1:colcon.colcon_core.environment:create_file_with_runtime_dependencies(/home/conner/codePractice/rosDummy/install/control_node/share/colcon-core/packages/control_node)
[11.298s] Level 1:colcon.colcon_core.environment:create_environment_scripts_only(mediator_node)
[11.302s] Level 1:colcon.colcon_core.environment:checking '/home/conner/codePractice/rosDummy/install/mediator_node' for CMake module files
[11.303s] Level 1:colcon.colcon_core.environment:checking '/home/conner/codePractice/rosDummy/install/mediator_node' for CMake config files
[11.303s] Level 1:colcon.colcon_core.shell:create_environment_hook('mediator_node', 'cmake_prefix_path')
[11.305s] INFO:colcon.colcon_core.shell:Creating environment hook '/home/conner/codePractice/rosDummy/install/mediator_node/share/mediator_node/hook/cmake_prefix_path.ps1'
[11.306s] INFO:colcon.colcon_core.shell:Creating environment descriptor '/home/conner/codePractice/rosDummy/install/mediator_node/share/mediator_node/hook/cmake_prefix_path.dsv'
[11.307s] INFO:colcon.colcon_core.shell:Creating environment hook '/home/conner/codePractice/rosDummy/install/mediator_node/share/mediator_node/hook/cmake_prefix_path.sh'
[11.309s] Level 1:colcon.colcon_core.environment:checking '/home/conner/codePractice/rosDummy/install/mediator_node/lib'
[11.309s] Level 1:colcon.colcon_core.shell:create_environment_hook('mediator_node', 'ld_library_path_lib')
[11.312s] INFO:colcon.colcon_core.shell:Creating environment hook '/home/conner/codePractice/rosDummy/install/mediator_node/share/mediator_node/hook/ld_library_path_lib.ps1'
[11.313s] INFO:colcon.colcon_core.shell:Creating environment descriptor '/home/conner/codePractice/rosDummy/install/mediator_node/share/mediator_node/hook/ld_library_path_lib.dsv'
[11.314s] INFO:colcon.colcon_core.shell:Creating environment hook '/home/conner/codePractice/rosDummy/install/mediator_node/share/mediator_node/hook/ld_library_path_lib.sh'
[11.316s] Level 1:colcon.colcon_core.environment:checking '/home/conner/codePractice/rosDummy/install/mediator_node/bin'
[11.316s] Level 1:colcon.colcon_core.environment:checking '/home/conner/codePractice/rosDummy/install/mediator_node/lib/pkgconfig/mediator_node.pc'
[11.317s] Level 1:colcon.colcon_core.environment:checking '/home/conner/codePractice/rosDummy/install/mediator_node/lib/python3.8/site-packages'
[11.317s] Level 1:colcon.colcon_core.environment:checking '/home/conner/codePractice/rosDummy/install/mediator_node/bin'
[11.320s] INFO:colcon.colcon_core.shell:Creating package script '/home/conner/codePractice/rosDummy/install/mediator_node/share/mediator_node/package.ps1'
[11.322s] INFO:colcon.colcon_core.shell:Creating package descriptor '/home/conner/codePractice/rosDummy/install/mediator_node/share/mediator_node/package.dsv'
[11.323s] INFO:colcon.colcon_core.shell:Creating package script '/home/conner/codePractice/rosDummy/install/mediator_node/share/mediator_node/package.sh'
[11.324s] INFO:colcon.colcon_core.shell:Creating package script '/home/conner/codePractice/rosDummy/install/mediator_node/share/mediator_node/package.bash'
[11.326s] INFO:colcon.colcon_core.shell:Creating package script '/home/conner/codePractice/rosDummy/install/mediator_node/share/mediator_node/package.zsh'
[11.327s] Level 1:colcon.colcon_core.environment:create_file_with_runtime_dependencies(/home/conner/codePractice/rosDummy/install/mediator_node/share/colcon-core/packages/mediator_node)
[11.331s] Level 1:colcon.colcon_core.environment:create_environment_scripts_only(control_node)
[11.334s] Level 1:colcon.colcon_core.environment:checking '/home/conner/codePractice/rosDummy/install/control_node' for CMake module files
[11.335s] Level 1:colcon.colcon_core.environment:checking '/home/conner/codePractice/rosDummy/install/control_node' for CMake config files
[11.337s] Level 1:colcon.colcon_core.shell:create_environment_hook('control_node', 'cmake_prefix_path')
[11.339s] INFO:colcon.colcon_core.shell:Creating environment hook '/home/conner/codePractice/rosDummy/install/control_node/share/control_node/hook/cmake_prefix_path.ps1'
[11.341s] INFO:colcon.colcon_core.shell:Creating environment descriptor '/home/conner/codePractice/rosDummy/install/control_node/share/control_node/hook/cmake_prefix_path.dsv'
[11.341s] INFO:colcon.colcon_core.shell:Creating environment hook '/home/conner/codePractice/rosDummy/install/control_node/share/control_node/hook/cmake_prefix_path.sh'
[11.343s] Level 1:colcon.colcon_core.environment:checking '/home/conner/codePractice/rosDummy/install/control_node/lib'
[11.343s] Level 1:colcon.colcon_core.shell:create_environment_hook('control_node', 'ld_library_path_lib')
[11.345s] INFO:colcon.colcon_core.shell:Creating environment hook '/home/conner/codePractice/rosDummy/install/control_node/share/control_node/hook/ld_library_path_lib.ps1'
[11.346s] INFO:colcon.colcon_core.shell:Creating environment descriptor '/home/conner/codePractice/rosDummy/install/control_node/share/control_node/hook/ld_library_path_lib.dsv'
[11.347s] INFO:colcon.colcon_core.shell:Creating environment hook '/home/conner/codePractice/rosDummy/install/control_node/share/control_node/hook/ld_library_path_lib.sh'
[11.348s] Level 1:colcon.colcon_core.environment:checking '/home/conner/codePractice/rosDummy/install/control_node/bin'
[11.348s] Level 1:colcon.colcon_core.environment:checking '/home/conner/codePractice/rosDummy/install/control_node/lib/pkgconfig/control_node.pc'
[11.348s] Level 1:colcon.colcon_core.environment:checking '/home/conner/codePractice/rosDummy/install/control_node/lib/python3.8/site-packages'
[11.349s] Level 1:colcon.colcon_core.environment:checking '/home/conner/codePractice/rosDummy/install/control_node/bin'
[11.351s] INFO:colcon.colcon_core.shell:Creating package script '/home/conner/codePractice/rosDummy/install/control_node/share/control_node/package.ps1'
[11.352s] INFO:colcon.colcon_core.shell:Creating package descriptor '/home/conner/codePractice/rosDummy/install/control_node/share/control_node/package.dsv'
[11.353s] INFO:colcon.colcon_core.shell:Creating package script '/home/conner/codePractice/rosDummy/install/control_node/share/control_node/package.sh'
[11.354s] INFO:colcon.colcon_core.shell:Creating package script '/home/conner/codePractice/rosDummy/install/control_node/share/control_node/package.bash'
[11.355s] INFO:colcon.colcon_core.shell:Creating package script '/home/conner/codePractice/rosDummy/install/control_node/share/control_node/package.zsh'
[11.356s] Level 1:colcon.colcon_core.environment:create_file_with_runtime_dependencies(/home/conner/codePractice/rosDummy/install/control_node/share/colcon-core/packages/control_node)
[11.358s] DEBUG:colcon.colcon_parallel_executor.executor.parallel:closing loop
[11.360s] DEBUG:colcon.colcon_parallel_executor.executor.parallel:loop closed
[11.361s] DEBUG:colcon.colcon_parallel_executor.executor.parallel:run_until_complete finished with '0'
[11.361s] DEBUG:colcon.colcon_core.event_reactor:joining thread
[11.452s] INFO:colcon.colcon_core.plugin_system:Skipping extension 'colcon_notification.desktop_notification.notify_send': Could not find 'notify-send'
[11.452s] INFO:colcon.colcon_core.plugin_system:Skipping extension 'colcon_notification.desktop_notification.terminal_notifier': Not used on non-Darwin systems
[11.453s] INFO:colcon.colcon_core.plugin_system:Skipping extension 'colcon_notification.desktop_notification.win32': Not used on non-Windows systems
[11.453s] INFO:colcon.colcon_notification.desktop_notification:Sending desktop notification using 'notify2'
[11.504s] DEBUG:colcon.colcon_notification.desktop_notification.notify2:Failed to initialize notify2: org.freedesktop.DBus.Error.ServiceUnknown: The name org.freedesktop.Notifications was not provided by any .service files
[11.504s] DEBUG:colcon.colcon_core.event_reactor:joined thread
[11.507s] INFO:colcon.colcon_core.shell:Creating prefix script '/home/conner/codePractice/rosDummy/install/local_setup.ps1'
[11.509s] INFO:colcon.colcon_core.shell:Creating prefix util module '/home/conner/codePractice/rosDummy/install/_local_setup_util_ps1.py'
[11.511s] INFO:colcon.colcon_core.shell:Creating prefix chain script '/home/conner/codePractice/rosDummy/install/setup.ps1'
[11.513s] INFO:colcon.colcon_core.shell:Creating prefix script '/home/conner/codePractice/rosDummy/install/local_setup.sh'
[11.514s] INFO:colcon.colcon_core.shell:Creating prefix util module '/home/conner/codePractice/rosDummy/install/_local_setup_util_sh.py'
[11.515s] INFO:colcon.colcon_core.shell:Creating prefix chain script '/home/conner/codePractice/rosDummy/install/setup.sh'
[11.517s] INFO:colcon.colcon_core.shell:Creating prefix script '/home/conner/codePractice/rosDummy/install/local_setup.bash'
[11.518s] INFO:colcon.colcon_core.shell:Creating prefix chain script '/home/conner/codePractice/rosDummy/install/setup.bash'
[11.521s] INFO:colcon.colcon_core.shell:Creating prefix script '/home/conner/codePractice/rosDummy/install/local_setup.zsh'
[11.522s] INFO:colcon.colcon_core.shell:Creating prefix chain script '/home/conner/codePractice/rosDummy/install/setup.zsh'
