[1.057s] DEBUG:colcon:Command line arguments: ['/usr/bin/colcon', 'build']
[1.057s] DEBUG:colcon:Parsed command line arguments: Namespace(allow_overriding=[], ament_cmake_args=None, base_paths=['.'], build_base='build', catkin_cmake_args=None, catkin_skip_building_tests=False, cmake_args=None, cmake_clean_cache=False, cmake_clean_first=False, cmake_force_configure=False, cmake_target=None, cmake_target_skip_unavailable=False, continue_on_error=False, event_handlers=None, executor='parallel', ignore_user_meta=False, install_base='install', log_base=None, log_level=None, main=<bound method BuildVerb.main of <colcon_core.verb.build.BuildVerb object at 0x7f00842324c0>>, merge_install=False, metas=['./colcon.meta'], packages_above=None, packages_above_and_dependencies=None, packages_above_depth=None, packages_end=None, packages_ignore=None, packages_ignore_regex=None, packages_select=None, packages_select_build_failed=False, packages_select_by_dep=None, packages_select_regex=None, packages_select_test_failures=False, packages_skip=None, packages_skip_build_finished=False, packages_skip_by_dep=None, packages_skip_regex=None, packages_skip_test_passed=False, packages_skip_up_to=None, packages_start=None, packages_up_to=None, packages_up_to_regex=None, parallel_workers=8, paths=None, symlink_install=False, test_result_base=None, verb_extension=<colcon_core.verb.build.BuildVerb object at 0x7f00842324c0>, verb_name='build', verb_parser=<colcon_defaults.argument_parser.defaults.DefaultArgumentsDecorator object at 0x7f0084232a00>)
[1.164s] Level 1:colcon.colcon_core.package_discovery:discover_packages(colcon_meta) check parameters
[1.165s] Level 1:colcon.colcon_core.package_discovery:discover_packages(recursive) check parameters
[1.165s] Level 1:colcon.colcon_core.package_discovery:discover_packages(ignore) check parameters
[1.165s] Level 1:colcon.colcon_core.package_discovery:discover_packages(path) check parameters
[1.165s] Level 1:colcon.colcon_core.package_discovery:discover_packages(colcon_meta) discover
[1.165s] Level 1:colcon.colcon_core.package_discovery:discover_packages(recursive) discover
[1.165s] INFO:colcon.colcon_core.package_discovery:Crawling recursively for packages in '/home/conner/codePractice/rosDummy'
[1.166s] Level 1:colcon.colcon_core.package_identification:_identify(.) by extensions ['ignore', 'ignore_ament_install']
[1.166s] Level 1:colcon.colcon_core.package_identification:_identify(.) by extension 'ignore'
[1.167s] Level 1:colcon.colcon_core.package_identification:_identify(.) by extension 'ignore_ament_install'
[1.167s] Level 1:colcon.colcon_core.package_identification:_identify(.) by extensions ['colcon_pkg']
[1.167s] Level 1:colcon.colcon_core.package_identification:_identify(.) by extension 'colcon_pkg'
[1.167s] Level 1:colcon.colcon_core.package_identification:_identify(.) by extensions ['colcon_meta']
[1.167s] Level 1:colcon.colcon_core.package_identification:_identify(.) by extension 'colcon_meta'
[1.168s] Level 1:colcon.colcon_core.package_identification:_identify(.) by extensions ['ros']
[1.168s] Level 1:colcon.colcon_core.package_identification:_identify(.) by extension 'ros'
[1.245s] Level 1:colcon.colcon_core.package_identification:_identify(.) by extensions ['cmake', 'python']
[1.245s] Level 1:colcon.colcon_core.package_identification:_identify(.) by extension 'cmake'
[1.245s] Level 1:colcon.colcon_core.package_identification:_identify(.) by extension 'python'
[1.245s] Level 1:colcon.colcon_core.package_identification:_identify(.) by extensions ['python_setup_py']
[1.245s] Level 1:colcon.colcon_core.package_identification:_identify(.) by extension 'python_setup_py'
[1.246s] Level 1:colcon.colcon_core.package_identification:_identify(build) by extensions ['ignore', 'ignore_ament_install']
[1.246s] Level 1:colcon.colcon_core.package_identification:_identify(build) by extension 'ignore'
[1.246s] Level 1:colcon.colcon_core.package_identification:_identify(build) ignored
[1.247s] Level 1:colcon.colcon_core.package_identification:_identify(install) by extensions ['ignore', 'ignore_ament_install']
[1.247s] Level 1:colcon.colcon_core.package_identification:_identify(install) by extension 'ignore'
[1.247s] Level 1:colcon.colcon_core.package_identification:_identify(install) ignored
[1.248s] Level 1:colcon.colcon_core.package_identification:_identify(log) by extensions ['ignore', 'ignore_ament_install']
[1.248s] Level 1:colcon.colcon_core.package_identification:_identify(log) by extension 'ignore'
[1.248s] Level 1:colcon.colcon_core.package_identification:_identify(log) ignored
[1.248s] Level 1:colcon.colcon_core.package_identification:_identify(src) by extensions ['ignore', 'ignore_ament_install']
[1.248s] Level 1:colcon.colcon_core.package_identification:_identify(src) by extension 'ignore'
[1.248s] Level 1:colcon.colcon_core.package_identification:_identify(src) by extension 'ignore_ament_install'
[1.248s] Level 1:colcon.colcon_core.package_identification:_identify(src) by extensions ['colcon_pkg']
[1.249s] Level 1:colcon.colcon_core.package_identification:_identify(src) by extension 'colcon_pkg'
[1.249s] Level 1:colcon.colcon_core.package_identification:_identify(src) by extensions ['colcon_meta']
[1.249s] Level 1:colcon.colcon_core.package_identification:_identify(src) by extension 'colcon_meta'
[1.249s] Level 1:colcon.colcon_core.package_identification:_identify(src) by extensions ['ros']
[1.249s] Level 1:colcon.colcon_core.package_identification:_identify(src) by extension 'ros'
[1.249s] Level 1:colcon.colcon_core.package_identification:_identify(src) by extensions ['cmake', 'python']
[1.249s] Level 1:colcon.colcon_core.package_identification:_identify(src) by extension 'cmake'
[1.249s] Level 1:colcon.colcon_core.package_identification:_identify(src) by extension 'python'
[1.249s] Level 1:colcon.colcon_core.package_identification:_identify(src) by extensions ['python_setup_py']
[1.249s] Level 1:colcon.colcon_core.package_identification:_identify(src) by extension 'python_setup_py'
[1.249s] Level 1:colcon.colcon_core.package_identification:_identify(src/brain_node) by extensions ['ignore', 'ignore_ament_install']
[1.250s] Level 1:colcon.colcon_core.package_identification:_identify(src/brain_node) by extension 'ignore'
[1.250s] Level 1:colcon.colcon_core.package_identification:_identify(src/brain_node) by extension 'ignore_ament_install'
[1.250s] Level 1:colcon.colcon_core.package_identification:_identify(src/brain_node) by extensions ['colcon_pkg']
[1.250s] Level 1:colcon.colcon_core.package_identification:_identify(src/brain_node) by extension 'colcon_pkg'
[1.250s] Level 1:colcon.colcon_core.package_identification:_identify(src/brain_node) by extensions ['colcon_meta']
[1.250s] Level 1:colcon.colcon_core.package_identification:_identify(src/brain_node) by extension 'colcon_meta'
[1.250s] Level 1:colcon.colcon_core.package_identification:_identify(src/brain_node) by extensions ['ros']
[1.250s] Level 1:colcon.colcon_core.package_identification:_identify(src/brain_node) by extension 'ros'
[1.262s] DEBUG:colcon.colcon_core.package_identification:Package 'src/brain_node' with type 'ros.ament_cmake' and name 'brain_node'
[1.262s] Level 1:colcon.colcon_core.package_identification:_identify(src/control_node) by extensions ['ignore', 'ignore_ament_install']
[1.263s] Level 1:colcon.colcon_core.package_identification:_identify(src/control_node) by extension 'ignore'
[1.263s] Level 1:colcon.colcon_core.package_identification:_identify(src/control_node) by extension 'ignore_ament_install'
[1.263s] Level 1:colcon.colcon_core.package_identification:_identify(src/control_node) by extensions ['colcon_pkg']
[1.264s] Level 1:colcon.colcon_core.package_identification:_identify(src/control_node) by extension 'colcon_pkg'
[1.264s] Level 1:colcon.colcon_core.package_identification:_identify(src/control_node) by extensions ['colcon_meta']
[1.264s] Level 1:colcon.colcon_core.package_identification:_identify(src/control_node) by extension 'colcon_meta'
[1.264s] Level 1:colcon.colcon_core.package_identification:_identify(src/control_node) by extensions ['ros']
[1.264s] Level 1:colcon.colcon_core.package_identification:_identify(src/control_node) by extension 'ros'
[1.268s] DEBUG:colcon.colcon_core.package_identification:Package 'src/control_node' with type 'ros.ament_cmake' and name 'control_node'
[1.268s] Level 1:colcon.colcon_core.package_identification:_identify(src/mediator_node) by extensions ['ignore', 'ignore_ament_install']
[1.270s] Level 1:colcon.colcon_core.package_identification:_identify(src/mediator_node) by extension 'ignore'
[1.270s] Level 1:colcon.colcon_core.package_identification:_identify(src/mediator_node) by extension 'ignore_ament_install'
[1.271s] Level 1:colcon.colcon_core.package_identification:_identify(src/mediator_node) by extensions ['colcon_pkg']
[1.271s] Level 1:colcon.colcon_core.package_identification:_identify(src/mediator_node) by extension 'colcon_pkg'
[1.271s] Level 1:colcon.colcon_core.package_identification:_identify(src/mediator_node) by extensions ['colcon_meta']
[1.271s] Level 1:colcon.colcon_core.package_identification:_identify(src/mediator_node) by extension 'colcon_meta'
[1.271s] Level 1:colcon.colcon_core.package_identification:_identify(src/mediator_node) by extensions ['ros']
[1.272s] Level 1:colcon.colcon_core.package_identification:_identify(src/mediator_node) by extension 'ros'
[1.275s] DEBUG:colcon.colcon_core.package_identification:Package 'src/mediator_node' with type 'ros.ament_cmake' and name 'mediator_node'
[1.275s] Level 1:colcon.colcon_core.package_identification:_identify(src/robot_types) by extensions ['ignore', 'ignore_ament_install']
[1.276s] Level 1:colcon.colcon_core.package_identification:_identify(src/robot_types) by extension 'ignore'
[1.276s] Level 1:colcon.colcon_core.package_identification:_identify(src/robot_types) by extension 'ignore_ament_install'
[1.276s] Level 1:colcon.colcon_core.package_identification:_identify(src/robot_types) by extensions ['colcon_pkg']
[1.276s] Level 1:colcon.colcon_core.package_identification:_identify(src/robot_types) by extension 'colcon_pkg'
[1.276s] Level 1:colcon.colcon_core.package_identification:_identify(src/robot_types) by extensions ['colcon_meta']
[1.277s] Level 1:colcon.colcon_core.package_identification:_identify(src/robot_types) by extension 'colcon_meta'
[1.277s] Level 1:colcon.colcon_core.package_identification:_identify(src/robot_types) by extensions ['ros']
[1.277s] Level 1:colcon.colcon_core.package_identification:_identify(src/robot_types) by extension 'ros'
[1.279s] DEBUG:colcon.colcon_core.package_identification:Package 'src/robot_types' with type 'ros.ament_cmake' and name 'robot_types'
[1.279s] Level 1:colcon.colcon_core.package_discovery:discover_packages(recursive) using defaults
[1.279s] Level 1:colcon.colcon_core.package_discovery:discover_packages(ignore) discover
[1.279s] Level 1:colcon.colcon_core.package_discovery:discover_packages(ignore) using defaults
[1.279s] Level 1:colcon.colcon_core.package_discovery:discover_packages(path) discover
[1.279s] Level 1:colcon.colcon_core.package_discovery:discover_packages(path) using defaults
[1.358s] Level 1:colcon.colcon_core.package_discovery:discover_packages(prefix_path) check parameters
[1.358s] Level 1:colcon.colcon_core.package_discovery:discover_packages(prefix_path) discover
[1.366s] DEBUG:colcon.colcon_installed_package_information.package_discovery:Found 4 installed packages in /home/conner/codePractice/rosDummy/install
[1.369s] DEBUG:colcon.colcon_installed_package_information.package_discovery:Found 256 installed packages in /opt/ros/foxy
[1.374s] Level 1:colcon.colcon_core.package_discovery:discover_packages(prefix_path) using defaults
[1.486s] Level 5:colcon.colcon_core.verb:set package 'brain_node' build argument 'cmake_args' from command line to 'None'
[1.487s] Level 5:colcon.colcon_core.verb:set package 'brain_node' build argument 'cmake_target' from command line to 'None'
[1.487s] Level 5:colcon.colcon_core.verb:set package 'brain_node' build argument 'cmake_target_skip_unavailable' from command line to 'False'
[1.487s] Level 5:colcon.colcon_core.verb:set package 'brain_node' build argument 'cmake_clean_cache' from command line to 'False'
[1.487s] Level 5:colcon.colcon_core.verb:set package 'brain_node' build argument 'cmake_clean_first' from command line to 'False'
[1.487s] Level 5:colcon.colcon_core.verb:set package 'brain_node' build argument 'cmake_force_configure' from command line to 'False'
[1.487s] Level 5:colcon.colcon_core.verb:set package 'brain_node' build argument 'ament_cmake_args' from command line to 'None'
[1.487s] Level 5:colcon.colcon_core.verb:set package 'brain_node' build argument 'catkin_cmake_args' from command line to 'None'
[1.487s] Level 5:colcon.colcon_core.verb:set package 'brain_node' build argument 'catkin_skip_building_tests' from command line to 'False'
[1.487s] DEBUG:colcon.colcon_core.verb:Building package 'brain_node' with the following arguments: {'ament_cmake_args': None, 'build_base': '/home/conner/codePractice/rosDummy/build/brain_node', 'catkin_cmake_args': None, 'catkin_skip_building_tests': False, 'cmake_args': None, 'cmake_clean_cache': False, 'cmake_clean_first': False, 'cmake_force_configure': False, 'cmake_target': None, 'cmake_target_skip_unavailable': False, 'install_base': '/home/conner/codePractice/rosDummy/install/brain_node', 'merge_install': False, 'path': '/home/conner/codePractice/rosDummy/src/brain_node', 'symlink_install': False, 'test_result_base': None}
[1.488s] Level 5:colcon.colcon_core.verb:set package 'robot_types' build argument 'cmake_args' from command line to 'None'
[1.488s] Level 5:colcon.colcon_core.verb:set package 'robot_types' build argument 'cmake_target' from command line to 'None'
[1.488s] Level 5:colcon.colcon_core.verb:set package 'robot_types' build argument 'cmake_target_skip_unavailable' from command line to 'False'
[1.488s] Level 5:colcon.colcon_core.verb:set package 'robot_types' build argument 'cmake_clean_cache' from command line to 'False'
[1.489s] Level 5:colcon.colcon_core.verb:set package 'robot_types' build argument 'cmake_clean_first' from command line to 'False'
[1.489s] Level 5:colcon.colcon_core.verb:set package 'robot_types' build argument 'cmake_force_configure' from command line to 'False'
[1.489s] Level 5:colcon.colcon_core.verb:set package 'robot_types' build argument 'ament_cmake_args' from command line to 'None'
[1.489s] Level 5:colcon.colcon_core.verb:set package 'robot_types' build argument 'catkin_cmake_args' from command line to 'None'
[1.489s] Level 5:colcon.colcon_core.verb:set package 'robot_types' build argument 'catkin_skip_building_tests' from command line to 'False'
[1.489s] DEBUG:colcon.colcon_core.verb:Building package 'robot_types' with the following arguments: {'ament_cmake_args': None, 'build_base': '/home/conner/codePractice/rosDummy/build/robot_types', 'catkin_cmake_args': None, 'catkin_skip_building_tests': False, 'cmake_args': None, 'cmake_clean_cache': False, 'cmake_clean_first': False, 'cmake_force_configure': False, 'cmake_target': None, 'cmake_target_skip_unavailable': False, 'install_base': '/home/conner/codePractice/rosDummy/install/robot_types', 'merge_install': False, 'path': '/home/conner/codePractice/rosDummy/src/robot_types', 'symlink_install': False, 'test_result_base': None}
[1.491s] Level 5:colcon.colcon_core.verb:set package 'control_node' build argument 'cmake_args' from command line to 'None'
[1.491s] Level 5:colcon.colcon_core.verb:set package 'control_node' build argument 'cmake_target' from command line to 'None'
[1.492s] Level 5:colcon.colcon_core.verb:set package 'control_node' build argument 'cmake_target_skip_unavailable' from command line to 'False'
[1.492s] Level 5:colcon.colcon_core.verb:set package 'control_node' build argument 'cmake_clean_cache' from command line to 'False'
[1.492s] Level 5:colcon.colcon_core.verb:set package 'control_node' build argument 'cmake_clean_first' from command line to 'False'
[1.492s] Level 5:colcon.colcon_core.verb:set package 'control_node' build argument 'cmake_force_configure' from command line to 'False'
[1.492s] Level 5:colcon.colcon_core.verb:set package 'control_node' build argument 'ament_cmake_args' from command line to 'None'
[1.492s] Level 5:colcon.colcon_core.verb:set package 'control_node' build argument 'catkin_cmake_args' from command line to 'None'
[1.492s] Level 5:colcon.colcon_core.verb:set package 'control_node' build argument 'catkin_skip_building_tests' from command line to 'False'
[1.492s] DEBUG:colcon.colcon_core.verb:Building package 'control_node' with the following arguments: {'ament_cmake_args': None, 'build_base': '/home/conner/codePractice/rosDummy/build/control_node', 'catkin_cmake_args': None, 'catkin_skip_building_tests': False, 'cmake_args': None, 'cmake_clean_cache': False, 'cmake_clean_first': False, 'cmake_force_configure': False, 'cmake_target': None, 'cmake_target_skip_unavailable': False, 'install_base': '/home/conner/codePractice/rosDummy/install/control_node', 'merge_install': False, 'path': '/home/conner/codePractice/rosDummy/src/control_node', 'symlink_install': False, 'test_result_base': None}
[1.494s] Level 5:colcon.colcon_core.verb:set package 'mediator_node' build argument 'cmake_args' from command line to 'None'
[1.494s] Level 5:colcon.colcon_core.verb:set package 'mediator_node' build argument 'cmake_target' from command line to 'None'
[1.494s] Level 5:colcon.colcon_core.verb:set package 'mediator_node' build argument 'cmake_target_skip_unavailable' from command line to 'False'
[1.494s] Level 5:colcon.colcon_core.verb:set package 'mediator_node' build argument 'cmake_clean_cache' from command line to 'False'
[1.494s] Level 5:colcon.colcon_core.verb:set package 'mediator_node' build argument 'cmake_clean_first' from command line to 'False'
[1.495s] Level 5:colcon.colcon_core.verb:set package 'mediator_node' build argument 'cmake_force_configure' from command line to 'False'
[1.495s] Level 5:colcon.colcon_core.verb:set package 'mediator_node' build argument 'ament_cmake_args' from command line to 'None'
[1.495s] Level 5:colcon.colcon_core.verb:set package 'mediator_node' build argument 'catkin_cmake_args' from command line to 'None'
[1.495s] Level 5:colcon.colcon_core.verb:set package 'mediator_node' build argument 'catkin_skip_building_tests' from command line to 'False'
[1.495s] DEBUG:colcon.colcon_core.verb:Building package 'mediator_node' with the following arguments: {'ament_cmake_args': None, 'build_base': '/home/conner/codePractice/rosDummy/build/mediator_node', 'catkin_cmake_args': None, 'catkin_skip_building_tests': False, 'cmake_args': None, 'cmake_clean_cache': False, 'cmake_clean_first': False, 'cmake_force_configure': False, 'cmake_target': None, 'cmake_target_skip_unavailable': False, 'install_base': '/home/conner/codePractice/rosDummy/install/mediator_node', 'merge_install': False, 'path': '/home/conner/codePractice/rosDummy/src/mediator_node', 'symlink_install': False, 'test_result_base': None}
[1.496s] INFO:colcon.colcon_core.executor:Executing jobs using 'parallel' executor
[1.506s] DEBUG:colcon.colcon_parallel_executor.executor.parallel:run_until_complete
[1.508s] INFO:colcon.colcon_ros.task.ament_cmake.build:Building ROS package in '/home/conner/codePractice/rosDummy/src/robot_types' with build type 'ament_cmake'
[1.509s] INFO:colcon.colcon_cmake.task.cmake.build:Building CMake package in '/home/conner/codePractice/rosDummy/src/robot_types'
[1.522s] INFO:colcon.colcon_core.plugin_system:Skipping extension 'colcon_core.shell.bat': Not used on non-Windows systems
[1.522s] INFO:colcon.colcon_core.shell:Skip shell extension 'powershell' for command environment: Not usable outside of PowerShell
[1.522s] DEBUG:colcon.colcon_core.shell:Skip shell extension 'dsv' for command environment
[1.541s] INFO:colcon.colcon_ros.task.ament_cmake.build:Building ROS package in '/home/conner/codePractice/rosDummy/src/brain_node' with build type 'ament_cmake'
[1.543s] INFO:colcon.colcon_cmake.task.cmake.build:Building CMake package in '/home/conner/codePractice/rosDummy/src/brain_node'
[1.550s] INFO:colcon.colcon_core.shell:Skip shell extension 'powershell' for command environment: Not usable outside of PowerShell
[1.551s] DEBUG:colcon.colcon_core.shell:Skip shell extension 'dsv' for command environment
[1.599s] DEBUG:colcon.colcon_core.event_handler.log_command:Invoking command in '/home/conner/codePractice/rosDummy/build/robot_types': CMAKE_PREFIX_PATH=${CMAKE_PREFIX_PATH}:/opt/ros/foxy /usr/bin/cmake --build /home/conner/codePractice/rosDummy/build/robot_types -- -j8 -l8
[1.622s] DEBUG:colcon.colcon_core.event_handler.log_command:Invoking command in '/home/conner/codePractice/rosDummy/build/brain_node': CMAKE_PREFIX_PATH=${CMAKE_PREFIX_PATH}:/opt/ros/foxy /usr/bin/cmake --build /home/conner/codePractice/rosDummy/build/brain_node -- -j8 -l8
[1.804s] DEBUG:colcon.colcon_core.event_handler.log_command:Invoked command in '/home/conner/codePractice/rosDummy/build/brain_node' returned '0': CMAKE_PREFIX_PATH=${CMAKE_PREFIX_PATH}:/opt/ros/foxy /usr/bin/cmake --build /home/conner/codePractice/rosDummy/build/brain_node -- -j8 -l8
[1.898s] DEBUG:colcon.colcon_core.event_handler.log_command:Invoking command in '/home/conner/codePractice/rosDummy/build/brain_node': CMAKE_PREFIX_PATH=${CMAKE_PREFIX_PATH}:/opt/ros/foxy /usr/bin/cmake --install /home/conner/codePractice/rosDummy/build/brain_node
[1.931s] Level 1:colcon.colcon_core.environment:create_environment_scripts_only(brain_node)
[1.933s] DEBUG:colcon.colcon_core.event_handler.log_command:Invoked command in '/home/conner/codePractice/rosDummy/build/brain_node' returned '0': CMAKE_PREFIX_PATH=${CMAKE_PREFIX_PATH}:/opt/ros/foxy /usr/bin/cmake --install /home/conner/codePractice/rosDummy/build/brain_node
[1.957s] Level 1:colcon.colcon_core.environment:checking '/home/conner/codePractice/rosDummy/install/brain_node' for CMake module files
[1.960s] Level 1:colcon.colcon_core.environment:checking '/home/conner/codePractice/rosDummy/install/brain_node' for CMake config files
[1.963s] Level 1:colcon.colcon_core.shell:create_environment_hook('brain_node', 'cmake_prefix_path')
[1.968s] INFO:colcon.colcon_core.shell:Creating environment hook '/home/conner/codePractice/rosDummy/install/brain_node/share/brain_node/hook/cmake_prefix_path.ps1'
[1.971s] INFO:colcon.colcon_core.shell:Creating environment descriptor '/home/conner/codePractice/rosDummy/install/brain_node/share/brain_node/hook/cmake_prefix_path.dsv'
[1.973s] INFO:colcon.colcon_core.shell:Creating environment hook '/home/conner/codePractice/rosDummy/install/brain_node/share/brain_node/hook/cmake_prefix_path.sh'
[1.977s] Level 1:colcon.colcon_core.environment:checking '/home/conner/codePractice/rosDummy/install/brain_node/bin'
[1.977s] Level 1:colcon.colcon_core.environment:checking '/home/conner/codePractice/rosDummy/install/brain_node/lib/pkgconfig/brain_node.pc'
[1.978s] Level 1:colcon.colcon_core.environment:checking '/home/conner/codePractice/rosDummy/install/brain_node/lib/python3.8/site-packages'
[1.980s] Level 1:colcon.colcon_core.environment:checking '/home/conner/codePractice/rosDummy/install/brain_node/bin'
[1.984s] INFO:colcon.colcon_core.shell:Creating package script '/home/conner/codePractice/rosDummy/install/brain_node/share/brain_node/package.ps1'
[1.987s] INFO:colcon.colcon_core.shell:Creating package descriptor '/home/conner/codePractice/rosDummy/install/brain_node/share/brain_node/package.dsv'
[1.989s] INFO:colcon.colcon_core.shell:Creating package script '/home/conner/codePractice/rosDummy/install/brain_node/share/brain_node/package.sh'
[1.992s] INFO:colcon.colcon_core.shell:Creating package script '/home/conner/codePractice/rosDummy/install/brain_node/share/brain_node/package.bash'
[1.995s] INFO:colcon.colcon_core.shell:Creating package script '/home/conner/codePractice/rosDummy/install/brain_node/share/brain_node/package.zsh'
[1.999s] Level 1:colcon.colcon_core.environment:create_file_with_runtime_dependencies(/home/conner/codePractice/rosDummy/install/brain_node/share/colcon-core/packages/brain_node)
[2.066s] Level 1:colcon.colcon_core.environment:create_environment_scripts_only(brain_node)
[2.075s] Level 1:colcon.colcon_core.environment:checking '/home/conner/codePractice/rosDummy/install/brain_node' for CMake module files
[2.078s] Level 1:colcon.colcon_core.environment:checking '/home/conner/codePractice/rosDummy/install/brain_node' for CMake config files
[2.079s] Level 1:colcon.colcon_core.shell:create_environment_hook('brain_node', 'cmake_prefix_path')
[2.083s] INFO:colcon.colcon_core.shell:Creating environment hook '/home/conner/codePractice/rosDummy/install/brain_node/share/brain_node/hook/cmake_prefix_path.ps1'
[2.085s] INFO:colcon.colcon_core.shell:Creating environment descriptor '/home/conner/codePractice/rosDummy/install/brain_node/share/brain_node/hook/cmake_prefix_path.dsv'
[2.086s] INFO:colcon.colcon_core.shell:Creating environment hook '/home/conner/codePractice/rosDummy/install/brain_node/share/brain_node/hook/cmake_prefix_path.sh'
[2.089s] Level 1:colcon.colcon_core.environment:checking '/home/conner/codePractice/rosDummy/install/brain_node/bin'
[2.090s] Level 1:colcon.colcon_core.environment:checking '/home/conner/codePractice/rosDummy/install/brain_node/lib/pkgconfig/brain_node.pc'
[2.090s] Level 1:colcon.colcon_core.environment:checking '/home/conner/codePractice/rosDummy/install/brain_node/lib/python3.8/site-packages'
[2.091s] Level 1:colcon.colcon_core.environment:checking '/home/conner/codePractice/rosDummy/install/brain_node/bin'
[2.094s] INFO:colcon.colcon_core.shell:Creating package script '/home/conner/codePractice/rosDummy/install/brain_node/share/brain_node/package.ps1'
[2.096s] INFO:colcon.colcon_core.shell:Creating package descriptor '/home/conner/codePractice/rosDummy/install/brain_node/share/brain_node/package.dsv'
[2.098s] INFO:colcon.colcon_core.shell:Creating package script '/home/conner/codePractice/rosDummy/install/brain_node/share/brain_node/package.sh'
[2.099s] INFO:colcon.colcon_core.shell:Creating package script '/home/conner/codePractice/rosDummy/install/brain_node/share/brain_node/package.bash'
[2.101s] INFO:colcon.colcon_core.shell:Creating package script '/home/conner/codePractice/rosDummy/install/brain_node/share/brain_node/package.zsh'
[2.102s] Level 1:colcon.colcon_core.environment:create_file_with_runtime_dependencies(/home/conner/codePractice/rosDummy/install/brain_node/share/colcon-core/packages/brain_node)
[2.266s] DEBUG:colcon.colcon_core.event_handler.log_command:Invoked command in '/home/conner/codePractice/rosDummy/build/robot_types' returned '0': CMAKE_PREFIX_PATH=${CMAKE_PREFIX_PATH}:/opt/ros/foxy /usr/bin/cmake --build /home/conner/codePractice/rosDummy/build/robot_types -- -j8 -l8
[2.395s] DEBUG:colcon.colcon_core.event_handler.log_command:Invoking command in '/home/conner/codePractice/rosDummy/build/robot_types': CMAKE_PREFIX_PATH=${CMAKE_PREFIX_PATH}:/opt/ros/foxy /usr/bin/cmake --install /home/conner/codePractice/rosDummy/build/robot_types
[2.543s] Level 1:colcon.colcon_core.environment:create_environment_scripts_only(robot_types)
[2.549s] Level 1:colcon.colcon_core.environment:checking '/home/conner/codePractice/rosDummy/install/robot_types' for CMake module files
[2.550s] DEBUG:colcon.colcon_core.event_handler.log_command:Invoked command in '/home/conner/codePractice/rosDummy/build/robot_types' returned '0': CMAKE_PREFIX_PATH=${CMAKE_PREFIX_PATH}:/opt/ros/foxy /usr/bin/cmake --install /home/conner/codePractice/rosDummy/build/robot_types
[2.555s] Level 1:colcon.colcon_core.environment:checking '/home/conner/codePractice/rosDummy/install/robot_types' for CMake config files
[2.558s] Level 1:colcon.colcon_core.shell:create_environment_hook('robot_types', 'cmake_prefix_path')
[2.561s] INFO:colcon.colcon_core.shell:Creating environment hook '/home/conner/codePractice/rosDummy/install/robot_types/share/robot_types/hook/cmake_prefix_path.ps1'
[2.563s] INFO:colcon.colcon_core.shell:Creating environment descriptor '/home/conner/codePractice/rosDummy/install/robot_types/share/robot_types/hook/cmake_prefix_path.dsv'
[2.564s] INFO:colcon.colcon_core.shell:Creating environment hook '/home/conner/codePractice/rosDummy/install/robot_types/share/robot_types/hook/cmake_prefix_path.sh'
[2.565s] Level 1:colcon.colcon_core.environment:checking '/home/conner/codePractice/rosDummy/install/robot_types/lib'
[2.566s] Level 1:colcon.colcon_core.shell:create_environment_hook('robot_types', 'ld_library_path_lib')
[2.568s] INFO:colcon.colcon_core.shell:Creating environment hook '/home/conner/codePractice/rosDummy/install/robot_types/share/robot_types/hook/ld_library_path_lib.ps1'
[2.569s] INFO:colcon.colcon_core.shell:Creating environment descriptor '/home/conner/codePractice/rosDummy/install/robot_types/share/robot_types/hook/ld_library_path_lib.dsv'
[2.571s] INFO:colcon.colcon_core.shell:Creating environment hook '/home/conner/codePractice/rosDummy/install/robot_types/share/robot_types/hook/ld_library_path_lib.sh'
[2.574s] Level 1:colcon.colcon_core.environment:checking '/home/conner/codePractice/rosDummy/install/robot_types/bin'
[2.575s] Level 1:colcon.colcon_core.environment:checking '/home/conner/codePractice/rosDummy/install/robot_types/lib/pkgconfig/robot_types.pc'
[2.576s] Level 1:colcon.colcon_core.environment:checking '/home/conner/codePractice/rosDummy/install/robot_types/lib/python3.8/site-packages'
[2.577s] Level 1:colcon.colcon_core.shell:create_environment_hook('robot_types', 'pythonpath')
[2.579s] INFO:colcon.colcon_core.shell:Creating environment hook '/home/conner/codePractice/rosDummy/install/robot_types/share/robot_types/hook/pythonpath.ps1'
[2.580s] INFO:colcon.colcon_core.shell:Creating environment descriptor '/home/conner/codePractice/rosDummy/install/robot_types/share/robot_types/hook/pythonpath.dsv'
[2.580s] INFO:colcon.colcon_core.shell:Creating environment hook '/home/conner/codePractice/rosDummy/install/robot_types/share/robot_types/hook/pythonpath.sh'
[2.582s] Level 1:colcon.colcon_core.environment:checking '/home/conner/codePractice/rosDummy/install/robot_types/bin'
[2.584s] INFO:colcon.colcon_core.shell:Creating package script '/home/conner/codePractice/rosDummy/install/robot_types/share/robot_types/package.ps1'
[2.585s] INFO:colcon.colcon_core.shell:Creating package descriptor '/home/conner/codePractice/rosDummy/install/robot_types/share/robot_types/package.dsv'
[2.587s] INFO:colcon.colcon_core.shell:Creating package script '/home/conner/codePractice/rosDummy/install/robot_types/share/robot_types/package.sh'
[2.588s] INFO:colcon.colcon_core.shell:Creating package script '/home/conner/codePractice/rosDummy/install/robot_types/share/robot_types/package.bash'
[2.588s] INFO:colcon.colcon_core.shell:Creating package script '/home/conner/codePractice/rosDummy/install/robot_types/share/robot_types/package.zsh'
[2.589s] Level 1:colcon.colcon_core.environment:create_file_with_runtime_dependencies(/home/conner/codePractice/rosDummy/install/robot_types/share/colcon-core/packages/robot_types)
[2.704s] Level 1:colcon.colcon_core.environment:create_environment_scripts_only(robot_types)
[2.707s] Level 1:colcon.colcon_core.environment:checking '/home/conner/codePractice/rosDummy/install/robot_types' for CMake module files
[2.708s] Level 1:colcon.colcon_core.environment:checking '/home/conner/codePractice/rosDummy/install/robot_types' for CMake config files
[2.709s] Level 1:colcon.colcon_core.shell:create_environment_hook('robot_types', 'cmake_prefix_path')
[2.712s] INFO:colcon.colcon_core.shell:Creating environment hook '/home/conner/codePractice/rosDummy/install/robot_types/share/robot_types/hook/cmake_prefix_path.ps1'
[2.714s] INFO:colcon.colcon_core.shell:Creating environment descriptor '/home/conner/codePractice/rosDummy/install/robot_types/share/robot_types/hook/cmake_prefix_path.dsv'
[2.715s] INFO:colcon.colcon_core.shell:Creating environment hook '/home/conner/codePractice/rosDummy/install/robot_types/share/robot_types/hook/cmake_prefix_path.sh'
[2.718s] Level 1:colcon.colcon_core.environment:checking '/home/conner/codePractice/rosDummy/install/robot_types/lib'
[2.719s] Level 1:colcon.colcon_core.shell:create_environment_hook('robot_types', 'ld_library_path_lib')
[2.722s] INFO:colcon.colcon_core.shell:Creating environment hook '/home/conner/codePractice/rosDummy/install/robot_types/share/robot_types/hook/ld_library_path_lib.ps1'
[2.724s] INFO:colcon.colcon_core.shell:Creating environment descriptor '/home/conner/codePractice/rosDummy/install/robot_types/share/robot_types/hook/ld_library_path_lib.dsv'
[2.727s] INFO:colcon.colcon_core.shell:Creating environment hook '/home/conner/codePractice/rosDummy/install/robot_types/share/robot_types/hook/ld_library_path_lib.sh'
[2.729s] Level 1:colcon.colcon_core.environment:checking '/home/conner/codePractice/rosDummy/install/robot_types/bin'
[2.729s] Level 1:colcon.colcon_core.environment:checking '/home/conner/codePractice/rosDummy/install/robot_types/lib/pkgconfig/robot_types.pc'
[2.729s] Level 1:colcon.colcon_core.environment:checking '/home/conner/codePractice/rosDummy/install/robot_types/lib/python3.8/site-packages'
[2.730s] Level 1:colcon.colcon_core.shell:create_environment_hook('robot_types', 'pythonpath')
[2.732s] INFO:colcon.colcon_core.shell:Creating environment hook '/home/conner/codePractice/rosDummy/install/robot_types/share/robot_types/hook/pythonpath.ps1'
[2.733s] INFO:colcon.colcon_core.shell:Creating environment descriptor '/home/conner/codePractice/rosDummy/install/robot_types/share/robot_types/hook/pythonpath.dsv'
[2.734s] INFO:colcon.colcon_core.shell:Creating environment hook '/home/conner/codePractice/rosDummy/install/robot_types/share/robot_types/hook/pythonpath.sh'
[2.736s] Level 1:colcon.colcon_core.environment:checking '/home/conner/codePractice/rosDummy/install/robot_types/bin'
[2.739s] INFO:colcon.colcon_core.shell:Creating package script '/home/conner/codePractice/rosDummy/install/robot_types/share/robot_types/package.ps1'
[2.740s] INFO:colcon.colcon_core.shell:Creating package descriptor '/home/conner/codePractice/rosDummy/install/robot_types/share/robot_types/package.dsv'
[2.741s] INFO:colcon.colcon_core.shell:Creating package script '/home/conner/codePractice/rosDummy/install/robot_types/share/robot_types/package.sh'
[2.743s] INFO:colcon.colcon_core.shell:Creating package script '/home/conner/codePractice/rosDummy/install/robot_types/share/robot_types/package.bash'
[2.745s] INFO:colcon.colcon_core.shell:Creating package script '/home/conner/codePractice/rosDummy/install/robot_types/share/robot_types/package.zsh'
[2.746s] Level 1:colcon.colcon_core.environment:create_file_with_runtime_dependencies(/home/conner/codePractice/rosDummy/install/robot_types/share/colcon-core/packages/robot_types)
[2.748s] INFO:colcon.colcon_ros.task.ament_cmake.build:Building ROS package in '/home/conner/codePractice/rosDummy/src/control_node' with build type 'ament_cmake'
[2.750s] INFO:colcon.colcon_cmake.task.cmake.build:Building CMake package in '/home/conner/codePractice/rosDummy/src/control_node'
[2.757s] INFO:colcon.colcon_core.shell:Skip shell extension 'powershell' for command environment: Not usable outside of PowerShell
[2.757s] DEBUG:colcon.colcon_core.shell:Skip shell extension 'dsv' for command environment
[2.781s] INFO:colcon.colcon_ros.task.ament_cmake.build:Building ROS package in '/home/conner/codePractice/rosDummy/src/mediator_node' with build type 'ament_cmake'
[2.782s] INFO:colcon.colcon_cmake.task.cmake.build:Building CMake package in '/home/conner/codePractice/rosDummy/src/mediator_node'
[2.789s] INFO:colcon.colcon_core.shell:Skip shell extension 'powershell' for command environment: Not usable outside of PowerShell
[2.790s] DEBUG:colcon.colcon_core.shell:Skip shell extension 'dsv' for command environment
[3.371s] DEBUG:colcon.colcon_core.event_handler.log_command:Invoking command in '/home/conner/codePractice/rosDummy/build/control_node': CMAKE_PREFIX_PATH=/home/conner/codePractice/rosDummy/install/robot_types:/home/conner/codePractice/rosDummy/install/mediator_node:/home/conner/codePractice/rosDummy/install/control_node:/home/conner/codePractice/rosDummy/install/brain_node:/opt/ros/foxy LD_LIBRARY_PATH=/home/conner/codePractice/rosDummy/install/robot_types/lib:/home/conner/codePractice/rosDummy/install/mediator_node/lib:/home/conner/codePractice/rosDummy/install/control_node/lib:/opt/ros/foxy/opt/yaml_cpp_vendor/lib:/opt/ros/foxy/opt/rviz_ogre_vendor/lib:/opt/ros/foxy/lib/x86_64-linux-gnu:/opt/ros/foxy/lib /usr/bin/cmake --build /home/conner/codePractice/rosDummy/build/control_node -- -j8 -l8
[3.396s] DEBUG:colcon.colcon_core.event_handler.log_command:Invoking command in '/home/conner/codePractice/rosDummy/build/mediator_node': CMAKE_PREFIX_PATH=/home/conner/codePractice/rosDummy/install/robot_types:/home/conner/codePractice/rosDummy/install/mediator_node:/home/conner/codePractice/rosDummy/install/control_node:/home/conner/codePractice/rosDummy/install/brain_node:/opt/ros/foxy LD_LIBRARY_PATH=/home/conner/codePractice/rosDummy/install/robot_types/lib:/home/conner/codePractice/rosDummy/install/mediator_node/lib:/home/conner/codePractice/rosDummy/install/control_node/lib:/opt/ros/foxy/opt/yaml_cpp_vendor/lib:/opt/ros/foxy/opt/rviz_ogre_vendor/lib:/opt/ros/foxy/lib/x86_64-linux-gnu:/opt/ros/foxy/lib /usr/bin/cmake --build /home/conner/codePractice/rosDummy/build/mediator_node -- -j8 -l8
[3.663s] DEBUG:colcon.colcon_core.event_handler.log_command:Invoked command in '/home/conner/codePractice/rosDummy/build/mediator_node' returned '0': CMAKE_PREFIX_PATH=/home/conner/codePractice/rosDummy/install/robot_types:/home/conner/codePractice/rosDummy/install/mediator_node:/home/conner/codePractice/rosDummy/install/control_node:/home/conner/codePractice/rosDummy/install/brain_node:/opt/ros/foxy LD_LIBRARY_PATH=/home/conner/codePractice/rosDummy/install/robot_types/lib:/home/conner/codePractice/rosDummy/install/mediator_node/lib:/home/conner/codePractice/rosDummy/install/control_node/lib:/opt/ros/foxy/opt/yaml_cpp_vendor/lib:/opt/ros/foxy/opt/rviz_ogre_vendor/lib:/opt/ros/foxy/lib/x86_64-linux-gnu:/opt/ros/foxy/lib /usr/bin/cmake --build /home/conner/codePractice/rosDummy/build/mediator_node -- -j8 -l8
[3.746s] DEBUG:colcon.colcon_core.event_handler.log_command:Invoking command in '/home/conner/codePractice/rosDummy/build/mediator_node': CMAKE_PREFIX_PATH=/home/conner/codePractice/rosDummy/install/robot_types:/home/conner/codePractice/rosDummy/install/mediator_node:/home/conner/codePractice/rosDummy/install/control_node:/home/conner/codePractice/rosDummy/install/brain_node:/opt/ros/foxy LD_LIBRARY_PATH=/home/conner/codePractice/rosDummy/install/robot_types/lib:/home/conner/codePractice/rosDummy/install/mediator_node/lib:/home/conner/codePractice/rosDummy/install/control_node/lib:/opt/ros/foxy/opt/yaml_cpp_vendor/lib:/opt/ros/foxy/opt/rviz_ogre_vendor/lib:/opt/ros/foxy/lib/x86_64-linux-gnu:/opt/ros/foxy/lib /usr/bin/cmake --install /home/conner/codePractice/rosDummy/build/mediator_node
[3.782s] Level 1:colcon.colcon_core.environment:create_environment_scripts_only(mediator_node)
[3.783s] DEBUG:colcon.colcon_core.event_handler.log_command:Invoked command in '/home/conner/codePractice/rosDummy/build/mediator_node' returned '0': CMAKE_PREFIX_PATH=/home/conner/codePractice/rosDummy/install/robot_types:/home/conner/codePractice/rosDummy/install/mediator_node:/home/conner/codePractice/rosDummy/install/control_node:/home/conner/codePractice/rosDummy/install/brain_node:/opt/ros/foxy LD_LIBRARY_PATH=/home/conner/codePractice/rosDummy/install/robot_types/lib:/home/conner/codePractice/rosDummy/install/mediator_node/lib:/home/conner/codePractice/rosDummy/install/control_node/lib:/opt/ros/foxy/opt/yaml_cpp_vendor/lib:/opt/ros/foxy/opt/rviz_ogre_vendor/lib:/opt/ros/foxy/lib/x86_64-linux-gnu:/opt/ros/foxy/lib /usr/bin/cmake --install /home/conner/codePractice/rosDummy/build/mediator_node
[3.790s] Level 1:colcon.colcon_core.environment:checking '/home/conner/codePractice/rosDummy/install/mediator_node' for CMake module files
[3.793s] Level 1:colcon.colcon_core.environment:checking '/home/conner/codePractice/rosDummy/install/mediator_node' for CMake config files
[3.797s] Level 1:colcon.colcon_core.shell:create_environment_hook('mediator_node', 'cmake_prefix_path')
[3.801s] INFO:colcon.colcon_core.shell:Creating environment hook '/home/conner/codePractice/rosDummy/install/mediator_node/share/mediator_node/hook/cmake_prefix_path.ps1'
[3.804s] INFO:colcon.colcon_core.shell:Creating environment descriptor '/home/conner/codePractice/rosDummy/install/mediator_node/share/mediator_node/hook/cmake_prefix_path.dsv'
[3.805s] INFO:colcon.colcon_core.shell:Creating environment hook '/home/conner/codePractice/rosDummy/install/mediator_node/share/mediator_node/hook/cmake_prefix_path.sh'
[3.807s] Level 1:colcon.colcon_core.environment:checking '/home/conner/codePractice/rosDummy/install/mediator_node/lib'
[3.807s] Level 1:colcon.colcon_core.shell:create_environment_hook('mediator_node', 'ld_library_path_lib')
[3.811s] INFO:colcon.colcon_core.shell:Creating environment hook '/home/conner/codePractice/rosDummy/install/mediator_node/share/mediator_node/hook/ld_library_path_lib.ps1'
[3.812s] INFO:colcon.colcon_core.shell:Creating environment descriptor '/home/conner/codePractice/rosDummy/install/mediator_node/share/mediator_node/hook/ld_library_path_lib.dsv'
[3.814s] INFO:colcon.colcon_core.shell:Creating environment hook '/home/conner/codePractice/rosDummy/install/mediator_node/share/mediator_node/hook/ld_library_path_lib.sh'
[3.815s] Level 1:colcon.colcon_core.environment:checking '/home/conner/codePractice/rosDummy/install/mediator_node/bin'
[3.815s] Level 1:colcon.colcon_core.environment:checking '/home/conner/codePractice/rosDummy/install/mediator_node/lib/pkgconfig/mediator_node.pc'
[3.816s] Level 1:colcon.colcon_core.environment:checking '/home/conner/codePractice/rosDummy/install/mediator_node/lib/python3.8/site-packages'
[3.816s] Level 1:colcon.colcon_core.environment:checking '/home/conner/codePractice/rosDummy/install/mediator_node/bin'
[3.821s] INFO:colcon.colcon_core.shell:Creating package script '/home/conner/codePractice/rosDummy/install/mediator_node/share/mediator_node/package.ps1'
[3.824s] INFO:colcon.colcon_core.shell:Creating package descriptor '/home/conner/codePractice/rosDummy/install/mediator_node/share/mediator_node/package.dsv'
[3.828s] INFO:colcon.colcon_core.shell:Creating package script '/home/conner/codePractice/rosDummy/install/mediator_node/share/mediator_node/package.sh'
[3.830s] INFO:colcon.colcon_core.shell:Creating package script '/home/conner/codePractice/rosDummy/install/mediator_node/share/mediator_node/package.bash'
[3.832s] INFO:colcon.colcon_core.shell:Creating package script '/home/conner/codePractice/rosDummy/install/mediator_node/share/mediator_node/package.zsh'
[3.833s] Level 1:colcon.colcon_core.environment:create_file_with_runtime_dependencies(/home/conner/codePractice/rosDummy/install/mediator_node/share/colcon-core/packages/mediator_node)
[3.920s] Level 1:colcon.colcon_core.environment:create_environment_scripts_only(mediator_node)
[3.925s] Level 1:colcon.colcon_core.environment:checking '/home/conner/codePractice/rosDummy/install/mediator_node' for CMake module files
[3.927s] Level 1:colcon.colcon_core.environment:checking '/home/conner/codePractice/rosDummy/install/mediator_node' for CMake config files
[3.928s] Level 1:colcon.colcon_core.shell:create_environment_hook('mediator_node', 'cmake_prefix_path')
[3.931s] INFO:colcon.colcon_core.shell:Creating environment hook '/home/conner/codePractice/rosDummy/install/mediator_node/share/mediator_node/hook/cmake_prefix_path.ps1'
[3.933s] INFO:colcon.colcon_core.shell:Creating environment descriptor '/home/conner/codePractice/rosDummy/install/mediator_node/share/mediator_node/hook/cmake_prefix_path.dsv'
[3.934s] INFO:colcon.colcon_core.shell:Creating environment hook '/home/conner/codePractice/rosDummy/install/mediator_node/share/mediator_node/hook/cmake_prefix_path.sh'
[3.936s] Level 1:colcon.colcon_core.environment:checking '/home/conner/codePractice/rosDummy/install/mediator_node/lib'
[3.936s] Level 1:colcon.colcon_core.shell:create_environment_hook('mediator_node', 'ld_library_path_lib')
[3.940s] INFO:colcon.colcon_core.shell:Creating environment hook '/home/conner/codePractice/rosDummy/install/mediator_node/share/mediator_node/hook/ld_library_path_lib.ps1'
[3.942s] INFO:colcon.colcon_core.shell:Creating environment descriptor '/home/conner/codePractice/rosDummy/install/mediator_node/share/mediator_node/hook/ld_library_path_lib.dsv'
[3.942s] INFO:colcon.colcon_core.shell:Creating environment hook '/home/conner/codePractice/rosDummy/install/mediator_node/share/mediator_node/hook/ld_library_path_lib.sh'
[3.944s] Level 1:colcon.colcon_core.environment:checking '/home/conner/codePractice/rosDummy/install/mediator_node/bin'
[3.944s] Level 1:colcon.colcon_core.environment:checking '/home/conner/codePractice/rosDummy/install/mediator_node/lib/pkgconfig/mediator_node.pc'
[3.945s] Level 1:colcon.colcon_core.environment:checking '/home/conner/codePractice/rosDummy/install/mediator_node/lib/python3.8/site-packages'
[3.946s] Level 1:colcon.colcon_core.environment:checking '/home/conner/codePractice/rosDummy/install/mediator_node/bin'
[3.947s] INFO:colcon.colcon_core.shell:Creating package script '/home/conner/codePractice/rosDummy/install/mediator_node/share/mediator_node/package.ps1'
[3.948s] INFO:colcon.colcon_core.shell:Creating package descriptor '/home/conner/codePractice/rosDummy/install/mediator_node/share/mediator_node/package.dsv'
[3.949s] INFO:colcon.colcon_core.shell:Creating package script '/home/conner/codePractice/rosDummy/install/mediator_node/share/mediator_node/package.sh'
[3.950s] INFO:colcon.colcon_core.shell:Creating package script '/home/conner/codePractice/rosDummy/install/mediator_node/share/mediator_node/package.bash'
[3.951s] INFO:colcon.colcon_core.shell:Creating package script '/home/conner/codePractice/rosDummy/install/mediator_node/share/mediator_node/package.zsh'
[3.952s] Level 1:colcon.colcon_core.environment:create_file_with_runtime_dependencies(/home/conner/codePractice/rosDummy/install/mediator_node/share/colcon-core/packages/mediator_node)
[16.400s] DEBUG:colcon.colcon_core.event_handler.log_command:Invoked command in '/home/conner/codePractice/rosDummy/build/control_node' returned '0': CMAKE_PREFIX_PATH=/home/conner/codePractice/rosDummy/install/robot_types:/home/conner/codePractice/rosDummy/install/mediator_node:/home/conner/codePractice/rosDummy/install/control_node:/home/conner/codePractice/rosDummy/install/brain_node:/opt/ros/foxy LD_LIBRARY_PATH=/home/conner/codePractice/rosDummy/install/robot_types/lib:/home/conner/codePractice/rosDummy/install/mediator_node/lib:/home/conner/codePractice/rosDummy/install/control_node/lib:/opt/ros/foxy/opt/yaml_cpp_vendor/lib:/opt/ros/foxy/opt/rviz_ogre_vendor/lib:/opt/ros/foxy/lib/x86_64-linux-gnu:/opt/ros/foxy/lib /usr/bin/cmake --build /home/conner/codePractice/rosDummy/build/control_node -- -j8 -l8
[16.456s] DEBUG:colcon.colcon_core.event_handler.log_command:Invoking command in '/home/conner/codePractice/rosDummy/build/control_node': CMAKE_PREFIX_PATH=/home/conner/codePractice/rosDummy/install/robot_types:/home/conner/codePractice/rosDummy/install/mediator_node:/home/conner/codePractice/rosDummy/install/control_node:/home/conner/codePractice/rosDummy/install/brain_node:/opt/ros/foxy LD_LIBRARY_PATH=/home/conner/codePractice/rosDummy/install/robot_types/lib:/home/conner/codePractice/rosDummy/install/mediator_node/lib:/home/conner/codePractice/rosDummy/install/control_node/lib:/opt/ros/foxy/opt/yaml_cpp_vendor/lib:/opt/ros/foxy/opt/rviz_ogre_vendor/lib:/opt/ros/foxy/lib/x86_64-linux-gnu:/opt/ros/foxy/lib /usr/bin/cmake --install /home/conner/codePractice/rosDummy/build/control_node
[16.522s] Level 1:colcon.colcon_core.environment:create_environment_scripts_only(control_node)
[16.530s] DEBUG:colcon.colcon_core.event_handler.log_command:Invoked command in '/home/conner/codePractice/rosDummy/build/control_node' returned '0': CMAKE_PREFIX_PATH=/home/conner/codePractice/rosDummy/install/robot_types:/home/conner/codePractice/rosDummy/install/mediator_node:/home/conner/codePractice/rosDummy/install/control_node:/home/conner/codePractice/rosDummy/install/brain_node:/opt/ros/foxy LD_LIBRARY_PATH=/home/conner/codePractice/rosDummy/install/robot_types/lib:/home/conner/codePractice/rosDummy/install/mediator_node/lib:/home/conner/codePractice/rosDummy/install/control_node/lib:/opt/ros/foxy/opt/yaml_cpp_vendor/lib:/opt/ros/foxy/opt/rviz_ogre_vendor/lib:/opt/ros/foxy/lib/x86_64-linux-gnu:/opt/ros/foxy/lib /usr/bin/cmake --install /home/conner/codePractice/rosDummy/build/control_node
[16.531s] Level 1:colcon.colcon_core.environment:checking '/home/conner/codePractice/rosDummy/install/control_node' for CMake module files
[16.533s] Level 1:colcon.colcon_core.environment:checking '/home/conner/codePractice/rosDummy/install/control_node' for CMake config files
[16.537s] Level 1:colcon.colcon_core.shell:create_environment_hook('control_node', 'cmake_prefix_path')
[16.541s] INFO:colcon.colcon_core.shell:Creating environment hook '/home/conner/codePractice/rosDummy/install/control_node/share/control_node/hook/cmake_prefix_path.ps1'
[16.543s] INFO:colcon.colcon_core.shell:Creating environment descriptor '/home/conner/codePractice/rosDummy/install/control_node/share/control_node/hook/cmake_prefix_path.dsv'
[16.544s] INFO:colcon.colcon_core.shell:Creating environment hook '/home/conner/codePractice/rosDummy/install/control_node/share/control_node/hook/cmake_prefix_path.sh'
[16.547s] Level 1:colcon.colcon_core.environment:checking '/home/conner/codePractice/rosDummy/install/control_node/lib'
[16.548s] Level 1:colcon.colcon_core.shell:create_environment_hook('control_node', 'ld_library_path_lib')
[16.552s] INFO:colcon.colcon_core.shell:Creating environment hook '/home/conner/codePractice/rosDummy/install/control_node/share/control_node/hook/ld_library_path_lib.ps1'
[16.554s] INFO:colcon.colcon_core.shell:Creating environment descriptor '/home/conner/codePractice/rosDummy/install/control_node/share/control_node/hook/ld_library_path_lib.dsv'
[16.556s] INFO:colcon.colcon_core.shell:Creating environment hook '/home/conner/codePractice/rosDummy/install/control_node/share/control_node/hook/ld_library_path_lib.sh'
[16.557s] Level 1:colcon.colcon_core.environment:checking '/home/conner/codePractice/rosDummy/install/control_node/bin'
[16.558s] Level 1:colcon.colcon_core.environment:checking '/home/conner/codePractice/rosDummy/install/control_node/lib/pkgconfig/control_node.pc'
[16.558s] Level 1:colcon.colcon_core.environment:checking '/home/conner/codePractice/rosDummy/install/control_node/lib/python3.8/site-packages'
[16.559s] Level 1:colcon.colcon_core.environment:checking '/home/conner/codePractice/rosDummy/install/control_node/bin'
[16.563s] INFO:colcon.colcon_core.shell:Creating package script '/home/conner/codePractice/rosDummy/install/control_node/share/control_node/package.ps1'
[16.565s] INFO:colcon.colcon_core.shell:Creating package descriptor '/home/conner/codePractice/rosDummy/install/control_node/share/control_node/package.dsv'
[16.567s] INFO:colcon.colcon_core.shell:Creating package script '/home/conner/codePractice/rosDummy/install/control_node/share/control_node/package.sh'
[16.568s] INFO:colcon.colcon_core.shell:Creating package script '/home/conner/codePractice/rosDummy/install/control_node/share/control_node/package.bash'
[16.570s] INFO:colcon.colcon_core.shell:Creating package script '/home/conner/codePractice/rosDummy/install/control_node/share/control_node/package.zsh'
[16.571s] Level 1:colcon.colcon_core.environment:create_file_with_runtime_dependencies(/home/conner/codePractice/rosDummy/install/control_node/share/colcon-core/packages/control_node)
[16.648s] Level 1:colcon.colcon_core.environment:create_environment_scripts_only(control_node)
[16.652s] Level 1:colcon.colcon_core.environment:checking '/home/conner/codePractice/rosDummy/install/control_node' for CMake module files
[16.654s] Level 1:colcon.colcon_core.environment:checking '/home/conner/codePractice/rosDummy/install/control_node' for CMake config files
[16.654s] Level 1:colcon.colcon_core.shell:create_environment_hook('control_node', 'cmake_prefix_path')
[16.658s] INFO:colcon.colcon_core.shell:Creating environment hook '/home/conner/codePractice/rosDummy/install/control_node/share/control_node/hook/cmake_prefix_path.ps1'
[16.660s] INFO:colcon.colcon_core.shell:Creating environment descriptor '/home/conner/codePractice/rosDummy/install/control_node/share/control_node/hook/cmake_prefix_path.dsv'
[16.661s] INFO:colcon.colcon_core.shell:Creating environment hook '/home/conner/codePractice/rosDummy/install/control_node/share/control_node/hook/cmake_prefix_path.sh'
[16.663s] Level 1:colcon.colcon_core.environment:checking '/home/conner/codePractice/rosDummy/install/control_node/lib'
[16.663s] Level 1:colcon.colcon_core.shell:create_environment_hook('control_node', 'ld_library_path_lib')
[16.667s] INFO:colcon.colcon_core.shell:Creating environment hook '/home/conner/codePractice/rosDummy/install/control_node/share/control_node/hook/ld_library_path_lib.ps1'
[16.668s] INFO:colcon.colcon_core.shell:Creating environment descriptor '/home/conner/codePractice/rosDummy/install/control_node/share/control_node/hook/ld_library_path_lib.dsv'
[16.669s] INFO:colcon.colcon_core.shell:Creating environment hook '/home/conner/codePractice/rosDummy/install/control_node/share/control_node/hook/ld_library_path_lib.sh'
[16.671s] Level 1:colcon.colcon_core.environment:checking '/home/conner/codePractice/rosDummy/install/control_node/bin'
[16.671s] Level 1:colcon.colcon_core.environment:checking '/home/conner/codePractice/rosDummy/install/control_node/lib/pkgconfig/control_node.pc'
[16.671s] Level 1:colcon.colcon_core.environment:checking '/home/conner/codePractice/rosDummy/install/control_node/lib/python3.8/site-packages'
[16.672s] Level 1:colcon.colcon_core.environment:checking '/home/conner/codePractice/rosDummy/install/control_node/bin'
[16.677s] INFO:colcon.colcon_core.shell:Creating package script '/home/conner/codePractice/rosDummy/install/control_node/share/control_node/package.ps1'
[16.680s] INFO:colcon.colcon_core.shell:Creating package descriptor '/home/conner/codePractice/rosDummy/install/control_node/share/control_node/package.dsv'
[16.681s] INFO:colcon.colcon_core.shell:Creating package script '/home/conner/codePractice/rosDummy/install/control_node/share/control_node/package.sh'
[16.683s] INFO:colcon.colcon_core.shell:Creating package script '/home/conner/codePractice/rosDummy/install/control_node/share/control_node/package.bash'
[16.686s] INFO:colcon.colcon_core.shell:Creating package script '/home/conner/codePractice/rosDummy/install/control_node/share/control_node/package.zsh'
[16.689s] Level 1:colcon.colcon_core.environment:create_file_with_runtime_dependencies(/home/conner/codePractice/rosDummy/install/control_node/share/colcon-core/packages/control_node)
[16.691s] DEBUG:colcon.colcon_parallel_executor.executor.parallel:closing loop
[16.695s] DEBUG:colcon.colcon_parallel_executor.executor.parallel:loop closed
[16.696s] DEBUG:colcon.colcon_parallel_executor.executor.parallel:run_until_complete finished with '0'
[16.697s] DEBUG:colcon.colcon_core.event_reactor:joining thread
[16.873s] INFO:colcon.colcon_core.plugin_system:Skipping extension 'colcon_notification.desktop_notification.notify_send': Could not find 'notify-send'
[16.873s] INFO:colcon.colcon_core.plugin_system:Skipping extension 'colcon_notification.desktop_notification.terminal_notifier': Not used on non-Darwin systems
[16.873s] INFO:colcon.colcon_core.plugin_system:Skipping extension 'colcon_notification.desktop_notification.win32': Not used on non-Windows systems
[16.874s] INFO:colcon.colcon_notification.desktop_notification:Sending desktop notification using 'notify2'
[16.916s] DEBUG:colcon.colcon_notification.desktop_notification.notify2:Failed to initialize notify2: org.freedesktop.DBus.Error.ServiceUnknown: The name org.freedesktop.Notifications was not provided by any .service files
[16.917s] DEBUG:colcon.colcon_core.event_reactor:joined thread
[16.919s] INFO:colcon.colcon_core.shell:Creating prefix script '/home/conner/codePractice/rosDummy/install/local_setup.ps1'
[16.921s] INFO:colcon.colcon_core.shell:Creating prefix util module '/home/conner/codePractice/rosDummy/install/_local_setup_util_ps1.py'
[16.924s] INFO:colcon.colcon_core.shell:Creating prefix chain script '/home/conner/codePractice/rosDummy/install/setup.ps1'
[16.926s] INFO:colcon.colcon_core.shell:Creating prefix script '/home/conner/codePractice/rosDummy/install/local_setup.sh'
[16.928s] INFO:colcon.colcon_core.shell:Creating prefix util module '/home/conner/codePractice/rosDummy/install/_local_setup_util_sh.py'
[16.929s] INFO:colcon.colcon_core.shell:Creating prefix chain script '/home/conner/codePractice/rosDummy/install/setup.sh'
[16.934s] INFO:colcon.colcon_core.shell:Creating prefix script '/home/conner/codePractice/rosDummy/install/local_setup.bash'
[16.937s] INFO:colcon.colcon_core.shell:Creating prefix chain script '/home/conner/codePractice/rosDummy/install/setup.bash'
[16.940s] INFO:colcon.colcon_core.shell:Creating prefix script '/home/conner/codePractice/rosDummy/install/local_setup.zsh'
[16.942s] INFO:colcon.colcon_core.shell:Creating prefix chain script '/home/conner/codePractice/rosDummy/install/setup.zsh'
