[0.500s] DEBUG:colcon:Command line arguments: ['/usr/bin/colcon', 'build']
[0.500s] DEBUG:colcon:Parsed command line arguments: Namespace(allow_overriding=[], ament_cmake_args=None, base_paths=['.'], build_base='build', catkin_cmake_args=None, catkin_skip_building_tests=False, cmake_args=None, cmake_clean_cache=False, cmake_clean_first=False, cmake_force_configure=False, cmake_target=None, cmake_target_skip_unavailable=False, continue_on_error=False, event_handlers=None, executor='parallel', ignore_user_meta=False, install_base='install', log_base=None, log_level=None, main=<bound method BuildVerb.main of <colcon_core.verb.build.BuildVerb object at 0x7fdb46807400>>, merge_install=False, metas=['./colcon.meta'], packages_above=None, packages_above_and_dependencies=None, packages_above_depth=None, packages_end=None, packages_ignore=None, packages_ignore_regex=None, packages_select=None, packages_select_build_failed=False, packages_select_by_dep=None, packages_select_regex=None, packages_select_test_failures=False, packages_skip=None, packages_skip_build_finished=False, packages_skip_by_dep=None, packages_skip_regex=None, packages_skip_test_passed=False, packages_skip_up_to=None, packages_start=None, packages_up_to=None, packages_up_to_regex=None, parallel_workers=8, paths=None, symlink_install=False, test_result_base=None, verb_extension=<colcon_core.verb.build.BuildVerb object at 0x7fdb46807400>, verb_name='build', verb_parser=<colcon_defaults.argument_parser.defaults.DefaultArgumentsDecorator object at 0x7fdb46807940>)
[0.532s] Level 1:colcon.colcon_core.package_discovery:discover_packages(colcon_meta) check parameters
[0.532s] Level 1:colcon.colcon_core.package_discovery:discover_packages(recursive) check parameters
[0.533s] Level 1:colcon.colcon_core.package_discovery:discover_packages(ignore) check parameters
[0.533s] Level 1:colcon.colcon_core.package_discovery:discover_packages(path) check parameters
[0.533s] Level 1:colcon.colcon_core.package_discovery:discover_packages(colcon_meta) discover
[0.533s] Level 1:colcon.colcon_core.package_discovery:discover_packages(recursive) discover
[0.533s] INFO:colcon.colcon_core.package_discovery:Crawling recursively for packages in '/home/conner/codePractice/rosDummy'
[0.533s] Level 1:colcon.colcon_core.package_identification:_identify(.) by extensions ['ignore', 'ignore_ament_install']
[0.533s] Level 1:colcon.colcon_core.package_identification:_identify(.) by extension 'ignore'
[0.534s] Level 1:colcon.colcon_core.package_identification:_identify(.) by extension 'ignore_ament_install'
[0.534s] Level 1:colcon.colcon_core.package_identification:_identify(.) by extensions ['colcon_pkg']
[0.534s] Level 1:colcon.colcon_core.package_identification:_identify(.) by extension 'colcon_pkg'
[0.534s] Level 1:colcon.colcon_core.package_identification:_identify(.) by extensions ['colcon_meta']
[0.534s] Level 1:colcon.colcon_core.package_identification:_identify(.) by extension 'colcon_meta'
[0.534s] Level 1:colcon.colcon_core.package_identification:_identify(.) by extensions ['ros']
[0.534s] Level 1:colcon.colcon_core.package_identification:_identify(.) by extension 'ros'
[0.565s] Level 1:colcon.colcon_core.package_identification:_identify(.) by extensions ['cmake', 'python']
[0.565s] Level 1:colcon.colcon_core.package_identification:_identify(.) by extension 'cmake'
[0.565s] Level 1:colcon.colcon_core.package_identification:_identify(.) by extension 'python'
[0.565s] Level 1:colcon.colcon_core.package_identification:_identify(.) by extensions ['python_setup_py']
[0.565s] Level 1:colcon.colcon_core.package_identification:_identify(.) by extension 'python_setup_py'
[0.565s] Level 1:colcon.colcon_core.package_identification:_identify(build) by extensions ['ignore', 'ignore_ament_install']
[0.566s] Level 1:colcon.colcon_core.package_identification:_identify(build) by extension 'ignore'
[0.566s] Level 1:colcon.colcon_core.package_identification:_identify(build) ignored
[0.566s] Level 1:colcon.colcon_core.package_identification:_identify(install) by extensions ['ignore', 'ignore_ament_install']
[0.566s] Level 1:colcon.colcon_core.package_identification:_identify(install) by extension 'ignore'
[0.566s] Level 1:colcon.colcon_core.package_identification:_identify(install) ignored
[0.567s] Level 1:colcon.colcon_core.package_identification:_identify(log) by extensions ['ignore', 'ignore_ament_install']
[0.567s] Level 1:colcon.colcon_core.package_identification:_identify(log) by extension 'ignore'
[0.567s] Level 1:colcon.colcon_core.package_identification:_identify(log) ignored
[0.567s] Level 1:colcon.colcon_core.package_identification:_identify(src) by extensions ['ignore', 'ignore_ament_install']
[0.567s] Level 1:colcon.colcon_core.package_identification:_identify(src) by extension 'ignore'
[0.568s] Level 1:colcon.colcon_core.package_identification:_identify(src) by extension 'ignore_ament_install'
[0.568s] Level 1:colcon.colcon_core.package_identification:_identify(src) by extensions ['colcon_pkg']
[0.568s] Level 1:colcon.colcon_core.package_identification:_identify(src) by extension 'colcon_pkg'
[0.568s] Level 1:colcon.colcon_core.package_identification:_identify(src) by extensions ['colcon_meta']
[0.568s] Level 1:colcon.colcon_core.package_identification:_identify(src) by extension 'colcon_meta'
[0.568s] Level 1:colcon.colcon_core.package_identification:_identify(src) by extensions ['ros']
[0.568s] Level 1:colcon.colcon_core.package_identification:_identify(src) by extension 'ros'
[0.568s] Level 1:colcon.colcon_core.package_identification:_identify(src) by extensions ['cmake', 'python']
[0.568s] Level 1:colcon.colcon_core.package_identification:_identify(src) by extension 'cmake'
[0.568s] Level 1:colcon.colcon_core.package_identification:_identify(src) by extension 'python'
[0.569s] Level 1:colcon.colcon_core.package_identification:_identify(src) by extensions ['python_setup_py']
[0.569s] Level 1:colcon.colcon_core.package_identification:_identify(src) by extension 'python_setup_py'
[0.569s] Level 1:colcon.colcon_core.package_identification:_identify(src/brain_node) by extensions ['ignore', 'ignore_ament_install']
[0.569s] Level 1:colcon.colcon_core.package_identification:_identify(src/brain_node) by extension 'ignore'
[0.569s] Level 1:colcon.colcon_core.package_identification:_identify(src/brain_node) by extension 'ignore_ament_install'
[0.569s] Level 1:colcon.colcon_core.package_identification:_identify(src/brain_node) by extensions ['colcon_pkg']
[0.569s] Level 1:colcon.colcon_core.package_identification:_identify(src/brain_node) by extension 'colcon_pkg'
[0.569s] Level 1:colcon.colcon_core.package_identification:_identify(src/brain_node) by extensions ['colcon_meta']
[0.570s] Level 1:colcon.colcon_core.package_identification:_identify(src/brain_node) by extension 'colcon_meta'
[0.570s] Level 1:colcon.colcon_core.package_identification:_identify(src/brain_node) by extensions ['ros']
[0.570s] Level 1:colcon.colcon_core.package_identification:_identify(src/brain_node) by extension 'ros'
[0.574s] DEBUG:colcon.colcon_core.package_identification:Package 'src/brain_node' with type 'ros.ament_cmake' and name 'brain_node'
[0.574s] Level 1:colcon.colcon_core.package_identification:_identify(src/control_node) by extensions ['ignore', 'ignore_ament_install']
[0.574s] Level 1:colcon.colcon_core.package_identification:_identify(src/control_node) by extension 'ignore'
[0.575s] Level 1:colcon.colcon_core.package_identification:_identify(src/control_node) by extension 'ignore_ament_install'
[0.575s] Level 1:colcon.colcon_core.package_identification:_identify(src/control_node) by extensions ['colcon_pkg']
[0.575s] Level 1:colcon.colcon_core.package_identification:_identify(src/control_node) by extension 'colcon_pkg'
[0.575s] Level 1:colcon.colcon_core.package_identification:_identify(src/control_node) by extensions ['colcon_meta']
[0.575s] Level 1:colcon.colcon_core.package_identification:_identify(src/control_node) by extension 'colcon_meta'
[0.575s] Level 1:colcon.colcon_core.package_identification:_identify(src/control_node) by extensions ['ros']
[0.575s] Level 1:colcon.colcon_core.package_identification:_identify(src/control_node) by extension 'ros'
[0.577s] DEBUG:colcon.colcon_core.package_identification:Package 'src/control_node' with type 'ros.ament_cmake' and name 'control_node'
[0.577s] Level 1:colcon.colcon_core.package_identification:_identify(src/mediator_node) by extensions ['ignore', 'ignore_ament_install']
[0.577s] Level 1:colcon.colcon_core.package_identification:_identify(src/mediator_node) by extension 'ignore'
[0.577s] Level 1:colcon.colcon_core.package_identification:_identify(src/mediator_node) by extension 'ignore_ament_install'
[0.578s] Level 1:colcon.colcon_core.package_identification:_identify(src/mediator_node) by extensions ['colcon_pkg']
[0.578s] Level 1:colcon.colcon_core.package_identification:_identify(src/mediator_node) by extension 'colcon_pkg'
[0.578s] Level 1:colcon.colcon_core.package_identification:_identify(src/mediator_node) by extensions ['colcon_meta']
[0.578s] Level 1:colcon.colcon_core.package_identification:_identify(src/mediator_node) by extension 'colcon_meta'
[0.578s] Level 1:colcon.colcon_core.package_identification:_identify(src/mediator_node) by extensions ['ros']
[0.578s] Level 1:colcon.colcon_core.package_identification:_identify(src/mediator_node) by extension 'ros'
[0.580s] DEBUG:colcon.colcon_core.package_identification:Package 'src/mediator_node' with type 'ros.ament_cmake' and name 'mediator_node'
[0.580s] Level 1:colcon.colcon_core.package_identification:_identify(src/robot_types) by extensions ['ignore', 'ignore_ament_install']
[0.580s] Level 1:colcon.colcon_core.package_identification:_identify(src/robot_types) by extension 'ignore'
[0.580s] Level 1:colcon.colcon_core.package_identification:_identify(src/robot_types) by extension 'ignore_ament_install'
[0.580s] Level 1:colcon.colcon_core.package_identification:_identify(src/robot_types) by extensions ['colcon_pkg']
[0.580s] Level 1:colcon.colcon_core.package_identification:_identify(src/robot_types) by extension 'colcon_pkg'
[0.580s] Level 1:colcon.colcon_core.package_identification:_identify(src/robot_types) by extensions ['colcon_meta']
[0.580s] Level 1:colcon.colcon_core.package_identification:_identify(src/robot_types) by extension 'colcon_meta'
[0.580s] Level 1:colcon.colcon_core.package_identification:_identify(src/robot_types) by extensions ['ros']
[0.580s] Level 1:colcon.colcon_core.package_identification:_identify(src/robot_types) by extension 'ros'
[0.581s] DEBUG:colcon.colcon_core.package_identification:Package 'src/robot_types' with type 'ros.ament_cmake' and name 'robot_types'
[0.582s] Level 1:colcon.colcon_core.package_discovery:discover_packages(recursive) using defaults
[0.582s] Level 1:colcon.colcon_core.package_discovery:discover_packages(ignore) discover
[0.582s] Level 1:colcon.colcon_core.package_discovery:discover_packages(ignore) using defaults
[0.582s] Level 1:colcon.colcon_core.package_discovery:discover_packages(path) discover
[0.582s] Level 1:colcon.colcon_core.package_discovery:discover_packages(path) using defaults
[0.612s] Level 1:colcon.colcon_core.package_discovery:discover_packages(prefix_path) check parameters
[0.612s] Level 1:colcon.colcon_core.package_discovery:discover_packages(prefix_path) discover
[0.616s] DEBUG:colcon.colcon_installed_package_information.package_discovery:Found 4 installed packages in /home/conner/codePractice/rosDummy/install
[0.618s] DEBUG:colcon.colcon_installed_package_information.package_discovery:Found 256 installed packages in /opt/ros/foxy
[0.621s] Level 1:colcon.colcon_core.package_discovery:discover_packages(prefix_path) using defaults
[0.707s] Level 5:colcon.colcon_core.verb:set package 'brain_node' build argument 'cmake_args' from command line to 'None'
[0.707s] Level 5:colcon.colcon_core.verb:set package 'brain_node' build argument 'cmake_target' from command line to 'None'
[0.707s] Level 5:colcon.colcon_core.verb:set package 'brain_node' build argument 'cmake_target_skip_unavailable' from command line to 'False'
[0.707s] Level 5:colcon.colcon_core.verb:set package 'brain_node' build argument 'cmake_clean_cache' from command line to 'False'
[0.707s] Level 5:colcon.colcon_core.verb:set package 'brain_node' build argument 'cmake_clean_first' from command line to 'False'
[0.707s] Level 5:colcon.colcon_core.verb:set package 'brain_node' build argument 'cmake_force_configure' from command line to 'False'
[0.707s] Level 5:colcon.colcon_core.verb:set package 'brain_node' build argument 'ament_cmake_args' from command line to 'None'
[0.707s] Level 5:colcon.colcon_core.verb:set package 'brain_node' build argument 'catkin_cmake_args' from command line to 'None'
[0.707s] Level 5:colcon.colcon_core.verb:set package 'brain_node' build argument 'catkin_skip_building_tests' from command line to 'False'
[0.707s] DEBUG:colcon.colcon_core.verb:Building package 'brain_node' with the following arguments: {'ament_cmake_args': None, 'build_base': '/home/conner/codePractice/rosDummy/build/brain_node', 'catkin_cmake_args': None, 'catkin_skip_building_tests': False, 'cmake_args': None, 'cmake_clean_cache': False, 'cmake_clean_first': False, 'cmake_force_configure': False, 'cmake_target': None, 'cmake_target_skip_unavailable': False, 'install_base': '/home/conner/codePractice/rosDummy/install/brain_node', 'merge_install': False, 'path': '/home/conner/codePractice/rosDummy/src/brain_node', 'symlink_install': False, 'test_result_base': None}
[0.709s] Level 5:colcon.colcon_core.verb:set package 'robot_types' build argument 'cmake_args' from command line to 'None'
[0.709s] Level 5:colcon.colcon_core.verb:set package 'robot_types' build argument 'cmake_target' from command line to 'None'
[0.709s] Level 5:colcon.colcon_core.verb:set package 'robot_types' build argument 'cmake_target_skip_unavailable' from command line to 'False'
[0.709s] Level 5:colcon.colcon_core.verb:set package 'robot_types' build argument 'cmake_clean_cache' from command line to 'False'
[0.709s] Level 5:colcon.colcon_core.verb:set package 'robot_types' build argument 'cmake_clean_first' from command line to 'False'
[0.709s] Level 5:colcon.colcon_core.verb:set package 'robot_types' build argument 'cmake_force_configure' from command line to 'False'
[0.709s] Level 5:colcon.colcon_core.verb:set package 'robot_types' build argument 'ament_cmake_args' from command line to 'None'
[0.709s] Level 5:colcon.colcon_core.verb:set package 'robot_types' build argument 'catkin_cmake_args' from command line to 'None'
[0.709s] Level 5:colcon.colcon_core.verb:set package 'robot_types' build argument 'catkin_skip_building_tests' from command line to 'False'
[0.709s] DEBUG:colcon.colcon_core.verb:Building package 'robot_types' with the following arguments: {'ament_cmake_args': None, 'build_base': '/home/conner/codePractice/rosDummy/build/robot_types', 'catkin_cmake_args': None, 'catkin_skip_building_tests': False, 'cmake_args': None, 'cmake_clean_cache': False, 'cmake_clean_first': False, 'cmake_force_configure': False, 'cmake_target': None, 'cmake_target_skip_unavailable': False, 'install_base': '/home/conner/codePractice/rosDummy/install/robot_types', 'merge_install': False, 'path': '/home/conner/codePractice/rosDummy/src/robot_types', 'symlink_install': False, 'test_result_base': None}
[0.711s] Level 5:colcon.colcon_core.verb:set package 'control_node' build argument 'cmake_args' from command line to 'None'
[0.711s] Level 5:colcon.colcon_core.verb:set package 'control_node' build argument 'cmake_target' from command line to 'None'
[0.711s] Level 5:colcon.colcon_core.verb:set package 'control_node' build argument 'cmake_target_skip_unavailable' from command line to 'False'
[0.711s] Level 5:colcon.colcon_core.verb:set package 'control_node' build argument 'cmake_clean_cache' from command line to 'False'
[0.711s] Level 5:colcon.colcon_core.verb:set package 'control_node' build argument 'cmake_clean_first' from command line to 'False'
[0.711s] Level 5:colcon.colcon_core.verb:set package 'control_node' build argument 'cmake_force_configure' from command line to 'False'
[0.711s] Level 5:colcon.colcon_core.verb:set package 'control_node' build argument 'ament_cmake_args' from command line to 'None'
[0.711s] Level 5:colcon.colcon_core.verb:set package 'control_node' build argument 'catkin_cmake_args' from command line to 'None'
[0.711s] Level 5:colcon.colcon_core.verb:set package 'control_node' build argument 'catkin_skip_building_tests' from command line to 'False'
[0.711s] DEBUG:colcon.colcon_core.verb:Building package 'control_node' with the following arguments: {'ament_cmake_args': None, 'build_base': '/home/conner/codePractice/rosDummy/build/control_node', 'catkin_cmake_args': None, 'catkin_skip_building_tests': False, 'cmake_args': None, 'cmake_clean_cache': False, 'cmake_clean_first': False, 'cmake_force_configure': False, 'cmake_target': None, 'cmake_target_skip_unavailable': False, 'install_base': '/home/conner/codePractice/rosDummy/install/control_node', 'merge_install': False, 'path': '/home/conner/codePractice/rosDummy/src/control_node', 'symlink_install': False, 'test_result_base': None}
[0.712s] Level 5:colcon.colcon_core.verb:set package 'mediator_node' build argument 'cmake_args' from command line to 'None'
[0.712s] Level 5:colcon.colcon_core.verb:set package 'mediator_node' build argument 'cmake_target' from command line to 'None'
[0.712s] Level 5:colcon.colcon_core.verb:set package 'mediator_node' build argument 'cmake_target_skip_unavailable' from command line to 'False'
[0.712s] Level 5:colcon.colcon_core.verb:set package 'mediator_node' build argument 'cmake_clean_cache' from command line to 'False'
[0.712s] Level 5:colcon.colcon_core.verb:set package 'mediator_node' build argument 'cmake_clean_first' from command line to 'False'
[0.712s] Level 5:colcon.colcon_core.verb:set package 'mediator_node' build argument 'cmake_force_configure' from command line to 'False'
[0.713s] Level 5:colcon.colcon_core.verb:set package 'mediator_node' build argument 'ament_cmake_args' from command line to 'None'
[0.713s] Level 5:colcon.colcon_core.verb:set package 'mediator_node' build argument 'catkin_cmake_args' from command line to 'None'
[0.713s] Level 5:colcon.colcon_core.verb:set package 'mediator_node' build argument 'catkin_skip_building_tests' from command line to 'False'
[0.713s] DEBUG:colcon.colcon_core.verb:Building package 'mediator_node' with the following arguments: {'ament_cmake_args': None, 'build_base': '/home/conner/codePractice/rosDummy/build/mediator_node', 'catkin_cmake_args': None, 'catkin_skip_building_tests': False, 'cmake_args': None, 'cmake_clean_cache': False, 'cmake_clean_first': False, 'cmake_force_configure': False, 'cmake_target': None, 'cmake_target_skip_unavailable': False, 'install_base': '/home/conner/codePractice/rosDummy/install/mediator_node', 'merge_install': False, 'path': '/home/conner/codePractice/rosDummy/src/mediator_node', 'symlink_install': False, 'test_result_base': None}
[0.714s] INFO:colcon.colcon_core.executor:Executing jobs using 'parallel' executor
[0.718s] DEBUG:colcon.colcon_parallel_executor.executor.parallel:run_until_complete
[0.719s] INFO:colcon.colcon_ros.task.ament_cmake.build:Building ROS package in '/home/conner/codePractice/rosDummy/src/robot_types' with build type 'ament_cmake'
[0.720s] INFO:colcon.colcon_cmake.task.cmake.build:Building CMake package in '/home/conner/codePractice/rosDummy/src/robot_types'
[0.725s] INFO:colcon.colcon_core.plugin_system:Skipping extension 'colcon_core.shell.bat': Not used on non-Windows systems
[0.726s] INFO:colcon.colcon_core.shell:Skip shell extension 'powershell' for command environment: Not usable outside of PowerShell
[0.726s] DEBUG:colcon.colcon_core.shell:Skip shell extension 'dsv' for command environment
[0.737s] INFO:colcon.colcon_ros.task.ament_cmake.build:Building ROS package in '/home/conner/codePractice/rosDummy/src/brain_node' with build type 'ament_cmake'
[0.738s] INFO:colcon.colcon_cmake.task.cmake.build:Building CMake package in '/home/conner/codePractice/rosDummy/src/brain_node'
[0.741s] INFO:colcon.colcon_core.shell:Skip shell extension 'powershell' for command environment: Not usable outside of PowerShell
[0.741s] DEBUG:colcon.colcon_core.shell:Skip shell extension 'dsv' for command environment
[0.782s] DEBUG:colcon.colcon_core.event_handler.log_command:Invoking command in '/home/conner/codePractice/rosDummy/build/robot_types': CMAKE_PREFIX_PATH=${CMAKE_PREFIX_PATH}:/opt/ros/foxy /usr/bin/cmake --build /home/conner/codePractice/rosDummy/build/robot_types -- -j8 -l8
[0.798s] DEBUG:colcon.colcon_core.event_handler.log_command:Invoking command in '/home/conner/codePractice/rosDummy/build/brain_node': CMAKE_PREFIX_PATH=${CMAKE_PREFIX_PATH}:/opt/ros/foxy /usr/bin/cmake --build /home/conner/codePractice/rosDummy/build/brain_node -- -j8 -l8
[0.883s] DEBUG:colcon.colcon_core.event_handler.log_command:Invoked command in '/home/conner/codePractice/rosDummy/build/brain_node' returned '0': CMAKE_PREFIX_PATH=${CMAKE_PREFIX_PATH}:/opt/ros/foxy /usr/bin/cmake --build /home/conner/codePractice/rosDummy/build/brain_node -- -j8 -l8
[0.953s] DEBUG:colcon.colcon_core.event_handler.log_command:Invoking command in '/home/conner/codePractice/rosDummy/build/brain_node': CMAKE_PREFIX_PATH=${CMAKE_PREFIX_PATH}:/opt/ros/foxy /usr/bin/cmake --install /home/conner/codePractice/rosDummy/build/brain_node
[0.985s] Level 1:colcon.colcon_core.environment:create_environment_scripts_only(brain_node)
[0.991s] DEBUG:colcon.colcon_core.event_handler.log_command:Invoked command in '/home/conner/codePractice/rosDummy/build/brain_node' returned '0': CMAKE_PREFIX_PATH=${CMAKE_PREFIX_PATH}:/opt/ros/foxy /usr/bin/cmake --install /home/conner/codePractice/rosDummy/build/brain_node
[1.000s] Level 1:colcon.colcon_core.environment:checking '/home/conner/codePractice/rosDummy/install/brain_node' for CMake module files
[1.002s] Level 1:colcon.colcon_core.environment:checking '/home/conner/codePractice/rosDummy/install/brain_node' for CMake config files
[1.003s] Level 1:colcon.colcon_core.shell:create_environment_hook('brain_node', 'cmake_prefix_path')
[1.007s] INFO:colcon.colcon_core.shell:Creating environment hook '/home/conner/codePractice/rosDummy/install/brain_node/share/brain_node/hook/cmake_prefix_path.ps1'
[1.012s] INFO:colcon.colcon_core.shell:Creating environment descriptor '/home/conner/codePractice/rosDummy/install/brain_node/share/brain_node/hook/cmake_prefix_path.dsv'
[1.013s] INFO:colcon.colcon_core.shell:Creating environment hook '/home/conner/codePractice/rosDummy/install/brain_node/share/brain_node/hook/cmake_prefix_path.sh'
[1.015s] Level 1:colcon.colcon_core.environment:checking '/home/conner/codePractice/rosDummy/install/brain_node/bin'
[1.015s] Level 1:colcon.colcon_core.environment:checking '/home/conner/codePractice/rosDummy/install/brain_node/lib/pkgconfig/brain_node.pc'
[1.016s] Level 1:colcon.colcon_core.environment:checking '/home/conner/codePractice/rosDummy/install/brain_node/lib/python3.8/site-packages'
[1.016s] Level 1:colcon.colcon_core.environment:checking '/home/conner/codePractice/rosDummy/install/brain_node/bin'
[1.019s] INFO:colcon.colcon_core.shell:Creating package script '/home/conner/codePractice/rosDummy/install/brain_node/share/brain_node/package.ps1'
[1.022s] INFO:colcon.colcon_core.shell:Creating package descriptor '/home/conner/codePractice/rosDummy/install/brain_node/share/brain_node/package.dsv'
[1.024s] INFO:colcon.colcon_core.shell:Creating package script '/home/conner/codePractice/rosDummy/install/brain_node/share/brain_node/package.sh'
[1.026s] INFO:colcon.colcon_core.shell:Creating package script '/home/conner/codePractice/rosDummy/install/brain_node/share/brain_node/package.bash'
[1.028s] INFO:colcon.colcon_core.shell:Creating package script '/home/conner/codePractice/rosDummy/install/brain_node/share/brain_node/package.zsh'
[1.030s] Level 1:colcon.colcon_core.environment:create_file_with_runtime_dependencies(/home/conner/codePractice/rosDummy/install/brain_node/share/colcon-core/packages/brain_node)
[1.077s] Level 1:colcon.colcon_core.environment:create_environment_scripts_only(brain_node)
[1.081s] Level 1:colcon.colcon_core.environment:checking '/home/conner/codePractice/rosDummy/install/brain_node' for CMake module files
[1.082s] Level 1:colcon.colcon_core.environment:checking '/home/conner/codePractice/rosDummy/install/brain_node' for CMake config files
[1.083s] Level 1:colcon.colcon_core.shell:create_environment_hook('brain_node', 'cmake_prefix_path')
[1.086s] INFO:colcon.colcon_core.shell:Creating environment hook '/home/conner/codePractice/rosDummy/install/brain_node/share/brain_node/hook/cmake_prefix_path.ps1'
[1.087s] INFO:colcon.colcon_core.shell:Creating environment descriptor '/home/conner/codePractice/rosDummy/install/brain_node/share/brain_node/hook/cmake_prefix_path.dsv'
[1.087s] INFO:colcon.colcon_core.shell:Creating environment hook '/home/conner/codePractice/rosDummy/install/brain_node/share/brain_node/hook/cmake_prefix_path.sh'
[1.088s] Level 1:colcon.colcon_core.environment:checking '/home/conner/codePractice/rosDummy/install/brain_node/bin'
[1.088s] Level 1:colcon.colcon_core.environment:checking '/home/conner/codePractice/rosDummy/install/brain_node/lib/pkgconfig/brain_node.pc'
[1.089s] Level 1:colcon.colcon_core.environment:checking '/home/conner/codePractice/rosDummy/install/brain_node/lib/python3.8/site-packages'
[1.089s] Level 1:colcon.colcon_core.environment:checking '/home/conner/codePractice/rosDummy/install/brain_node/bin'
[1.092s] INFO:colcon.colcon_core.shell:Creating package script '/home/conner/codePractice/rosDummy/install/brain_node/share/brain_node/package.ps1'
[1.096s] INFO:colcon.colcon_core.shell:Creating package descriptor '/home/conner/codePractice/rosDummy/install/brain_node/share/brain_node/package.dsv'
[1.100s] INFO:colcon.colcon_core.shell:Creating package script '/home/conner/codePractice/rosDummy/install/brain_node/share/brain_node/package.sh'
[1.102s] INFO:colcon.colcon_core.shell:Creating package script '/home/conner/codePractice/rosDummy/install/brain_node/share/brain_node/package.bash'
[1.103s] INFO:colcon.colcon_core.shell:Creating package script '/home/conner/codePractice/rosDummy/install/brain_node/share/brain_node/package.zsh'
[1.104s] Level 1:colcon.colcon_core.environment:create_file_with_runtime_dependencies(/home/conner/codePractice/rosDummy/install/brain_node/share/colcon-core/packages/brain_node)
[1.309s] DEBUG:colcon.colcon_core.event_handler.log_command:Invoked command in '/home/conner/codePractice/rosDummy/build/robot_types' returned '0': CMAKE_PREFIX_PATH=${CMAKE_PREFIX_PATH}:/opt/ros/foxy /usr/bin/cmake --build /home/conner/codePractice/rosDummy/build/robot_types -- -j8 -l8
[1.484s] DEBUG:colcon.colcon_core.event_handler.log_command:Invoking command in '/home/conner/codePractice/rosDummy/build/robot_types': CMAKE_PREFIX_PATH=${CMAKE_PREFIX_PATH}:/opt/ros/foxy /usr/bin/cmake --install /home/conner/codePractice/rosDummy/build/robot_types
[1.613s] Level 1:colcon.colcon_core.environment:create_environment_scripts_only(robot_types)
[1.616s] Level 1:colcon.colcon_core.environment:checking '/home/conner/codePractice/rosDummy/install/robot_types' for CMake module files
[1.617s] DEBUG:colcon.colcon_core.event_handler.log_command:Invoked command in '/home/conner/codePractice/rosDummy/build/robot_types' returned '0': CMAKE_PREFIX_PATH=${CMAKE_PREFIX_PATH}:/opt/ros/foxy /usr/bin/cmake --install /home/conner/codePractice/rosDummy/build/robot_types
[1.618s] Level 1:colcon.colcon_core.environment:checking '/home/conner/codePractice/rosDummy/install/robot_types' for CMake config files
[1.618s] Level 1:colcon.colcon_core.shell:create_environment_hook('robot_types', 'cmake_prefix_path')
[1.620s] INFO:colcon.colcon_core.shell:Creating environment hook '/home/conner/codePractice/rosDummy/install/robot_types/share/robot_types/hook/cmake_prefix_path.ps1'
[1.621s] INFO:colcon.colcon_core.shell:Creating environment descriptor '/home/conner/codePractice/rosDummy/install/robot_types/share/robot_types/hook/cmake_prefix_path.dsv'
[1.622s] INFO:colcon.colcon_core.shell:Creating environment hook '/home/conner/codePractice/rosDummy/install/robot_types/share/robot_types/hook/cmake_prefix_path.sh'
[1.622s] Level 1:colcon.colcon_core.environment:checking '/home/conner/codePractice/rosDummy/install/robot_types/lib'
[1.623s] Level 1:colcon.colcon_core.shell:create_environment_hook('robot_types', 'ld_library_path_lib')
[1.625s] INFO:colcon.colcon_core.shell:Creating environment hook '/home/conner/codePractice/rosDummy/install/robot_types/share/robot_types/hook/ld_library_path_lib.ps1'
[1.627s] INFO:colcon.colcon_core.shell:Creating environment descriptor '/home/conner/codePractice/rosDummy/install/robot_types/share/robot_types/hook/ld_library_path_lib.dsv'
[1.628s] INFO:colcon.colcon_core.shell:Creating environment hook '/home/conner/codePractice/rosDummy/install/robot_types/share/robot_types/hook/ld_library_path_lib.sh'
[1.629s] Level 1:colcon.colcon_core.environment:checking '/home/conner/codePractice/rosDummy/install/robot_types/bin'
[1.629s] Level 1:colcon.colcon_core.environment:checking '/home/conner/codePractice/rosDummy/install/robot_types/lib/pkgconfig/robot_types.pc'
[1.629s] Level 1:colcon.colcon_core.environment:checking '/home/conner/codePractice/rosDummy/install/robot_types/lib/python3.8/site-packages'
[1.630s] Level 1:colcon.colcon_core.shell:create_environment_hook('robot_types', 'pythonpath')
[1.632s] INFO:colcon.colcon_core.shell:Creating environment hook '/home/conner/codePractice/rosDummy/install/robot_types/share/robot_types/hook/pythonpath.ps1'
[1.633s] INFO:colcon.colcon_core.shell:Creating environment descriptor '/home/conner/codePractice/rosDummy/install/robot_types/share/robot_types/hook/pythonpath.dsv'
[1.633s] INFO:colcon.colcon_core.shell:Creating environment hook '/home/conner/codePractice/rosDummy/install/robot_types/share/robot_types/hook/pythonpath.sh'
[1.635s] Level 1:colcon.colcon_core.environment:checking '/home/conner/codePractice/rosDummy/install/robot_types/bin'
[1.636s] INFO:colcon.colcon_core.shell:Creating package script '/home/conner/codePractice/rosDummy/install/robot_types/share/robot_types/package.ps1'
[1.637s] INFO:colcon.colcon_core.shell:Creating package descriptor '/home/conner/codePractice/rosDummy/install/robot_types/share/robot_types/package.dsv'
[1.638s] INFO:colcon.colcon_core.shell:Creating package script '/home/conner/codePractice/rosDummy/install/robot_types/share/robot_types/package.sh'
[1.639s] INFO:colcon.colcon_core.shell:Creating package script '/home/conner/codePractice/rosDummy/install/robot_types/share/robot_types/package.bash'
[1.640s] INFO:colcon.colcon_core.shell:Creating package script '/home/conner/codePractice/rosDummy/install/robot_types/share/robot_types/package.zsh'
[1.640s] Level 1:colcon.colcon_core.environment:create_file_with_runtime_dependencies(/home/conner/codePractice/rosDummy/install/robot_types/share/colcon-core/packages/robot_types)
[1.759s] Level 1:colcon.colcon_core.environment:create_environment_scripts_only(robot_types)
[1.765s] Level 1:colcon.colcon_core.environment:checking '/home/conner/codePractice/rosDummy/install/robot_types' for CMake module files
[1.766s] Level 1:colcon.colcon_core.environment:checking '/home/conner/codePractice/rosDummy/install/robot_types' for CMake config files
[1.767s] Level 1:colcon.colcon_core.shell:create_environment_hook('robot_types', 'cmake_prefix_path')
[1.777s] INFO:colcon.colcon_core.shell:Creating environment hook '/home/conner/codePractice/rosDummy/install/robot_types/share/robot_types/hook/cmake_prefix_path.ps1'
[1.780s] INFO:colcon.colcon_core.shell:Creating environment descriptor '/home/conner/codePractice/rosDummy/install/robot_types/share/robot_types/hook/cmake_prefix_path.dsv'
[1.782s] INFO:colcon.colcon_core.shell:Creating environment hook '/home/conner/codePractice/rosDummy/install/robot_types/share/robot_types/hook/cmake_prefix_path.sh'
[1.784s] Level 1:colcon.colcon_core.environment:checking '/home/conner/codePractice/rosDummy/install/robot_types/lib'
[1.784s] Level 1:colcon.colcon_core.shell:create_environment_hook('robot_types', 'ld_library_path_lib')
[1.789s] INFO:colcon.colcon_core.shell:Creating environment hook '/home/conner/codePractice/rosDummy/install/robot_types/share/robot_types/hook/ld_library_path_lib.ps1'
[1.790s] INFO:colcon.colcon_core.shell:Creating environment descriptor '/home/conner/codePractice/rosDummy/install/robot_types/share/robot_types/hook/ld_library_path_lib.dsv'
[1.791s] INFO:colcon.colcon_core.shell:Creating environment hook '/home/conner/codePractice/rosDummy/install/robot_types/share/robot_types/hook/ld_library_path_lib.sh'
[1.796s] Level 1:colcon.colcon_core.environment:checking '/home/conner/codePractice/rosDummy/install/robot_types/bin'
[1.796s] Level 1:colcon.colcon_core.environment:checking '/home/conner/codePractice/rosDummy/install/robot_types/lib/pkgconfig/robot_types.pc'
[1.797s] Level 1:colcon.colcon_core.environment:checking '/home/conner/codePractice/rosDummy/install/robot_types/lib/python3.8/site-packages'
[1.797s] Level 1:colcon.colcon_core.shell:create_environment_hook('robot_types', 'pythonpath')
[1.801s] INFO:colcon.colcon_core.shell:Creating environment hook '/home/conner/codePractice/rosDummy/install/robot_types/share/robot_types/hook/pythonpath.ps1'
[1.803s] INFO:colcon.colcon_core.shell:Creating environment descriptor '/home/conner/codePractice/rosDummy/install/robot_types/share/robot_types/hook/pythonpath.dsv'
[1.804s] INFO:colcon.colcon_core.shell:Creating environment hook '/home/conner/codePractice/rosDummy/install/robot_types/share/robot_types/hook/pythonpath.sh'
[1.805s] Level 1:colcon.colcon_core.environment:checking '/home/conner/codePractice/rosDummy/install/robot_types/bin'
[1.810s] INFO:colcon.colcon_core.shell:Creating package script '/home/conner/codePractice/rosDummy/install/robot_types/share/robot_types/package.ps1'
[1.811s] INFO:colcon.colcon_core.shell:Creating package descriptor '/home/conner/codePractice/rosDummy/install/robot_types/share/robot_types/package.dsv'
[1.813s] INFO:colcon.colcon_core.shell:Creating package script '/home/conner/codePractice/rosDummy/install/robot_types/share/robot_types/package.sh'
[1.814s] INFO:colcon.colcon_core.shell:Creating package script '/home/conner/codePractice/rosDummy/install/robot_types/share/robot_types/package.bash'
[1.816s] INFO:colcon.colcon_core.shell:Creating package script '/home/conner/codePractice/rosDummy/install/robot_types/share/robot_types/package.zsh'
[1.818s] Level 1:colcon.colcon_core.environment:create_file_with_runtime_dependencies(/home/conner/codePractice/rosDummy/install/robot_types/share/colcon-core/packages/robot_types)
[1.820s] INFO:colcon.colcon_ros.task.ament_cmake.build:Building ROS package in '/home/conner/codePractice/rosDummy/src/control_node' with build type 'ament_cmake'
[1.821s] INFO:colcon.colcon_cmake.task.cmake.build:Building CMake package in '/home/conner/codePractice/rosDummy/src/control_node'
[1.828s] INFO:colcon.colcon_core.shell:Skip shell extension 'powershell' for command environment: Not usable outside of PowerShell
[1.828s] DEBUG:colcon.colcon_core.shell:Skip shell extension 'dsv' for command environment
[1.848s] INFO:colcon.colcon_ros.task.ament_cmake.build:Building ROS package in '/home/conner/codePractice/rosDummy/src/mediator_node' with build type 'ament_cmake'
[1.849s] INFO:colcon.colcon_cmake.task.cmake.build:Building CMake package in '/home/conner/codePractice/rosDummy/src/mediator_node'
[1.852s] INFO:colcon.colcon_core.shell:Skip shell extension 'powershell' for command environment: Not usable outside of PowerShell
[1.853s] DEBUG:colcon.colcon_core.shell:Skip shell extension 'dsv' for command environment
[2.342s] DEBUG:colcon.colcon_core.event_handler.log_command:Invoking command in '/home/conner/codePractice/rosDummy/build/control_node': CMAKE_PREFIX_PATH=/home/conner/codePractice/rosDummy/install/robot_types:/home/conner/codePractice/rosDummy/install/mediator_node:/home/conner/codePractice/rosDummy/install/control_node:/home/conner/codePractice/rosDummy/install/brain_node:/opt/ros/foxy LD_LIBRARY_PATH=/home/conner/codePractice/rosDummy/install/robot_types/lib:/home/conner/codePractice/rosDummy/install/mediator_node/lib:/home/conner/codePractice/rosDummy/install/control_node/lib:/opt/ros/foxy/opt/yaml_cpp_vendor/lib:/opt/ros/foxy/opt/rviz_ogre_vendor/lib:/opt/ros/foxy/lib/x86_64-linux-gnu:/opt/ros/foxy/lib /usr/bin/cmake --build /home/conner/codePractice/rosDummy/build/control_node -- -j8 -l8
[2.374s] DEBUG:colcon.colcon_core.event_handler.log_command:Invoking command in '/home/conner/codePractice/rosDummy/build/mediator_node': CMAKE_PREFIX_PATH=/home/conner/codePractice/rosDummy/install/robot_types:/home/conner/codePractice/rosDummy/install/mediator_node:/home/conner/codePractice/rosDummy/install/control_node:/home/conner/codePractice/rosDummy/install/brain_node:/opt/ros/foxy LD_LIBRARY_PATH=/home/conner/codePractice/rosDummy/install/robot_types/lib:/home/conner/codePractice/rosDummy/install/mediator_node/lib:/home/conner/codePractice/rosDummy/install/control_node/lib:/opt/ros/foxy/opt/yaml_cpp_vendor/lib:/opt/ros/foxy/opt/rviz_ogre_vendor/lib:/opt/ros/foxy/lib/x86_64-linux-gnu:/opt/ros/foxy/lib /usr/bin/cmake --build /home/conner/codePractice/rosDummy/build/mediator_node -- -j8 -l8
[17.296s] DEBUG:colcon.colcon_core.event_handler.log_command:Invoked command in '/home/conner/codePractice/rosDummy/build/control_node' returned '2': CMAKE_PREFIX_PATH=/home/conner/codePractice/rosDummy/install/robot_types:/home/conner/codePractice/rosDummy/install/mediator_node:/home/conner/codePractice/rosDummy/install/control_node:/home/conner/codePractice/rosDummy/install/brain_node:/opt/ros/foxy LD_LIBRARY_PATH=/home/conner/codePractice/rosDummy/install/robot_types/lib:/home/conner/codePractice/rosDummy/install/mediator_node/lib:/home/conner/codePractice/rosDummy/install/control_node/lib:/opt/ros/foxy/opt/yaml_cpp_vendor/lib:/opt/ros/foxy/opt/rviz_ogre_vendor/lib:/opt/ros/foxy/lib/x86_64-linux-gnu:/opt/ros/foxy/lib /usr/bin/cmake --build /home/conner/codePractice/rosDummy/build/control_node -- -j8 -l8
[17.343s] Level 1:colcon.colcon_core.environment:create_environment_scripts_only(control_node)
[17.348s] Level 1:colcon.colcon_core.environment:checking '/home/conner/codePractice/rosDummy/install/control_node' for CMake module files
[17.353s] Level 1:colcon.colcon_core.environment:checking '/home/conner/codePractice/rosDummy/install/control_node' for CMake config files
[17.357s] Level 1:colcon.colcon_core.shell:create_environment_hook('control_node', 'cmake_prefix_path')
[17.360s] INFO:colcon.colcon_core.shell:Creating environment hook '/home/conner/codePractice/rosDummy/install/control_node/share/control_node/hook/cmake_prefix_path.ps1'
[17.362s] INFO:colcon.colcon_core.shell:Creating environment descriptor '/home/conner/codePractice/rosDummy/install/control_node/share/control_node/hook/cmake_prefix_path.dsv'
[17.363s] INFO:colcon.colcon_core.shell:Creating environment hook '/home/conner/codePractice/rosDummy/install/control_node/share/control_node/hook/cmake_prefix_path.sh'
[17.364s] Level 1:colcon.colcon_core.environment:checking '/home/conner/codePractice/rosDummy/install/control_node/lib'
[17.365s] Level 1:colcon.colcon_core.shell:create_environment_hook('control_node', 'ld_library_path_lib')
[17.368s] INFO:colcon.colcon_core.shell:Creating environment hook '/home/conner/codePractice/rosDummy/install/control_node/share/control_node/hook/ld_library_path_lib.ps1'
[17.371s] INFO:colcon.colcon_core.shell:Creating environment descriptor '/home/conner/codePractice/rosDummy/install/control_node/share/control_node/hook/ld_library_path_lib.dsv'
[17.373s] INFO:colcon.colcon_core.shell:Creating environment hook '/home/conner/codePractice/rosDummy/install/control_node/share/control_node/hook/ld_library_path_lib.sh'
[17.374s] Level 1:colcon.colcon_core.environment:checking '/home/conner/codePractice/rosDummy/install/control_node/bin'
[17.375s] Level 1:colcon.colcon_core.environment:checking '/home/conner/codePractice/rosDummy/install/control_node/lib/pkgconfig/control_node.pc'
[17.375s] Level 1:colcon.colcon_core.environment:checking '/home/conner/codePractice/rosDummy/install/control_node/lib/python3.8/site-packages'
[17.376s] Level 1:colcon.colcon_core.environment:checking '/home/conner/codePractice/rosDummy/install/control_node/bin'
[17.379s] INFO:colcon.colcon_core.shell:Creating package script '/home/conner/codePractice/rosDummy/install/control_node/share/control_node/package.ps1'
[17.380s] INFO:colcon.colcon_core.shell:Creating package descriptor '/home/conner/codePractice/rosDummy/install/control_node/share/control_node/package.dsv'
[17.382s] INFO:colcon.colcon_core.shell:Creating package script '/home/conner/codePractice/rosDummy/install/control_node/share/control_node/package.sh'
[17.383s] INFO:colcon.colcon_core.shell:Creating package script '/home/conner/codePractice/rosDummy/install/control_node/share/control_node/package.bash'
[17.384s] INFO:colcon.colcon_core.shell:Creating package script '/home/conner/codePractice/rosDummy/install/control_node/share/control_node/package.zsh'
[17.386s] Level 1:colcon.colcon_core.environment:create_file_with_runtime_dependencies(/home/conner/codePractice/rosDummy/install/control_node/share/colcon-core/packages/control_node)
[19.355s] DEBUG:colcon.colcon_parallel_executor.executor.parallel:closing loop
[19.355s] DEBUG:colcon.colcon_parallel_executor.executor.parallel:loop closed
[19.356s] DEBUG:colcon.colcon_parallel_executor.executor.parallel:run_until_complete finished with '2'
[19.356s] DEBUG:colcon.colcon_core.event_reactor:joining thread
[19.565s] INFO:colcon.colcon_core.plugin_system:Skipping extension 'colcon_notification.desktop_notification.notify_send': Could not find 'notify-send'
[19.566s] INFO:colcon.colcon_core.plugin_system:Skipping extension 'colcon_notification.desktop_notification.terminal_notifier': Not used on non-Darwin systems
[19.566s] INFO:colcon.colcon_core.plugin_system:Skipping extension 'colcon_notification.desktop_notification.win32': Not used on non-Windows systems
[19.566s] INFO:colcon.colcon_notification.desktop_notification:Sending desktop notification using 'notify2'
[19.580s] DEBUG:colcon.colcon_notification.desktop_notification.notify2:Failed to initialize notify2: org.freedesktop.DBus.Error.ServiceUnknown: The name org.freedesktop.Notifications was not provided by any .service files
[19.581s] DEBUG:colcon.colcon_core.event_reactor:joined thread
[19.583s] INFO:colcon.colcon_core.shell:Creating prefix script '/home/conner/codePractice/rosDummy/install/local_setup.ps1'
[19.585s] INFO:colcon.colcon_core.shell:Creating prefix util module '/home/conner/codePractice/rosDummy/install/_local_setup_util_ps1.py'
[19.593s] INFO:colcon.colcon_core.shell:Creating prefix chain script '/home/conner/codePractice/rosDummy/install/setup.ps1'
[19.597s] INFO:colcon.colcon_core.shell:Creating prefix script '/home/conner/codePractice/rosDummy/install/local_setup.sh'
[19.598s] INFO:colcon.colcon_core.shell:Creating prefix util module '/home/conner/codePractice/rosDummy/install/_local_setup_util_sh.py'
[19.600s] INFO:colcon.colcon_core.shell:Creating prefix chain script '/home/conner/codePractice/rosDummy/install/setup.sh'
[19.603s] INFO:colcon.colcon_core.shell:Creating prefix script '/home/conner/codePractice/rosDummy/install/local_setup.bash'
[19.605s] INFO:colcon.colcon_core.shell:Creating prefix chain script '/home/conner/codePractice/rosDummy/install/setup.bash'
[19.607s] INFO:colcon.colcon_core.shell:Creating prefix script '/home/conner/codePractice/rosDummy/install/local_setup.zsh'
[19.609s] INFO:colcon.colcon_core.shell:Creating prefix chain script '/home/conner/codePractice/rosDummy/install/setup.zsh'
