[0.079s] Invoking command in '/home/conner/codePractice/rosDummy/build/robot_types': CMAKE_PREFIX_PATH=/home/conner/codePractice/rosDummy/install/mediator_node:/home/conner/codePractice/rosDummy/install/control_node:/home/conner/codePractice/rosDummy/install/robot_types:/home/conner/codePractice/rosDummy/install/brain_node:/opt/ros/foxy /usr/bin/cmake --build /home/conner/codePractice/rosDummy/build/robot_types -- -j8 -l8
[0.206s] [  3%] Built target robot_types__cpp
[0.210s] [ 12%] Built target robot_types__rosidl_generator_c
[0.274s] [ 25%] Built target robot_types__rosidl_typesupport_cpp
[0.276s] [ 32%] Built target robot_types__rosidl_typesupport_introspection_cpp
[0.277s] [ 41%] Built target robot_types__rosidl_typesupport_introspection_c
[0.278s] [ 51%] Built target robot_types__rosidl_typesupport_c
[0.284s] [ 61%] Built target robot_types__rosidl_typesupport_fastrtps_cpp
[0.341s] [ 70%] Built target robot_types__rosidl_typesupport_fastrtps_c
[0.386s] [ 70%] Built target robot_types
[0.435s] [ 74%] Built target robot_types__py
[0.492s] [ 80%] Built target robot_types__python
[0.563s] [ 87%] Built target robot_types__rosidl_typesupport_introspection_c__pyext
[0.564s] [ 93%] Built target robot_types__rosidl_typesupport_c__pyext
[0.572s] [100%] Built target robot_types__rosidl_typesupport_fastrtps_c__pyext
[0.600s] Invoked command in '/home/conner/codePractice/rosDummy/build/robot_types' returned '0': CMAKE_PREFIX_PATH=/home/conner/codePractice/rosDummy/install/mediator_node:/home/conner/codePractice/rosDummy/install/control_node:/home/conner/codePractice/rosDummy/install/robot_types:/home/conner/codePractice/rosDummy/install/brain_node:/opt/ros/foxy /usr/bin/cmake --build /home/conner/codePractice/rosDummy/build/robot_types -- -j8 -l8
[0.696s] Invoking command in '/home/conner/codePractice/rosDummy/build/robot_types': CMAKE_PREFIX_PATH=/home/conner/codePractice/rosDummy/install/mediator_node:/home/conner/codePractice/rosDummy/install/control_node:/home/conner/codePractice/rosDummy/install/robot_types:/home/conner/codePractice/rosDummy/install/brain_node:/opt/ros/foxy /usr/bin/cmake --install /home/conner/codePractice/rosDummy/build/robot_types
[0.711s] -- Install configuration: ""
[0.712s] -- Up-to-date: /home/conner/codePractice/rosDummy/install/robot_types/share/ament_index/resource_index/rosidl_interfaces/robot_types
[0.712s] -- Up-to-date: /home/conner/codePractice/rosDummy/install/robot_types/include/robot_types
[0.712s] -- Up-to-date: /home/conner/codePractice/rosDummy/install/robot_types/include/robot_types/msg
[0.712s] -- Up-to-date: /home/conner/codePractice/rosDummy/install/robot_types/include/robot_types/msg/rosidl_generator_c__visibility_control.h
[0.713s] -- Up-to-date: /home/conner/codePractice/rosDummy/install/robot_types/include/robot_types/action
[0.713s] -- Up-to-date: /home/conner/codePractice/rosDummy/install/robot_types/include/robot_types/action/pid.h
[0.714s] -- Up-to-date: /home/conner/codePractice/rosDummy/install/robot_types/include/robot_types/action/detail
[0.714s] -- Up-to-date: /home/conner/codePractice/rosDummy/install/robot_types/include/robot_types/action/detail/pid__struct.h
[0.715s] -- Up-to-date: /home/conner/codePractice/rosDummy/install/robot_types/include/robot_types/action/detail/pid__functions.h
[0.715s] -- Up-to-date: /home/conner/codePractice/rosDummy/install/robot_types/include/robot_types/action/detail/pid__type_support.h
[0.715s] -- Up-to-date: /home/conner/codePractice/rosDummy/install/robot_types/include/robot_types/action/detail/pid__functions.c
[0.715s] -- Up-to-date: /home/conner/codePractice/rosDummy/install/robot_types/share/robot_types/environment/library_path.sh
[0.716s] -- Up-to-date: /home/conner/codePractice/rosDummy/install/robot_types/share/robot_types/environment/library_path.dsv
[0.716s] -- Up-to-date: /home/conner/codePractice/rosDummy/install/robot_types/lib/librobot_types__rosidl_generator_c.so
[0.717s] -- Up-to-date: /home/conner/codePractice/rosDummy/install/robot_types/include/robot_types
[0.718s] -- Up-to-date: /home/conner/codePractice/rosDummy/install/robot_types/include/robot_types/msg
[0.718s] -- Up-to-date: /home/conner/codePractice/rosDummy/install/robot_types/include/robot_types/msg/rosidl_typesupport_fastrtps_c__visibility_control.h
[0.718s] -- Up-to-date: /home/conner/codePractice/rosDummy/install/robot_types/include/robot_types/action
[0.718s] -- Up-to-date: /home/conner/codePractice/rosDummy/install/robot_types/include/robot_types/action/detail
[0.719s] -- Up-to-date: /home/conner/codePractice/rosDummy/install/robot_types/include/robot_types/action/detail/pid__rosidl_typesupport_fastrtps_c.h
[0.719s] -- Up-to-date: /home/conner/codePractice/rosDummy/install/robot_types/lib/librobot_types__rosidl_typesupport_fastrtps_c.so
[0.719s] -- Up-to-date: /home/conner/codePractice/rosDummy/install/robot_types/include/robot_types
[0.719s] -- Up-to-date: /home/conner/codePractice/rosDummy/install/robot_types/include/robot_types/msg
[0.719s] -- Up-to-date: /home/conner/codePractice/rosDummy/install/robot_types/include/robot_types/msg/rosidl_typesupport_fastrtps_cpp__visibility_control.h
[0.720s] -- Up-to-date: /home/conner/codePractice/rosDummy/install/robot_types/include/robot_types/action
[0.720s] -- Up-to-date: /home/conner/codePractice/rosDummy/install/robot_types/include/robot_types/action/detail
[0.721s] -- Up-to-date: /home/conner/codePractice/rosDummy/install/robot_types/include/robot_types/action/detail/pid__rosidl_typesupport_fastrtps_cpp.hpp
[0.721s] -- Up-to-date: /home/conner/codePractice/rosDummy/install/robot_types/include/robot_types/action/detail/dds_fastrtps
[0.721s] -- Up-to-date: /home/conner/codePractice/rosDummy/install/robot_types/lib/librobot_types__rosidl_typesupport_fastrtps_cpp.so
[0.722s] -- Up-to-date: /home/conner/codePractice/rosDummy/install/robot_types/include/robot_types
[0.722s] -- Up-to-date: /home/conner/codePractice/rosDummy/install/robot_types/include/robot_types/msg
[0.722s] -- Up-to-date: /home/conner/codePractice/rosDummy/install/robot_types/include/robot_types/msg/rosidl_typesupport_introspection_c__visibility_control.h
[0.722s] -- Up-to-date: /home/conner/codePractice/rosDummy/install/robot_types/include/robot_types/action
[0.722s] -- Up-to-date: /home/conner/codePractice/rosDummy/install/robot_types/include/robot_types/action/detail
[0.722s] -- Up-to-date: /home/conner/codePractice/rosDummy/install/robot_types/include/robot_types/action/detail/pid__rosidl_typesupport_introspection_c.h
[0.722s] -- Up-to-date: /home/conner/codePractice/rosDummy/install/robot_types/include/robot_types/action/detail/pid__type_support.c
[0.723s] -- Up-to-date: /home/conner/codePractice/rosDummy/install/robot_types/lib/librobot_types__rosidl_typesupport_introspection_c.so
[0.723s] -- Up-to-date: /home/conner/codePractice/rosDummy/install/robot_types/lib/librobot_types__rosidl_typesupport_c.so
[0.724s] -- Up-to-date: /home/conner/codePractice/rosDummy/install/robot_types/include/robot_types
[0.724s] -- Up-to-date: /home/conner/codePractice/rosDummy/install/robot_types/include/robot_types/action
[0.725s] -- Up-to-date: /home/conner/codePractice/rosDummy/install/robot_types/include/robot_types/action/pid.hpp
[0.725s] -- Up-to-date: /home/conner/codePractice/rosDummy/install/robot_types/include/robot_types/action/detail
[0.725s] -- Up-to-date: /home/conner/codePractice/rosDummy/install/robot_types/include/robot_types/action/detail/pid__traits.hpp
[0.725s] -- Up-to-date: /home/conner/codePractice/rosDummy/install/robot_types/include/robot_types/action/detail/pid__struct.hpp
[0.726s] -- Up-to-date: /home/conner/codePractice/rosDummy/install/robot_types/include/robot_types/action/detail/pid__builder.hpp
[0.726s] -- Up-to-date: /home/conner/codePractice/rosDummy/install/robot_types/include/robot_types
[0.726s] -- Up-to-date: /home/conner/codePractice/rosDummy/install/robot_types/include/robot_types/action
[0.726s] -- Up-to-date: /home/conner/codePractice/rosDummy/install/robot_types/include/robot_types/action/detail
[0.726s] -- Up-to-date: /home/conner/codePractice/rosDummy/install/robot_types/include/robot_types/action/detail/pid__type_support.cpp
[0.726s] -- Up-to-date: /home/conner/codePractice/rosDummy/install/robot_types/include/robot_types/action/detail/pid__rosidl_typesupport_introspection_cpp.hpp
[0.726s] -- Up-to-date: /home/conner/codePractice/rosDummy/install/robot_types/lib/librobot_types__rosidl_typesupport_introspection_cpp.so
[0.727s] -- Up-to-date: /home/conner/codePractice/rosDummy/install/robot_types/lib/librobot_types__rosidl_typesupport_cpp.so
[0.727s] -- Up-to-date: /home/conner/codePractice/rosDummy/install/robot_types/share/robot_types/environment/pythonpath.sh
[0.727s] -- Up-to-date: /home/conner/codePractice/rosDummy/install/robot_types/share/robot_types/environment/pythonpath.dsv
[0.727s] -- Up-to-date: /home/conner/codePractice/rosDummy/install/robot_types/lib/python3.8/site-packages/robot_types/__init__.py
[0.799s] -- Up-to-date: /home/conner/codePractice/rosDummy/install/robot_types/lib/python3.8/site-packages/robot_types/action
[0.800s] -- Up-to-date: /home/conner/codePractice/rosDummy/install/robot_types/lib/python3.8/site-packages/robot_types/action/_pid.py
[0.800s] -- Up-to-date: /home/conner/codePractice/rosDummy/install/robot_types/lib/python3.8/site-packages/robot_types/action/_pid_s.c
[0.802s] -- Up-to-date: /home/conner/codePractice/rosDummy/install/robot_types/lib/python3.8/site-packages/robot_types/action/__init__.py
[0.802s] -- Up-to-date: /home/conner/codePractice/rosDummy/install/robot_types/lib/python3.8/site-packages/robot_types/robot_types_s__rosidl_typesupport_fastrtps_c.cpython-38-x86_64-linux-gnu.so
[0.803s] -- Up-to-date: /home/conner/codePractice/rosDummy/install/robot_types/lib/python3.8/site-packages/robot_types/robot_types_s__rosidl_typesupport_introspection_c.cpython-38-x86_64-linux-gnu.so
[0.804s] -- Up-to-date: /home/conner/codePractice/rosDummy/install/robot_types/lib/python3.8/site-packages/robot_types/robot_types_s__rosidl_typesupport_c.cpython-38-x86_64-linux-gnu.so
[0.805s] -- Up-to-date: /home/conner/codePractice/rosDummy/install/robot_types/lib/librobot_types__python.so
[0.806s] -- Up-to-date: /home/conner/codePractice/rosDummy/install/robot_types/share/robot_types/action/PID.idl
[0.806s] -- Up-to-date: /home/conner/codePractice/rosDummy/install/robot_types/share/robot_types/action/PID.action
[0.807s] -- Up-to-date: /home/conner/codePractice/rosDummy/install/robot_types/share/ament_index/resource_index/package_run_dependencies/robot_types
[0.807s] -- Up-to-date: /home/conner/codePractice/rosDummy/install/robot_types/share/ament_index/resource_index/parent_prefix_path/robot_types
[0.807s] -- Up-to-date: /home/conner/codePractice/rosDummy/install/robot_types/share/robot_types/environment/ament_prefix_path.sh
[0.808s] -- Up-to-date: /home/conner/codePractice/rosDummy/install/robot_types/share/robot_types/environment/ament_prefix_path.dsv
[0.808s] -- Up-to-date: /home/conner/codePractice/rosDummy/install/robot_types/share/robot_types/environment/path.sh
[0.808s] -- Up-to-date: /home/conner/codePractice/rosDummy/install/robot_types/share/robot_types/environment/path.dsv
[0.808s] -- Up-to-date: /home/conner/codePractice/rosDummy/install/robot_types/share/robot_types/local_setup.bash
[0.809s] -- Up-to-date: /home/conner/codePractice/rosDummy/install/robot_types/share/robot_types/local_setup.sh
[0.809s] -- Up-to-date: /home/conner/codePractice/rosDummy/install/robot_types/share/robot_types/local_setup.zsh
[0.809s] -- Up-to-date: /home/conner/codePractice/rosDummy/install/robot_types/share/robot_types/local_setup.dsv
[0.809s] -- Installing: /home/conner/codePractice/rosDummy/install/robot_types/share/robot_types/package.dsv
[0.809s] -- Up-to-date: /home/conner/codePractice/rosDummy/install/robot_types/share/ament_index/resource_index/packages/robot_types
[0.810s] -- Up-to-date: /home/conner/codePractice/rosDummy/install/robot_types/share/robot_types/cmake/robot_types__rosidl_generator_cExport.cmake
[0.810s] -- Up-to-date: /home/conner/codePractice/rosDummy/install/robot_types/share/robot_types/cmake/robot_types__rosidl_generator_cExport-noconfig.cmake
[0.811s] -- Up-to-date: /home/conner/codePractice/rosDummy/install/robot_types/share/robot_types/cmake/robot_types__rosidl_typesupport_introspection_cExport.cmake
[0.811s] -- Up-to-date: /home/conner/codePractice/rosDummy/install/robot_types/share/robot_types/cmake/robot_types__rosidl_typesupport_introspection_cExport-noconfig.cmake
[0.812s] -- Up-to-date: /home/conner/codePractice/rosDummy/install/robot_types/share/robot_types/cmake/robot_types__rosidl_typesupport_cExport.cmake
[0.812s] -- Up-to-date: /home/conner/codePractice/rosDummy/install/robot_types/share/robot_types/cmake/robot_types__rosidl_typesupport_cExport-noconfig.cmake
[0.813s] -- Up-to-date: /home/conner/codePractice/rosDummy/install/robot_types/share/robot_types/cmake/robot_types__rosidl_generator_cppExport.cmake
[0.814s] -- Up-to-date: /home/conner/codePractice/rosDummy/install/robot_types/share/robot_types/cmake/robot_types__rosidl_typesupport_introspection_cppExport.cmake
[0.814s] -- Up-to-date: /home/conner/codePractice/rosDummy/install/robot_types/share/robot_types/cmake/robot_types__rosidl_typesupport_introspection_cppExport-noconfig.cmake
[0.815s] -- Up-to-date: /home/conner/codePractice/rosDummy/install/robot_types/share/robot_types/cmake/robot_types__rosidl_typesupport_cppExport.cmake
[0.815s] -- Up-to-date: /home/conner/codePractice/rosDummy/install/robot_types/share/robot_types/cmake/robot_types__rosidl_typesupport_cppExport-noconfig.cmake
[0.815s] -- Up-to-date: /home/conner/codePractice/rosDummy/install/robot_types/share/robot_types/cmake/rosidl_cmake-extras.cmake
[0.816s] -- Up-to-date: /home/conner/codePractice/rosDummy/install/robot_types/share/robot_types/cmake/ament_cmake_export_dependencies-extras.cmake
[0.816s] -- Up-to-date: /home/conner/codePractice/rosDummy/install/robot_types/share/robot_types/cmake/ament_cmake_export_libraries-extras.cmake
[0.817s] -- Up-to-date: /home/conner/codePractice/rosDummy/install/robot_types/share/robot_types/cmake/ament_cmake_export_targets-extras.cmake
[0.817s] -- Up-to-date: /home/conner/codePractice/rosDummy/install/robot_types/share/robot_types/cmake/ament_cmake_export_include_directories-extras.cmake
[0.817s] -- Up-to-date: /home/conner/codePractice/rosDummy/install/robot_types/share/robot_types/cmake/rosidl_cmake_export_typesupport_libraries-extras.cmake
[0.817s] -- Up-to-date: /home/conner/codePractice/rosDummy/install/robot_types/share/robot_types/cmake/rosidl_cmake_export_typesupport_targets-extras.cmake
[0.818s] -- Up-to-date: /home/conner/codePractice/rosDummy/install/robot_types/share/robot_types/cmake/robot_typesConfig.cmake
[0.818s] -- Up-to-date: /home/conner/codePractice/rosDummy/install/robot_types/share/robot_types/cmake/robot_typesConfig-version.cmake
[0.818s] -- Up-to-date: /home/conner/codePractice/rosDummy/install/robot_types/share/robot_types/package.xml
[0.825s] Invoked command in '/home/conner/codePractice/rosDummy/build/robot_types' returned '0': CMAKE_PREFIX_PATH=/home/conner/codePractice/rosDummy/install/mediator_node:/home/conner/codePractice/rosDummy/install/control_node:/home/conner/codePractice/rosDummy/install/robot_types:/home/conner/codePractice/rosDummy/install/brain_node:/opt/ros/foxy /usr/bin/cmake --install /home/conner/codePractice/rosDummy/build/robot_types
