[0.282s] Invoking command in '/home/conner/codePractice/rosDummy/build/mediator_node': CMAKE_PREFIX_PATH=/home/conner/codePractice/rosDummy/install/robot_types:/home/conner/codePractice/rosDummy/install/mediator_node:/home/conner/codePractice/rosDummy/install/control_node:/home/conner/codePractice/rosDummy/install/brain_node:/opt/ros/foxy /usr/bin/cmake --build /home/conner/codePractice/rosDummy/build/mediator_node -- -j8 -l8
[0.334s] [35m[1mScanning dependencies of target action_server[0m
[0.357s] [ 50%] Built target pid_action_server
[0.370s] [ 75%] [32mBuilding CXX object CMakeFiles/action_server.dir/src/mediator_node.cpp.o[0m
[4.735s] [100%] [32m[1mLinking CXX shared library libaction_server.so[0m
[5.077s] [100%] Built target action_server
[5.097s] Invoked command in '/home/conner/codePractice/rosDummy/build/mediator_node' returned '0': CMAKE_PREFIX_PATH=/home/conner/codePractice/rosDummy/install/robot_types:/home/conner/codePractice/rosDummy/install/mediator_node:/home/conner/codePractice/rosDummy/install/control_node:/home/conner/codePractice/rosDummy/install/brain_node:/opt/ros/foxy /usr/bin/cmake --build /home/conner/codePractice/rosDummy/build/mediator_node -- -j8 -l8
[5.145s] Invoking command in '/home/conner/codePractice/rosDummy/build/mediator_node': CMAKE_PREFIX_PATH=/home/conner/codePractice/rosDummy/install/robot_types:/home/conner/codePractice/rosDummy/install/mediator_node:/home/conner/codePractice/rosDummy/install/control_node:/home/conner/codePractice/rosDummy/install/brain_node:/opt/ros/foxy /usr/bin/cmake --install /home/conner/codePractice/rosDummy/build/mediator_node
[5.158s] -- Install configuration: ""
[5.159s] -- Up-to-date: /home/conner/codePractice/rosDummy/install/mediator_node/lib/mediator_node/pid_action_server
[5.159s] -- Installing: /home/conner/codePractice/rosDummy/install/mediator_node/lib/libaction_server.so
[5.163s] -- Set runtime path of "/home/conner/codePractice/rosDummy/install/mediator_node/lib/libaction_server.so" to ""
[5.163s] -- Up-to-date: /home/conner/codePractice/rosDummy/install/mediator_node/share/ament_index/resource_index/package_run_dependencies/mediator_node
[5.164s] -- Up-to-date: /home/conner/codePractice/rosDummy/install/mediator_node/share/ament_index/resource_index/parent_prefix_path/mediator_node
[5.164s] -- Up-to-date: /home/conner/codePractice/rosDummy/install/mediator_node/share/mediator_node/environment/ament_prefix_path.sh
[5.165s] -- Up-to-date: /home/conner/codePractice/rosDummy/install/mediator_node/share/mediator_node/environment/ament_prefix_path.dsv
[5.165s] -- Up-to-date: /home/conner/codePractice/rosDummy/install/mediator_node/share/mediator_node/environment/path.sh
[5.166s] -- Up-to-date: /home/conner/codePractice/rosDummy/install/mediator_node/share/mediator_node/environment/path.dsv
[5.166s] -- Up-to-date: /home/conner/codePractice/rosDummy/install/mediator_node/share/mediator_node/local_setup.bash
[5.166s] -- Up-to-date: /home/conner/codePractice/rosDummy/install/mediator_node/share/mediator_node/local_setup.sh
[5.166s] -- Up-to-date: /home/conner/codePractice/rosDummy/install/mediator_node/share/mediator_node/local_setup.zsh
[5.166s] -- Up-to-date: /home/conner/codePractice/rosDummy/install/mediator_node/share/mediator_node/local_setup.dsv
[5.166s] -- Installing: /home/conner/codePractice/rosDummy/install/mediator_node/share/mediator_node/package.dsv
[5.166s] -- Up-to-date: /home/conner/codePractice/rosDummy/install/mediator_node/share/ament_index/resource_index/packages/mediator_node
[5.167s] -- Up-to-date: /home/conner/codePractice/rosDummy/install/mediator_node/share/ament_index/resource_index/rclcpp_components/mediator_node
[5.167s] -- Up-to-date: /home/conner/codePractice/rosDummy/install/mediator_node/share/mediator_node/cmake/mediator_nodeConfig.cmake
[5.167s] -- Up-to-date: /home/conner/codePractice/rosDummy/install/mediator_node/share/mediator_node/cmake/mediator_nodeConfig-version.cmake
[5.167s] -- Up-to-date: /home/conner/codePractice/rosDummy/install/mediator_node/share/mediator_node/package.xml
[5.174s] Invoked command in '/home/conner/codePractice/rosDummy/build/mediator_node' returned '0': CMAKE_PREFIX_PATH=/home/conner/codePractice/rosDummy/install/robot_types:/home/conner/codePractice/rosDummy/install/mediator_node:/home/conner/codePractice/rosDummy/install/control_node:/home/conner/codePractice/rosDummy/install/brain_node:/opt/ros/foxy /usr/bin/cmake --install /home/conner/codePractice/rosDummy/build/mediator_node
