[0.055s] Invoking command in '/home/conner/codePractice/rosDummy/build/brain_node': CMAKE_PREFIX_PATH=${CMAKE_PREFIX_PATH}:/opt/ros/foxy /usr/bin/cmake --build /home/conner/codePractice/rosDummy/build/brain_node -- -j8 -l8
[0.122s] Invoked command in '/home/conner/codePractice/rosDummy/build/brain_node' returned '0': CMAKE_PREFIX_PATH=${CMAKE_PREFIX_PATH}:/opt/ros/foxy /usr/bin/cmake --build /home/conner/codePractice/rosDummy/build/brain_node -- -j8 -l8
[0.194s] Invoking command in '/home/conner/codePractice/rosDummy/build/brain_node': CMAKE_PREFIX_PATH=${CMAKE_PREFIX_PATH}:/opt/ros/foxy /usr/bin/cmake --install /home/conner/codePractice/rosDummy/build/brain_node
[0.208s] -- Install configuration: ""
[0.208s] -- Up-to-date: /home/conner/codePractice/rosDummy/install/brain_node/share/ament_index/resource_index/package_run_dependencies/brain_node
[0.209s] -- Up-to-date: /home/conner/codePractice/rosDummy/install/brain_node/share/ament_index/resource_index/parent_prefix_path/brain_node
[0.209s] -- Up-to-date: /home/conner/codePractice/rosDummy/install/brain_node/share/brain_node/environment/ament_prefix_path.sh
[0.210s] -- Up-to-date: /home/conner/codePractice/rosDummy/install/brain_node/share/brain_node/environment/ament_prefix_path.dsv
[0.211s] -- Up-to-date: /home/conner/codePractice/rosDummy/install/brain_node/share/brain_node/environment/path.sh
[0.211s] -- Up-to-date: /home/conner/codePractice/rosDummy/install/brain_node/share/brain_node/environment/path.dsv
[0.211s] -- Up-to-date: /home/conner/codePractice/rosDummy/install/brain_node/share/brain_node/local_setup.bash
[0.211s] -- Up-to-date: /home/conner/codePractice/rosDummy/install/brain_node/share/brain_node/local_setup.sh
[0.211s] -- Up-to-date: /home/conner/codePractice/rosDummy/install/brain_node/share/brain_node/local_setup.zsh
[0.212s] -- Up-to-date: /home/conner/codePractice/rosDummy/install/brain_node/share/brain_node/local_setup.dsv
[0.212s] -- Installing: /home/conner/codePractice/rosDummy/install/brain_node/share/brain_node/package.dsv
[0.212s] -- Up-to-date: /home/conner/codePractice/rosDummy/install/brain_node/share/ament_index/resource_index/packages/brain_node
[0.215s] -- Up-to-date: /home/conner/codePractice/rosDummy/install/brain_node/share/brain_node/cmake/brain_nodeConfig.cmake
[0.215s] -- Up-to-date: /home/conner/codePractice/rosDummy/install/brain_node/share/brain_node/cmake/brain_nodeConfig-version.cmake
[0.217s] -- Up-to-date: /home/conner/codePractice/rosDummy/install/brain_node/share/brain_node/package.xml
[0.220s] Invoked command in '/home/conner/codePractice/rosDummy/build/brain_node' returned '0': CMAKE_PREFIX_PATH=${CMAKE_PREFIX_PATH}:/opt/ros/foxy /usr/bin/cmake --install /home/conner/codePractice/rosDummy/build/brain_node
