[0.078s] Invoking command in '/home/conner/codePractice/rosDummy/build/robot_types': CMAKE_PREFIX_PATH=/opt/ros/foxy /usr/bin/cmake /home/conner/codePractice/rosDummy/src/robot_types -DCMAKE_INSTALL_PREFIX=/home/conner/codePractice/rosDummy/install/robot_types
[0.121s] -- Found ament_cmake: 0.9.11 (/opt/ros/foxy/share/ament_cmake/cmake)
[0.172s] -- Using PYTHON_EXECUTABLE: /usr/bin/python3
[0.604s] -- Found rosidl_default_generators: 1.0.1 (/opt/ros/foxy/share/rosidl_default_generators/cmake)
[0.607s] -- Using all available rosidl_typesupport_c: rosidl_typesupport_fastrtps_c;rosidl_typesupport_introspection_c
[0.612s] -- Found rosidl_adapter: 1.3.0 (/opt/ros/foxy/share/rosidl_adapter/cmake)
[10.945s] -- Using all available rosidl_typesupport_cpp: rosidl_typesupport_fastrtps_cpp;rosidl_typesupport_introspection_cpp
[11.005s] -- Found PythonInterp: /usr/bin/python3 (found version "3.8.10") 
[11.331s] -- Found ament_cmake_ros: 0.9.2 (/opt/ros/foxy/share/ament_cmake_ros/cmake)
[21.597s] -- Using all available rosidl_typesupport_c: rosidl_typesupport_fastrtps_c;rosidl_typesupport_introspection_c
[21.633s] -- Using all available rosidl_typesupport_cpp: rosidl_typesupport_fastrtps_cpp;rosidl_typesupport_introspection_cpp
[21.674s] -- Found PythonInterp: /usr/bin/python3 (found suitable version "3.8.10", minimum required is "3.5") 
[21.678s] -- Found python_cmake_module: 0.8.1 (/opt/ros/foxy/share/python_cmake_module/cmake)
[22.543s] -- Found PythonLibs: /usr/lib/x86_64-linux-gnu/libpython3.8.so (found suitable version "3.8.10", minimum required is "3.5") 
[22.544s] -- Using PYTHON_EXECUTABLE: /usr/bin/python3
[22.544s] -- Using PYTHON_INCLUDE_DIRS: /usr/include/python3.8
[22.544s] -- Using PYTHON_LIBRARIES: /usr/lib/x86_64-linux-gnu/libpython3.8.so
[22.576s] -- Found PythonExtra: .so  
[22.760s] -- Configuring done
[22.865s] -- Generating done
[22.870s] -- Build files have been written to: /home/conner/codePractice/rosDummy/build/robot_types
[22.881s] Invoked command in '/home/conner/codePractice/rosDummy/build/robot_types' returned '0': CMAKE_PREFIX_PATH=/opt/ros/foxy /usr/bin/cmake /home/conner/codePractice/rosDummy/src/robot_types -DCMAKE_INSTALL_PREFIX=/home/conner/codePractice/rosDummy/install/robot_types
[22.885s] Invoking command in '/home/conner/codePractice/rosDummy/build/robot_types': CMAKE_PREFIX_PATH=/opt/ros/foxy /usr/bin/cmake --build /home/conner/codePractice/rosDummy/build/robot_types -- -j8 -l8
[22.937s] [  3%] [34m[1mGenerating C code for ROS interfaces[0m
[22.938s] [35m[1mScanning dependencies of target robot_types__cpp[0m
[22.963s] [  6%] [34m[1mGenerating C++ code for ROS interfaces[0m
[23.689s] [  6%] Built target robot_types__cpp
[23.709s] [  9%] [34m[1mGenerating C++ type support dispatch for ROS interfaces[0m
[23.709s] [ 16%] [34m[1mGenerating C++ type support for eProsima Fast-RTPS[0m
[23.710s] [ 16%] [34m[1mGenerating C++ introspection for ROS interfaces[0m
[23.853s] [35m[1mScanning dependencies of target robot_types__rosidl_generator_c[0m
[23.920s] [ 19%] [32mBuilding C object CMakeFiles/robot_types__rosidl_generator_c.dir/rosidl_generator_c/robot_types/action/detail/pid__functions.c.o[0m
[24.316s] [ 22%] [32m[1mLinking C shared library librobot_types__rosidl_generator_c.so[0m
[24.422s] [35m[1mScanning dependencies of target robot_types__rosidl_typesupport_cpp[0m
[24.522s] [ 25%] [32mBuilding CXX object CMakeFiles/robot_types__rosidl_typesupport_cpp.dir/rosidl_typesupport_cpp/robot_types/action/pid__type_support.cpp.o[0m
[24.612s] [35m[1mScanning dependencies of target robot_types__rosidl_typesupport_introspection_cpp[0m
[24.661s] [ 29%] [32mBuilding CXX object CMakeFiles/robot_types__rosidl_typesupport_introspection_cpp.dir/rosidl_typesupport_introspection_cpp/robot_types/action/detail/pid__type_support.cpp.o[0m
[24.717s] [ 29%] Built target robot_types__rosidl_generator_c
[24.733s] [35m[1mScanning dependencies of target robot_types__rosidl_typesupport_fastrtps_cpp[0m
[24.737s] [ 32%] [34m[1mGenerating C type support dispatch for ROS interfaces[0m
[24.738s] [ 35%] [34m[1mGenerating C introspection for ROS interfaces[0m
[24.845s] [ 38%] [32mBuilding CXX object CMakeFiles/robot_types__rosidl_typesupport_fastrtps_cpp.dir/rosidl_typesupport_fastrtps_cpp/robot_types/action/detail/dds_fastrtps/pid__type_support.cpp.o[0m
[25.656s] [35m[1mScanning dependencies of target robot_types__rosidl_typesupport_c[0m
[25.691s] [ 41%] [32m[1mLinking CXX shared library librobot_types__rosidl_typesupport_cpp.so[0m
[25.715s] [ 45%] [32mBuilding CXX object CMakeFiles/robot_types__rosidl_typesupport_c.dir/rosidl_typesupport_c/robot_types/action/pid__type_support.cpp.o[0m
[25.863s] [ 48%] [32m[1mLinking CXX shared library librobot_types__rosidl_typesupport_c.so[0m
[25.917s] [35m[1mScanning dependencies of target robot_types__rosidl_typesupport_introspection_c[0m
[25.979s] [ 51%] [32mBuilding C object CMakeFiles/robot_types__rosidl_typesupport_introspection_c.dir/rosidl_typesupport_introspection_c/robot_types/action/detail/pid__type_support.c.o[0m
[26.042s] [ 54%] [32m[1mLinking CXX shared library librobot_types__rosidl_typesupport_introspection_cpp.so[0m
[26.147s] [ 54%] Built target robot_types__rosidl_typesupport_cpp
[26.169s] [ 58%] [32m[1mLinking C shared library librobot_types__rosidl_typesupport_introspection_c.so[0m
[26.307s] [ 58%] Built target robot_types__rosidl_typesupport_c
[26.537s] [ 58%] Built target robot_types__rosidl_typesupport_introspection_c
[26.596s] [ 58%] Built target robot_types__rosidl_typesupport_introspection_cpp
[27.045s] [ 61%] [32m[1mLinking CXX shared library librobot_types__rosidl_typesupport_fastrtps_cpp.so[0m
[27.562s] [ 61%] Built target robot_types__rosidl_typesupport_fastrtps_cpp
[27.588s] [ 64%] [34m[1mGenerating C type support for eProsima Fast-RTPS[0m
[28.210s] [35m[1mScanning dependencies of target robot_types__rosidl_typesupport_fastrtps_c[0m
[28.258s] [ 67%] [32mBuilding CXX object CMakeFiles/robot_types__rosidl_typesupport_fastrtps_c.dir/rosidl_typesupport_fastrtps_c/robot_types/action/detail/pid__type_support_c.cpp.o[0m
[28.925s] [ 70%] [32m[1mLinking CXX shared library librobot_types__rosidl_typesupport_fastrtps_c.so[0m
[29.420s] [ 70%] Built target robot_types__rosidl_typesupport_fastrtps_c
[29.445s] [35m[1mScanning dependencies of target robot_types[0m
[29.467s] [ 70%] Built target robot_types
[29.494s] [35m[1mScanning dependencies of target robot_types__py[0m
[29.516s] [ 74%] [34m[1mGenerating Python code for ROS interfaces[0m
[31.410s] [ 74%] Built target robot_types__py
[31.432s] [35m[1mScanning dependencies of target robot_types__python[0m
[31.545s] [ 77%] [32mBuilding C object CMakeFiles/robot_types__python.dir/rosidl_generator_py/robot_types/action/_pid_s.c.o[0m
[31.874s] [ 80%] [32m[1mLinking C shared library rosidl_generator_py/robot_types/librobot_types__python.so[0m
[32.200s] [ 80%] Built target robot_types__python
[32.222s] [35m[1mScanning dependencies of target robot_types__rosidl_typesupport_introspection_c__pyext[0m
[32.223s] [35m[1mScanning dependencies of target robot_types__rosidl_typesupport_fastrtps_c__pyext[0m
[32.223s] [35m[1mScanning dependencies of target robot_types__rosidl_typesupport_c__pyext[0m
[32.255s] [ 83%] [32mBuilding C object CMakeFiles/robot_types__rosidl_typesupport_c__pyext.dir/rosidl_generator_py/robot_types/_robot_types_s.ep.rosidl_typesupport_c.c.o[0m
[32.260s] [ 87%] [32mBuilding C object CMakeFiles/robot_types__rosidl_typesupport_introspection_c__pyext.dir/rosidl_generator_py/robot_types/_robot_types_s.ep.rosidl_typesupport_introspection_c.c.o[0m
[32.263s] [ 90%] [32mBuilding C object CMakeFiles/robot_types__rosidl_typesupport_fastrtps_c__pyext.dir/rosidl_generator_py/robot_types/_robot_types_s.ep.rosidl_typesupport_fastrtps_c.c.o[0m
[32.462s] [ 93%] [32m[1mLinking C shared library rosidl_generator_py/robot_types/robot_types_s__rosidl_typesupport_introspection_c.cpython-38-x86_64-linux-gnu.so[0m
[32.463s] [ 96%] [32m[1mLinking C shared library rosidl_generator_py/robot_types/robot_types_s__rosidl_typesupport_c.cpython-38-x86_64-linux-gnu.so[0m
[32.479s] [100%] [32m[1mLinking CXX shared library rosidl_generator_py/robot_types/robot_types_s__rosidl_typesupport_fastrtps_c.cpython-38-x86_64-linux-gnu.so[0m
[32.736s] [100%] Built target robot_types__rosidl_typesupport_introspection_c__pyext
[32.739s] [100%] Built target robot_types__rosidl_typesupport_c__pyext
[32.843s] [100%] Built target robot_types__rosidl_typesupport_fastrtps_c__pyext
[32.860s] Invoked command in '/home/conner/codePractice/rosDummy/build/robot_types' returned '0': CMAKE_PREFIX_PATH=/opt/ros/foxy /usr/bin/cmake --build /home/conner/codePractice/rosDummy/build/robot_types -- -j8 -l8
[32.943s] Invoking command in '/home/conner/codePractice/rosDummy/build/robot_types': CMAKE_PREFIX_PATH=/opt/ros/foxy /usr/bin/cmake --install /home/conner/codePractice/rosDummy/build/robot_types
[32.955s] -- Install configuration: ""
[32.957s] -- Installing: /home/conner/codePractice/rosDummy/install/robot_types/share/ament_index/resource_index/rosidl_interfaces/robot_types
[32.957s] -- Installing: /home/conner/codePractice/rosDummy/install/robot_types/include/robot_types
[32.957s] -- Installing: /home/conner/codePractice/rosDummy/install/robot_types/include/robot_types/msg
[32.982s] -- Installing: /home/conner/codePractice/rosDummy/install/robot_types/include/robot_types/msg/rosidl_generator_c__visibility_control.h
[32.984s] -- Installing: /home/conner/codePractice/rosDummy/install/robot_types/include/robot_types/action
[32.984s] -- Installing: /home/conner/codePractice/rosDummy/install/robot_types/include/robot_types/action/pid.h
[32.985s] -- Installing: /home/conner/codePractice/rosDummy/install/robot_types/include/robot_types/action/detail
[32.985s] -- Installing: /home/conner/codePractice/rosDummy/install/robot_types/include/robot_types/action/detail/pid__struct.h
[32.985s] -- Installing: /home/conner/codePractice/rosDummy/install/robot_types/include/robot_types/action/detail/pid__functions.h
[32.986s] -- Installing: /home/conner/codePractice/rosDummy/install/robot_types/include/robot_types/action/detail/pid__type_support.h
[32.986s] -- Installing: /home/conner/codePractice/rosDummy/install/robot_types/include/robot_types/action/detail/pid__functions.c
[32.987s] -- Installing: /home/conner/codePractice/rosDummy/install/robot_types/share/robot_types/environment/library_path.sh
[32.987s] -- Installing: /home/conner/codePractice/rosDummy/install/robot_types/share/robot_types/environment/library_path.dsv
[32.988s] -- Installing: /home/conner/codePractice/rosDummy/install/robot_types/lib/librobot_types__rosidl_generator_c.so
[32.988s] -- Set runtime path of "/home/conner/codePractice/rosDummy/install/robot_types/lib/librobot_types__rosidl_generator_c.so" to ""
[32.989s] -- Up-to-date: /home/conner/codePractice/rosDummy/install/robot_types/include/robot_types
[32.990s] -- Up-to-date: /home/conner/codePractice/rosDummy/install/robot_types/include/robot_types/msg
[32.990s] -- Installing: /home/conner/codePractice/rosDummy/install/robot_types/include/robot_types/msg/rosidl_typesupport_fastrtps_c__visibility_control.h
[32.991s] -- Up-to-date: /home/conner/codePractice/rosDummy/install/robot_types/include/robot_types/action
[32.991s] -- Up-to-date: /home/conner/codePractice/rosDummy/install/robot_types/include/robot_types/action/detail
[32.992s] -- Installing: /home/conner/codePractice/rosDummy/install/robot_types/include/robot_types/action/detail/pid__rosidl_typesupport_fastrtps_c.h
[32.993s] -- Installing: /home/conner/codePractice/rosDummy/install/robot_types/lib/librobot_types__rosidl_typesupport_fastrtps_c.so
[32.993s] -- Set runtime path of "/home/conner/codePractice/rosDummy/install/robot_types/lib/librobot_types__rosidl_typesupport_fastrtps_c.so" to ""
[32.993s] -- Up-to-date: /home/conner/codePractice/rosDummy/install/robot_types/include/robot_types
[32.994s] -- Up-to-date: /home/conner/codePractice/rosDummy/install/robot_types/include/robot_types/msg
[32.995s] -- Installing: /home/conner/codePractice/rosDummy/install/robot_types/include/robot_types/msg/rosidl_typesupport_fastrtps_cpp__visibility_control.h
[32.995s] -- Up-to-date: /home/conner/codePractice/rosDummy/install/robot_types/include/robot_types/action
[32.996s] -- Up-to-date: /home/conner/codePractice/rosDummy/install/robot_types/include/robot_types/action/detail
[32.996s] -- Installing: /home/conner/codePractice/rosDummy/install/robot_types/include/robot_types/action/detail/pid__rosidl_typesupport_fastrtps_cpp.hpp
[32.997s] -- Installing: /home/conner/codePractice/rosDummy/install/robot_types/include/robot_types/action/detail/dds_fastrtps
[32.998s] -- Installing: /home/conner/codePractice/rosDummy/install/robot_types/lib/librobot_types__rosidl_typesupport_fastrtps_cpp.so
[32.998s] -- Set runtime path of "/home/conner/codePractice/rosDummy/install/robot_types/lib/librobot_types__rosidl_typesupport_fastrtps_cpp.so" to ""
[32.999s] -- Up-to-date: /home/conner/codePractice/rosDummy/install/robot_types/include/robot_types
[32.999s] -- Up-to-date: /home/conner/codePractice/rosDummy/install/robot_types/include/robot_types/msg
[33.000s] -- Installing: /home/conner/codePractice/rosDummy/install/robot_types/include/robot_types/msg/rosidl_typesupport_introspection_c__visibility_control.h
[33.000s] -- Up-to-date: /home/conner/codePractice/rosDummy/install/robot_types/include/robot_types/action
[33.001s] -- Up-to-date: /home/conner/codePractice/rosDummy/install/robot_types/include/robot_types/action/detail
[33.001s] -- Installing: /home/conner/codePractice/rosDummy/install/robot_types/include/robot_types/action/detail/pid__rosidl_typesupport_introspection_c.h
[33.001s] -- Installing: /home/conner/codePractice/rosDummy/install/robot_types/include/robot_types/action/detail/pid__type_support.c
[33.001s] -- Installing: /home/conner/codePractice/rosDummy/install/robot_types/lib/librobot_types__rosidl_typesupport_introspection_c.so
[33.001s] -- Set runtime path of "/home/conner/codePractice/rosDummy/install/robot_types/lib/librobot_types__rosidl_typesupport_introspection_c.so" to ""
[33.002s] -- Installing: /home/conner/codePractice/rosDummy/install/robot_types/lib/librobot_types__rosidl_typesupport_c.so
[33.002s] -- Set runtime path of "/home/conner/codePractice/rosDummy/install/robot_types/lib/librobot_types__rosidl_typesupport_c.so" to ""
[33.002s] -- Up-to-date: /home/conner/codePractice/rosDummy/install/robot_types/include/robot_types
[33.002s] -- Up-to-date: /home/conner/codePractice/rosDummy/install/robot_types/include/robot_types/action
[33.003s] -- Installing: /home/conner/codePractice/rosDummy/install/robot_types/include/robot_types/action/pid.hpp
[33.003s] -- Up-to-date: /home/conner/codePractice/rosDummy/install/robot_types/include/robot_types/action/detail
[33.003s] -- Installing: /home/conner/codePractice/rosDummy/install/robot_types/include/robot_types/action/detail/pid__traits.hpp
[33.004s] -- Installing: /home/conner/codePractice/rosDummy/install/robot_types/include/robot_types/action/detail/pid__struct.hpp
[33.004s] -- Installing: /home/conner/codePractice/rosDummy/install/robot_types/include/robot_types/action/detail/pid__builder.hpp
[33.004s] -- Up-to-date: /home/conner/codePractice/rosDummy/install/robot_types/include/robot_types
[33.004s] -- Up-to-date: /home/conner/codePractice/rosDummy/install/robot_types/include/robot_types/action
[33.004s] -- Up-to-date: /home/conner/codePractice/rosDummy/install/robot_types/include/robot_types/action/detail
[33.004s] -- Installing: /home/conner/codePractice/rosDummy/install/robot_types/include/robot_types/action/detail/pid__type_support.cpp
[33.004s] -- Installing: /home/conner/codePractice/rosDummy/install/robot_types/include/robot_types/action/detail/pid__rosidl_typesupport_introspection_cpp.hpp
[33.005s] -- Installing: /home/conner/codePractice/rosDummy/install/robot_types/lib/librobot_types__rosidl_typesupport_introspection_cpp.so
[33.005s] -- Set runtime path of "/home/conner/codePractice/rosDummy/install/robot_types/lib/librobot_types__rosidl_typesupport_introspection_cpp.so" to ""
[33.005s] -- Installing: /home/conner/codePractice/rosDummy/install/robot_types/lib/librobot_types__rosidl_typesupport_cpp.so
[33.005s] -- Set runtime path of "/home/conner/codePractice/rosDummy/install/robot_types/lib/librobot_types__rosidl_typesupport_cpp.so" to ""
[33.005s] -- Installing: /home/conner/codePractice/rosDummy/install/robot_types/share/robot_types/environment/pythonpath.sh
[33.005s] -- Installing: /home/conner/codePractice/rosDummy/install/robot_types/share/robot_types/environment/pythonpath.dsv
[33.005s] -- Installing: /home/conner/codePractice/rosDummy/install/robot_types/lib/python3.8/site-packages/robot_types/__init__.py
[33.052s] Compiling '/home/conner/codePractice/rosDummy/install/robot_types/lib/python3.8/site-packages/robot_types/__init__.py'...
[33.060s] -- Installing: /home/conner/codePractice/rosDummy/install/robot_types/lib/python3.8/site-packages/robot_types/action
[33.061s] -- Installing: /home/conner/codePractice/rosDummy/install/robot_types/lib/python3.8/site-packages/robot_types/action/_pid.py
[33.061s] -- Installing: /home/conner/codePractice/rosDummy/install/robot_types/lib/python3.8/site-packages/robot_types/action/_pid_s.c
[33.061s] -- Installing: /home/conner/codePractice/rosDummy/install/robot_types/lib/python3.8/site-packages/robot_types/action/__init__.py
[33.062s] -- Installing: /home/conner/codePractice/rosDummy/install/robot_types/lib/python3.8/site-packages/robot_types/robot_types_s__rosidl_typesupport_fastrtps_c.cpython-38-x86_64-linux-gnu.so
[33.062s] -- Set runtime path of "/home/conner/codePractice/rosDummy/install/robot_types/lib/python3.8/site-packages/robot_types/robot_types_s__rosidl_typesupport_fastrtps_c.cpython-38-x86_64-linux-gnu.so" to ""
[33.062s] -- Installing: /home/conner/codePractice/rosDummy/install/robot_types/lib/python3.8/site-packages/robot_types/robot_types_s__rosidl_typesupport_introspection_c.cpython-38-x86_64-linux-gnu.so
[33.063s] -- Set runtime path of "/home/conner/codePractice/rosDummy/install/robot_types/lib/python3.8/site-packages/robot_types/robot_types_s__rosidl_typesupport_introspection_c.cpython-38-x86_64-linux-gnu.so" to ""
[33.063s] -- Installing: /home/conner/codePractice/rosDummy/install/robot_types/lib/python3.8/site-packages/robot_types/robot_types_s__rosidl_typesupport_c.cpython-38-x86_64-linux-gnu.so
[33.064s] -- Set runtime path of "/home/conner/codePractice/rosDummy/install/robot_types/lib/python3.8/site-packages/robot_types/robot_types_s__rosidl_typesupport_c.cpython-38-x86_64-linux-gnu.so" to ""
[33.065s] -- Installing: /home/conner/codePractice/rosDummy/install/robot_types/lib/librobot_types__python.so
[33.065s] -- Set runtime path of "/home/conner/codePractice/rosDummy/install/robot_types/lib/librobot_types__python.so" to ""
[33.066s] -- Installing: /home/conner/codePractice/rosDummy/install/robot_types/share/robot_types/action/PID.idl
[33.066s] -- Installing: /home/conner/codePractice/rosDummy/install/robot_types/share/robot_types/action/PID.action
[33.066s] -- Installing: /home/conner/codePractice/rosDummy/install/robot_types/share/ament_index/resource_index/package_run_dependencies/robot_types
[33.067s] -- Installing: /home/conner/codePractice/rosDummy/install/robot_types/share/ament_index/resource_index/parent_prefix_path/robot_types
[33.068s] -- Installing: /home/conner/codePractice/rosDummy/install/robot_types/share/robot_types/environment/ament_prefix_path.sh
[33.068s] -- Installing: /home/conner/codePractice/rosDummy/install/robot_types/share/robot_types/environment/ament_prefix_path.dsv
[33.068s] -- Installing: /home/conner/codePractice/rosDummy/install/robot_types/share/robot_types/environment/path.sh
[33.069s] -- Installing: /home/conner/codePractice/rosDummy/install/robot_types/share/robot_types/environment/path.dsv
[33.069s] -- Installing: /home/conner/codePractice/rosDummy/install/robot_types/share/robot_types/local_setup.bash
[33.069s] -- Installing: /home/conner/codePractice/rosDummy/install/robot_types/share/robot_types/local_setup.sh
[33.069s] -- Installing: /home/conner/codePractice/rosDummy/install/robot_types/share/robot_types/local_setup.zsh
[33.070s] -- Installing: /home/conner/codePractice/rosDummy/install/robot_types/share/robot_types/local_setup.dsv
[33.070s] -- Installing: /home/conner/codePractice/rosDummy/install/robot_types/share/robot_types/package.dsv
[33.070s] -- Installing: /home/conner/codePractice/rosDummy/install/robot_types/share/ament_index/resource_index/packages/robot_types
[33.071s] -- Installing: /home/conner/codePractice/rosDummy/install/robot_types/share/robot_types/cmake/robot_types__rosidl_generator_cExport.cmake
[33.071s] -- Installing: /home/conner/codePractice/rosDummy/install/robot_types/share/robot_types/cmake/robot_types__rosidl_generator_cExport-noconfig.cmake
[33.072s] -- Installing: /home/conner/codePractice/rosDummy/install/robot_types/share/robot_types/cmake/robot_types__rosidl_typesupport_introspection_cExport.cmake
[33.072s] -- Installing: /home/conner/codePractice/rosDummy/install/robot_types/share/robot_types/cmake/robot_types__rosidl_typesupport_introspection_cExport-noconfig.cmake
[33.072s] -- Installing: /home/conner/codePractice/rosDummy/install/robot_types/share/robot_types/cmake/robot_types__rosidl_typesupport_cExport.cmake
[33.073s] -- Installing: /home/conner/codePractice/rosDummy/install/robot_types/share/robot_types/cmake/robot_types__rosidl_typesupport_cExport-noconfig.cmake
[33.074s] -- Installing: /home/conner/codePractice/rosDummy/install/robot_types/share/robot_types/cmake/robot_types__rosidl_generator_cppExport.cmake
[33.076s] -- Installing: /home/conner/codePractice/rosDummy/install/robot_types/share/robot_types/cmake/robot_types__rosidl_typesupport_introspection_cppExport.cmake
[33.077s] -- Installing: /home/conner/codePractice/rosDummy/install/robot_types/share/robot_types/cmake/robot_types__rosidl_typesupport_introspection_cppExport-noconfig.cmake
[33.077s] -- Installing: /home/conner/codePractice/rosDummy/install/robot_types/share/robot_types/cmake/robot_types__rosidl_typesupport_cppExport.cmake
[33.077s] -- Installing: /home/conner/codePractice/rosDummy/install/robot_types/share/robot_types/cmake/robot_types__rosidl_typesupport_cppExport-noconfig.cmake
[33.077s] -- Installing: /home/conner/codePractice/rosDummy/install/robot_types/share/robot_types/cmake/rosidl_cmake-extras.cmake
[33.078s] -- Installing: /home/conner/codePractice/rosDummy/install/robot_types/share/robot_types/cmake/ament_cmake_export_dependencies-extras.cmake
[33.078s] -- Installing: /home/conner/codePractice/rosDummy/install/robot_types/share/robot_types/cmake/ament_cmake_export_libraries-extras.cmake
[33.079s] -- Installing: /home/conner/codePractice/rosDummy/install/robot_types/share/robot_types/cmake/ament_cmake_export_targets-extras.cmake
[33.079s] -- Installing: /home/conner/codePractice/rosDummy/install/robot_types/share/robot_types/cmake/ament_cmake_export_include_directories-extras.cmake
[33.079s] -- Installing: /home/conner/codePractice/rosDummy/install/robot_types/share/robot_types/cmake/rosidl_cmake_export_typesupport_libraries-extras.cmake
[33.080s] -- Installing: /home/conner/codePractice/rosDummy/install/robot_types/share/robot_types/cmake/rosidl_cmake_export_typesupport_targets-extras.cmake
[33.080s] -- Installing: /home/conner/codePractice/rosDummy/install/robot_types/share/robot_types/cmake/robot_typesConfig.cmake
[33.080s] -- Installing: /home/conner/codePractice/rosDummy/install/robot_types/share/robot_types/cmake/robot_typesConfig-version.cmake
[33.080s] -- Installing: /home/conner/codePractice/rosDummy/install/robot_types/share/robot_types/package.xml
[33.084s] Invoked command in '/home/conner/codePractice/rosDummy/build/robot_types' returned '0': CMAKE_PREFIX_PATH=/opt/ros/foxy /usr/bin/cmake --install /home/conner/codePractice/rosDummy/build/robot_types
