[0.515s] DEBUG:colcon:Command line arguments: ['/usr/bin/colcon', 'build']
[0.515s] DEBUG:colcon:Parsed command line arguments: Namespace(allow_overriding=[], ament_cmake_args=None, base_paths=['.'], build_base='build', catkin_cmake_args=None, catkin_skip_building_tests=False, cmake_args=None, cmake_clean_cache=False, cmake_clean_first=False, cmake_force_configure=False, cmake_target=None, cmake_target_skip_unavailable=False, continue_on_error=False, event_handlers=None, executor='parallel', ignore_user_meta=False, install_base='install', log_base=None, log_level=None, main=<bound method BuildVerb.main of <colcon_core.verb.build.BuildVerb object at 0x7f1d8828d850>>, merge_install=False, metas=['./colcon.meta'], packages_above=None, packages_above_and_dependencies=None, packages_above_depth=None, packages_end=None, packages_ignore=None, packages_ignore_regex=None, packages_select=None, packages_select_build_failed=False, packages_select_by_dep=None, packages_select_regex=None, packages_select_test_failures=False, packages_skip=None, packages_skip_build_finished=False, packages_skip_by_dep=None, packages_skip_regex=None, packages_skip_test_passed=False, packages_skip_up_to=None, packages_start=None, packages_up_to=None, packages_up_to_regex=None, parallel_workers=8, paths=None, symlink_install=False, test_result_base=None, verb_extension=<colcon_core.verb.build.BuildVerb object at 0x7f1d8828d850>, verb_name='build', verb_parser=<colcon_defaults.argument_parser.defaults.DefaultArgumentsDecorator object at 0x7f1d8828ddc0>)
[0.549s] Level 1:colcon.colcon_core.package_discovery:discover_packages(colcon_meta) check parameters
[0.549s] Level 1:colcon.colcon_core.package_discovery:discover_packages(recursive) check parameters
[0.549s] Level 1:colcon.colcon_core.package_discovery:discover_packages(ignore) check parameters
[0.549s] Level 1:colcon.colcon_core.package_discovery:discover_packages(path) check parameters
[0.549s] Level 1:colcon.colcon_core.package_discovery:discover_packages(colcon_meta) discover
[0.550s] Level 1:colcon.colcon_core.package_discovery:discover_packages(recursive) discover
[0.551s] INFO:colcon.colcon_core.package_discovery:Crawling recursively for packages in '/home/conner/codePractice/rosDummy'
[0.551s] Level 1:colcon.colcon_core.package_identification:_identify(.) by extensions ['ignore', 'ignore_ament_install']
[0.551s] Level 1:colcon.colcon_core.package_identification:_identify(.) by extension 'ignore'
[0.551s] Level 1:colcon.colcon_core.package_identification:_identify(.) by extension 'ignore_ament_install'
[0.551s] Level 1:colcon.colcon_core.package_identification:_identify(.) by extensions ['colcon_pkg']
[0.552s] Level 1:colcon.colcon_core.package_identification:_identify(.) by extension 'colcon_pkg'
[0.552s] Level 1:colcon.colcon_core.package_identification:_identify(.) by extensions ['colcon_meta']
[0.552s] Level 1:colcon.colcon_core.package_identification:_identify(.) by extension 'colcon_meta'
[0.552s] Level 1:colcon.colcon_core.package_identification:_identify(.) by extensions ['ros']
[0.552s] Level 1:colcon.colcon_core.package_identification:_identify(.) by extension 'ros'
[0.581s] Level 1:colcon.colcon_core.package_identification:_identify(.) by extensions ['cmake', 'python']
[0.581s] Level 1:colcon.colcon_core.package_identification:_identify(.) by extension 'cmake'
[0.581s] Level 1:colcon.colcon_core.package_identification:_identify(.) by extension 'python'
[0.581s] Level 1:colcon.colcon_core.package_identification:_identify(.) by extensions ['python_setup_py']
[0.581s] Level 1:colcon.colcon_core.package_identification:_identify(.) by extension 'python_setup_py'
[0.582s] Level 1:colcon.colcon_core.package_identification:_identify(build) by extensions ['ignore', 'ignore_ament_install']
[0.582s] Level 1:colcon.colcon_core.package_identification:_identify(build) by extension 'ignore'
[0.582s] Level 1:colcon.colcon_core.package_identification:_identify(build) ignored
[0.582s] Level 1:colcon.colcon_core.package_identification:_identify(install) by extensions ['ignore', 'ignore_ament_install']
[0.583s] Level 1:colcon.colcon_core.package_identification:_identify(install) by extension 'ignore'
[0.583s] Level 1:colcon.colcon_core.package_identification:_identify(install) ignored
[0.583s] Level 1:colcon.colcon_core.package_identification:_identify(log) by extensions ['ignore', 'ignore_ament_install']
[0.583s] Level 1:colcon.colcon_core.package_identification:_identify(log) by extension 'ignore'
[0.583s] Level 1:colcon.colcon_core.package_identification:_identify(log) ignored
[0.584s] Level 1:colcon.colcon_core.package_identification:_identify(src) by extensions ['ignore', 'ignore_ament_install']
[0.584s] Level 1:colcon.colcon_core.package_identification:_identify(src) by extension 'ignore'
[0.584s] Level 1:colcon.colcon_core.package_identification:_identify(src) by extension 'ignore_ament_install'
[0.584s] Level 1:colcon.colcon_core.package_identification:_identify(src) by extensions ['colcon_pkg']
[0.584s] Level 1:colcon.colcon_core.package_identification:_identify(src) by extension 'colcon_pkg'
[0.585s] Level 1:colcon.colcon_core.package_identification:_identify(src) by extensions ['colcon_meta']
[0.585s] Level 1:colcon.colcon_core.package_identification:_identify(src) by extension 'colcon_meta'
[0.585s] Level 1:colcon.colcon_core.package_identification:_identify(src) by extensions ['ros']
[0.585s] Level 1:colcon.colcon_core.package_identification:_identify(src) by extension 'ros'
[0.585s] Level 1:colcon.colcon_core.package_identification:_identify(src) by extensions ['cmake', 'python']
[0.585s] Level 1:colcon.colcon_core.package_identification:_identify(src) by extension 'cmake'
[0.585s] Level 1:colcon.colcon_core.package_identification:_identify(src) by extension 'python'
[0.585s] Level 1:colcon.colcon_core.package_identification:_identify(src) by extensions ['python_setup_py']
[0.585s] Level 1:colcon.colcon_core.package_identification:_identify(src) by extension 'python_setup_py'
[0.586s] Level 1:colcon.colcon_core.package_identification:_identify(src/brain_node) by extensions ['ignore', 'ignore_ament_install']
[0.586s] Level 1:colcon.colcon_core.package_identification:_identify(src/brain_node) by extension 'ignore'
[0.586s] Level 1:colcon.colcon_core.package_identification:_identify(src/brain_node) by extension 'ignore_ament_install'
[0.586s] Level 1:colcon.colcon_core.package_identification:_identify(src/brain_node) by extensions ['colcon_pkg']
[0.586s] Level 1:colcon.colcon_core.package_identification:_identify(src/brain_node) by extension 'colcon_pkg'
[0.587s] Level 1:colcon.colcon_core.package_identification:_identify(src/brain_node) by extensions ['colcon_meta']
[0.587s] Level 1:colcon.colcon_core.package_identification:_identify(src/brain_node) by extension 'colcon_meta'
[0.587s] Level 1:colcon.colcon_core.package_identification:_identify(src/brain_node) by extensions ['ros']
[0.587s] Level 1:colcon.colcon_core.package_identification:_identify(src/brain_node) by extension 'ros'
[0.591s] DEBUG:colcon.colcon_core.package_identification:Package 'src/brain_node' with type 'ros.ament_cmake' and name 'brain_node'
[0.592s] Level 1:colcon.colcon_core.package_identification:_identify(src/control_node) by extensions ['ignore', 'ignore_ament_install']
[0.592s] Level 1:colcon.colcon_core.package_identification:_identify(src/control_node) by extension 'ignore'
[0.592s] Level 1:colcon.colcon_core.package_identification:_identify(src/control_node) by extension 'ignore_ament_install'
[0.592s] Level 1:colcon.colcon_core.package_identification:_identify(src/control_node) by extensions ['colcon_pkg']
[0.592s] Level 1:colcon.colcon_core.package_identification:_identify(src/control_node) by extension 'colcon_pkg'
[0.592s] Level 1:colcon.colcon_core.package_identification:_identify(src/control_node) by extensions ['colcon_meta']
[0.593s] Level 1:colcon.colcon_core.package_identification:_identify(src/control_node) by extension 'colcon_meta'
[0.593s] Level 1:colcon.colcon_core.package_identification:_identify(src/control_node) by extensions ['ros']
[0.593s] Level 1:colcon.colcon_core.package_identification:_identify(src/control_node) by extension 'ros'
[0.595s] DEBUG:colcon.colcon_core.package_identification:Package 'src/control_node' with type 'ros.ament_cmake' and name 'control_node'
[0.595s] Level 1:colcon.colcon_core.package_identification:_identify(src/mediator_node) by extensions ['ignore', 'ignore_ament_install']
[0.595s] Level 1:colcon.colcon_core.package_identification:_identify(src/mediator_node) by extension 'ignore'
[0.595s] Level 1:colcon.colcon_core.package_identification:_identify(src/mediator_node) by extension 'ignore_ament_install'
[0.596s] Level 1:colcon.colcon_core.package_identification:_identify(src/mediator_node) by extensions ['colcon_pkg']
[0.596s] Level 1:colcon.colcon_core.package_identification:_identify(src/mediator_node) by extension 'colcon_pkg'
[0.596s] Level 1:colcon.colcon_core.package_identification:_identify(src/mediator_node) by extensions ['colcon_meta']
[0.596s] Level 1:colcon.colcon_core.package_identification:_identify(src/mediator_node) by extension 'colcon_meta'
[0.596s] Level 1:colcon.colcon_core.package_identification:_identify(src/mediator_node) by extensions ['ros']
[0.596s] Level 1:colcon.colcon_core.package_identification:_identify(src/mediator_node) by extension 'ros'
[0.597s] DEBUG:colcon.colcon_core.package_identification:Package 'src/mediator_node' with type 'ros.ament_cmake' and name 'mediator_node'
[0.597s] Level 1:colcon.colcon_core.package_identification:_identify(src/robot_types) by extensions ['ignore', 'ignore_ament_install']
[0.598s] Level 1:colcon.colcon_core.package_identification:_identify(src/robot_types) by extension 'ignore'
[0.598s] Level 1:colcon.colcon_core.package_identification:_identify(src/robot_types) by extension 'ignore_ament_install'
[0.598s] Level 1:colcon.colcon_core.package_identification:_identify(src/robot_types) by extensions ['colcon_pkg']
[0.598s] Level 1:colcon.colcon_core.package_identification:_identify(src/robot_types) by extension 'colcon_pkg'
[0.598s] Level 1:colcon.colcon_core.package_identification:_identify(src/robot_types) by extensions ['colcon_meta']
[0.598s] Level 1:colcon.colcon_core.package_identification:_identify(src/robot_types) by extension 'colcon_meta'
[0.599s] Level 1:colcon.colcon_core.package_identification:_identify(src/robot_types) by extensions ['ros']
[0.603s] Level 1:colcon.colcon_core.package_identification:_identify(src/robot_types) by extension 'ros'
[0.604s] DEBUG:colcon.colcon_core.package_identification:Package 'src/robot_types' with type 'ros.ament_cmake' and name 'robot_types'
[0.604s] Level 1:colcon.colcon_core.package_discovery:discover_packages(recursive) using defaults
[0.604s] Level 1:colcon.colcon_core.package_discovery:discover_packages(ignore) discover
[0.604s] Level 1:colcon.colcon_core.package_discovery:discover_packages(ignore) using defaults
[0.604s] Level 1:colcon.colcon_core.package_discovery:discover_packages(path) discover
[0.604s] Level 1:colcon.colcon_core.package_discovery:discover_packages(path) using defaults
[0.628s] Level 1:colcon.colcon_core.package_discovery:discover_packages(prefix_path) check parameters
[0.628s] Level 1:colcon.colcon_core.package_discovery:discover_packages(prefix_path) discover
[0.632s] DEBUG:colcon.colcon_installed_package_information.package_discovery:Found 4 installed packages in /home/conner/codePractice/rosDummy/install
[0.633s] DEBUG:colcon.colcon_installed_package_information.package_discovery:Found 256 installed packages in /opt/ros/foxy
[0.636s] Level 1:colcon.colcon_core.package_discovery:discover_packages(prefix_path) using defaults
[0.712s] Level 5:colcon.colcon_core.verb:set package 'brain_node' build argument 'cmake_args' from command line to 'None'
[0.712s] Level 5:colcon.colcon_core.verb:set package 'brain_node' build argument 'cmake_target' from command line to 'None'
[0.712s] Level 5:colcon.colcon_core.verb:set package 'brain_node' build argument 'cmake_target_skip_unavailable' from command line to 'False'
[0.712s] Level 5:colcon.colcon_core.verb:set package 'brain_node' build argument 'cmake_clean_cache' from command line to 'False'
[0.712s] Level 5:colcon.colcon_core.verb:set package 'brain_node' build argument 'cmake_clean_first' from command line to 'False'
[0.712s] Level 5:colcon.colcon_core.verb:set package 'brain_node' build argument 'cmake_force_configure' from command line to 'False'
[0.712s] Level 5:colcon.colcon_core.verb:set package 'brain_node' build argument 'ament_cmake_args' from command line to 'None'
[0.712s] Level 5:colcon.colcon_core.verb:set package 'brain_node' build argument 'catkin_cmake_args' from command line to 'None'
[0.712s] Level 5:colcon.colcon_core.verb:set package 'brain_node' build argument 'catkin_skip_building_tests' from command line to 'False'
[0.713s] DEBUG:colcon.colcon_core.verb:Building package 'brain_node' with the following arguments: {'ament_cmake_args': None, 'build_base': '/home/conner/codePractice/rosDummy/build/brain_node', 'catkin_cmake_args': None, 'catkin_skip_building_tests': False, 'cmake_args': None, 'cmake_clean_cache': False, 'cmake_clean_first': False, 'cmake_force_configure': False, 'cmake_target': None, 'cmake_target_skip_unavailable': False, 'install_base': '/home/conner/codePractice/rosDummy/install/brain_node', 'merge_install': False, 'path': '/home/conner/codePractice/rosDummy/src/brain_node', 'symlink_install': False, 'test_result_base': None}
[0.714s] Level 5:colcon.colcon_core.verb:set package 'robot_types' build argument 'cmake_args' from command line to 'None'
[0.714s] Level 5:colcon.colcon_core.verb:set package 'robot_types' build argument 'cmake_target' from command line to 'None'
[0.714s] Level 5:colcon.colcon_core.verb:set package 'robot_types' build argument 'cmake_target_skip_unavailable' from command line to 'False'
[0.714s] Level 5:colcon.colcon_core.verb:set package 'robot_types' build argument 'cmake_clean_cache' from command line to 'False'
[0.714s] Level 5:colcon.colcon_core.verb:set package 'robot_types' build argument 'cmake_clean_first' from command line to 'False'
[0.714s] Level 5:colcon.colcon_core.verb:set package 'robot_types' build argument 'cmake_force_configure' from command line to 'False'
[0.714s] Level 5:colcon.colcon_core.verb:set package 'robot_types' build argument 'ament_cmake_args' from command line to 'None'
[0.714s] Level 5:colcon.colcon_core.verb:set package 'robot_types' build argument 'catkin_cmake_args' from command line to 'None'
[0.714s] Level 5:colcon.colcon_core.verb:set package 'robot_types' build argument 'catkin_skip_building_tests' from command line to 'False'
[0.714s] DEBUG:colcon.colcon_core.verb:Building package 'robot_types' with the following arguments: {'ament_cmake_args': None, 'build_base': '/home/conner/codePractice/rosDummy/build/robot_types', 'catkin_cmake_args': None, 'catkin_skip_building_tests': False, 'cmake_args': None, 'cmake_clean_cache': False, 'cmake_clean_first': False, 'cmake_force_configure': False, 'cmake_target': None, 'cmake_target_skip_unavailable': False, 'install_base': '/home/conner/codePractice/rosDummy/install/robot_types', 'merge_install': False, 'path': '/home/conner/codePractice/rosDummy/src/robot_types', 'symlink_install': False, 'test_result_base': None}
[0.715s] Level 5:colcon.colcon_core.verb:set package 'control_node' build argument 'cmake_args' from command line to 'None'
[0.715s] Level 5:colcon.colcon_core.verb:set package 'control_node' build argument 'cmake_target' from command line to 'None'
[0.716s] Level 5:colcon.colcon_core.verb:set package 'control_node' build argument 'cmake_target_skip_unavailable' from command line to 'False'
[0.716s] Level 5:colcon.colcon_core.verb:set package 'control_node' build argument 'cmake_clean_cache' from command line to 'False'
[0.716s] Level 5:colcon.colcon_core.verb:set package 'control_node' build argument 'cmake_clean_first' from command line to 'False'
[0.716s] Level 5:colcon.colcon_core.verb:set package 'control_node' build argument 'cmake_force_configure' from command line to 'False'
[0.716s] Level 5:colcon.colcon_core.verb:set package 'control_node' build argument 'ament_cmake_args' from command line to 'None'
[0.716s] Level 5:colcon.colcon_core.verb:set package 'control_node' build argument 'catkin_cmake_args' from command line to 'None'
[0.716s] Level 5:colcon.colcon_core.verb:set package 'control_node' build argument 'catkin_skip_building_tests' from command line to 'False'
[0.716s] DEBUG:colcon.colcon_core.verb:Building package 'control_node' with the following arguments: {'ament_cmake_args': None, 'build_base': '/home/conner/codePractice/rosDummy/build/control_node', 'catkin_cmake_args': None, 'catkin_skip_building_tests': False, 'cmake_args': None, 'cmake_clean_cache': False, 'cmake_clean_first': False, 'cmake_force_configure': False, 'cmake_target': None, 'cmake_target_skip_unavailable': False, 'install_base': '/home/conner/codePractice/rosDummy/install/control_node', 'merge_install': False, 'path': '/home/conner/codePractice/rosDummy/src/control_node', 'symlink_install': False, 'test_result_base': None}
[0.717s] Level 5:colcon.colcon_core.verb:set package 'mediator_node' build argument 'cmake_args' from command line to 'None'
[0.717s] Level 5:colcon.colcon_core.verb:set package 'mediator_node' build argument 'cmake_target' from command line to 'None'
[0.717s] Level 5:colcon.colcon_core.verb:set package 'mediator_node' build argument 'cmake_target_skip_unavailable' from command line to 'False'
[0.717s] Level 5:colcon.colcon_core.verb:set package 'mediator_node' build argument 'cmake_clean_cache' from command line to 'False'
[0.717s] Level 5:colcon.colcon_core.verb:set package 'mediator_node' build argument 'cmake_clean_first' from command line to 'False'
[0.717s] Level 5:colcon.colcon_core.verb:set package 'mediator_node' build argument 'cmake_force_configure' from command line to 'False'
[0.717s] Level 5:colcon.colcon_core.verb:set package 'mediator_node' build argument 'ament_cmake_args' from command line to 'None'
[0.717s] Level 5:colcon.colcon_core.verb:set package 'mediator_node' build argument 'catkin_cmake_args' from command line to 'None'
[0.717s] Level 5:colcon.colcon_core.verb:set package 'mediator_node' build argument 'catkin_skip_building_tests' from command line to 'False'
[0.717s] DEBUG:colcon.colcon_core.verb:Building package 'mediator_node' with the following arguments: {'ament_cmake_args': None, 'build_base': '/home/conner/codePractice/rosDummy/build/mediator_node', 'catkin_cmake_args': None, 'catkin_skip_building_tests': False, 'cmake_args': None, 'cmake_clean_cache': False, 'cmake_clean_first': False, 'cmake_force_configure': False, 'cmake_target': None, 'cmake_target_skip_unavailable': False, 'install_base': '/home/conner/codePractice/rosDummy/install/mediator_node', 'merge_install': False, 'path': '/home/conner/codePractice/rosDummy/src/mediator_node', 'symlink_install': False, 'test_result_base': None}
[0.718s] INFO:colcon.colcon_core.executor:Executing jobs using 'parallel' executor
[0.722s] DEBUG:colcon.colcon_parallel_executor.executor.parallel:run_until_complete
[0.723s] INFO:colcon.colcon_ros.task.ament_cmake.build:Building ROS package in '/home/conner/codePractice/rosDummy/src/robot_types' with build type 'ament_cmake'
[0.724s] INFO:colcon.colcon_cmake.task.cmake.build:Building CMake package in '/home/conner/codePractice/rosDummy/src/robot_types'
[0.729s] INFO:colcon.colcon_core.plugin_system:Skipping extension 'colcon_core.shell.bat': Not used on non-Windows systems
[0.729s] INFO:colcon.colcon_core.shell:Skip shell extension 'powershell' for command environment: Not usable outside of PowerShell
[0.729s] DEBUG:colcon.colcon_core.shell:Skip shell extension 'dsv' for command environment
[0.742s] INFO:colcon.colcon_ros.task.ament_cmake.build:Building ROS package in '/home/conner/codePractice/rosDummy/src/brain_node' with build type 'ament_cmake'
[0.742s] INFO:colcon.colcon_cmake.task.cmake.build:Building CMake package in '/home/conner/codePractice/rosDummy/src/brain_node'
[0.745s] INFO:colcon.colcon_core.shell:Skip shell extension 'powershell' for command environment: Not usable outside of PowerShell
[0.746s] DEBUG:colcon.colcon_core.shell:Skip shell extension 'dsv' for command environment
[0.772s] DEBUG:colcon.colcon_core.event_handler.log_command:Invoking command in '/home/conner/codePractice/rosDummy/build/robot_types': CMAKE_PREFIX_PATH=${CMAKE_PREFIX_PATH}:/opt/ros/foxy /usr/bin/cmake --build /home/conner/codePractice/rosDummy/build/robot_types -- -j8 -l8
[0.789s] DEBUG:colcon.colcon_core.event_handler.log_command:Invoking command in '/home/conner/codePractice/rosDummy/build/brain_node': CMAKE_PREFIX_PATH=${CMAKE_PREFIX_PATH}:/opt/ros/foxy /usr/bin/cmake --build /home/conner/codePractice/rosDummy/build/brain_node -- -j8 -l8
[0.850s] DEBUG:colcon.colcon_core.event_handler.log_command:Invoked command in '/home/conner/codePractice/rosDummy/build/brain_node' returned '0': CMAKE_PREFIX_PATH=${CMAKE_PREFIX_PATH}:/opt/ros/foxy /usr/bin/cmake --build /home/conner/codePractice/rosDummy/build/brain_node -- -j8 -l8
[0.918s] DEBUG:colcon.colcon_core.event_handler.log_command:Invoking command in '/home/conner/codePractice/rosDummy/build/brain_node': CMAKE_PREFIX_PATH=${CMAKE_PREFIX_PATH}:/opt/ros/foxy /usr/bin/cmake --install /home/conner/codePractice/rosDummy/build/brain_node
[0.936s] Level 1:colcon.colcon_core.environment:create_environment_scripts_only(brain_node)
[0.940s] DEBUG:colcon.colcon_core.event_handler.log_command:Invoked command in '/home/conner/codePractice/rosDummy/build/brain_node' returned '0': CMAKE_PREFIX_PATH=${CMAKE_PREFIX_PATH}:/opt/ros/foxy /usr/bin/cmake --install /home/conner/codePractice/rosDummy/build/brain_node
[0.949s] Level 1:colcon.colcon_core.environment:checking '/home/conner/codePractice/rosDummy/install/brain_node' for CMake module files
[0.951s] Level 1:colcon.colcon_core.environment:checking '/home/conner/codePractice/rosDummy/install/brain_node' for CMake config files
[0.952s] Level 1:colcon.colcon_core.shell:create_environment_hook('brain_node', 'cmake_prefix_path')
[0.961s] INFO:colcon.colcon_core.shell:Creating environment hook '/home/conner/codePractice/rosDummy/install/brain_node/share/brain_node/hook/cmake_prefix_path.ps1'
[0.963s] INFO:colcon.colcon_core.shell:Creating environment descriptor '/home/conner/codePractice/rosDummy/install/brain_node/share/brain_node/hook/cmake_prefix_path.dsv'
[0.964s] INFO:colcon.colcon_core.shell:Creating environment hook '/home/conner/codePractice/rosDummy/install/brain_node/share/brain_node/hook/cmake_prefix_path.sh'
[0.969s] Level 1:colcon.colcon_core.environment:checking '/home/conner/codePractice/rosDummy/install/brain_node/bin'
[0.969s] Level 1:colcon.colcon_core.environment:checking '/home/conner/codePractice/rosDummy/install/brain_node/lib/pkgconfig/brain_node.pc'
[0.970s] Level 1:colcon.colcon_core.environment:checking '/home/conner/codePractice/rosDummy/install/brain_node/lib/python3.8/site-packages'
[0.970s] Level 1:colcon.colcon_core.environment:checking '/home/conner/codePractice/rosDummy/install/brain_node/bin'
[0.976s] INFO:colcon.colcon_core.shell:Creating package script '/home/conner/codePractice/rosDummy/install/brain_node/share/brain_node/package.ps1'
[0.977s] INFO:colcon.colcon_core.shell:Creating package descriptor '/home/conner/codePractice/rosDummy/install/brain_node/share/brain_node/package.dsv'
[0.978s] INFO:colcon.colcon_core.shell:Creating package script '/home/conner/codePractice/rosDummy/install/brain_node/share/brain_node/package.sh'
[0.980s] INFO:colcon.colcon_core.shell:Creating package script '/home/conner/codePractice/rosDummy/install/brain_node/share/brain_node/package.bash'
[0.983s] INFO:colcon.colcon_core.shell:Creating package script '/home/conner/codePractice/rosDummy/install/brain_node/share/brain_node/package.zsh'
[0.985s] Level 1:colcon.colcon_core.environment:create_file_with_runtime_dependencies(/home/conner/codePractice/rosDummy/install/brain_node/share/colcon-core/packages/brain_node)
[1.035s] Level 1:colcon.colcon_core.environment:create_environment_scripts_only(brain_node)
[1.038s] Level 1:colcon.colcon_core.environment:checking '/home/conner/codePractice/rosDummy/install/brain_node' for CMake module files
[1.039s] Level 1:colcon.colcon_core.environment:checking '/home/conner/codePractice/rosDummy/install/brain_node' for CMake config files
[1.040s] Level 1:colcon.colcon_core.shell:create_environment_hook('brain_node', 'cmake_prefix_path')
[1.043s] INFO:colcon.colcon_core.shell:Creating environment hook '/home/conner/codePractice/rosDummy/install/brain_node/share/brain_node/hook/cmake_prefix_path.ps1'
[1.044s] INFO:colcon.colcon_core.shell:Creating environment descriptor '/home/conner/codePractice/rosDummy/install/brain_node/share/brain_node/hook/cmake_prefix_path.dsv'
[1.045s] INFO:colcon.colcon_core.shell:Creating environment hook '/home/conner/codePractice/rosDummy/install/brain_node/share/brain_node/hook/cmake_prefix_path.sh'
[1.046s] Level 1:colcon.colcon_core.environment:checking '/home/conner/codePractice/rosDummy/install/brain_node/bin'
[1.046s] Level 1:colcon.colcon_core.environment:checking '/home/conner/codePractice/rosDummy/install/brain_node/lib/pkgconfig/brain_node.pc'
[1.047s] Level 1:colcon.colcon_core.environment:checking '/home/conner/codePractice/rosDummy/install/brain_node/lib/python3.8/site-packages'
[1.047s] Level 1:colcon.colcon_core.environment:checking '/home/conner/codePractice/rosDummy/install/brain_node/bin'
[1.049s] INFO:colcon.colcon_core.shell:Creating package script '/home/conner/codePractice/rosDummy/install/brain_node/share/brain_node/package.ps1'
[1.050s] INFO:colcon.colcon_core.shell:Creating package descriptor '/home/conner/codePractice/rosDummy/install/brain_node/share/brain_node/package.dsv'
[1.051s] INFO:colcon.colcon_core.shell:Creating package script '/home/conner/codePractice/rosDummy/install/brain_node/share/brain_node/package.sh'
[1.052s] INFO:colcon.colcon_core.shell:Creating package script '/home/conner/codePractice/rosDummy/install/brain_node/share/brain_node/package.bash'
[1.054s] INFO:colcon.colcon_core.shell:Creating package script '/home/conner/codePractice/rosDummy/install/brain_node/share/brain_node/package.zsh'
[1.055s] Level 1:colcon.colcon_core.environment:create_file_with_runtime_dependencies(/home/conner/codePractice/rosDummy/install/brain_node/share/colcon-core/packages/brain_node)
[1.162s] DEBUG:colcon.colcon_core.event_handler.log_command:Invoked command in '/home/conner/codePractice/rosDummy/build/robot_types' returned '0': CMAKE_PREFIX_PATH=${CMAKE_PREFIX_PATH}:/opt/ros/foxy /usr/bin/cmake --build /home/conner/codePractice/rosDummy/build/robot_types -- -j8 -l8
[1.256s] DEBUG:colcon.colcon_core.event_handler.log_command:Invoking command in '/home/conner/codePractice/rosDummy/build/robot_types': CMAKE_PREFIX_PATH=${CMAKE_PREFIX_PATH}:/opt/ros/foxy /usr/bin/cmake --install /home/conner/codePractice/rosDummy/build/robot_types
[1.373s] Level 1:colcon.colcon_core.environment:create_environment_scripts_only(robot_types)
[1.377s] Level 1:colcon.colcon_core.environment:checking '/home/conner/codePractice/rosDummy/install/robot_types' for CMake module files
[1.381s] DEBUG:colcon.colcon_core.event_handler.log_command:Invoked command in '/home/conner/codePractice/rosDummy/build/robot_types' returned '0': CMAKE_PREFIX_PATH=${CMAKE_PREFIX_PATH}:/opt/ros/foxy /usr/bin/cmake --install /home/conner/codePractice/rosDummy/build/robot_types
[1.382s] Level 1:colcon.colcon_core.environment:checking '/home/conner/codePractice/rosDummy/install/robot_types' for CMake config files
[1.382s] Level 1:colcon.colcon_core.shell:create_environment_hook('robot_types', 'cmake_prefix_path')
[1.384s] INFO:colcon.colcon_core.shell:Creating environment hook '/home/conner/codePractice/rosDummy/install/robot_types/share/robot_types/hook/cmake_prefix_path.ps1'
[1.386s] INFO:colcon.colcon_core.shell:Creating environment descriptor '/home/conner/codePractice/rosDummy/install/robot_types/share/robot_types/hook/cmake_prefix_path.dsv'
[1.387s] INFO:colcon.colcon_core.shell:Creating environment hook '/home/conner/codePractice/rosDummy/install/robot_types/share/robot_types/hook/cmake_prefix_path.sh'
[1.388s] Level 1:colcon.colcon_core.environment:checking '/home/conner/codePractice/rosDummy/install/robot_types/lib'
[1.389s] Level 1:colcon.colcon_core.shell:create_environment_hook('robot_types', 'ld_library_path_lib')
[1.392s] INFO:colcon.colcon_core.shell:Creating environment hook '/home/conner/codePractice/rosDummy/install/robot_types/share/robot_types/hook/ld_library_path_lib.ps1'
[1.393s] INFO:colcon.colcon_core.shell:Creating environment descriptor '/home/conner/codePractice/rosDummy/install/robot_types/share/robot_types/hook/ld_library_path_lib.dsv'
[1.395s] INFO:colcon.colcon_core.shell:Creating environment hook '/home/conner/codePractice/rosDummy/install/robot_types/share/robot_types/hook/ld_library_path_lib.sh'
[1.396s] Level 1:colcon.colcon_core.environment:checking '/home/conner/codePractice/rosDummy/install/robot_types/bin'
[1.396s] Level 1:colcon.colcon_core.environment:checking '/home/conner/codePractice/rosDummy/install/robot_types/lib/pkgconfig/robot_types.pc'
[1.397s] Level 1:colcon.colcon_core.environment:checking '/home/conner/codePractice/rosDummy/install/robot_types/lib/python3.8/site-packages'
[1.397s] Level 1:colcon.colcon_core.shell:create_environment_hook('robot_types', 'pythonpath')
[1.399s] INFO:colcon.colcon_core.shell:Creating environment hook '/home/conner/codePractice/rosDummy/install/robot_types/share/robot_types/hook/pythonpath.ps1'
[1.401s] INFO:colcon.colcon_core.shell:Creating environment descriptor '/home/conner/codePractice/rosDummy/install/robot_types/share/robot_types/hook/pythonpath.dsv'
[1.402s] INFO:colcon.colcon_core.shell:Creating environment hook '/home/conner/codePractice/rosDummy/install/robot_types/share/robot_types/hook/pythonpath.sh'
[1.403s] Level 1:colcon.colcon_core.environment:checking '/home/conner/codePractice/rosDummy/install/robot_types/bin'
[1.408s] INFO:colcon.colcon_core.shell:Creating package script '/home/conner/codePractice/rosDummy/install/robot_types/share/robot_types/package.ps1'
[1.410s] INFO:colcon.colcon_core.shell:Creating package descriptor '/home/conner/codePractice/rosDummy/install/robot_types/share/robot_types/package.dsv'
[1.412s] INFO:colcon.colcon_core.shell:Creating package script '/home/conner/codePractice/rosDummy/install/robot_types/share/robot_types/package.sh'
[1.414s] INFO:colcon.colcon_core.shell:Creating package script '/home/conner/codePractice/rosDummy/install/robot_types/share/robot_types/package.bash'
[1.416s] INFO:colcon.colcon_core.shell:Creating package script '/home/conner/codePractice/rosDummy/install/robot_types/share/robot_types/package.zsh'
[1.417s] Level 1:colcon.colcon_core.environment:create_file_with_runtime_dependencies(/home/conner/codePractice/rosDummy/install/robot_types/share/colcon-core/packages/robot_types)
[1.514s] Level 1:colcon.colcon_core.environment:create_environment_scripts_only(robot_types)
[1.516s] Level 1:colcon.colcon_core.environment:checking '/home/conner/codePractice/rosDummy/install/robot_types' for CMake module files
[1.517s] Level 1:colcon.colcon_core.environment:checking '/home/conner/codePractice/rosDummy/install/robot_types' for CMake config files
[1.517s] Level 1:colcon.colcon_core.shell:create_environment_hook('robot_types', 'cmake_prefix_path')
[1.519s] INFO:colcon.colcon_core.shell:Creating environment hook '/home/conner/codePractice/rosDummy/install/robot_types/share/robot_types/hook/cmake_prefix_path.ps1'
[1.520s] INFO:colcon.colcon_core.shell:Creating environment descriptor '/home/conner/codePractice/rosDummy/install/robot_types/share/robot_types/hook/cmake_prefix_path.dsv'
[1.521s] INFO:colcon.colcon_core.shell:Creating environment hook '/home/conner/codePractice/rosDummy/install/robot_types/share/robot_types/hook/cmake_prefix_path.sh'
[1.522s] Level 1:colcon.colcon_core.environment:checking '/home/conner/codePractice/rosDummy/install/robot_types/lib'
[1.523s] Level 1:colcon.colcon_core.shell:create_environment_hook('robot_types', 'ld_library_path_lib')
[1.525s] INFO:colcon.colcon_core.shell:Creating environment hook '/home/conner/codePractice/rosDummy/install/robot_types/share/robot_types/hook/ld_library_path_lib.ps1'
[1.525s] INFO:colcon.colcon_core.shell:Creating environment descriptor '/home/conner/codePractice/rosDummy/install/robot_types/share/robot_types/hook/ld_library_path_lib.dsv'
[1.527s] INFO:colcon.colcon_core.shell:Creating environment hook '/home/conner/codePractice/rosDummy/install/robot_types/share/robot_types/hook/ld_library_path_lib.sh'
[1.527s] Level 1:colcon.colcon_core.environment:checking '/home/conner/codePractice/rosDummy/install/robot_types/bin'
[1.528s] Level 1:colcon.colcon_core.environment:checking '/home/conner/codePractice/rosDummy/install/robot_types/lib/pkgconfig/robot_types.pc'
[1.528s] Level 1:colcon.colcon_core.environment:checking '/home/conner/codePractice/rosDummy/install/robot_types/lib/python3.8/site-packages'
[1.528s] Level 1:colcon.colcon_core.shell:create_environment_hook('robot_types', 'pythonpath')
[1.530s] INFO:colcon.colcon_core.shell:Creating environment hook '/home/conner/codePractice/rosDummy/install/robot_types/share/robot_types/hook/pythonpath.ps1'
[1.530s] INFO:colcon.colcon_core.shell:Creating environment descriptor '/home/conner/codePractice/rosDummy/install/robot_types/share/robot_types/hook/pythonpath.dsv'
[1.531s] INFO:colcon.colcon_core.shell:Creating environment hook '/home/conner/codePractice/rosDummy/install/robot_types/share/robot_types/hook/pythonpath.sh'
[1.532s] Level 1:colcon.colcon_core.environment:checking '/home/conner/codePractice/rosDummy/install/robot_types/bin'
[1.533s] INFO:colcon.colcon_core.shell:Creating package script '/home/conner/codePractice/rosDummy/install/robot_types/share/robot_types/package.ps1'
[1.535s] INFO:colcon.colcon_core.shell:Creating package descriptor '/home/conner/codePractice/rosDummy/install/robot_types/share/robot_types/package.dsv'
[1.536s] INFO:colcon.colcon_core.shell:Creating package script '/home/conner/codePractice/rosDummy/install/robot_types/share/robot_types/package.sh'
[1.536s] INFO:colcon.colcon_core.shell:Creating package script '/home/conner/codePractice/rosDummy/install/robot_types/share/robot_types/package.bash'
[1.537s] INFO:colcon.colcon_core.shell:Creating package script '/home/conner/codePractice/rosDummy/install/robot_types/share/robot_types/package.zsh'
[1.538s] Level 1:colcon.colcon_core.environment:create_file_with_runtime_dependencies(/home/conner/codePractice/rosDummy/install/robot_types/share/colcon-core/packages/robot_types)
[1.539s] INFO:colcon.colcon_ros.task.ament_cmake.build:Building ROS package in '/home/conner/codePractice/rosDummy/src/control_node' with build type 'ament_cmake'
[1.540s] INFO:colcon.colcon_cmake.task.cmake.build:Building CMake package in '/home/conner/codePractice/rosDummy/src/control_node'
[1.542s] INFO:colcon.colcon_core.shell:Skip shell extension 'powershell' for command environment: Not usable outside of PowerShell
[1.542s] DEBUG:colcon.colcon_core.shell:Skip shell extension 'dsv' for command environment
[1.553s] INFO:colcon.colcon_ros.task.ament_cmake.build:Building ROS package in '/home/conner/codePractice/rosDummy/src/mediator_node' with build type 'ament_cmake'
[1.554s] INFO:colcon.colcon_cmake.task.cmake.build:Building CMake package in '/home/conner/codePractice/rosDummy/src/mediator_node'
[1.560s] INFO:colcon.colcon_core.shell:Skip shell extension 'powershell' for command environment: Not usable outside of PowerShell
[1.561s] DEBUG:colcon.colcon_core.shell:Skip shell extension 'dsv' for command environment
[1.949s] DEBUG:colcon.colcon_core.event_handler.log_command:Invoking command in '/home/conner/codePractice/rosDummy/build/control_node': CMAKE_PREFIX_PATH=/home/conner/codePractice/rosDummy/install/robot_types:/home/conner/codePractice/rosDummy/install/mediator_node:/home/conner/codePractice/rosDummy/install/control_node:/home/conner/codePractice/rosDummy/install/brain_node:/opt/ros/foxy LD_LIBRARY_PATH=/home/conner/codePractice/rosDummy/install/robot_types/lib:/home/conner/codePractice/rosDummy/install/mediator_node/lib:/home/conner/codePractice/rosDummy/install/control_node/lib:/opt/ros/foxy/opt/yaml_cpp_vendor/lib:/opt/ros/foxy/opt/rviz_ogre_vendor/lib:/opt/ros/foxy/lib/x86_64-linux-gnu:/opt/ros/foxy/lib /usr/bin/cmake --build /home/conner/codePractice/rosDummy/build/control_node -- -j8 -l8
[1.983s] DEBUG:colcon.colcon_core.event_handler.log_command:Invoking command in '/home/conner/codePractice/rosDummy/build/mediator_node': CMAKE_PREFIX_PATH=/home/conner/codePractice/rosDummy/install/robot_types:/home/conner/codePractice/rosDummy/install/mediator_node:/home/conner/codePractice/rosDummy/install/control_node:/home/conner/codePractice/rosDummy/install/brain_node:/opt/ros/foxy LD_LIBRARY_PATH=/home/conner/codePractice/rosDummy/install/robot_types/lib:/home/conner/codePractice/rosDummy/install/mediator_node/lib:/home/conner/codePractice/rosDummy/install/control_node/lib:/opt/ros/foxy/opt/yaml_cpp_vendor/lib:/opt/ros/foxy/opt/rviz_ogre_vendor/lib:/opt/ros/foxy/lib/x86_64-linux-gnu:/opt/ros/foxy/lib /usr/bin/cmake --build /home/conner/codePractice/rosDummy/build/mediator_node -- -j8 -l8
[2.063s] DEBUG:colcon.colcon_core.event_handler.log_command:Invoked command in '/home/conner/codePractice/rosDummy/build/control_node' returned '0': CMAKE_PREFIX_PATH=/home/conner/codePractice/rosDummy/install/robot_types:/home/conner/codePractice/rosDummy/install/mediator_node:/home/conner/codePractice/rosDummy/install/control_node:/home/conner/codePractice/rosDummy/install/brain_node:/opt/ros/foxy LD_LIBRARY_PATH=/home/conner/codePractice/rosDummy/install/robot_types/lib:/home/conner/codePractice/rosDummy/install/mediator_node/lib:/home/conner/codePractice/rosDummy/install/control_node/lib:/opt/ros/foxy/opt/yaml_cpp_vendor/lib:/opt/ros/foxy/opt/rviz_ogre_vendor/lib:/opt/ros/foxy/lib/x86_64-linux-gnu:/opt/ros/foxy/lib /usr/bin/cmake --build /home/conner/codePractice/rosDummy/build/control_node -- -j8 -l8
[2.092s] DEBUG:colcon.colcon_core.event_handler.log_command:Invoked command in '/home/conner/codePractice/rosDummy/build/mediator_node' returned '0': CMAKE_PREFIX_PATH=/home/conner/codePractice/rosDummy/install/robot_types:/home/conner/codePractice/rosDummy/install/mediator_node:/home/conner/codePractice/rosDummy/install/control_node:/home/conner/codePractice/rosDummy/install/brain_node:/opt/ros/foxy LD_LIBRARY_PATH=/home/conner/codePractice/rosDummy/install/robot_types/lib:/home/conner/codePractice/rosDummy/install/mediator_node/lib:/home/conner/codePractice/rosDummy/install/control_node/lib:/opt/ros/foxy/opt/yaml_cpp_vendor/lib:/opt/ros/foxy/opt/rviz_ogre_vendor/lib:/opt/ros/foxy/lib/x86_64-linux-gnu:/opt/ros/foxy/lib /usr/bin/cmake --build /home/conner/codePractice/rosDummy/build/mediator_node -- -j8 -l8
[2.123s] DEBUG:colcon.colcon_core.event_handler.log_command:Invoking command in '/home/conner/codePractice/rosDummy/build/control_node': CMAKE_PREFIX_PATH=/home/conner/codePractice/rosDummy/install/robot_types:/home/conner/codePractice/rosDummy/install/mediator_node:/home/conner/codePractice/rosDummy/install/control_node:/home/conner/codePractice/rosDummy/install/brain_node:/opt/ros/foxy LD_LIBRARY_PATH=/home/conner/codePractice/rosDummy/install/robot_types/lib:/home/conner/codePractice/rosDummy/install/mediator_node/lib:/home/conner/codePractice/rosDummy/install/control_node/lib:/opt/ros/foxy/opt/yaml_cpp_vendor/lib:/opt/ros/foxy/opt/rviz_ogre_vendor/lib:/opt/ros/foxy/lib/x86_64-linux-gnu:/opt/ros/foxy/lib /usr/bin/cmake --install /home/conner/codePractice/rosDummy/build/control_node
[2.159s] Level 1:colcon.colcon_core.environment:create_environment_scripts_only(control_node)
[2.160s] DEBUG:colcon.colcon_core.event_handler.log_command:Invoking command in '/home/conner/codePractice/rosDummy/build/mediator_node': CMAKE_PREFIX_PATH=/home/conner/codePractice/rosDummy/install/robot_types:/home/conner/codePractice/rosDummy/install/mediator_node:/home/conner/codePractice/rosDummy/install/control_node:/home/conner/codePractice/rosDummy/install/brain_node:/opt/ros/foxy LD_LIBRARY_PATH=/home/conner/codePractice/rosDummy/install/robot_types/lib:/home/conner/codePractice/rosDummy/install/mediator_node/lib:/home/conner/codePractice/rosDummy/install/control_node/lib:/opt/ros/foxy/opt/yaml_cpp_vendor/lib:/opt/ros/foxy/opt/rviz_ogre_vendor/lib:/opt/ros/foxy/lib/x86_64-linux-gnu:/opt/ros/foxy/lib /usr/bin/cmake --install /home/conner/codePractice/rosDummy/build/mediator_node
[2.165s] Level 1:colcon.colcon_core.environment:checking '/home/conner/codePractice/rosDummy/install/control_node' for CMake module files
[2.167s] DEBUG:colcon.colcon_core.event_handler.log_command:Invoked command in '/home/conner/codePractice/rosDummy/build/control_node' returned '0': CMAKE_PREFIX_PATH=/home/conner/codePractice/rosDummy/install/robot_types:/home/conner/codePractice/rosDummy/install/mediator_node:/home/conner/codePractice/rosDummy/install/control_node:/home/conner/codePractice/rosDummy/install/brain_node:/opt/ros/foxy LD_LIBRARY_PATH=/home/conner/codePractice/rosDummy/install/robot_types/lib:/home/conner/codePractice/rosDummy/install/mediator_node/lib:/home/conner/codePractice/rosDummy/install/control_node/lib:/opt/ros/foxy/opt/yaml_cpp_vendor/lib:/opt/ros/foxy/opt/rviz_ogre_vendor/lib:/opt/ros/foxy/lib/x86_64-linux-gnu:/opt/ros/foxy/lib /usr/bin/cmake --install /home/conner/codePractice/rosDummy/build/control_node
[2.168s] Level 1:colcon.colcon_core.environment:checking '/home/conner/codePractice/rosDummy/install/control_node' for CMake config files
[2.169s] Level 1:colcon.colcon_core.shell:create_environment_hook('control_node', 'cmake_prefix_path')
[2.171s] INFO:colcon.colcon_core.shell:Creating environment hook '/home/conner/codePractice/rosDummy/install/control_node/share/control_node/hook/cmake_prefix_path.ps1'
[2.182s] INFO:colcon.colcon_core.shell:Creating environment descriptor '/home/conner/codePractice/rosDummy/install/control_node/share/control_node/hook/cmake_prefix_path.dsv'
[2.184s] INFO:colcon.colcon_core.shell:Creating environment hook '/home/conner/codePractice/rosDummy/install/control_node/share/control_node/hook/cmake_prefix_path.sh'
[2.185s] Level 1:colcon.colcon_core.environment:checking '/home/conner/codePractice/rosDummy/install/control_node/lib'
[2.185s] Level 1:colcon.colcon_core.shell:create_environment_hook('control_node', 'ld_library_path_lib')
[2.188s] INFO:colcon.colcon_core.shell:Creating environment hook '/home/conner/codePractice/rosDummy/install/control_node/share/control_node/hook/ld_library_path_lib.ps1'
[2.189s] INFO:colcon.colcon_core.shell:Creating environment descriptor '/home/conner/codePractice/rosDummy/install/control_node/share/control_node/hook/ld_library_path_lib.dsv'
[2.190s] INFO:colcon.colcon_core.shell:Creating environment hook '/home/conner/codePractice/rosDummy/install/control_node/share/control_node/hook/ld_library_path_lib.sh'
[2.191s] Level 1:colcon.colcon_core.environment:checking '/home/conner/codePractice/rosDummy/install/control_node/bin'
[2.191s] Level 1:colcon.colcon_core.environment:checking '/home/conner/codePractice/rosDummy/install/control_node/lib/pkgconfig/control_node.pc'
[2.192s] Level 1:colcon.colcon_core.environment:checking '/home/conner/codePractice/rosDummy/install/control_node/lib/python3.8/site-packages'
[2.192s] Level 1:colcon.colcon_core.environment:checking '/home/conner/codePractice/rosDummy/install/control_node/bin'
[2.194s] INFO:colcon.colcon_core.shell:Creating package script '/home/conner/codePractice/rosDummy/install/control_node/share/control_node/package.ps1'
[2.195s] INFO:colcon.colcon_core.shell:Creating package descriptor '/home/conner/codePractice/rosDummy/install/control_node/share/control_node/package.dsv'
[2.196s] INFO:colcon.colcon_core.shell:Creating package script '/home/conner/codePractice/rosDummy/install/control_node/share/control_node/package.sh'
[2.197s] INFO:colcon.colcon_core.shell:Creating package script '/home/conner/codePractice/rosDummy/install/control_node/share/control_node/package.bash'
[2.197s] INFO:colcon.colcon_core.shell:Creating package script '/home/conner/codePractice/rosDummy/install/control_node/share/control_node/package.zsh'
[2.198s] Level 1:colcon.colcon_core.environment:create_file_with_runtime_dependencies(/home/conner/codePractice/rosDummy/install/control_node/share/colcon-core/packages/control_node)
[2.204s] Level 1:colcon.colcon_core.environment:create_environment_scripts_only(mediator_node)
[2.208s] Level 1:colcon.colcon_core.environment:checking '/home/conner/codePractice/rosDummy/install/mediator_node' for CMake module files
[2.209s] DEBUG:colcon.colcon_core.event_handler.log_command:Invoked command in '/home/conner/codePractice/rosDummy/build/mediator_node' returned '0': CMAKE_PREFIX_PATH=/home/conner/codePractice/rosDummy/install/robot_types:/home/conner/codePractice/rosDummy/install/mediator_node:/home/conner/codePractice/rosDummy/install/control_node:/home/conner/codePractice/rosDummy/install/brain_node:/opt/ros/foxy LD_LIBRARY_PATH=/home/conner/codePractice/rosDummy/install/robot_types/lib:/home/conner/codePractice/rosDummy/install/mediator_node/lib:/home/conner/codePractice/rosDummy/install/control_node/lib:/opt/ros/foxy/opt/yaml_cpp_vendor/lib:/opt/ros/foxy/opt/rviz_ogre_vendor/lib:/opt/ros/foxy/lib/x86_64-linux-gnu:/opt/ros/foxy/lib /usr/bin/cmake --install /home/conner/codePractice/rosDummy/build/mediator_node
[2.211s] Level 1:colcon.colcon_core.environment:checking '/home/conner/codePractice/rosDummy/install/mediator_node' for CMake config files
[2.211s] Level 1:colcon.colcon_core.shell:create_environment_hook('mediator_node', 'cmake_prefix_path')
[2.214s] INFO:colcon.colcon_core.shell:Creating environment hook '/home/conner/codePractice/rosDummy/install/mediator_node/share/mediator_node/hook/cmake_prefix_path.ps1'
[2.215s] INFO:colcon.colcon_core.shell:Creating environment descriptor '/home/conner/codePractice/rosDummy/install/mediator_node/share/mediator_node/hook/cmake_prefix_path.dsv'
[2.216s] INFO:colcon.colcon_core.shell:Creating environment hook '/home/conner/codePractice/rosDummy/install/mediator_node/share/mediator_node/hook/cmake_prefix_path.sh'
[2.217s] Level 1:colcon.colcon_core.environment:checking '/home/conner/codePractice/rosDummy/install/mediator_node/lib'
[2.217s] Level 1:colcon.colcon_core.shell:create_environment_hook('mediator_node', 'ld_library_path_lib')
[2.220s] INFO:colcon.colcon_core.shell:Creating environment hook '/home/conner/codePractice/rosDummy/install/mediator_node/share/mediator_node/hook/ld_library_path_lib.ps1'
[2.221s] INFO:colcon.colcon_core.shell:Creating environment descriptor '/home/conner/codePractice/rosDummy/install/mediator_node/share/mediator_node/hook/ld_library_path_lib.dsv'
[2.222s] INFO:colcon.colcon_core.shell:Creating environment hook '/home/conner/codePractice/rosDummy/install/mediator_node/share/mediator_node/hook/ld_library_path_lib.sh'
[2.223s] Level 1:colcon.colcon_core.environment:checking '/home/conner/codePractice/rosDummy/install/mediator_node/bin'
[2.223s] Level 1:colcon.colcon_core.environment:checking '/home/conner/codePractice/rosDummy/install/mediator_node/lib/pkgconfig/mediator_node.pc'
[2.223s] Level 1:colcon.colcon_core.environment:checking '/home/conner/codePractice/rosDummy/install/mediator_node/lib/python3.8/site-packages'
[2.224s] Level 1:colcon.colcon_core.environment:checking '/home/conner/codePractice/rosDummy/install/mediator_node/bin'
[2.226s] INFO:colcon.colcon_core.shell:Creating package script '/home/conner/codePractice/rosDummy/install/mediator_node/share/mediator_node/package.ps1'
[2.227s] INFO:colcon.colcon_core.shell:Creating package descriptor '/home/conner/codePractice/rosDummy/install/mediator_node/share/mediator_node/package.dsv'
[2.228s] INFO:colcon.colcon_core.shell:Creating package script '/home/conner/codePractice/rosDummy/install/mediator_node/share/mediator_node/package.sh'
[2.229s] INFO:colcon.colcon_core.shell:Creating package script '/home/conner/codePractice/rosDummy/install/mediator_node/share/mediator_node/package.bash'
[2.231s] INFO:colcon.colcon_core.shell:Creating package script '/home/conner/codePractice/rosDummy/install/mediator_node/share/mediator_node/package.zsh'
[2.231s] Level 1:colcon.colcon_core.environment:create_file_with_runtime_dependencies(/home/conner/codePractice/rosDummy/install/mediator_node/share/colcon-core/packages/mediator_node)
[2.245s] Level 1:colcon.colcon_core.environment:create_environment_scripts_only(control_node)
[2.247s] Level 1:colcon.colcon_core.environment:checking '/home/conner/codePractice/rosDummy/install/control_node' for CMake module files
[2.248s] Level 1:colcon.colcon_core.environment:checking '/home/conner/codePractice/rosDummy/install/control_node' for CMake config files
[2.249s] Level 1:colcon.colcon_core.shell:create_environment_hook('control_node', 'cmake_prefix_path')
[2.251s] INFO:colcon.colcon_core.shell:Creating environment hook '/home/conner/codePractice/rosDummy/install/control_node/share/control_node/hook/cmake_prefix_path.ps1'
[2.252s] INFO:colcon.colcon_core.shell:Creating environment descriptor '/home/conner/codePractice/rosDummy/install/control_node/share/control_node/hook/cmake_prefix_path.dsv'
[2.253s] INFO:colcon.colcon_core.shell:Creating environment hook '/home/conner/codePractice/rosDummy/install/control_node/share/control_node/hook/cmake_prefix_path.sh'
[2.256s] Level 1:colcon.colcon_core.environment:checking '/home/conner/codePractice/rosDummy/install/control_node/lib'
[2.257s] Level 1:colcon.colcon_core.shell:create_environment_hook('control_node', 'ld_library_path_lib')
[2.260s] INFO:colcon.colcon_core.shell:Creating environment hook '/home/conner/codePractice/rosDummy/install/control_node/share/control_node/hook/ld_library_path_lib.ps1'
[2.261s] INFO:colcon.colcon_core.shell:Creating environment descriptor '/home/conner/codePractice/rosDummy/install/control_node/share/control_node/hook/ld_library_path_lib.dsv'
[2.262s] INFO:colcon.colcon_core.shell:Creating environment hook '/home/conner/codePractice/rosDummy/install/control_node/share/control_node/hook/ld_library_path_lib.sh'
[2.263s] Level 1:colcon.colcon_core.environment:checking '/home/conner/codePractice/rosDummy/install/control_node/bin'
[2.263s] Level 1:colcon.colcon_core.environment:checking '/home/conner/codePractice/rosDummy/install/control_node/lib/pkgconfig/control_node.pc'
[2.263s] Level 1:colcon.colcon_core.environment:checking '/home/conner/codePractice/rosDummy/install/control_node/lib/python3.8/site-packages'
[2.263s] Level 1:colcon.colcon_core.environment:checking '/home/conner/codePractice/rosDummy/install/control_node/bin'
[2.266s] INFO:colcon.colcon_core.shell:Creating package script '/home/conner/codePractice/rosDummy/install/control_node/share/control_node/package.ps1'
[2.268s] INFO:colcon.colcon_core.shell:Creating package descriptor '/home/conner/codePractice/rosDummy/install/control_node/share/control_node/package.dsv'
[2.269s] INFO:colcon.colcon_core.shell:Creating package script '/home/conner/codePractice/rosDummy/install/control_node/share/control_node/package.sh'
[2.270s] INFO:colcon.colcon_core.shell:Creating package script '/home/conner/codePractice/rosDummy/install/control_node/share/control_node/package.bash'
[2.272s] INFO:colcon.colcon_core.shell:Creating package script '/home/conner/codePractice/rosDummy/install/control_node/share/control_node/package.zsh'
[2.273s] Level 1:colcon.colcon_core.environment:create_file_with_runtime_dependencies(/home/conner/codePractice/rosDummy/install/control_node/share/colcon-core/packages/control_node)
[2.279s] Level 1:colcon.colcon_core.environment:create_environment_scripts_only(mediator_node)
[2.281s] Level 1:colcon.colcon_core.environment:checking '/home/conner/codePractice/rosDummy/install/mediator_node' for CMake module files
[2.282s] Level 1:colcon.colcon_core.environment:checking '/home/conner/codePractice/rosDummy/install/mediator_node' for CMake config files
[2.282s] Level 1:colcon.colcon_core.shell:create_environment_hook('mediator_node', 'cmake_prefix_path')
[2.284s] INFO:colcon.colcon_core.shell:Creating environment hook '/home/conner/codePractice/rosDummy/install/mediator_node/share/mediator_node/hook/cmake_prefix_path.ps1'
[2.285s] INFO:colcon.colcon_core.shell:Creating environment descriptor '/home/conner/codePractice/rosDummy/install/mediator_node/share/mediator_node/hook/cmake_prefix_path.dsv'
[2.286s] INFO:colcon.colcon_core.shell:Creating environment hook '/home/conner/codePractice/rosDummy/install/mediator_node/share/mediator_node/hook/cmake_prefix_path.sh'
[2.287s] Level 1:colcon.colcon_core.environment:checking '/home/conner/codePractice/rosDummy/install/mediator_node/lib'
[2.287s] Level 1:colcon.colcon_core.shell:create_environment_hook('mediator_node', 'ld_library_path_lib')
[2.290s] INFO:colcon.colcon_core.shell:Creating environment hook '/home/conner/codePractice/rosDummy/install/mediator_node/share/mediator_node/hook/ld_library_path_lib.ps1'
[2.291s] INFO:colcon.colcon_core.shell:Creating environment descriptor '/home/conner/codePractice/rosDummy/install/mediator_node/share/mediator_node/hook/ld_library_path_lib.dsv'
[2.292s] INFO:colcon.colcon_core.shell:Creating environment hook '/home/conner/codePractice/rosDummy/install/mediator_node/share/mediator_node/hook/ld_library_path_lib.sh'
[2.293s] Level 1:colcon.colcon_core.environment:checking '/home/conner/codePractice/rosDummy/install/mediator_node/bin'
[2.293s] Level 1:colcon.colcon_core.environment:checking '/home/conner/codePractice/rosDummy/install/mediator_node/lib/pkgconfig/mediator_node.pc'
[2.293s] Level 1:colcon.colcon_core.environment:checking '/home/conner/codePractice/rosDummy/install/mediator_node/lib/python3.8/site-packages'
[2.294s] Level 1:colcon.colcon_core.environment:checking '/home/conner/codePractice/rosDummy/install/mediator_node/bin'
[2.296s] INFO:colcon.colcon_core.shell:Creating package script '/home/conner/codePractice/rosDummy/install/mediator_node/share/mediator_node/package.ps1'
[2.297s] INFO:colcon.colcon_core.shell:Creating package descriptor '/home/conner/codePractice/rosDummy/install/mediator_node/share/mediator_node/package.dsv'
[2.299s] INFO:colcon.colcon_core.shell:Creating package script '/home/conner/codePractice/rosDummy/install/mediator_node/share/mediator_node/package.sh'
[2.300s] INFO:colcon.colcon_core.shell:Creating package script '/home/conner/codePractice/rosDummy/install/mediator_node/share/mediator_node/package.bash'
[2.301s] INFO:colcon.colcon_core.shell:Creating package script '/home/conner/codePractice/rosDummy/install/mediator_node/share/mediator_node/package.zsh'
[2.302s] Level 1:colcon.colcon_core.environment:create_file_with_runtime_dependencies(/home/conner/codePractice/rosDummy/install/mediator_node/share/colcon-core/packages/mediator_node)
[2.302s] DEBUG:colcon.colcon_parallel_executor.executor.parallel:closing loop
[2.304s] DEBUG:colcon.colcon_parallel_executor.executor.parallel:loop closed
[2.305s] DEBUG:colcon.colcon_parallel_executor.executor.parallel:run_until_complete finished with '0'
[2.305s] DEBUG:colcon.colcon_core.event_reactor:joining thread
[2.417s] INFO:colcon.colcon_core.plugin_system:Skipping extension 'colcon_notification.desktop_notification.notify_send': Could not find 'notify-send'
[2.418s] INFO:colcon.colcon_core.plugin_system:Skipping extension 'colcon_notification.desktop_notification.terminal_notifier': Not used on non-Darwin systems
[2.418s] INFO:colcon.colcon_core.plugin_system:Skipping extension 'colcon_notification.desktop_notification.win32': Not used on non-Windows systems
[2.418s] INFO:colcon.colcon_notification.desktop_notification:Sending desktop notification using 'notify2'
[2.428s] DEBUG:colcon.colcon_notification.desktop_notification.notify2:Failed to initialize notify2: org.freedesktop.DBus.Error.ServiceUnknown: The name org.freedesktop.Notifications was not provided by any .service files
[2.429s] DEBUG:colcon.colcon_core.event_reactor:joined thread
[2.431s] INFO:colcon.colcon_core.shell:Creating prefix script '/home/conner/codePractice/rosDummy/install/local_setup.ps1'
[2.433s] INFO:colcon.colcon_core.shell:Creating prefix util module '/home/conner/codePractice/rosDummy/install/_local_setup_util_ps1.py'
[2.436s] INFO:colcon.colcon_core.shell:Creating prefix chain script '/home/conner/codePractice/rosDummy/install/setup.ps1'
[2.439s] INFO:colcon.colcon_core.shell:Creating prefix script '/home/conner/codePractice/rosDummy/install/local_setup.sh'
[2.440s] INFO:colcon.colcon_core.shell:Creating prefix util module '/home/conner/codePractice/rosDummy/install/_local_setup_util_sh.py'
[2.442s] INFO:colcon.colcon_core.shell:Creating prefix chain script '/home/conner/codePractice/rosDummy/install/setup.sh'
[2.445s] INFO:colcon.colcon_core.shell:Creating prefix script '/home/conner/codePractice/rosDummy/install/local_setup.bash'
[2.448s] INFO:colcon.colcon_core.shell:Creating prefix chain script '/home/conner/codePractice/rosDummy/install/setup.bash'
[2.452s] INFO:colcon.colcon_core.shell:Creating prefix script '/home/conner/codePractice/rosDummy/install/local_setup.zsh'
[2.453s] INFO:colcon.colcon_core.shell:Creating prefix chain script '/home/conner/codePractice/rosDummy/install/setup.zsh'
