[0.053s] Invoking command in '/home/conner/codePractice/rosDummy/build/robot_types': CMAKE_PREFIX_PATH=${CMAKE_PREFIX_PATH}:/opt/ros/foxy /usr/bin/cmake --build /home/conner/codePractice/rosDummy/build/robot_types -- -j8 -l8
[0.311s] -- Found ament_cmake: 0.9.11 (/opt/ros/foxy/share/ament_cmake/cmake)
[0.361s] -- Found PythonInterp: /usr/bin/python3 (found suitable version "3.8.10", minimum required is "3") 
[0.361s] -- Using PYTHON_EXECUTABLE: /usr/bin/python3
[0.769s] -- Found rosidl_default_generators: 1.0.1 (/opt/ros/foxy/share/rosidl_default_generators/cmake)
[0.781s] -- Using all available rosidl_typesupport_c: rosidl_typesupport_fastrtps_c;rosidl_typesupport_introspection_c
[0.790s] -- Found rosidl_adapter: 1.3.0 (/opt/ros/foxy/share/rosidl_adapter/cmake)
[16.452s] -- Using all available rosidl_typesupport_cpp: rosidl_typesupport_fastrtps_cpp;rosidl_typesupport_introspection_cpp
[16.537s] -- Found PythonInterp: /usr/bin/python3 (found version "3.8.10") 
[16.939s] -- Found ament_cmake_ros: 0.9.2 (/opt/ros/foxy/share/ament_cmake_ros/cmake)
[31.187s] -- Using all available rosidl_typesupport_c: rosidl_typesupport_fastrtps_c;rosidl_typesupport_introspection_c
[31.226s] -- Using all available rosidl_typesupport_cpp: rosidl_typesupport_fastrtps_cpp;rosidl_typesupport_introspection_cpp
[31.273s] -- Found PythonInterp: /usr/bin/python3 (found suitable version "3.8.10", minimum required is "3.5") 
[31.276s] -- Found python_cmake_module: 0.8.1 (/opt/ros/foxy/share/python_cmake_module/cmake)
[31.310s] -- Using PYTHON_EXECUTABLE: /usr/bin/python3
[31.310s] -- Using PYTHON_INCLUDE_DIRS: /usr/include/python3.8
[31.310s] -- Using PYTHON_LIBRARIES: /usr/lib/x86_64-linux-gnu/libpython3.8.so
[31.400s] -- Configuring done
[31.581s] -- Generating done
[31.594s] -- Build files have been written to: /home/conner/codePractice/rosDummy/build/robot_types
[31.658s] [  3%] [34m[1mGenerating C code for ROS interfaces[0m
[31.676s] [  6%] [34m[1mGenerating C++ code for ROS interfaces[0m
[32.668s] [  6%] Built target robot_types__cpp
[32.696s] [  9%] [34m[1mGenerating C++ type support dispatch for ROS interfaces[0m
[32.698s] [ 16%] [34m[1mGenerating C++ type support for eProsima Fast-RTPS[0m
[32.700s] [ 16%] [34m[1mGenerating C++ introspection for ROS interfaces[0m
[32.801s] [35m[1mScanning dependencies of target robot_types__rosidl_generator_c[0m
[32.836s] [ 19%] [32mBuilding C object CMakeFiles/robot_types__rosidl_generator_c.dir/rosidl_generator_c/robot_types/action/detail/pid__functions.c.o[0m
[33.862s] [35m[1mScanning dependencies of target robot_types__rosidl_typesupport_cpp[0m
[33.920s] [ 22%] [32mBuilding CXX object CMakeFiles/robot_types__rosidl_typesupport_cpp.dir/rosidl_typesupport_cpp/robot_types/action/pid__type_support.cpp.o[0m
[34.019s] [35m[1mScanning dependencies of target robot_types__rosidl_typesupport_introspection_cpp[0m
[34.094s] [ 25%] [32mBuilding CXX object CMakeFiles/robot_types__rosidl_typesupport_introspection_cpp.dir/rosidl_typesupport_introspection_cpp/robot_types/action/detail/pid__type_support.cpp.o[0m
[34.105s] [ 29%] [32m[1mLinking C shared library librobot_types__rosidl_generator_c.so[0m
[34.196s] [35m[1mScanning dependencies of target robot_types__rosidl_typesupport_fastrtps_cpp[0m
[34.266s] [ 32%] [32mBuilding CXX object CMakeFiles/robot_types__rosidl_typesupport_fastrtps_cpp.dir/rosidl_typesupport_fastrtps_cpp/robot_types/action/detail/dds_fastrtps/pid__type_support.cpp.o[0m
[34.577s] [ 32%] Built target robot_types__rosidl_generator_c
[34.621s] [ 38%] [34m[1mGenerating C introspection for ROS interfaces[0m
[34.622s] [ 38%] [34m[1mGenerating C type support dispatch for ROS interfaces[0m
[35.379s] [ 41%] [32m[1mLinking CXX shared library librobot_types__rosidl_typesupport_cpp.so[0m
[35.574s] [ 45%] [32m[1mLinking CXX shared library librobot_types__rosidl_typesupport_introspection_cpp.so[0m
[35.641s] [35m[1mScanning dependencies of target robot_types__rosidl_typesupport_c[0m
[35.686s] [ 48%] [32mBuilding CXX object CMakeFiles/robot_types__rosidl_typesupport_c.dir/rosidl_typesupport_c/robot_types/action/pid__type_support.cpp.o[0m
[35.830s] [ 48%] Built target robot_types__rosidl_typesupport_cpp
[35.875s] [ 51%] [32m[1mLinking CXX shared library librobot_types__rosidl_typesupport_c.so[0m
[35.944s] [35m[1mScanning dependencies of target robot_types__rosidl_typesupport_introspection_c[0m
[35.988s] [ 54%] [32mBuilding C object CMakeFiles/robot_types__rosidl_typesupport_introspection_c.dir/rosidl_typesupport_introspection_c/robot_types/action/detail/pid__type_support.c.o[0m
[36.125s] [ 58%] [32m[1mLinking C shared library librobot_types__rosidl_typesupport_introspection_c.so[0m
[36.139s] [ 58%] Built target robot_types__rosidl_typesupport_introspection_cpp
[36.255s] [ 58%] Built target robot_types__rosidl_typesupport_c
[36.309s] [ 61%] [32m[1mLinking CXX shared library librobot_types__rosidl_typesupport_fastrtps_cpp.so[0m
[36.494s] [ 61%] Built target robot_types__rosidl_typesupport_introspection_c
[36.810s] [ 61%] Built target robot_types__rosidl_typesupport_fastrtps_cpp
[36.826s] [ 64%] [34m[1mGenerating C type support for eProsima Fast-RTPS[0m
[37.606s] [35m[1mScanning dependencies of target robot_types__rosidl_typesupport_fastrtps_c[0m
[37.638s] [ 67%] [32mBuilding CXX object CMakeFiles/robot_types__rosidl_typesupport_fastrtps_c.dir/rosidl_typesupport_fastrtps_c/robot_types/action/detail/pid__type_support_c.cpp.o[0m
[38.421s] [ 70%] [32m[1mLinking CXX shared library librobot_types__rosidl_typesupport_fastrtps_c.so[0m
[38.812s] [ 70%] Built target robot_types__rosidl_typesupport_fastrtps_c
[38.859s] [ 70%] Built target robot_types
[38.899s] [ 74%] [34m[1mGenerating Python code for ROS interfaces[0m
[41.464s] [ 74%] Built target robot_types__py
[41.484s] [35m[1mScanning dependencies of target robot_types__python[0m
[41.522s] [ 77%] [32mBuilding C object CMakeFiles/robot_types__python.dir/rosidl_generator_py/robot_types/action/_pid_s.c.o[0m
[42.041s] [ 80%] [32m[1mLinking C shared library rosidl_generator_py/robot_types/librobot_types__python.so[0m
[42.391s] [ 80%] Built target robot_types__python
[42.419s] [35m[1mScanning dependencies of target robot_types__rosidl_typesupport_c__pyext[0m
[42.419s] [35m[1mScanning dependencies of target robot_types__rosidl_typesupport_introspection_c__pyext[0m
[42.422s] [35m[1mScanning dependencies of target robot_types__rosidl_typesupport_fastrtps_c__pyext[0m
[42.462s] [ 83%] [32mBuilding C object CMakeFiles/robot_types__rosidl_typesupport_c__pyext.dir/rosidl_generator_py/robot_types/_robot_types_s.ep.rosidl_typesupport_c.c.o[0m
[42.464s] [ 87%] [32mBuilding C object CMakeFiles/robot_types__rosidl_typesupport_introspection_c__pyext.dir/rosidl_generator_py/robot_types/_robot_types_s.ep.rosidl_typesupport_introspection_c.c.o[0m
[42.468s] [ 90%] [32mBuilding C object CMakeFiles/robot_types__rosidl_typesupport_fastrtps_c__pyext.dir/rosidl_generator_py/robot_types/_robot_types_s.ep.rosidl_typesupport_fastrtps_c.c.o[0m
[42.775s] [ 93%] [32m[1mLinking C shared library rosidl_generator_py/robot_types/robot_types_s__rosidl_typesupport_introspection_c.cpython-38-x86_64-linux-gnu.so[0m
[42.775s] [ 96%] [32m[1mLinking C shared library rosidl_generator_py/robot_types/robot_types_s__rosidl_typesupport_c.cpython-38-x86_64-linux-gnu.so[0m
[42.788s] [100%] [32m[1mLinking CXX shared library rosidl_generator_py/robot_types/robot_types_s__rosidl_typesupport_fastrtps_c.cpython-38-x86_64-linux-gnu.so[0m
[43.094s] [100%] Built target robot_types__rosidl_typesupport_c__pyext
[43.100s] [100%] Built target robot_types__rosidl_typesupport_introspection_c__pyext
[43.255s] [100%] Built target robot_types__rosidl_typesupport_fastrtps_c__pyext
[43.287s] Invoked command in '/home/conner/codePractice/rosDummy/build/robot_types' returned '0': CMAKE_PREFIX_PATH=${CMAKE_PREFIX_PATH}:/opt/ros/foxy /usr/bin/cmake --build /home/conner/codePractice/rosDummy/build/robot_types -- -j8 -l8
[43.454s] Invoking command in '/home/conner/codePractice/rosDummy/build/robot_types': CMAKE_PREFIX_PATH=${CMAKE_PREFIX_PATH}:/opt/ros/foxy /usr/bin/cmake --install /home/conner/codePractice/rosDummy/build/robot_types
[43.474s] -- Install configuration: ""
[43.475s] -- Up-to-date: /home/conner/codePractice/rosDummy/install/robot_types/share/ament_index/resource_index/rosidl_interfaces/robot_types
[43.476s] -- Up-to-date: /home/conner/codePractice/rosDummy/install/robot_types/include/robot_types
[43.476s] -- Up-to-date: /home/conner/codePractice/rosDummy/install/robot_types/include/robot_types/msg
[43.477s] -- Up-to-date: /home/conner/codePractice/rosDummy/install/robot_types/include/robot_types/msg/rosidl_generator_c__visibility_control.h
[43.477s] -- Up-to-date: /home/conner/codePractice/rosDummy/install/robot_types/include/robot_types/action
[43.477s] -- Installing: /home/conner/codePractice/rosDummy/install/robot_types/include/robot_types/action/pid.h
[43.478s] -- Up-to-date: /home/conner/codePractice/rosDummy/install/robot_types/include/robot_types/action/detail
[43.478s] -- Installing: /home/conner/codePractice/rosDummy/install/robot_types/include/robot_types/action/detail/pid__struct.h
[43.478s] -- Installing: /home/conner/codePractice/rosDummy/install/robot_types/include/robot_types/action/detail/pid__functions.h
[43.478s] -- Installing: /home/conner/codePractice/rosDummy/install/robot_types/include/robot_types/action/detail/pid__type_support.h
[43.479s] -- Installing: /home/conner/codePractice/rosDummy/install/robot_types/include/robot_types/action/detail/pid__functions.c
[43.479s] -- Up-to-date: /home/conner/codePractice/rosDummy/install/robot_types/share/robot_types/environment/library_path.sh
[43.480s] -- Installing: /home/conner/codePractice/rosDummy/install/robot_types/share/robot_types/environment/library_path.dsv
[43.481s] -- Installing: /home/conner/codePractice/rosDummy/install/robot_types/lib/librobot_types__rosidl_generator_c.so
[43.484s] -- Set runtime path of "/home/conner/codePractice/rosDummy/install/robot_types/lib/librobot_types__rosidl_generator_c.so" to ""
[43.484s] -- Up-to-date: /home/conner/codePractice/rosDummy/install/robot_types/include/robot_types
[43.484s] -- Up-to-date: /home/conner/codePractice/rosDummy/install/robot_types/include/robot_types/msg
[43.484s] -- Up-to-date: /home/conner/codePractice/rosDummy/install/robot_types/include/robot_types/msg/rosidl_typesupport_fastrtps_c__visibility_control.h
[43.485s] -- Up-to-date: /home/conner/codePractice/rosDummy/install/robot_types/include/robot_types/action
[43.485s] -- Up-to-date: /home/conner/codePractice/rosDummy/install/robot_types/include/robot_types/action/detail
[43.485s] -- Installing: /home/conner/codePractice/rosDummy/install/robot_types/include/robot_types/action/detail/pid__rosidl_typesupport_fastrtps_c.h
[43.487s] -- Installing: /home/conner/codePractice/rosDummy/install/robot_types/lib/librobot_types__rosidl_typesupport_fastrtps_c.so
[43.489s] -- Set runtime path of "/home/conner/codePractice/rosDummy/install/robot_types/lib/librobot_types__rosidl_typesupport_fastrtps_c.so" to ""
[43.489s] -- Up-to-date: /home/conner/codePractice/rosDummy/install/robot_types/include/robot_types
[43.490s] -- Up-to-date: /home/conner/codePractice/rosDummy/install/robot_types/include/robot_types/msg
[43.490s] -- Up-to-date: /home/conner/codePractice/rosDummy/install/robot_types/include/robot_types/msg/rosidl_typesupport_fastrtps_cpp__visibility_control.h
[43.490s] -- Up-to-date: /home/conner/codePractice/rosDummy/install/robot_types/include/robot_types/action
[43.490s] -- Up-to-date: /home/conner/codePractice/rosDummy/install/robot_types/include/robot_types/action/detail
[43.490s] -- Installing: /home/conner/codePractice/rosDummy/install/robot_types/include/robot_types/action/detail/pid__rosidl_typesupport_fastrtps_cpp.hpp
[43.490s] -- Up-to-date: /home/conner/codePractice/rosDummy/install/robot_types/include/robot_types/action/detail/dds_fastrtps
[43.491s] -- Installing: /home/conner/codePractice/rosDummy/install/robot_types/lib/librobot_types__rosidl_typesupport_fastrtps_cpp.so
[43.495s] -- Set runtime path of "/home/conner/codePractice/rosDummy/install/robot_types/lib/librobot_types__rosidl_typesupport_fastrtps_cpp.so" to ""
[43.495s] -- Up-to-date: /home/conner/codePractice/rosDummy/install/robot_types/include/robot_types
[43.496s] -- Up-to-date: /home/conner/codePractice/rosDummy/install/robot_types/include/robot_types/msg
[43.496s] -- Up-to-date: /home/conner/codePractice/rosDummy/install/robot_types/include/robot_types/msg/rosidl_typesupport_introspection_c__visibility_control.h
[43.496s] -- Up-to-date: /home/conner/codePractice/rosDummy/install/robot_types/include/robot_types/action
[43.496s] -- Up-to-date: /home/conner/codePractice/rosDummy/install/robot_types/include/robot_types/action/detail
[43.497s] -- Installing: /home/conner/codePractice/rosDummy/install/robot_types/include/robot_types/action/detail/pid__rosidl_typesupport_introspection_c.h
[43.497s] -- Installing: /home/conner/codePractice/rosDummy/install/robot_types/include/robot_types/action/detail/pid__type_support.c
[43.497s] -- Installing: /home/conner/codePractice/rosDummy/install/robot_types/lib/librobot_types__rosidl_typesupport_introspection_c.so
[43.497s] -- Set runtime path of "/home/conner/codePractice/rosDummy/install/robot_types/lib/librobot_types__rosidl_typesupport_introspection_c.so" to ""
[43.498s] -- Installing: /home/conner/codePractice/rosDummy/install/robot_types/lib/librobot_types__rosidl_typesupport_c.so
[43.499s] -- Set runtime path of "/home/conner/codePractice/rosDummy/install/robot_types/lib/librobot_types__rosidl_typesupport_c.so" to ""
[43.499s] -- Up-to-date: /home/conner/codePractice/rosDummy/install/robot_types/include/robot_types
[43.500s] -- Up-to-date: /home/conner/codePractice/rosDummy/install/robot_types/include/robot_types/action
[43.500s] -- Installing: /home/conner/codePractice/rosDummy/install/robot_types/include/robot_types/action/pid.hpp
[43.500s] -- Up-to-date: /home/conner/codePractice/rosDummy/install/robot_types/include/robot_types/action/detail
[43.500s] -- Installing: /home/conner/codePractice/rosDummy/install/robot_types/include/robot_types/action/detail/pid__traits.hpp
[43.501s] -- Installing: /home/conner/codePractice/rosDummy/install/robot_types/include/robot_types/action/detail/pid__struct.hpp
[43.504s] -- Installing: /home/conner/codePractice/rosDummy/install/robot_types/include/robot_types/action/detail/pid__builder.hpp
[43.507s] -- Up-to-date: /home/conner/codePractice/rosDummy/install/robot_types/include/robot_types
[43.507s] -- Up-to-date: /home/conner/codePractice/rosDummy/install/robot_types/include/robot_types/action
[43.508s] -- Up-to-date: /home/conner/codePractice/rosDummy/install/robot_types/include/robot_types/action/detail
[43.508s] -- Installing: /home/conner/codePractice/rosDummy/install/robot_types/include/robot_types/action/detail/pid__type_support.cpp
[43.509s] -- Installing: /home/conner/codePractice/rosDummy/install/robot_types/include/robot_types/action/detail/pid__rosidl_typesupport_introspection_cpp.hpp
[43.510s] -- Installing: /home/conner/codePractice/rosDummy/install/robot_types/lib/librobot_types__rosidl_typesupport_introspection_cpp.so
[43.513s] -- Set runtime path of "/home/conner/codePractice/rosDummy/install/robot_types/lib/librobot_types__rosidl_typesupport_introspection_cpp.so" to ""
[43.513s] -- Installing: /home/conner/codePractice/rosDummy/install/robot_types/lib/librobot_types__rosidl_typesupport_cpp.so
[43.514s] -- Set runtime path of "/home/conner/codePractice/rosDummy/install/robot_types/lib/librobot_types__rosidl_typesupport_cpp.so" to ""
[43.515s] -- Up-to-date: /home/conner/codePractice/rosDummy/install/robot_types/share/robot_types/environment/pythonpath.sh
[43.515s] -- Installing: /home/conner/codePractice/rosDummy/install/robot_types/share/robot_types/environment/pythonpath.dsv
[43.516s] -- Installing: /home/conner/codePractice/rosDummy/install/robot_types/lib/python3.8/site-packages/robot_types/__init__.py
[43.585s] Compiling '/home/conner/codePractice/rosDummy/install/robot_types/lib/python3.8/site-packages/robot_types/__init__.py'...
[43.593s] -- Up-to-date: /home/conner/codePractice/rosDummy/install/robot_types/lib/python3.8/site-packages/robot_types/action
[43.594s] -- Installing: /home/conner/codePractice/rosDummy/install/robot_types/lib/python3.8/site-packages/robot_types/action/_pid.py
[43.594s] -- Installing: /home/conner/codePractice/rosDummy/install/robot_types/lib/python3.8/site-packages/robot_types/action/_pid_s.c
[43.595s] -- Installing: /home/conner/codePractice/rosDummy/install/robot_types/lib/python3.8/site-packages/robot_types/action/__init__.py
[43.596s] -- Installing: /home/conner/codePractice/rosDummy/install/robot_types/lib/python3.8/site-packages/robot_types/robot_types_s__rosidl_typesupport_fastrtps_c.cpython-38-x86_64-linux-gnu.so
[43.597s] -- Set runtime path of "/home/conner/codePractice/rosDummy/install/robot_types/lib/python3.8/site-packages/robot_types/robot_types_s__rosidl_typesupport_fastrtps_c.cpython-38-x86_64-linux-gnu.so" to ""
[43.598s] -- Installing: /home/conner/codePractice/rosDummy/install/robot_types/lib/python3.8/site-packages/robot_types/robot_types_s__rosidl_typesupport_introspection_c.cpython-38-x86_64-linux-gnu.so
[43.600s] -- Set runtime path of "/home/conner/codePractice/rosDummy/install/robot_types/lib/python3.8/site-packages/robot_types/robot_types_s__rosidl_typesupport_introspection_c.cpython-38-x86_64-linux-gnu.so" to ""
[43.603s] -- Installing: /home/conner/codePractice/rosDummy/install/robot_types/lib/python3.8/site-packages/robot_types/robot_types_s__rosidl_typesupport_c.cpython-38-x86_64-linux-gnu.so
[43.606s] -- Set runtime path of "/home/conner/codePractice/rosDummy/install/robot_types/lib/python3.8/site-packages/robot_types/robot_types_s__rosidl_typesupport_c.cpython-38-x86_64-linux-gnu.so" to ""
[43.608s] -- Installing: /home/conner/codePractice/rosDummy/install/robot_types/lib/librobot_types__python.so
[43.612s] -- Set runtime path of "/home/conner/codePractice/rosDummy/install/robot_types/lib/librobot_types__python.so" to ""
[43.612s] -- Installing: /home/conner/codePractice/rosDummy/install/robot_types/share/robot_types/action/PID.idl
[43.613s] -- Installing: /home/conner/codePractice/rosDummy/install/robot_types/share/robot_types/action/PID.action
[43.614s] -- Up-to-date: /home/conner/codePractice/rosDummy/install/robot_types/share/ament_index/resource_index/package_run_dependencies/robot_types
[43.614s] -- Installing: /home/conner/codePractice/rosDummy/install/robot_types/share/ament_index/resource_index/parent_prefix_path/robot_types
[43.616s] -- Up-to-date: /home/conner/codePractice/rosDummy/install/robot_types/share/robot_types/environment/ament_prefix_path.sh
[43.616s] -- Installing: /home/conner/codePractice/rosDummy/install/robot_types/share/robot_types/environment/ament_prefix_path.dsv
[43.617s] -- Up-to-date: /home/conner/codePractice/rosDummy/install/robot_types/share/robot_types/environment/path.sh
[43.618s] -- Installing: /home/conner/codePractice/rosDummy/install/robot_types/share/robot_types/environment/path.dsv
[43.619s] -- Up-to-date: /home/conner/codePractice/rosDummy/install/robot_types/share/robot_types/local_setup.bash
[43.619s] -- Up-to-date: /home/conner/codePractice/rosDummy/install/robot_types/share/robot_types/local_setup.sh
[43.622s] -- Up-to-date: /home/conner/codePractice/rosDummy/install/robot_types/share/robot_types/local_setup.zsh
[43.622s] -- Installing: /home/conner/codePractice/rosDummy/install/robot_types/share/robot_types/local_setup.dsv
[43.623s] -- Installing: /home/conner/codePractice/rosDummy/install/robot_types/share/robot_types/package.dsv
[43.624s] -- Up-to-date: /home/conner/codePractice/rosDummy/install/robot_types/share/ament_index/resource_index/packages/robot_types
[43.625s] -- Up-to-date: /home/conner/codePractice/rosDummy/install/robot_types/share/robot_types/cmake/robot_types__rosidl_generator_cExport.cmake
[43.625s] -- Installing: /home/conner/codePractice/rosDummy/install/robot_types/share/robot_types/cmake/robot_types__rosidl_generator_cExport-noconfig.cmake
[43.627s] -- Up-to-date: /home/conner/codePractice/rosDummy/install/robot_types/share/robot_types/cmake/robot_types__rosidl_typesupport_introspection_cExport.cmake
[43.627s] -- Installing: /home/conner/codePractice/rosDummy/install/robot_types/share/robot_types/cmake/robot_types__rosidl_typesupport_introspection_cExport-noconfig.cmake
[43.629s] -- Up-to-date: /home/conner/codePractice/rosDummy/install/robot_types/share/robot_types/cmake/robot_types__rosidl_typesupport_cExport.cmake
[43.629s] -- Installing: /home/conner/codePractice/rosDummy/install/robot_types/share/robot_types/cmake/robot_types__rosidl_typesupport_cExport-noconfig.cmake
[43.630s] -- Up-to-date: /home/conner/codePractice/rosDummy/install/robot_types/share/robot_types/cmake/robot_types__rosidl_generator_cppExport.cmake
[43.630s] -- Up-to-date: /home/conner/codePractice/rosDummy/install/robot_types/share/robot_types/cmake/robot_types__rosidl_typesupport_introspection_cppExport.cmake
[43.631s] -- Installing: /home/conner/codePractice/rosDummy/install/robot_types/share/robot_types/cmake/robot_types__rosidl_typesupport_introspection_cppExport-noconfig.cmake
[43.633s] -- Up-to-date: /home/conner/codePractice/rosDummy/install/robot_types/share/robot_types/cmake/robot_types__rosidl_typesupport_cppExport.cmake
[43.634s] -- Installing: /home/conner/codePractice/rosDummy/install/robot_types/share/robot_types/cmake/robot_types__rosidl_typesupport_cppExport-noconfig.cmake
[43.634s] -- Up-to-date: /home/conner/codePractice/rosDummy/install/robot_types/share/robot_types/cmake/rosidl_cmake-extras.cmake
[43.635s] -- Up-to-date: /home/conner/codePractice/rosDummy/install/robot_types/share/robot_types/cmake/ament_cmake_export_dependencies-extras.cmake
[43.635s] -- Up-to-date: /home/conner/codePractice/rosDummy/install/robot_types/share/robot_types/cmake/ament_cmake_export_libraries-extras.cmake
[43.636s] -- Up-to-date: /home/conner/codePractice/rosDummy/install/robot_types/share/robot_types/cmake/ament_cmake_export_targets-extras.cmake
[43.636s] -- Up-to-date: /home/conner/codePractice/rosDummy/install/robot_types/share/robot_types/cmake/ament_cmake_export_include_directories-extras.cmake
[43.636s] -- Up-to-date: /home/conner/codePractice/rosDummy/install/robot_types/share/robot_types/cmake/rosidl_cmake_export_typesupport_libraries-extras.cmake
[43.636s] -- Up-to-date: /home/conner/codePractice/rosDummy/install/robot_types/share/robot_types/cmake/rosidl_cmake_export_typesupport_targets-extras.cmake
[43.636s] -- Up-to-date: /home/conner/codePractice/rosDummy/install/robot_types/share/robot_types/cmake/robot_typesConfig.cmake
[43.636s] -- Up-to-date: /home/conner/codePractice/rosDummy/install/robot_types/share/robot_types/cmake/robot_typesConfig-version.cmake
[43.636s] -- Up-to-date: /home/conner/codePractice/rosDummy/install/robot_types/share/robot_types/package.xml
[43.649s] Invoked command in '/home/conner/codePractice/rosDummy/build/robot_types' returned '0': CMAKE_PREFIX_PATH=${CMAKE_PREFIX_PATH}:/opt/ros/foxy /usr/bin/cmake --install /home/conner/codePractice/rosDummy/build/robot_types
