[0.140s] Invoking command in '/home/conner/codePractice/rosDummy/build/brain_node': CMAKE_PREFIX_PATH=/opt/ros/foxy /usr/bin/cmake /home/conner/codePractice/rosDummy/src/brain_node -DCMAKE_INSTALL_PREFIX=/home/conner/codePractice/rosDummy/install/brain_node
[1.884s] -- The C compiler identification is GNU 9.4.0
[2.882s] -- The CXX compiler identification is GNU 9.4.0
[3.241s] -- Check for working C compiler: /usr/bin/cc
[3.922s] -- Check for working C compiler: /usr/bin/cc -- works
[3.925s] -- Detecting C compiler ABI info
[4.428s] -- Detecting C compiler ABI info - done
[4.477s] -- Detecting C compile features
[4.479s] -- Detecting C compile features - done
[4.486s] -- Check for working CXX compiler: /usr/bin/c++
[5.074s] -- Check for working CXX compiler: /usr/bin/c++ -- works
[5.078s] -- Detecting CXX compiler ABI info
[5.682s] -- Detecting CXX compiler ABI info - done
[5.722s] -- Detecting CXX compile features
[5.723s] -- Detecting CXX compile features - done
[5.728s] -- Found ament_cmake: 0.9.11 (/opt/ros/foxy/share/ament_cmake/cmake)
[5.784s] -- Found PythonInterp: /usr/bin/python3 (found suitable version "3.8.10", minimum required is "3") 
[5.785s] -- Using PYTHON_EXECUTABLE: /usr/bin/python3
[6.300s] -- Found rclcpp: 2.4.2 (/opt/ros/foxy/share/rclcpp/cmake)
[6.949s] -- Using all available rosidl_typesupport_c: rosidl_typesupport_fastrtps_c;rosidl_typesupport_introspection_c
[6.965s] -- Found rosidl_adapter: 1.3.0 (/opt/ros/foxy/share/rosidl_adapter/cmake)
[10.329s] -- Found OpenSSL: /usr/lib/x86_64-linux-gnu/libcrypto.so (found version "1.1.1f")  
[14.102s] -- Found FastRTPS: /opt/ros/foxy/include  
[19.525s] -- Using all available rosidl_typesupport_cpp: rosidl_typesupport_fastrtps_cpp;rosidl_typesupport_introspection_cpp
[19.619s] -- Found rmw_implementation_cmake: 1.0.3 (/opt/ros/foxy/share/rmw_implementation_cmake/cmake)
[19.622s] -- Using RMW implementation 'rmw_fastrtps_cpp' as default
[19.624s] -- Looking for pthread.h
[20.067s] -- Looking for pthread.h - found
[20.067s] -- Performing Test CMAKE_HAVE_LIBC_PTHREAD
[20.518s] -- Performing Test CMAKE_HAVE_LIBC_PTHREAD - Failed
[20.518s] -- Looking for pthread_create in pthreads
[20.948s] -- Looking for pthread_create in pthreads - not found
[20.950s] -- Looking for pthread_create in pthread
[21.369s] -- Looking for pthread_create in pthread - found
[21.371s] -- Found Threads: TRUE  
[21.641s] -- Found geometry_msgs: 2.0.5 (/opt/ros/foxy/share/geometry_msgs/cmake)
[21.713s] -- Found ament_lint_auto: 0.9.7 (/opt/ros/foxy/share/ament_lint_auto/cmake)
[22.441s] -- Added test 'copyright' to check source files copyright and LICENSE
[22.444s] -- Added test 'lint_cmake' to check CMake code style
[22.447s] -- Added test 'xmllint' to check XML markup files
[22.453s] -- Configuring done
[22.465s] -- Generating done
[22.469s] -- Build files have been written to: /home/conner/codePractice/rosDummy/build/brain_node
