[0.099s] Invoking command in '/home/conner/codePractice/rosDummy/build/brain_node': CMAKE_PREFIX_PATH=/opt/ros/foxy /usr/bin/cmake --build /home/conner/codePractice/rosDummy/build/brain_node -- -j8 -l8
[0.202s] Invoked command in '/home/conner/codePractice/rosDummy/build/brain_node' returned '0': CMAKE_PREFIX_PATH=/opt/ros/foxy /usr/bin/cmake --build /home/conner/codePractice/rosDummy/build/brain_node -- -j8 -l8
[0.283s] Invoking command in '/home/conner/codePractice/rosDummy/build/brain_node': CMAKE_PREFIX_PATH=/opt/ros/foxy /usr/bin/cmake --install /home/conner/codePractice/rosDummy/build/brain_node
[0.305s] -- Install configuration: ""
[0.306s] -- Installing: /home/conner/codePractice/rosDummy/install/brain_node/share/ament_index/resource_index/package_run_dependencies/brain_node
[0.306s] -- Installing: /home/conner/codePractice/rosDummy/install/brain_node/share/ament_index/resource_index/parent_prefix_path/brain_node
[0.307s] -- Installing: /home/conner/codePractice/rosDummy/install/brain_node/share/brain_node/environment/ament_prefix_path.sh
[0.307s] -- Installing: /home/conner/codePractice/rosDummy/install/brain_node/share/brain_node/environment/ament_prefix_path.dsv
[0.308s] -- Installing: /home/conner/codePractice/rosDummy/install/brain_node/share/brain_node/environment/path.sh
[0.308s] -- Installing: /home/conner/codePractice/rosDummy/install/brain_node/share/brain_node/environment/path.dsv
[0.309s] -- Installing: /home/conner/codePractice/rosDummy/install/brain_node/share/brain_node/local_setup.bash
[0.310s] -- Installing: /home/conner/codePractice/rosDummy/install/brain_node/share/brain_node/local_setup.sh
[0.310s] -- Installing: /home/conner/codePractice/rosDummy/install/brain_node/share/brain_node/local_setup.zsh
[0.311s] -- Installing: /home/conner/codePractice/rosDummy/install/brain_node/share/brain_node/local_setup.dsv
[0.311s] -- Installing: /home/conner/codePractice/rosDummy/install/brain_node/share/brain_node/package.dsv
[0.312s] -- Installing: /home/conner/codePractice/rosDummy/install/brain_node/share/ament_index/resource_index/packages/brain_node
[0.316s] -- Installing: /home/conner/codePractice/rosDummy/install/brain_node/share/brain_node/cmake/brain_nodeConfig.cmake
[0.316s] -- Installing: /home/conner/codePractice/rosDummy/install/brain_node/share/brain_node/cmake/brain_nodeConfig-version.cmake
[0.317s] -- Installing: /home/conner/codePractice/rosDummy/install/brain_node/share/brain_node/package.xml
[0.355s] Invoked command in '/home/conner/codePractice/rosDummy/build/brain_node' returned '0': CMAKE_PREFIX_PATH=/opt/ros/foxy /usr/bin/cmake --install /home/conner/codePractice/rosDummy/build/brain_node
