[0.732s] Invoking command in '/home/conner/codePractice/rosDummy/build/mediator_node': CMAKE_PREFIX_PATH=/home/conner/codePractice/rosDummy/install/robot_types:/home/conner/codePractice/rosDummy/install/mediator_node:/home/conner/codePractice/rosDummy/install/control_node:/home/conner/codePractice/rosDummy/install/brain_node:/opt/ros/foxy LD_LIBRARY_PATH=/home/conner/codePractice/rosDummy/install/robot_types/lib:/home/conner/codePractice/rosDummy/install/mediator_node/lib:/home/conner/codePractice/rosDummy/install/control_node/lib:/opt/ros/foxy/opt/yaml_cpp_vendor/lib:/opt/ros/foxy/opt/rviz_ogre_vendor/lib:/opt/ros/foxy/lib/x86_64-linux-gnu:/opt/ros/foxy/lib /usr/bin/cmake --build /home/conner/codePractice/rosDummy/build/mediator_node -- -j8 -l8
[0.870s] [35m[1mScanning dependencies of target action_server[0m
[0.949s] [ 50%] Built target pid_action_server
[1.029s] [ 75%] [32mBuilding CXX object CMakeFiles/action_server.dir/src/mediator_node.cpp.o[0m
[9.821s] [100%] [32m[1mLinking CXX shared library libaction_server.so[0m
[10.629s] [100%] Built target action_server
[10.658s] Invoked command in '/home/conner/codePractice/rosDummy/build/mediator_node' returned '0': CMAKE_PREFIX_PATH=/home/conner/codePractice/rosDummy/install/robot_types:/home/conner/codePractice/rosDummy/install/mediator_node:/home/conner/codePractice/rosDummy/install/control_node:/home/conner/codePractice/rosDummy/install/brain_node:/opt/ros/foxy LD_LIBRARY_PATH=/home/conner/codePractice/rosDummy/install/robot_types/lib:/home/conner/codePractice/rosDummy/install/mediator_node/lib:/home/conner/codePractice/rosDummy/install/control_node/lib:/opt/ros/foxy/opt/yaml_cpp_vendor/lib:/opt/ros/foxy/opt/rviz_ogre_vendor/lib:/opt/ros/foxy/lib/x86_64-linux-gnu:/opt/ros/foxy/lib /usr/bin/cmake --build /home/conner/codePractice/rosDummy/build/mediator_node -- -j8 -l8
[10.722s] Invoking command in '/home/conner/codePractice/rosDummy/build/mediator_node': CMAKE_PREFIX_PATH=/home/conner/codePractice/rosDummy/install/robot_types:/home/conner/codePractice/rosDummy/install/mediator_node:/home/conner/codePractice/rosDummy/install/control_node:/home/conner/codePractice/rosDummy/install/brain_node:/opt/ros/foxy LD_LIBRARY_PATH=/home/conner/codePractice/rosDummy/install/robot_types/lib:/home/conner/codePractice/rosDummy/install/mediator_node/lib:/home/conner/codePractice/rosDummy/install/control_node/lib:/opt/ros/foxy/opt/yaml_cpp_vendor/lib:/opt/ros/foxy/opt/rviz_ogre_vendor/lib:/opt/ros/foxy/lib/x86_64-linux-gnu:/opt/ros/foxy/lib /usr/bin/cmake --install /home/conner/codePractice/rosDummy/build/mediator_node
[10.740s] -- Install configuration: ""
[10.741s] -- Up-to-date: /home/conner/codePractice/rosDummy/install/mediator_node/lib/mediator_node/pid_action_server
[10.742s] -- Installing: /home/conner/codePractice/rosDummy/install/mediator_node/lib/libaction_server.so
[10.746s] -- Set runtime path of "/home/conner/codePractice/rosDummy/install/mediator_node/lib/libaction_server.so" to ""
[10.747s] -- Up-to-date: /home/conner/codePractice/rosDummy/install/mediator_node/share/ament_index/resource_index/package_run_dependencies/mediator_node
[10.747s] -- Up-to-date: /home/conner/codePractice/rosDummy/install/mediator_node/share/ament_index/resource_index/parent_prefix_path/mediator_node
[10.748s] -- Up-to-date: /home/conner/codePractice/rosDummy/install/mediator_node/share/mediator_node/environment/ament_prefix_path.sh
[10.748s] -- Up-to-date: /home/conner/codePractice/rosDummy/install/mediator_node/share/mediator_node/environment/ament_prefix_path.dsv
[10.749s] -- Up-to-date: /home/conner/codePractice/rosDummy/install/mediator_node/share/mediator_node/environment/path.sh
[10.751s] -- Up-to-date: /home/conner/codePractice/rosDummy/install/mediator_node/share/mediator_node/environment/path.dsv
[10.751s] -- Up-to-date: /home/conner/codePractice/rosDummy/install/mediator_node/share/mediator_node/local_setup.bash
[10.751s] -- Up-to-date: /home/conner/codePractice/rosDummy/install/mediator_node/share/mediator_node/local_setup.sh
[10.751s] -- Up-to-date: /home/conner/codePractice/rosDummy/install/mediator_node/share/mediator_node/local_setup.zsh
[10.751s] -- Up-to-date: /home/conner/codePractice/rosDummy/install/mediator_node/share/mediator_node/local_setup.dsv
[10.752s] -- Installing: /home/conner/codePractice/rosDummy/install/mediator_node/share/mediator_node/package.dsv
[10.753s] -- Up-to-date: /home/conner/codePractice/rosDummy/install/mediator_node/share/ament_index/resource_index/packages/mediator_node
[10.754s] -- Up-to-date: /home/conner/codePractice/rosDummy/install/mediator_node/share/ament_index/resource_index/rclcpp_components/mediator_node
[10.755s] -- Up-to-date: /home/conner/codePractice/rosDummy/install/mediator_node/share/mediator_node/cmake/mediator_nodeConfig.cmake
[10.755s] -- Up-to-date: /home/conner/codePractice/rosDummy/install/mediator_node/share/mediator_node/cmake/mediator_nodeConfig-version.cmake
[10.756s] -- Up-to-date: /home/conner/codePractice/rosDummy/install/mediator_node/share/mediator_node/package.xml
[10.759s] Invoked command in '/home/conner/codePractice/rosDummy/build/mediator_node' returned '0': CMAKE_PREFIX_PATH=/home/conner/codePractice/rosDummy/install/robot_types:/home/conner/codePractice/rosDummy/install/mediator_node:/home/conner/codePractice/rosDummy/install/control_node:/home/conner/codePractice/rosDummy/install/brain_node:/opt/ros/foxy LD_LIBRARY_PATH=/home/conner/codePractice/rosDummy/install/robot_types/lib:/home/conner/codePractice/rosDummy/install/mediator_node/lib:/home/conner/codePractice/rosDummy/install/control_node/lib:/opt/ros/foxy/opt/yaml_cpp_vendor/lib:/opt/ros/foxy/opt/rviz_ogre_vendor/lib:/opt/ros/foxy/lib/x86_64-linux-gnu:/opt/ros/foxy/lib /usr/bin/cmake --install /home/conner/codePractice/rosDummy/build/mediator_node
