[0.206s] Invoking command in '/home/conner/codePractice/rosDummy/build/mediator_node': AMENT_PREFIX_PATH=/home/conner/codePractice/rosDummy/install/robot_types:${AMENT_PREFIX_PATH} CMAKE_PREFIX_PATH=/home/conner/codePractice/rosDummy/install/robot_types:/opt/ros/foxy LD_LIBRARY_PATH=/home/conner/codePractice/rosDummy/install/robot_types/lib:${LD_LIBRARY_PATH} PYTHONPATH=/home/conner/codePractice/rosDummy/install/robot_types/lib/python3.8/site-packages:${PYTHONPATH} /usr/bin/cmake --build /home/conner/codePractice/rosDummy/build/mediator_node -- -j8 -l8
[0.278s] [ 50%] Built target pid_action_server
[0.281s] [100%] Built target action_server
[0.295s] Invoked command in '/home/conner/codePractice/rosDummy/build/mediator_node' returned '0': AMENT_PREFIX_PATH=/home/conner/codePractice/rosDummy/install/robot_types:${AMENT_PREFIX_PATH} CMAKE_PREFIX_PATH=/home/conner/codePractice/rosDummy/install/robot_types:/opt/ros/foxy LD_LIBRARY_PATH=/home/conner/codePractice/rosDummy/install/robot_types/lib:${LD_LIBRARY_PATH} PYTHONPATH=/home/conner/codePractice/rosDummy/install/robot_types/lib/python3.8/site-packages:${PYTHONPATH} /usr/bin/cmake --build /home/conner/codePractice/rosDummy/build/mediator_node -- -j8 -l8
[0.337s] Invoking command in '/home/conner/codePractice/rosDummy/build/mediator_node': AMENT_PREFIX_PATH=/home/conner/codePractice/rosDummy/install/robot_types:${AMENT_PREFIX_PATH} CMAKE_PREFIX_PATH=/home/conner/codePractice/rosDummy/install/robot_types:/opt/ros/foxy LD_LIBRARY_PATH=/home/conner/codePractice/rosDummy/install/robot_types/lib:${LD_LIBRARY_PATH} PYTHONPATH=/home/conner/codePractice/rosDummy/install/robot_types/lib/python3.8/site-packages:${PYTHONPATH} /usr/bin/cmake --install /home/conner/codePractice/rosDummy/build/mediator_node
[0.344s] -- Install configuration: ""
[0.345s] -- Installing: /home/conner/codePractice/rosDummy/install/mediator_node/lib/mediator_node/pid_action_server
[0.346s] -- Set runtime path of "/home/conner/codePractice/rosDummy/install/mediator_node/lib/mediator_node/pid_action_server" to ""
[0.346s] -- Installing: /home/conner/codePractice/rosDummy/install/mediator_node/lib/libaction_server.so
[0.349s] -- Set runtime path of "/home/conner/codePractice/rosDummy/install/mediator_node/lib/libaction_server.so" to ""
[0.350s] -- Installing: /home/conner/codePractice/rosDummy/install/mediator_node/share/ament_index/resource_index/package_run_dependencies/mediator_node
[0.350s] -- Installing: /home/conner/codePractice/rosDummy/install/mediator_node/share/ament_index/resource_index/parent_prefix_path/mediator_node
[0.351s] -- Up-to-date: /home/conner/codePractice/rosDummy/install/mediator_node/share/mediator_node/environment/ament_prefix_path.sh
[0.351s] -- Installing: /home/conner/codePractice/rosDummy/install/mediator_node/share/mediator_node/environment/ament_prefix_path.dsv
[0.352s] -- Up-to-date: /home/conner/codePractice/rosDummy/install/mediator_node/share/mediator_node/environment/path.sh
[0.352s] -- Installing: /home/conner/codePractice/rosDummy/install/mediator_node/share/mediator_node/environment/path.dsv
[0.352s] -- Up-to-date: /home/conner/codePractice/rosDummy/install/mediator_node/share/mediator_node/local_setup.bash
[0.352s] -- Up-to-date: /home/conner/codePractice/rosDummy/install/mediator_node/share/mediator_node/local_setup.sh
[0.352s] -- Up-to-date: /home/conner/codePractice/rosDummy/install/mediator_node/share/mediator_node/local_setup.zsh
[0.352s] -- Installing: /home/conner/codePractice/rosDummy/install/mediator_node/share/mediator_node/local_setup.dsv
[0.354s] -- Installing: /home/conner/codePractice/rosDummy/install/mediator_node/share/mediator_node/package.dsv
[0.355s] -- Up-to-date: /home/conner/codePractice/rosDummy/install/mediator_node/share/ament_index/resource_index/packages/mediator_node
[0.356s] -- Installing: /home/conner/codePractice/rosDummy/install/mediator_node/share/ament_index/resource_index/rclcpp_components/mediator_node
[0.356s] -- Up-to-date: /home/conner/codePractice/rosDummy/install/mediator_node/share/mediator_node/cmake/mediator_nodeConfig.cmake
[0.356s] -- Up-to-date: /home/conner/codePractice/rosDummy/install/mediator_node/share/mediator_node/cmake/mediator_nodeConfig-version.cmake
[0.357s] -- Installing: /home/conner/codePractice/rosDummy/install/mediator_node/share/mediator_node/package.xml
[0.363s] Invoked command in '/home/conner/codePractice/rosDummy/build/mediator_node' returned '0': AMENT_PREFIX_PATH=/home/conner/codePractice/rosDummy/install/robot_types:${AMENT_PREFIX_PATH} CMAKE_PREFIX_PATH=/home/conner/codePractice/rosDummy/install/robot_types:/opt/ros/foxy LD_LIBRARY_PATH=/home/conner/codePractice/rosDummy/install/robot_types/lib:${LD_LIBRARY_PATH} PYTHONPATH=/home/conner/codePractice/rosDummy/install/robot_types/lib/python3.8/site-packages:${PYTHONPATH} /usr/bin/cmake --install /home/conner/codePractice/rosDummy/build/mediator_node
