[0.711s] DEBUG:colcon:Command line arguments: ['/usr/bin/colcon', 'build']
[0.711s] DEBUG:colcon:Parsed command line arguments: Namespace(allow_overriding=[], ament_cmake_args=None, base_paths=['.'], build_base='build', catkin_cmake_args=None, catkin_skip_building_tests=False, cmake_args=None, cmake_clean_cache=False, cmake_clean_first=False, cmake_force_configure=False, cmake_target=None, cmake_target_skip_unavailable=False, continue_on_error=False, event_handlers=None, executor='parallel', ignore_user_meta=False, install_base='install', log_base=None, log_level=None, main=<bound method BuildVerb.main of <colcon_core.verb.build.BuildVerb object at 0x7f108ce1d4f0>>, merge_install=False, metas=['./colcon.meta'], packages_above=None, packages_above_and_dependencies=None, packages_above_depth=None, packages_end=None, packages_ignore=None, packages_ignore_regex=None, packages_select=None, packages_select_build_failed=False, packages_select_by_dep=None, packages_select_regex=None, packages_select_test_failures=False, packages_skip=None, packages_skip_build_finished=False, packages_skip_by_dep=None, packages_skip_regex=None, packages_skip_test_passed=False, packages_skip_up_to=None, packages_start=None, packages_up_to=None, packages_up_to_regex=None, parallel_workers=8, paths=None, symlink_install=False, test_result_base=None, verb_extension=<colcon_core.verb.build.BuildVerb object at 0x7f108ce1d4f0>, verb_name='build', verb_parser=<colcon_defaults.argument_parser.defaults.DefaultArgumentsDecorator object at 0x7f108ce1da30>)
[0.758s] Level 1:colcon.colcon_core.package_discovery:discover_packages(colcon_meta) check parameters
[0.758s] Level 1:colcon.colcon_core.package_discovery:discover_packages(recursive) check parameters
[0.758s] Level 1:colcon.colcon_core.package_discovery:discover_packages(ignore) check parameters
[0.759s] Level 1:colcon.colcon_core.package_discovery:discover_packages(path) check parameters
[0.759s] Level 1:colcon.colcon_core.package_discovery:discover_packages(colcon_meta) discover
[0.759s] Level 1:colcon.colcon_core.package_discovery:discover_packages(recursive) discover
[0.759s] INFO:colcon.colcon_core.package_discovery:Crawling recursively for packages in '/home/conner/codePractice/rosDummy'
[0.759s] Level 1:colcon.colcon_core.package_identification:_identify(.) by extensions ['ignore', 'ignore_ament_install']
[0.759s] Level 1:colcon.colcon_core.package_identification:_identify(.) by extension 'ignore'
[0.759s] Level 1:colcon.colcon_core.package_identification:_identify(.) by extension 'ignore_ament_install'
[0.760s] Level 1:colcon.colcon_core.package_identification:_identify(.) by extensions ['colcon_pkg']
[0.760s] Level 1:colcon.colcon_core.package_identification:_identify(.) by extension 'colcon_pkg'
[0.760s] Level 1:colcon.colcon_core.package_identification:_identify(.) by extensions ['colcon_meta']
[0.760s] Level 1:colcon.colcon_core.package_identification:_identify(.) by extension 'colcon_meta'
[0.760s] Level 1:colcon.colcon_core.package_identification:_identify(.) by extensions ['ros']
[0.760s] Level 1:colcon.colcon_core.package_identification:_identify(.) by extension 'ros'
[0.789s] Level 1:colcon.colcon_core.package_identification:_identify(.) by extensions ['cmake', 'python']
[0.789s] Level 1:colcon.colcon_core.package_identification:_identify(.) by extension 'cmake'
[0.789s] Level 1:colcon.colcon_core.package_identification:_identify(.) by extension 'python'
[0.789s] Level 1:colcon.colcon_core.package_identification:_identify(.) by extensions ['python_setup_py']
[0.789s] Level 1:colcon.colcon_core.package_identification:_identify(.) by extension 'python_setup_py'
[0.790s] Level 1:colcon.colcon_core.package_identification:_identify(build) by extensions ['ignore', 'ignore_ament_install']
[0.790s] Level 1:colcon.colcon_core.package_identification:_identify(build) by extension 'ignore'
[0.790s] Level 1:colcon.colcon_core.package_identification:_identify(build) ignored
[0.790s] Level 1:colcon.colcon_core.package_identification:_identify(install) by extensions ['ignore', 'ignore_ament_install']
[0.791s] Level 1:colcon.colcon_core.package_identification:_identify(install) by extension 'ignore'
[0.791s] Level 1:colcon.colcon_core.package_identification:_identify(install) ignored
[0.791s] Level 1:colcon.colcon_core.package_identification:_identify(log) by extensions ['ignore', 'ignore_ament_install']
[0.792s] Level 1:colcon.colcon_core.package_identification:_identify(log) by extension 'ignore'
[0.792s] Level 1:colcon.colcon_core.package_identification:_identify(log) ignored
[0.793s] Level 1:colcon.colcon_core.package_identification:_identify(src) by extensions ['ignore', 'ignore_ament_install']
[0.793s] Level 1:colcon.colcon_core.package_identification:_identify(src) by extension 'ignore'
[0.793s] Level 1:colcon.colcon_core.package_identification:_identify(src) by extension 'ignore_ament_install'
[0.794s] Level 1:colcon.colcon_core.package_identification:_identify(src) by extensions ['colcon_pkg']
[0.794s] Level 1:colcon.colcon_core.package_identification:_identify(src) by extension 'colcon_pkg'
[0.794s] Level 1:colcon.colcon_core.package_identification:_identify(src) by extensions ['colcon_meta']
[0.794s] Level 1:colcon.colcon_core.package_identification:_identify(src) by extension 'colcon_meta'
[0.794s] Level 1:colcon.colcon_core.package_identification:_identify(src) by extensions ['ros']
[0.794s] Level 1:colcon.colcon_core.package_identification:_identify(src) by extension 'ros'
[0.794s] Level 1:colcon.colcon_core.package_identification:_identify(src) by extensions ['cmake', 'python']
[0.794s] Level 1:colcon.colcon_core.package_identification:_identify(src) by extension 'cmake'
[0.795s] Level 1:colcon.colcon_core.package_identification:_identify(src) by extension 'python'
[0.795s] Level 1:colcon.colcon_core.package_identification:_identify(src) by extensions ['python_setup_py']
[0.795s] Level 1:colcon.colcon_core.package_identification:_identify(src) by extension 'python_setup_py'
[0.795s] Level 1:colcon.colcon_core.package_identification:_identify(src/brain_node) by extensions ['ignore', 'ignore_ament_install']
[0.796s] Level 1:colcon.colcon_core.package_identification:_identify(src/brain_node) by extension 'ignore'
[0.796s] Level 1:colcon.colcon_core.package_identification:_identify(src/brain_node) by extension 'ignore_ament_install'
[0.797s] Level 1:colcon.colcon_core.package_identification:_identify(src/brain_node) by extensions ['colcon_pkg']
[0.797s] Level 1:colcon.colcon_core.package_identification:_identify(src/brain_node) by extension 'colcon_pkg'
[0.797s] Level 1:colcon.colcon_core.package_identification:_identify(src/brain_node) by extensions ['colcon_meta']
[0.797s] Level 1:colcon.colcon_core.package_identification:_identify(src/brain_node) by extension 'colcon_meta'
[0.797s] Level 1:colcon.colcon_core.package_identification:_identify(src/brain_node) by extensions ['ros']
[0.797s] Level 1:colcon.colcon_core.package_identification:_identify(src/brain_node) by extension 'ros'
[0.803s] DEBUG:colcon.colcon_core.package_identification:Package 'src/brain_node' with type 'ros.ament_cmake' and name 'brain_node'
[0.804s] Level 1:colcon.colcon_core.package_identification:_identify(src/control_node) by extensions ['ignore', 'ignore_ament_install']
[0.804s] Level 1:colcon.colcon_core.package_identification:_identify(src/control_node) by extension 'ignore'
[0.804s] Level 1:colcon.colcon_core.package_identification:_identify(src/control_node) by extension 'ignore_ament_install'
[0.804s] Level 1:colcon.colcon_core.package_identification:_identify(src/control_node) by extensions ['colcon_pkg']
[0.805s] Level 1:colcon.colcon_core.package_identification:_identify(src/control_node) by extension 'colcon_pkg'
[0.805s] Level 1:colcon.colcon_core.package_identification:_identify(src/control_node) by extensions ['colcon_meta']
[0.805s] Level 1:colcon.colcon_core.package_identification:_identify(src/control_node) by extension 'colcon_meta'
[0.805s] Level 1:colcon.colcon_core.package_identification:_identify(src/control_node) by extensions ['ros']
[0.805s] Level 1:colcon.colcon_core.package_identification:_identify(src/control_node) by extension 'ros'
[0.807s] DEBUG:colcon.colcon_core.package_identification:Package 'src/control_node' with type 'ros.ament_cmake' and name 'control_node'
[0.807s] Level 1:colcon.colcon_core.package_identification:_identify(src/mediator_node) by extensions ['ignore', 'ignore_ament_install']
[0.808s] Level 1:colcon.colcon_core.package_identification:_identify(src/mediator_node) by extension 'ignore'
[0.808s] Level 1:colcon.colcon_core.package_identification:_identify(src/mediator_node) by extension 'ignore_ament_install'
[0.808s] Level 1:colcon.colcon_core.package_identification:_identify(src/mediator_node) by extensions ['colcon_pkg']
[0.808s] Level 1:colcon.colcon_core.package_identification:_identify(src/mediator_node) by extension 'colcon_pkg'
[0.808s] Level 1:colcon.colcon_core.package_identification:_identify(src/mediator_node) by extensions ['colcon_meta']
[0.808s] Level 1:colcon.colcon_core.package_identification:_identify(src/mediator_node) by extension 'colcon_meta'
[0.808s] Level 1:colcon.colcon_core.package_identification:_identify(src/mediator_node) by extensions ['ros']
[0.808s] Level 1:colcon.colcon_core.package_identification:_identify(src/mediator_node) by extension 'ros'
[0.810s] DEBUG:colcon.colcon_core.package_identification:Package 'src/mediator_node' with type 'ros.ament_cmake' and name 'mediator_node'
[0.810s] Level 1:colcon.colcon_core.package_identification:_identify(src/robot_types) by extensions ['ignore', 'ignore_ament_install']
[0.811s] Level 1:colcon.colcon_core.package_identification:_identify(src/robot_types) by extension 'ignore'
[0.811s] Level 1:colcon.colcon_core.package_identification:_identify(src/robot_types) by extension 'ignore_ament_install'
[0.811s] Level 1:colcon.colcon_core.package_identification:_identify(src/robot_types) by extensions ['colcon_pkg']
[0.811s] Level 1:colcon.colcon_core.package_identification:_identify(src/robot_types) by extension 'colcon_pkg'
[0.811s] Level 1:colcon.colcon_core.package_identification:_identify(src/robot_types) by extensions ['colcon_meta']
[0.811s] Level 1:colcon.colcon_core.package_identification:_identify(src/robot_types) by extension 'colcon_meta'
[0.811s] Level 1:colcon.colcon_core.package_identification:_identify(src/robot_types) by extensions ['ros']
[0.811s] Level 1:colcon.colcon_core.package_identification:_identify(src/robot_types) by extension 'ros'
[0.813s] DEBUG:colcon.colcon_core.package_identification:Package 'src/robot_types' with type 'ros.ament_cmake' and name 'robot_types'
[0.813s] Level 1:colcon.colcon_core.package_discovery:discover_packages(recursive) using defaults
[0.813s] Level 1:colcon.colcon_core.package_discovery:discover_packages(ignore) discover
[0.813s] Level 1:colcon.colcon_core.package_discovery:discover_packages(ignore) using defaults
[0.814s] Level 1:colcon.colcon_core.package_discovery:discover_packages(path) discover
[0.814s] Level 1:colcon.colcon_core.package_discovery:discover_packages(path) using defaults
[0.864s] Level 1:colcon.colcon_core.package_discovery:discover_packages(prefix_path) check parameters
[0.864s] Level 1:colcon.colcon_core.package_discovery:discover_packages(prefix_path) discover
[0.872s] DEBUG:colcon.colcon_installed_package_information.package_discovery:Found 4 installed packages in /home/conner/codePractice/rosDummy/install
[0.875s] DEBUG:colcon.colcon_installed_package_information.package_discovery:Found 256 installed packages in /opt/ros/foxy
[0.880s] Level 1:colcon.colcon_core.package_discovery:discover_packages(prefix_path) using defaults
[1.096s] Level 5:colcon.colcon_core.verb:set package 'brain_node' build argument 'cmake_args' from command line to 'None'
[1.097s] Level 5:colcon.colcon_core.verb:set package 'brain_node' build argument 'cmake_target' from command line to 'None'
[1.097s] Level 5:colcon.colcon_core.verb:set package 'brain_node' build argument 'cmake_target_skip_unavailable' from command line to 'False'
[1.097s] Level 5:colcon.colcon_core.verb:set package 'brain_node' build argument 'cmake_clean_cache' from command line to 'False'
[1.097s] Level 5:colcon.colcon_core.verb:set package 'brain_node' build argument 'cmake_clean_first' from command line to 'False'
[1.097s] Level 5:colcon.colcon_core.verb:set package 'brain_node' build argument 'cmake_force_configure' from command line to 'False'
[1.097s] Level 5:colcon.colcon_core.verb:set package 'brain_node' build argument 'ament_cmake_args' from command line to 'None'
[1.097s] Level 5:colcon.colcon_core.verb:set package 'brain_node' build argument 'catkin_cmake_args' from command line to 'None'
[1.097s] Level 5:colcon.colcon_core.verb:set package 'brain_node' build argument 'catkin_skip_building_tests' from command line to 'False'
[1.097s] DEBUG:colcon.colcon_core.verb:Building package 'brain_node' with the following arguments: {'ament_cmake_args': None, 'build_base': '/home/conner/codePractice/rosDummy/build/brain_node', 'catkin_cmake_args': None, 'catkin_skip_building_tests': False, 'cmake_args': None, 'cmake_clean_cache': False, 'cmake_clean_first': False, 'cmake_force_configure': False, 'cmake_target': None, 'cmake_target_skip_unavailable': False, 'install_base': '/home/conner/codePractice/rosDummy/install/brain_node', 'merge_install': False, 'path': '/home/conner/codePractice/rosDummy/src/brain_node', 'symlink_install': False, 'test_result_base': None}
[1.100s] Level 5:colcon.colcon_core.verb:set package 'robot_types' build argument 'cmake_args' from command line to 'None'
[1.100s] Level 5:colcon.colcon_core.verb:set package 'robot_types' build argument 'cmake_target' from command line to 'None'
[1.100s] Level 5:colcon.colcon_core.verb:set package 'robot_types' build argument 'cmake_target_skip_unavailable' from command line to 'False'
[1.100s] Level 5:colcon.colcon_core.verb:set package 'robot_types' build argument 'cmake_clean_cache' from command line to 'False'
[1.100s] Level 5:colcon.colcon_core.verb:set package 'robot_types' build argument 'cmake_clean_first' from command line to 'False'
[1.100s] Level 5:colcon.colcon_core.verb:set package 'robot_types' build argument 'cmake_force_configure' from command line to 'False'
[1.100s] Level 5:colcon.colcon_core.verb:set package 'robot_types' build argument 'ament_cmake_args' from command line to 'None'
[1.100s] Level 5:colcon.colcon_core.verb:set package 'robot_types' build argument 'catkin_cmake_args' from command line to 'None'
[1.100s] Level 5:colcon.colcon_core.verb:set package 'robot_types' build argument 'catkin_skip_building_tests' from command line to 'False'
[1.100s] DEBUG:colcon.colcon_core.verb:Building package 'robot_types' with the following arguments: {'ament_cmake_args': None, 'build_base': '/home/conner/codePractice/rosDummy/build/robot_types', 'catkin_cmake_args': None, 'catkin_skip_building_tests': False, 'cmake_args': None, 'cmake_clean_cache': False, 'cmake_clean_first': False, 'cmake_force_configure': False, 'cmake_target': None, 'cmake_target_skip_unavailable': False, 'install_base': '/home/conner/codePractice/rosDummy/install/robot_types', 'merge_install': False, 'path': '/home/conner/codePractice/rosDummy/src/robot_types', 'symlink_install': False, 'test_result_base': None}
[1.104s] Level 5:colcon.colcon_core.verb:set package 'control_node' build argument 'cmake_args' from command line to 'None'
[1.104s] Level 5:colcon.colcon_core.verb:set package 'control_node' build argument 'cmake_target' from command line to 'None'
[1.104s] Level 5:colcon.colcon_core.verb:set package 'control_node' build argument 'cmake_target_skip_unavailable' from command line to 'False'
[1.104s] Level 5:colcon.colcon_core.verb:set package 'control_node' build argument 'cmake_clean_cache' from command line to 'False'
[1.104s] Level 5:colcon.colcon_core.verb:set package 'control_node' build argument 'cmake_clean_first' from command line to 'False'
[1.105s] Level 5:colcon.colcon_core.verb:set package 'control_node' build argument 'cmake_force_configure' from command line to 'False'
[1.105s] Level 5:colcon.colcon_core.verb:set package 'control_node' build argument 'ament_cmake_args' from command line to 'None'
[1.105s] Level 5:colcon.colcon_core.verb:set package 'control_node' build argument 'catkin_cmake_args' from command line to 'None'
[1.105s] Level 5:colcon.colcon_core.verb:set package 'control_node' build argument 'catkin_skip_building_tests' from command line to 'False'
[1.105s] DEBUG:colcon.colcon_core.verb:Building package 'control_node' with the following arguments: {'ament_cmake_args': None, 'build_base': '/home/conner/codePractice/rosDummy/build/control_node', 'catkin_cmake_args': None, 'catkin_skip_building_tests': False, 'cmake_args': None, 'cmake_clean_cache': False, 'cmake_clean_first': False, 'cmake_force_configure': False, 'cmake_target': None, 'cmake_target_skip_unavailable': False, 'install_base': '/home/conner/codePractice/rosDummy/install/control_node', 'merge_install': False, 'path': '/home/conner/codePractice/rosDummy/src/control_node', 'symlink_install': False, 'test_result_base': None}
[1.109s] Level 5:colcon.colcon_core.verb:set package 'mediator_node' build argument 'cmake_args' from command line to 'None'
[1.109s] Level 5:colcon.colcon_core.verb:set package 'mediator_node' build argument 'cmake_target' from command line to 'None'
[1.110s] Level 5:colcon.colcon_core.verb:set package 'mediator_node' build argument 'cmake_target_skip_unavailable' from command line to 'False'
[1.110s] Level 5:colcon.colcon_core.verb:set package 'mediator_node' build argument 'cmake_clean_cache' from command line to 'False'
[1.110s] Level 5:colcon.colcon_core.verb:set package 'mediator_node' build argument 'cmake_clean_first' from command line to 'False'
[1.110s] Level 5:colcon.colcon_core.verb:set package 'mediator_node' build argument 'cmake_force_configure' from command line to 'False'
[1.110s] Level 5:colcon.colcon_core.verb:set package 'mediator_node' build argument 'ament_cmake_args' from command line to 'None'
[1.110s] Level 5:colcon.colcon_core.verb:set package 'mediator_node' build argument 'catkin_cmake_args' from command line to 'None'
[1.110s] Level 5:colcon.colcon_core.verb:set package 'mediator_node' build argument 'catkin_skip_building_tests' from command line to 'False'
[1.110s] DEBUG:colcon.colcon_core.verb:Building package 'mediator_node' with the following arguments: {'ament_cmake_args': None, 'build_base': '/home/conner/codePractice/rosDummy/build/mediator_node', 'catkin_cmake_args': None, 'catkin_skip_building_tests': False, 'cmake_args': None, 'cmake_clean_cache': False, 'cmake_clean_first': False, 'cmake_force_configure': False, 'cmake_target': None, 'cmake_target_skip_unavailable': False, 'install_base': '/home/conner/codePractice/rosDummy/install/mediator_node', 'merge_install': False, 'path': '/home/conner/codePractice/rosDummy/src/mediator_node', 'symlink_install': False, 'test_result_base': None}
[1.112s] INFO:colcon.colcon_core.executor:Executing jobs using 'parallel' executor
[1.119s] DEBUG:colcon.colcon_parallel_executor.executor.parallel:run_until_complete
[1.120s] INFO:colcon.colcon_ros.task.ament_cmake.build:Building ROS package in '/home/conner/codePractice/rosDummy/src/robot_types' with build type 'ament_cmake'
[1.120s] INFO:colcon.colcon_cmake.task.cmake.build:Building CMake package in '/home/conner/codePractice/rosDummy/src/robot_types'
[1.135s] INFO:colcon.colcon_core.plugin_system:Skipping extension 'colcon_core.shell.bat': Not used on non-Windows systems
[1.136s] INFO:colcon.colcon_core.shell:Skip shell extension 'powershell' for command environment: Not usable outside of PowerShell
[1.136s] DEBUG:colcon.colcon_core.shell:Skip shell extension 'dsv' for command environment
[1.155s] INFO:colcon.colcon_ros.task.ament_cmake.build:Building ROS package in '/home/conner/codePractice/rosDummy/src/brain_node' with build type 'ament_cmake'
[1.156s] INFO:colcon.colcon_cmake.task.cmake.build:Building CMake package in '/home/conner/codePractice/rosDummy/src/brain_node'
[1.169s] INFO:colcon.colcon_core.shell:Skip shell extension 'powershell' for command environment: Not usable outside of PowerShell
[1.169s] DEBUG:colcon.colcon_core.shell:Skip shell extension 'dsv' for command environment
[1.223s] DEBUG:colcon.colcon_core.event_handler.log_command:Invoking command in '/home/conner/codePractice/rosDummy/build/robot_types': CMAKE_PREFIX_PATH=${CMAKE_PREFIX_PATH}:/opt/ros/foxy /usr/bin/cmake --build /home/conner/codePractice/rosDummy/build/robot_types -- -j8 -l8
[1.249s] DEBUG:colcon.colcon_core.event_handler.log_command:Invoking command in '/home/conner/codePractice/rosDummy/build/brain_node': CMAKE_PREFIX_PATH=${CMAKE_PREFIX_PATH}:/opt/ros/foxy /usr/bin/cmake --build /home/conner/codePractice/rosDummy/build/brain_node -- -j8 -l8
[1.383s] DEBUG:colcon.colcon_core.event_handler.log_command:Invoked command in '/home/conner/codePractice/rosDummy/build/brain_node' returned '0': CMAKE_PREFIX_PATH=${CMAKE_PREFIX_PATH}:/opt/ros/foxy /usr/bin/cmake --build /home/conner/codePractice/rosDummy/build/brain_node -- -j8 -l8
[1.501s] DEBUG:colcon.colcon_core.event_handler.log_command:Invoking command in '/home/conner/codePractice/rosDummy/build/brain_node': CMAKE_PREFIX_PATH=${CMAKE_PREFIX_PATH}:/opt/ros/foxy /usr/bin/cmake --install /home/conner/codePractice/rosDummy/build/brain_node
[1.528s] Level 1:colcon.colcon_core.environment:create_environment_scripts_only(brain_node)
[1.535s] DEBUG:colcon.colcon_core.event_handler.log_command:Invoked command in '/home/conner/codePractice/rosDummy/build/brain_node' returned '0': CMAKE_PREFIX_PATH=${CMAKE_PREFIX_PATH}:/opt/ros/foxy /usr/bin/cmake --install /home/conner/codePractice/rosDummy/build/brain_node
[1.547s] Level 1:colcon.colcon_core.environment:checking '/home/conner/codePractice/rosDummy/install/brain_node' for CMake module files
[1.548s] Level 1:colcon.colcon_core.environment:checking '/home/conner/codePractice/rosDummy/install/brain_node' for CMake config files
[1.548s] Level 1:colcon.colcon_core.shell:create_environment_hook('brain_node', 'cmake_prefix_path')
[1.551s] INFO:colcon.colcon_core.shell:Creating environment hook '/home/conner/codePractice/rosDummy/install/brain_node/share/brain_node/hook/cmake_prefix_path.ps1'
[1.553s] INFO:colcon.colcon_core.shell:Creating environment descriptor '/home/conner/codePractice/rosDummy/install/brain_node/share/brain_node/hook/cmake_prefix_path.dsv'
[1.558s] INFO:colcon.colcon_core.shell:Creating environment hook '/home/conner/codePractice/rosDummy/install/brain_node/share/brain_node/hook/cmake_prefix_path.sh'
[1.563s] Level 1:colcon.colcon_core.environment:checking '/home/conner/codePractice/rosDummy/install/brain_node/bin'
[1.563s] Level 1:colcon.colcon_core.environment:checking '/home/conner/codePractice/rosDummy/install/brain_node/lib/pkgconfig/brain_node.pc'
[1.564s] Level 1:colcon.colcon_core.environment:checking '/home/conner/codePractice/rosDummy/install/brain_node/lib/python3.8/site-packages'
[1.565s] Level 1:colcon.colcon_core.environment:checking '/home/conner/codePractice/rosDummy/install/brain_node/bin'
[1.568s] INFO:colcon.colcon_core.shell:Creating package script '/home/conner/codePractice/rosDummy/install/brain_node/share/brain_node/package.ps1'
[1.573s] INFO:colcon.colcon_core.shell:Creating package descriptor '/home/conner/codePractice/rosDummy/install/brain_node/share/brain_node/package.dsv'
[1.576s] INFO:colcon.colcon_core.shell:Creating package script '/home/conner/codePractice/rosDummy/install/brain_node/share/brain_node/package.sh'
[1.581s] INFO:colcon.colcon_core.shell:Creating package script '/home/conner/codePractice/rosDummy/install/brain_node/share/brain_node/package.bash'
[1.585s] INFO:colcon.colcon_core.shell:Creating package script '/home/conner/codePractice/rosDummy/install/brain_node/share/brain_node/package.zsh'
[1.589s] Level 1:colcon.colcon_core.environment:create_file_with_runtime_dependencies(/home/conner/codePractice/rosDummy/install/brain_node/share/colcon-core/packages/brain_node)
[1.662s] Level 1:colcon.colcon_core.environment:create_environment_scripts_only(brain_node)
[1.666s] Level 1:colcon.colcon_core.environment:checking '/home/conner/codePractice/rosDummy/install/brain_node' for CMake module files
[1.668s] Level 1:colcon.colcon_core.environment:checking '/home/conner/codePractice/rosDummy/install/brain_node' for CMake config files
[1.669s] Level 1:colcon.colcon_core.shell:create_environment_hook('brain_node', 'cmake_prefix_path')
[1.674s] INFO:colcon.colcon_core.shell:Creating environment hook '/home/conner/codePractice/rosDummy/install/brain_node/share/brain_node/hook/cmake_prefix_path.ps1'
[1.678s] INFO:colcon.colcon_core.shell:Creating environment descriptor '/home/conner/codePractice/rosDummy/install/brain_node/share/brain_node/hook/cmake_prefix_path.dsv'
[1.680s] INFO:colcon.colcon_core.shell:Creating environment hook '/home/conner/codePractice/rosDummy/install/brain_node/share/brain_node/hook/cmake_prefix_path.sh'
[1.682s] Level 1:colcon.colcon_core.environment:checking '/home/conner/codePractice/rosDummy/install/brain_node/bin'
[1.682s] Level 1:colcon.colcon_core.environment:checking '/home/conner/codePractice/rosDummy/install/brain_node/lib/pkgconfig/brain_node.pc'
[1.683s] Level 1:colcon.colcon_core.environment:checking '/home/conner/codePractice/rosDummy/install/brain_node/lib/python3.8/site-packages'
[1.684s] Level 1:colcon.colcon_core.environment:checking '/home/conner/codePractice/rosDummy/install/brain_node/bin'
[1.688s] INFO:colcon.colcon_core.shell:Creating package script '/home/conner/codePractice/rosDummy/install/brain_node/share/brain_node/package.ps1'
[1.690s] INFO:colcon.colcon_core.shell:Creating package descriptor '/home/conner/codePractice/rosDummy/install/brain_node/share/brain_node/package.dsv'
[1.691s] INFO:colcon.colcon_core.shell:Creating package script '/home/conner/codePractice/rosDummy/install/brain_node/share/brain_node/package.sh'
[1.693s] INFO:colcon.colcon_core.shell:Creating package script '/home/conner/codePractice/rosDummy/install/brain_node/share/brain_node/package.bash'
[1.695s] INFO:colcon.colcon_core.shell:Creating package script '/home/conner/codePractice/rosDummy/install/brain_node/share/brain_node/package.zsh'
[1.697s] Level 1:colcon.colcon_core.environment:create_file_with_runtime_dependencies(/home/conner/codePractice/rosDummy/install/brain_node/share/colcon-core/packages/brain_node)
[1.874s] DEBUG:colcon.colcon_core.event_handler.log_command:Invoked command in '/home/conner/codePractice/rosDummy/build/robot_types' returned '0': CMAKE_PREFIX_PATH=${CMAKE_PREFIX_PATH}:/opt/ros/foxy /usr/bin/cmake --build /home/conner/codePractice/rosDummy/build/robot_types -- -j8 -l8
[2.042s] DEBUG:colcon.colcon_core.event_handler.log_command:Invoking command in '/home/conner/codePractice/rosDummy/build/robot_types': CMAKE_PREFIX_PATH=${CMAKE_PREFIX_PATH}:/opt/ros/foxy /usr/bin/cmake --install /home/conner/codePractice/rosDummy/build/robot_types
[2.340s] Level 1:colcon.colcon_core.environment:create_environment_scripts_only(robot_types)
[2.360s] Level 1:colcon.colcon_core.environment:checking '/home/conner/codePractice/rosDummy/install/robot_types' for CMake module files
[2.373s] Level 1:colcon.colcon_core.environment:checking '/home/conner/codePractice/rosDummy/install/robot_types' for CMake config files
[2.374s] Level 1:colcon.colcon_core.shell:create_environment_hook('robot_types', 'cmake_prefix_path')
[2.382s] INFO:colcon.colcon_core.shell:Creating environment hook '/home/conner/codePractice/rosDummy/install/robot_types/share/robot_types/hook/cmake_prefix_path.ps1'
[2.387s] DEBUG:colcon.colcon_core.event_handler.log_command:Invoked command in '/home/conner/codePractice/rosDummy/build/robot_types' returned '0': CMAKE_PREFIX_PATH=${CMAKE_PREFIX_PATH}:/opt/ros/foxy /usr/bin/cmake --install /home/conner/codePractice/rosDummy/build/robot_types
[2.395s] INFO:colcon.colcon_core.shell:Creating environment descriptor '/home/conner/codePractice/rosDummy/install/robot_types/share/robot_types/hook/cmake_prefix_path.dsv'
[2.396s] INFO:colcon.colcon_core.shell:Creating environment hook '/home/conner/codePractice/rosDummy/install/robot_types/share/robot_types/hook/cmake_prefix_path.sh'
[2.399s] Level 1:colcon.colcon_core.environment:checking '/home/conner/codePractice/rosDummy/install/robot_types/lib'
[2.401s] Level 1:colcon.colcon_core.shell:create_environment_hook('robot_types', 'ld_library_path_lib')
[2.419s] INFO:colcon.colcon_core.shell:Creating environment hook '/home/conner/codePractice/rosDummy/install/robot_types/share/robot_types/hook/ld_library_path_lib.ps1'
[2.422s] INFO:colcon.colcon_core.shell:Creating environment descriptor '/home/conner/codePractice/rosDummy/install/robot_types/share/robot_types/hook/ld_library_path_lib.dsv'
[2.434s] INFO:colcon.colcon_core.shell:Creating environment hook '/home/conner/codePractice/rosDummy/install/robot_types/share/robot_types/hook/ld_library_path_lib.sh'
[2.436s] Level 1:colcon.colcon_core.environment:checking '/home/conner/codePractice/rosDummy/install/robot_types/bin'
[2.437s] Level 1:colcon.colcon_core.environment:checking '/home/conner/codePractice/rosDummy/install/robot_types/lib/pkgconfig/robot_types.pc'
[2.438s] Level 1:colcon.colcon_core.environment:checking '/home/conner/codePractice/rosDummy/install/robot_types/lib/python3.8/site-packages'
[2.438s] Level 1:colcon.colcon_core.shell:create_environment_hook('robot_types', 'pythonpath')
[2.444s] INFO:colcon.colcon_core.shell:Creating environment hook '/home/conner/codePractice/rosDummy/install/robot_types/share/robot_types/hook/pythonpath.ps1'
[2.455s] INFO:colcon.colcon_core.shell:Creating environment descriptor '/home/conner/codePractice/rosDummy/install/robot_types/share/robot_types/hook/pythonpath.dsv'
[2.458s] INFO:colcon.colcon_core.shell:Creating environment hook '/home/conner/codePractice/rosDummy/install/robot_types/share/robot_types/hook/pythonpath.sh'
[2.460s] Level 1:colcon.colcon_core.environment:checking '/home/conner/codePractice/rosDummy/install/robot_types/bin'
[2.491s] INFO:colcon.colcon_core.shell:Creating package script '/home/conner/codePractice/rosDummy/install/robot_types/share/robot_types/package.ps1'
[2.494s] INFO:colcon.colcon_core.shell:Creating package descriptor '/home/conner/codePractice/rosDummy/install/robot_types/share/robot_types/package.dsv'
[2.497s] INFO:colcon.colcon_core.shell:Creating package script '/home/conner/codePractice/rosDummy/install/robot_types/share/robot_types/package.sh'
[2.512s] INFO:colcon.colcon_core.shell:Creating package script '/home/conner/codePractice/rosDummy/install/robot_types/share/robot_types/package.bash'
[2.515s] INFO:colcon.colcon_core.shell:Creating package script '/home/conner/codePractice/rosDummy/install/robot_types/share/robot_types/package.zsh'
[2.517s] Level 1:colcon.colcon_core.environment:create_file_with_runtime_dependencies(/home/conner/codePractice/rosDummy/install/robot_types/share/colcon-core/packages/robot_types)
[3.053s] Level 1:colcon.colcon_core.environment:create_environment_scripts_only(robot_types)
[3.065s] Level 1:colcon.colcon_core.environment:checking '/home/conner/codePractice/rosDummy/install/robot_types' for CMake module files
[3.067s] Level 1:colcon.colcon_core.environment:checking '/home/conner/codePractice/rosDummy/install/robot_types' for CMake config files
[3.069s] Level 1:colcon.colcon_core.shell:create_environment_hook('robot_types', 'cmake_prefix_path')
[3.074s] INFO:colcon.colcon_core.shell:Creating environment hook '/home/conner/codePractice/rosDummy/install/robot_types/share/robot_types/hook/cmake_prefix_path.ps1'
[3.086s] INFO:colcon.colcon_core.shell:Creating environment descriptor '/home/conner/codePractice/rosDummy/install/robot_types/share/robot_types/hook/cmake_prefix_path.dsv'
[3.087s] INFO:colcon.colcon_core.shell:Creating environment hook '/home/conner/codePractice/rosDummy/install/robot_types/share/robot_types/hook/cmake_prefix_path.sh'
[3.089s] Level 1:colcon.colcon_core.environment:checking '/home/conner/codePractice/rosDummy/install/robot_types/lib'
[3.090s] Level 1:colcon.colcon_core.shell:create_environment_hook('robot_types', 'ld_library_path_lib')
[3.099s] INFO:colcon.colcon_core.shell:Creating environment hook '/home/conner/codePractice/rosDummy/install/robot_types/share/robot_types/hook/ld_library_path_lib.ps1'
[3.103s] INFO:colcon.colcon_core.shell:Creating environment descriptor '/home/conner/codePractice/rosDummy/install/robot_types/share/robot_types/hook/ld_library_path_lib.dsv'
[3.105s] INFO:colcon.colcon_core.shell:Creating environment hook '/home/conner/codePractice/rosDummy/install/robot_types/share/robot_types/hook/ld_library_path_lib.sh'
[3.106s] Level 1:colcon.colcon_core.environment:checking '/home/conner/codePractice/rosDummy/install/robot_types/bin'
[3.107s] Level 1:colcon.colcon_core.environment:checking '/home/conner/codePractice/rosDummy/install/robot_types/lib/pkgconfig/robot_types.pc'
[3.108s] Level 1:colcon.colcon_core.environment:checking '/home/conner/codePractice/rosDummy/install/robot_types/lib/python3.8/site-packages'
[3.108s] Level 1:colcon.colcon_core.shell:create_environment_hook('robot_types', 'pythonpath')
[3.121s] INFO:colcon.colcon_core.shell:Creating environment hook '/home/conner/codePractice/rosDummy/install/robot_types/share/robot_types/hook/pythonpath.ps1'
[3.123s] INFO:colcon.colcon_core.shell:Creating environment descriptor '/home/conner/codePractice/rosDummy/install/robot_types/share/robot_types/hook/pythonpath.dsv'
[3.125s] INFO:colcon.colcon_core.shell:Creating environment hook '/home/conner/codePractice/rosDummy/install/robot_types/share/robot_types/hook/pythonpath.sh'
[3.128s] Level 1:colcon.colcon_core.environment:checking '/home/conner/codePractice/rosDummy/install/robot_types/bin'
[3.136s] INFO:colcon.colcon_core.shell:Creating package script '/home/conner/codePractice/rosDummy/install/robot_types/share/robot_types/package.ps1'
[3.143s] INFO:colcon.colcon_core.shell:Creating package descriptor '/home/conner/codePractice/rosDummy/install/robot_types/share/robot_types/package.dsv'
[3.149s] INFO:colcon.colcon_core.shell:Creating package script '/home/conner/codePractice/rosDummy/install/robot_types/share/robot_types/package.sh'
[3.154s] INFO:colcon.colcon_core.shell:Creating package script '/home/conner/codePractice/rosDummy/install/robot_types/share/robot_types/package.bash'
[3.161s] INFO:colcon.colcon_core.shell:Creating package script '/home/conner/codePractice/rosDummy/install/robot_types/share/robot_types/package.zsh'
[3.164s] Level 1:colcon.colcon_core.environment:create_file_with_runtime_dependencies(/home/conner/codePractice/rosDummy/install/robot_types/share/colcon-core/packages/robot_types)
[3.167s] INFO:colcon.colcon_ros.task.ament_cmake.build:Building ROS package in '/home/conner/codePractice/rosDummy/src/control_node' with build type 'ament_cmake'
[3.168s] INFO:colcon.colcon_cmake.task.cmake.build:Building CMake package in '/home/conner/codePractice/rosDummy/src/control_node'
[3.181s] INFO:colcon.colcon_core.shell:Skip shell extension 'powershell' for command environment: Not usable outside of PowerShell
[3.183s] DEBUG:colcon.colcon_core.shell:Skip shell extension 'dsv' for command environment
[3.211s] INFO:colcon.colcon_ros.task.ament_cmake.build:Building ROS package in '/home/conner/codePractice/rosDummy/src/mediator_node' with build type 'ament_cmake'
[3.213s] INFO:colcon.colcon_cmake.task.cmake.build:Building CMake package in '/home/conner/codePractice/rosDummy/src/mediator_node'
[3.231s] INFO:colcon.colcon_core.shell:Skip shell extension 'powershell' for command environment: Not usable outside of PowerShell
[3.233s] DEBUG:colcon.colcon_core.shell:Skip shell extension 'dsv' for command environment
[3.893s] DEBUG:colcon.colcon_core.event_handler.log_command:Invoking command in '/home/conner/codePractice/rosDummy/build/control_node': CMAKE_PREFIX_PATH=/home/conner/codePractice/rosDummy/install/robot_types:/home/conner/codePractice/rosDummy/install/mediator_node:/home/conner/codePractice/rosDummy/install/control_node:/home/conner/codePractice/rosDummy/install/brain_node:/opt/ros/foxy LD_LIBRARY_PATH=/home/conner/codePractice/rosDummy/install/robot_types/lib:/home/conner/codePractice/rosDummy/install/mediator_node/lib:/home/conner/codePractice/rosDummy/install/control_node/lib:/opt/ros/foxy/opt/yaml_cpp_vendor/lib:/opt/ros/foxy/opt/rviz_ogre_vendor/lib:/opt/ros/foxy/lib/x86_64-linux-gnu:/opt/ros/foxy/lib /usr/bin/cmake --build /home/conner/codePractice/rosDummy/build/control_node -- -j8 -l8
[3.906s] DEBUG:colcon.colcon_core.event_handler.log_command:Invoking command in '/home/conner/codePractice/rosDummy/build/mediator_node': CMAKE_PREFIX_PATH=/home/conner/codePractice/rosDummy/install/robot_types:/home/conner/codePractice/rosDummy/install/mediator_node:/home/conner/codePractice/rosDummy/install/control_node:/home/conner/codePractice/rosDummy/install/brain_node:/opt/ros/foxy LD_LIBRARY_PATH=/home/conner/codePractice/rosDummy/install/robot_types/lib:/home/conner/codePractice/rosDummy/install/mediator_node/lib:/home/conner/codePractice/rosDummy/install/control_node/lib:/opt/ros/foxy/opt/yaml_cpp_vendor/lib:/opt/ros/foxy/opt/rviz_ogre_vendor/lib:/opt/ros/foxy/lib/x86_64-linux-gnu:/opt/ros/foxy/lib /usr/bin/cmake --build /home/conner/codePractice/rosDummy/build/mediator_node -- -j8 -l8
[20.926s] DEBUG:colcon.colcon_core.event_handler.log_command:Invoked command in '/home/conner/codePractice/rosDummy/build/mediator_node' returned '0': CMAKE_PREFIX_PATH=/home/conner/codePractice/rosDummy/install/robot_types:/home/conner/codePractice/rosDummy/install/mediator_node:/home/conner/codePractice/rosDummy/install/control_node:/home/conner/codePractice/rosDummy/install/brain_node:/opt/ros/foxy LD_LIBRARY_PATH=/home/conner/codePractice/rosDummy/install/robot_types/lib:/home/conner/codePractice/rosDummy/install/mediator_node/lib:/home/conner/codePractice/rosDummy/install/control_node/lib:/opt/ros/foxy/opt/yaml_cpp_vendor/lib:/opt/ros/foxy/opt/rviz_ogre_vendor/lib:/opt/ros/foxy/lib/x86_64-linux-gnu:/opt/ros/foxy/lib /usr/bin/cmake --build /home/conner/codePractice/rosDummy/build/mediator_node -- -j8 -l8
[21.017s] DEBUG:colcon.colcon_core.event_handler.log_command:Invoking command in '/home/conner/codePractice/rosDummy/build/mediator_node': CMAKE_PREFIX_PATH=/home/conner/codePractice/rosDummy/install/robot_types:/home/conner/codePractice/rosDummy/install/mediator_node:/home/conner/codePractice/rosDummy/install/control_node:/home/conner/codePractice/rosDummy/install/brain_node:/opt/ros/foxy LD_LIBRARY_PATH=/home/conner/codePractice/rosDummy/install/robot_types/lib:/home/conner/codePractice/rosDummy/install/mediator_node/lib:/home/conner/codePractice/rosDummy/install/control_node/lib:/opt/ros/foxy/opt/yaml_cpp_vendor/lib:/opt/ros/foxy/opt/rviz_ogre_vendor/lib:/opt/ros/foxy/lib/x86_64-linux-gnu:/opt/ros/foxy/lib /usr/bin/cmake --install /home/conner/codePractice/rosDummy/build/mediator_node
[21.083s] Level 1:colcon.colcon_core.environment:create_environment_scripts_only(mediator_node)
[21.097s] Level 1:colcon.colcon_core.environment:checking '/home/conner/codePractice/rosDummy/install/mediator_node' for CMake module files
[21.097s] DEBUG:colcon.colcon_core.event_handler.log_command:Invoked command in '/home/conner/codePractice/rosDummy/build/mediator_node' returned '0': CMAKE_PREFIX_PATH=/home/conner/codePractice/rosDummy/install/robot_types:/home/conner/codePractice/rosDummy/install/mediator_node:/home/conner/codePractice/rosDummy/install/control_node:/home/conner/codePractice/rosDummy/install/brain_node:/opt/ros/foxy LD_LIBRARY_PATH=/home/conner/codePractice/rosDummy/install/robot_types/lib:/home/conner/codePractice/rosDummy/install/mediator_node/lib:/home/conner/codePractice/rosDummy/install/control_node/lib:/opt/ros/foxy/opt/yaml_cpp_vendor/lib:/opt/ros/foxy/opt/rviz_ogre_vendor/lib:/opt/ros/foxy/lib/x86_64-linux-gnu:/opt/ros/foxy/lib /usr/bin/cmake --install /home/conner/codePractice/rosDummy/build/mediator_node
[21.100s] Level 1:colcon.colcon_core.environment:checking '/home/conner/codePractice/rosDummy/install/mediator_node' for CMake config files
[21.103s] Level 1:colcon.colcon_core.shell:create_environment_hook('mediator_node', 'cmake_prefix_path')
[21.111s] INFO:colcon.colcon_core.shell:Creating environment hook '/home/conner/codePractice/rosDummy/install/mediator_node/share/mediator_node/hook/cmake_prefix_path.ps1'
[21.114s] INFO:colcon.colcon_core.shell:Creating environment descriptor '/home/conner/codePractice/rosDummy/install/mediator_node/share/mediator_node/hook/cmake_prefix_path.dsv'
[21.116s] INFO:colcon.colcon_core.shell:Creating environment hook '/home/conner/codePractice/rosDummy/install/mediator_node/share/mediator_node/hook/cmake_prefix_path.sh'
[21.118s] Level 1:colcon.colcon_core.environment:checking '/home/conner/codePractice/rosDummy/install/mediator_node/lib'
[21.118s] Level 1:colcon.colcon_core.shell:create_environment_hook('mediator_node', 'ld_library_path_lib')
[21.122s] INFO:colcon.colcon_core.shell:Creating environment hook '/home/conner/codePractice/rosDummy/install/mediator_node/share/mediator_node/hook/ld_library_path_lib.ps1'
[21.123s] INFO:colcon.colcon_core.shell:Creating environment descriptor '/home/conner/codePractice/rosDummy/install/mediator_node/share/mediator_node/hook/ld_library_path_lib.dsv'
[21.125s] INFO:colcon.colcon_core.shell:Creating environment hook '/home/conner/codePractice/rosDummy/install/mediator_node/share/mediator_node/hook/ld_library_path_lib.sh'
[21.127s] Level 1:colcon.colcon_core.environment:checking '/home/conner/codePractice/rosDummy/install/mediator_node/bin'
[21.128s] Level 1:colcon.colcon_core.environment:checking '/home/conner/codePractice/rosDummy/install/mediator_node/lib/pkgconfig/mediator_node.pc'
[21.129s] Level 1:colcon.colcon_core.environment:checking '/home/conner/codePractice/rosDummy/install/mediator_node/lib/python3.8/site-packages'
[21.130s] Level 1:colcon.colcon_core.environment:checking '/home/conner/codePractice/rosDummy/install/mediator_node/bin'
[21.134s] INFO:colcon.colcon_core.shell:Creating package script '/home/conner/codePractice/rosDummy/install/mediator_node/share/mediator_node/package.ps1'
[21.135s] INFO:colcon.colcon_core.shell:Creating package descriptor '/home/conner/codePractice/rosDummy/install/mediator_node/share/mediator_node/package.dsv'
[21.137s] INFO:colcon.colcon_core.shell:Creating package script '/home/conner/codePractice/rosDummy/install/mediator_node/share/mediator_node/package.sh'
[21.139s] INFO:colcon.colcon_core.shell:Creating package script '/home/conner/codePractice/rosDummy/install/mediator_node/share/mediator_node/package.bash'
[21.140s] INFO:colcon.colcon_core.shell:Creating package script '/home/conner/codePractice/rosDummy/install/mediator_node/share/mediator_node/package.zsh'
[21.141s] Level 1:colcon.colcon_core.environment:create_file_with_runtime_dependencies(/home/conner/codePractice/rosDummy/install/mediator_node/share/colcon-core/packages/mediator_node)
[21.221s] Level 1:colcon.colcon_core.environment:create_environment_scripts_only(mediator_node)
[21.226s] Level 1:colcon.colcon_core.environment:checking '/home/conner/codePractice/rosDummy/install/mediator_node' for CMake module files
[21.228s] Level 1:colcon.colcon_core.environment:checking '/home/conner/codePractice/rosDummy/install/mediator_node' for CMake config files
[21.229s] Level 1:colcon.colcon_core.shell:create_environment_hook('mediator_node', 'cmake_prefix_path')
[21.233s] INFO:colcon.colcon_core.shell:Creating environment hook '/home/conner/codePractice/rosDummy/install/mediator_node/share/mediator_node/hook/cmake_prefix_path.ps1'
[21.234s] INFO:colcon.colcon_core.shell:Creating environment descriptor '/home/conner/codePractice/rosDummy/install/mediator_node/share/mediator_node/hook/cmake_prefix_path.dsv'
[21.235s] INFO:colcon.colcon_core.shell:Creating environment hook '/home/conner/codePractice/rosDummy/install/mediator_node/share/mediator_node/hook/cmake_prefix_path.sh'
[21.236s] Level 1:colcon.colcon_core.environment:checking '/home/conner/codePractice/rosDummy/install/mediator_node/lib'
[21.237s] Level 1:colcon.colcon_core.shell:create_environment_hook('mediator_node', 'ld_library_path_lib')
[21.240s] INFO:colcon.colcon_core.shell:Creating environment hook '/home/conner/codePractice/rosDummy/install/mediator_node/share/mediator_node/hook/ld_library_path_lib.ps1'
[21.242s] INFO:colcon.colcon_core.shell:Creating environment descriptor '/home/conner/codePractice/rosDummy/install/mediator_node/share/mediator_node/hook/ld_library_path_lib.dsv'
[21.244s] INFO:colcon.colcon_core.shell:Creating environment hook '/home/conner/codePractice/rosDummy/install/mediator_node/share/mediator_node/hook/ld_library_path_lib.sh'
[21.245s] Level 1:colcon.colcon_core.environment:checking '/home/conner/codePractice/rosDummy/install/mediator_node/bin'
[21.245s] Level 1:colcon.colcon_core.environment:checking '/home/conner/codePractice/rosDummy/install/mediator_node/lib/pkgconfig/mediator_node.pc'
[21.246s] Level 1:colcon.colcon_core.environment:checking '/home/conner/codePractice/rosDummy/install/mediator_node/lib/python3.8/site-packages'
[21.246s] Level 1:colcon.colcon_core.environment:checking '/home/conner/codePractice/rosDummy/install/mediator_node/bin'
[21.250s] INFO:colcon.colcon_core.shell:Creating package script '/home/conner/codePractice/rosDummy/install/mediator_node/share/mediator_node/package.ps1'
[21.252s] INFO:colcon.colcon_core.shell:Creating package descriptor '/home/conner/codePractice/rosDummy/install/mediator_node/share/mediator_node/package.dsv'
[21.256s] INFO:colcon.colcon_core.shell:Creating package script '/home/conner/codePractice/rosDummy/install/mediator_node/share/mediator_node/package.sh'
[21.258s] INFO:colcon.colcon_core.shell:Creating package script '/home/conner/codePractice/rosDummy/install/mediator_node/share/mediator_node/package.bash'
[21.260s] INFO:colcon.colcon_core.shell:Creating package script '/home/conner/codePractice/rosDummy/install/mediator_node/share/mediator_node/package.zsh'
[21.263s] Level 1:colcon.colcon_core.environment:create_file_with_runtime_dependencies(/home/conner/codePractice/rosDummy/install/mediator_node/share/colcon-core/packages/mediator_node)
[21.568s] DEBUG:colcon.colcon_core.event_handler.log_command:Invoked command in '/home/conner/codePractice/rosDummy/build/control_node' returned '0': CMAKE_PREFIX_PATH=/home/conner/codePractice/rosDummy/install/robot_types:/home/conner/codePractice/rosDummy/install/mediator_node:/home/conner/codePractice/rosDummy/install/control_node:/home/conner/codePractice/rosDummy/install/brain_node:/opt/ros/foxy LD_LIBRARY_PATH=/home/conner/codePractice/rosDummy/install/robot_types/lib:/home/conner/codePractice/rosDummy/install/mediator_node/lib:/home/conner/codePractice/rosDummy/install/control_node/lib:/opt/ros/foxy/opt/yaml_cpp_vendor/lib:/opt/ros/foxy/opt/rviz_ogre_vendor/lib:/opt/ros/foxy/lib/x86_64-linux-gnu:/opt/ros/foxy/lib /usr/bin/cmake --build /home/conner/codePractice/rosDummy/build/control_node -- -j8 -l8
[21.659s] DEBUG:colcon.colcon_core.event_handler.log_command:Invoking command in '/home/conner/codePractice/rosDummy/build/control_node': CMAKE_PREFIX_PATH=/home/conner/codePractice/rosDummy/install/robot_types:/home/conner/codePractice/rosDummy/install/mediator_node:/home/conner/codePractice/rosDummy/install/control_node:/home/conner/codePractice/rosDummy/install/brain_node:/opt/ros/foxy LD_LIBRARY_PATH=/home/conner/codePractice/rosDummy/install/robot_types/lib:/home/conner/codePractice/rosDummy/install/mediator_node/lib:/home/conner/codePractice/rosDummy/install/control_node/lib:/opt/ros/foxy/opt/yaml_cpp_vendor/lib:/opt/ros/foxy/opt/rviz_ogre_vendor/lib:/opt/ros/foxy/lib/x86_64-linux-gnu:/opt/ros/foxy/lib /usr/bin/cmake --install /home/conner/codePractice/rosDummy/build/control_node
[21.698s] Level 1:colcon.colcon_core.environment:create_environment_scripts_only(control_node)
[21.705s] DEBUG:colcon.colcon_core.event_handler.log_command:Invoked command in '/home/conner/codePractice/rosDummy/build/control_node' returned '0': CMAKE_PREFIX_PATH=/home/conner/codePractice/rosDummy/install/robot_types:/home/conner/codePractice/rosDummy/install/mediator_node:/home/conner/codePractice/rosDummy/install/control_node:/home/conner/codePractice/rosDummy/install/brain_node:/opt/ros/foxy LD_LIBRARY_PATH=/home/conner/codePractice/rosDummy/install/robot_types/lib:/home/conner/codePractice/rosDummy/install/mediator_node/lib:/home/conner/codePractice/rosDummy/install/control_node/lib:/opt/ros/foxy/opt/yaml_cpp_vendor/lib:/opt/ros/foxy/opt/rviz_ogre_vendor/lib:/opt/ros/foxy/lib/x86_64-linux-gnu:/opt/ros/foxy/lib /usr/bin/cmake --install /home/conner/codePractice/rosDummy/build/control_node
[21.708s] Level 1:colcon.colcon_core.environment:checking '/home/conner/codePractice/rosDummy/install/control_node' for CMake module files
[21.710s] Level 1:colcon.colcon_core.environment:checking '/home/conner/codePractice/rosDummy/install/control_node' for CMake config files
[21.711s] Level 1:colcon.colcon_core.shell:create_environment_hook('control_node', 'cmake_prefix_path')
[21.717s] INFO:colcon.colcon_core.shell:Creating environment hook '/home/conner/codePractice/rosDummy/install/control_node/share/control_node/hook/cmake_prefix_path.ps1'
[21.719s] INFO:colcon.colcon_core.shell:Creating environment descriptor '/home/conner/codePractice/rosDummy/install/control_node/share/control_node/hook/cmake_prefix_path.dsv'
[21.721s] INFO:colcon.colcon_core.shell:Creating environment hook '/home/conner/codePractice/rosDummy/install/control_node/share/control_node/hook/cmake_prefix_path.sh'
[21.723s] Level 1:colcon.colcon_core.environment:checking '/home/conner/codePractice/rosDummy/install/control_node/lib'
[21.725s] Level 1:colcon.colcon_core.shell:create_environment_hook('control_node', 'ld_library_path_lib')
[21.731s] INFO:colcon.colcon_core.shell:Creating environment hook '/home/conner/codePractice/rosDummy/install/control_node/share/control_node/hook/ld_library_path_lib.ps1'
[21.733s] INFO:colcon.colcon_core.shell:Creating environment descriptor '/home/conner/codePractice/rosDummy/install/control_node/share/control_node/hook/ld_library_path_lib.dsv'
[21.734s] INFO:colcon.colcon_core.shell:Creating environment hook '/home/conner/codePractice/rosDummy/install/control_node/share/control_node/hook/ld_library_path_lib.sh'
[21.736s] Level 1:colcon.colcon_core.environment:checking '/home/conner/codePractice/rosDummy/install/control_node/bin'
[21.736s] Level 1:colcon.colcon_core.environment:checking '/home/conner/codePractice/rosDummy/install/control_node/lib/pkgconfig/control_node.pc'
[21.737s] Level 1:colcon.colcon_core.environment:checking '/home/conner/codePractice/rosDummy/install/control_node/lib/python3.8/site-packages'
[21.737s] Level 1:colcon.colcon_core.environment:checking '/home/conner/codePractice/rosDummy/install/control_node/bin'
[21.742s] INFO:colcon.colcon_core.shell:Creating package script '/home/conner/codePractice/rosDummy/install/control_node/share/control_node/package.ps1'
[21.744s] INFO:colcon.colcon_core.shell:Creating package descriptor '/home/conner/codePractice/rosDummy/install/control_node/share/control_node/package.dsv'
[21.747s] INFO:colcon.colcon_core.shell:Creating package script '/home/conner/codePractice/rosDummy/install/control_node/share/control_node/package.sh'
[21.749s] INFO:colcon.colcon_core.shell:Creating package script '/home/conner/codePractice/rosDummy/install/control_node/share/control_node/package.bash'
[21.750s] INFO:colcon.colcon_core.shell:Creating package script '/home/conner/codePractice/rosDummy/install/control_node/share/control_node/package.zsh'
[21.751s] Level 1:colcon.colcon_core.environment:create_file_with_runtime_dependencies(/home/conner/codePractice/rosDummy/install/control_node/share/colcon-core/packages/control_node)
[21.821s] Level 1:colcon.colcon_core.environment:create_environment_scripts_only(control_node)
[21.830s] Level 1:colcon.colcon_core.environment:checking '/home/conner/codePractice/rosDummy/install/control_node' for CMake module files
[21.832s] Level 1:colcon.colcon_core.environment:checking '/home/conner/codePractice/rosDummy/install/control_node' for CMake config files
[21.833s] Level 1:colcon.colcon_core.shell:create_environment_hook('control_node', 'cmake_prefix_path')
[21.836s] INFO:colcon.colcon_core.shell:Creating environment hook '/home/conner/codePractice/rosDummy/install/control_node/share/control_node/hook/cmake_prefix_path.ps1'
[21.838s] INFO:colcon.colcon_core.shell:Creating environment descriptor '/home/conner/codePractice/rosDummy/install/control_node/share/control_node/hook/cmake_prefix_path.dsv'
[21.840s] INFO:colcon.colcon_core.shell:Creating environment hook '/home/conner/codePractice/rosDummy/install/control_node/share/control_node/hook/cmake_prefix_path.sh'
[21.843s] Level 1:colcon.colcon_core.environment:checking '/home/conner/codePractice/rosDummy/install/control_node/lib'
[21.843s] Level 1:colcon.colcon_core.shell:create_environment_hook('control_node', 'ld_library_path_lib')
[21.846s] INFO:colcon.colcon_core.shell:Creating environment hook '/home/conner/codePractice/rosDummy/install/control_node/share/control_node/hook/ld_library_path_lib.ps1'
[21.847s] INFO:colcon.colcon_core.shell:Creating environment descriptor '/home/conner/codePractice/rosDummy/install/control_node/share/control_node/hook/ld_library_path_lib.dsv'
[21.848s] INFO:colcon.colcon_core.shell:Creating environment hook '/home/conner/codePractice/rosDummy/install/control_node/share/control_node/hook/ld_library_path_lib.sh'
[21.849s] Level 1:colcon.colcon_core.environment:checking '/home/conner/codePractice/rosDummy/install/control_node/bin'
[21.849s] Level 1:colcon.colcon_core.environment:checking '/home/conner/codePractice/rosDummy/install/control_node/lib/pkgconfig/control_node.pc'
[21.850s] Level 1:colcon.colcon_core.environment:checking '/home/conner/codePractice/rosDummy/install/control_node/lib/python3.8/site-packages'
[21.850s] Level 1:colcon.colcon_core.environment:checking '/home/conner/codePractice/rosDummy/install/control_node/bin'
[21.854s] INFO:colcon.colcon_core.shell:Creating package script '/home/conner/codePractice/rosDummy/install/control_node/share/control_node/package.ps1'
[21.857s] INFO:colcon.colcon_core.shell:Creating package descriptor '/home/conner/codePractice/rosDummy/install/control_node/share/control_node/package.dsv'
[21.858s] INFO:colcon.colcon_core.shell:Creating package script '/home/conner/codePractice/rosDummy/install/control_node/share/control_node/package.sh'
[21.860s] INFO:colcon.colcon_core.shell:Creating package script '/home/conner/codePractice/rosDummy/install/control_node/share/control_node/package.bash'
[21.862s] INFO:colcon.colcon_core.shell:Creating package script '/home/conner/codePractice/rosDummy/install/control_node/share/control_node/package.zsh'
[21.865s] Level 1:colcon.colcon_core.environment:create_file_with_runtime_dependencies(/home/conner/codePractice/rosDummy/install/control_node/share/colcon-core/packages/control_node)
[21.866s] DEBUG:colcon.colcon_parallel_executor.executor.parallel:closing loop
[21.869s] DEBUG:colcon.colcon_parallel_executor.executor.parallel:loop closed
[21.870s] DEBUG:colcon.colcon_parallel_executor.executor.parallel:run_until_complete finished with '0'
[21.871s] DEBUG:colcon.colcon_core.event_reactor:joining thread
[22.102s] INFO:colcon.colcon_core.plugin_system:Skipping extension 'colcon_notification.desktop_notification.notify_send': Could not find 'notify-send'
[22.102s] INFO:colcon.colcon_core.plugin_system:Skipping extension 'colcon_notification.desktop_notification.terminal_notifier': Not used on non-Darwin systems
[22.102s] INFO:colcon.colcon_core.plugin_system:Skipping extension 'colcon_notification.desktop_notification.win32': Not used on non-Windows systems
[22.103s] INFO:colcon.colcon_notification.desktop_notification:Sending desktop notification using 'notify2'
[22.140s] DEBUG:colcon.colcon_notification.desktop_notification.notify2:Failed to initialize notify2: org.freedesktop.DBus.Error.ServiceUnknown: The name org.freedesktop.Notifications was not provided by any .service files
[22.141s] DEBUG:colcon.colcon_core.event_reactor:joined thread
[22.145s] INFO:colcon.colcon_core.shell:Creating prefix script '/home/conner/codePractice/rosDummy/install/local_setup.ps1'
[22.150s] INFO:colcon.colcon_core.shell:Creating prefix util module '/home/conner/codePractice/rosDummy/install/_local_setup_util_ps1.py'
[22.156s] INFO:colcon.colcon_core.shell:Creating prefix chain script '/home/conner/codePractice/rosDummy/install/setup.ps1'
[22.162s] INFO:colcon.colcon_core.shell:Creating prefix script '/home/conner/codePractice/rosDummy/install/local_setup.sh'
[22.167s] INFO:colcon.colcon_core.shell:Creating prefix util module '/home/conner/codePractice/rosDummy/install/_local_setup_util_sh.py'
[22.169s] INFO:colcon.colcon_core.shell:Creating prefix chain script '/home/conner/codePractice/rosDummy/install/setup.sh'
[22.178s] INFO:colcon.colcon_core.shell:Creating prefix script '/home/conner/codePractice/rosDummy/install/local_setup.bash'
[22.183s] INFO:colcon.colcon_core.shell:Creating prefix chain script '/home/conner/codePractice/rosDummy/install/setup.bash'
[22.188s] INFO:colcon.colcon_core.shell:Creating prefix script '/home/conner/codePractice/rosDummy/install/local_setup.zsh'
[22.193s] INFO:colcon.colcon_core.shell:Creating prefix chain script '/home/conner/codePractice/rosDummy/install/setup.zsh'
