[0.095s] Invoking command in '/home/conner/codePractice/rosDummy/build/control_node': CMAKE_PREFIX_PATH=/opt/ros/foxy /usr/bin/cmake --build /home/conner/codePractice/rosDummy/build/control_node -- -j8 -l8
[0.191s] Invoked command in '/home/conner/codePractice/rosDummy/build/control_node' returned '0': CMAKE_PREFIX_PATH=/opt/ros/foxy /usr/bin/cmake --build /home/conner/codePractice/rosDummy/build/control_node -- -j8 -l8
[0.272s] Invoking command in '/home/conner/codePractice/rosDummy/build/control_node': CMAKE_PREFIX_PATH=/opt/ros/foxy /usr/bin/cmake --install /home/conner/codePractice/rosDummy/build/control_node
[0.295s] -- Install configuration: ""
[0.296s] -- Installing: /home/conner/codePractice/rosDummy/install/control_node/share/ament_index/resource_index/package_run_dependencies/control_node
[0.296s] -- Installing: /home/conner/codePractice/rosDummy/install/control_node/share/ament_index/resource_index/parent_prefix_path/control_node
[0.297s] -- Installing: /home/conner/codePractice/rosDummy/install/control_node/share/control_node/environment/ament_prefix_path.sh
[0.298s] -- Installing: /home/conner/codePractice/rosDummy/install/control_node/share/control_node/environment/ament_prefix_path.dsv
[0.300s] -- Installing: /home/conner/codePractice/rosDummy/install/control_node/share/control_node/environment/path.sh
[0.301s] -- Installing: /home/conner/codePractice/rosDummy/install/control_node/share/control_node/environment/path.dsv
[0.302s] -- Installing: /home/conner/codePractice/rosDummy/install/control_node/share/control_node/local_setup.bash
[0.303s] -- Installing: /home/conner/codePractice/rosDummy/install/control_node/share/control_node/local_setup.sh
[0.303s] -- Installing: /home/conner/codePractice/rosDummy/install/control_node/share/control_node/local_setup.zsh
[0.304s] -- Installing: /home/conner/codePractice/rosDummy/install/control_node/share/control_node/local_setup.dsv
[0.304s] -- Installing: /home/conner/codePractice/rosDummy/install/control_node/share/control_node/package.dsv
[0.304s] -- Installing: /home/conner/codePractice/rosDummy/install/control_node/share/ament_index/resource_index/packages/control_node
[0.306s] -- Installing: /home/conner/codePractice/rosDummy/install/control_node/share/control_node/cmake/control_nodeConfig.cmake
[0.307s] -- Installing: /home/conner/codePractice/rosDummy/install/control_node/share/control_node/cmake/control_nodeConfig-version.cmake
[0.307s] -- Installing: /home/conner/codePractice/rosDummy/install/control_node/share/control_node/package.xml
[0.380s] Invoked command in '/home/conner/codePractice/rosDummy/build/control_node' returned '0': CMAKE_PREFIX_PATH=/opt/ros/foxy /usr/bin/cmake --install /home/conner/codePractice/rosDummy/build/control_node
