[0.405s] Invoking command in '/home/conner/codePractice/rosDummy/build/control_node': CMAKE_PREFIX_PATH=/home/conner/codePractice/rosDummy/install/robot_types:/home/conner/codePractice/rosDummy/install/mediator_node:/home/conner/codePractice/rosDummy/install/control_node:/home/conner/codePractice/rosDummy/install/brain_node:/opt/ros/foxy LD_LIBRARY_PATH=/home/conner/codePractice/rosDummy/install/robot_types/lib:/home/conner/codePractice/rosDummy/install/mediator_node/lib:/home/conner/codePractice/rosDummy/install/control_node/lib:/opt/ros/foxy/opt/yaml_cpp_vendor/lib:/opt/ros/foxy/opt/rviz_ogre_vendor/lib:/opt/ros/foxy/lib/x86_64-linux-gnu:/opt/ros/foxy/lib /usr/bin/cmake --build /home/conner/codePractice/rosDummy/build/control_node -- -j8 -l8
[0.501s] [ 50%] Built target PID_action_client
[0.501s] [100%] Built target action_client
[0.519s] Invoked command in '/home/conner/codePractice/rosDummy/build/control_node' returned '0': CMAKE_PREFIX_PATH=/home/conner/codePractice/rosDummy/install/robot_types:/home/conner/codePractice/rosDummy/install/mediator_node:/home/conner/codePractice/rosDummy/install/control_node:/home/conner/codePractice/rosDummy/install/brain_node:/opt/ros/foxy LD_LIBRARY_PATH=/home/conner/codePractice/rosDummy/install/robot_types/lib:/home/conner/codePractice/rosDummy/install/mediator_node/lib:/home/conner/codePractice/rosDummy/install/control_node/lib:/opt/ros/foxy/opt/yaml_cpp_vendor/lib:/opt/ros/foxy/opt/rviz_ogre_vendor/lib:/opt/ros/foxy/lib/x86_64-linux-gnu:/opt/ros/foxy/lib /usr/bin/cmake --build /home/conner/codePractice/rosDummy/build/control_node -- -j8 -l8
[0.578s] Invoking command in '/home/conner/codePractice/rosDummy/build/control_node': CMAKE_PREFIX_PATH=/home/conner/codePractice/rosDummy/install/robot_types:/home/conner/codePractice/rosDummy/install/mediator_node:/home/conner/codePractice/rosDummy/install/control_node:/home/conner/codePractice/rosDummy/install/brain_node:/opt/ros/foxy LD_LIBRARY_PATH=/home/conner/codePractice/rosDummy/install/robot_types/lib:/home/conner/codePractice/rosDummy/install/mediator_node/lib:/home/conner/codePractice/rosDummy/install/control_node/lib:/opt/ros/foxy/opt/yaml_cpp_vendor/lib:/opt/ros/foxy/opt/rviz_ogre_vendor/lib:/opt/ros/foxy/lib/x86_64-linux-gnu:/opt/ros/foxy/lib /usr/bin/cmake --install /home/conner/codePractice/rosDummy/build/control_node
[0.596s] -- Install configuration: ""
[0.597s] -- Up-to-date: /home/conner/codePractice/rosDummy/install/control_node/lib/control_node/PID_action_client
[0.598s] -- Up-to-date: /home/conner/codePractice/rosDummy/install/control_node/lib/libaction_client.so
[0.599s] -- Up-to-date: /home/conner/codePractice/rosDummy/install/control_node/share/ament_index/resource_index/package_run_dependencies/control_node
[0.599s] -- Up-to-date: /home/conner/codePractice/rosDummy/install/control_node/share/ament_index/resource_index/parent_prefix_path/control_node
[0.600s] -- Up-to-date: /home/conner/codePractice/rosDummy/install/control_node/share/control_node/environment/ament_prefix_path.sh
[0.600s] -- Up-to-date: /home/conner/codePractice/rosDummy/install/control_node/share/control_node/environment/ament_prefix_path.dsv
[0.600s] -- Up-to-date: /home/conner/codePractice/rosDummy/install/control_node/share/control_node/environment/path.sh
[0.601s] -- Up-to-date: /home/conner/codePractice/rosDummy/install/control_node/share/control_node/environment/path.dsv
[0.601s] -- Up-to-date: /home/conner/codePractice/rosDummy/install/control_node/share/control_node/local_setup.bash
[0.601s] -- Up-to-date: /home/conner/codePractice/rosDummy/install/control_node/share/control_node/local_setup.sh
[0.602s] -- Up-to-date: /home/conner/codePractice/rosDummy/install/control_node/share/control_node/local_setup.zsh
[0.602s] -- Up-to-date: /home/conner/codePractice/rosDummy/install/control_node/share/control_node/local_setup.dsv
[0.602s] -- Installing: /home/conner/codePractice/rosDummy/install/control_node/share/control_node/package.dsv
[0.603s] -- Up-to-date: /home/conner/codePractice/rosDummy/install/control_node/share/ament_index/resource_index/packages/control_node
[0.603s] -- Up-to-date: /home/conner/codePractice/rosDummy/install/control_node/share/ament_index/resource_index/rclcpp_components/control_node
[0.604s] -- Up-to-date: /home/conner/codePractice/rosDummy/install/control_node/share/control_node/cmake/control_nodeConfig.cmake
[0.606s] -- Up-to-date: /home/conner/codePractice/rosDummy/install/control_node/share/control_node/cmake/control_nodeConfig-version.cmake
[0.606s] -- Up-to-date: /home/conner/codePractice/rosDummy/install/control_node/share/control_node/package.xml
[0.623s] Invoked command in '/home/conner/codePractice/rosDummy/build/control_node' returned '0': CMAKE_PREFIX_PATH=/home/conner/codePractice/rosDummy/install/robot_types:/home/conner/codePractice/rosDummy/install/mediator_node:/home/conner/codePractice/rosDummy/install/control_node:/home/conner/codePractice/rosDummy/install/brain_node:/opt/ros/foxy LD_LIBRARY_PATH=/home/conner/codePractice/rosDummy/install/robot_types/lib:/home/conner/codePractice/rosDummy/install/mediator_node/lib:/home/conner/codePractice/rosDummy/install/control_node/lib:/opt/ros/foxy/opt/yaml_cpp_vendor/lib:/opt/ros/foxy/opt/rviz_ogre_vendor/lib:/opt/ros/foxy/lib/x86_64-linux-gnu:/opt/ros/foxy/lib /usr/bin/cmake --install /home/conner/codePractice/rosDummy/build/control_node
