[0.048s] Invoking command in '/home/conner/codePractice/rosDummy/build/robot_types': CMAKE_PREFIX_PATH=${CMAKE_PREFIX_PATH}:/opt/ros/foxy /usr/bin/cmake --build /home/conner/codePractice/rosDummy/build/robot_types -- -j8 -l8
[0.137s] [  3%] Built target robot_types__cpp
[0.141s] [ 12%] Built target robot_types__rosidl_generator_c
[0.181s] [ 22%] Built target robot_types__rosidl_typesupport_cpp
[0.186s] [ 32%] Built target robot_types__rosidl_typesupport_c
[0.187s] [ 51%] Built target robot_types__rosidl_typesupport_introspection_cpp
[0.188s] [ 51%] Built target robot_types__rosidl_typesupport_introspection_c
[0.197s] [ 61%] Built target robot_types__rosidl_typesupport_fastrtps_cpp
[0.243s] [ 70%] Built target robot_types__rosidl_typesupport_fastrtps_c
[0.292s] [ 70%] Built target robot_types
[0.329s] [ 74%] Built target robot_types__py
[0.367s] [ 80%] Built target robot_types__python
[0.410s] [ 93%] Built target robot_types__rosidl_typesupport_fastrtps_c__pyext
[0.410s] [ 93%] Built target robot_types__rosidl_typesupport_introspection_c__pyext
[0.414s] [100%] Built target robot_types__rosidl_typesupport_c__pyext
[0.435s] Invoked command in '/home/conner/codePractice/rosDummy/build/robot_types' returned '0': CMAKE_PREFIX_PATH=${CMAKE_PREFIX_PATH}:/opt/ros/foxy /usr/bin/cmake --build /home/conner/codePractice/rosDummy/build/robot_types -- -j8 -l8
[0.531s] Invoking command in '/home/conner/codePractice/rosDummy/build/robot_types': CMAKE_PREFIX_PATH=${CMAKE_PREFIX_PATH}:/opt/ros/foxy /usr/bin/cmake --install /home/conner/codePractice/rosDummy/build/robot_types
[0.545s] -- Install configuration: ""
[0.546s] -- Up-to-date: /home/conner/codePractice/rosDummy/install/robot_types/share/ament_index/resource_index/rosidl_interfaces/robot_types
[0.546s] -- Up-to-date: /home/conner/codePractice/rosDummy/install/robot_types/include/robot_types
[0.548s] -- Up-to-date: /home/conner/codePractice/rosDummy/install/robot_types/include/robot_types/msg
[0.549s] -- Up-to-date: /home/conner/codePractice/rosDummy/install/robot_types/include/robot_types/msg/rosidl_generator_c__visibility_control.h
[0.549s] -- Up-to-date: /home/conner/codePractice/rosDummy/install/robot_types/include/robot_types/action
[0.549s] -- Up-to-date: /home/conner/codePractice/rosDummy/install/robot_types/include/robot_types/action/pid.h
[0.549s] -- Up-to-date: /home/conner/codePractice/rosDummy/install/robot_types/include/robot_types/action/detail
[0.549s] -- Up-to-date: /home/conner/codePractice/rosDummy/install/robot_types/include/robot_types/action/detail/pid__struct.h
[0.550s] -- Up-to-date: /home/conner/codePractice/rosDummy/install/robot_types/include/robot_types/action/detail/pid__functions.h
[0.550s] -- Up-to-date: /home/conner/codePractice/rosDummy/install/robot_types/include/robot_types/action/detail/pid__type_support.h
[0.551s] -- Up-to-date: /home/conner/codePractice/rosDummy/install/robot_types/include/robot_types/action/detail/pid__functions.c
[0.551s] -- Up-to-date: /home/conner/codePractice/rosDummy/install/robot_types/share/robot_types/environment/library_path.sh
[0.552s] -- Up-to-date: /home/conner/codePractice/rosDummy/install/robot_types/share/robot_types/environment/library_path.dsv
[0.552s] -- Up-to-date: /home/conner/codePractice/rosDummy/install/robot_types/lib/librobot_types__rosidl_generator_c.so
[0.553s] -- Up-to-date: /home/conner/codePractice/rosDummy/install/robot_types/include/robot_types
[0.553s] -- Up-to-date: /home/conner/codePractice/rosDummy/install/robot_types/include/robot_types/msg
[0.553s] -- Up-to-date: /home/conner/codePractice/rosDummy/install/robot_types/include/robot_types/msg/rosidl_typesupport_fastrtps_c__visibility_control.h
[0.554s] -- Up-to-date: /home/conner/codePractice/rosDummy/install/robot_types/include/robot_types/action
[0.554s] -- Up-to-date: /home/conner/codePractice/rosDummy/install/robot_types/include/robot_types/action/detail
[0.554s] -- Up-to-date: /home/conner/codePractice/rosDummy/install/robot_types/include/robot_types/action/detail/pid__rosidl_typesupport_fastrtps_c.h
[0.554s] -- Up-to-date: /home/conner/codePractice/rosDummy/install/robot_types/lib/librobot_types__rosidl_typesupport_fastrtps_c.so
[0.555s] -- Up-to-date: /home/conner/codePractice/rosDummy/install/robot_types/include/robot_types
[0.555s] -- Up-to-date: /home/conner/codePractice/rosDummy/install/robot_types/include/robot_types/msg
[0.555s] -- Up-to-date: /home/conner/codePractice/rosDummy/install/robot_types/include/robot_types/msg/rosidl_typesupport_fastrtps_cpp__visibility_control.h
[0.557s] -- Up-to-date: /home/conner/codePractice/rosDummy/install/robot_types/include/robot_types/action
[0.558s] -- Up-to-date: /home/conner/codePractice/rosDummy/install/robot_types/include/robot_types/action/detail
[0.558s] -- Up-to-date: /home/conner/codePractice/rosDummy/install/robot_types/include/robot_types/action/detail/pid__rosidl_typesupport_fastrtps_cpp.hpp
[0.558s] -- Up-to-date: /home/conner/codePractice/rosDummy/install/robot_types/include/robot_types/action/detail/dds_fastrtps
[0.558s] -- Up-to-date: /home/conner/codePractice/rosDummy/install/robot_types/lib/librobot_types__rosidl_typesupport_fastrtps_cpp.so
[0.559s] -- Up-to-date: /home/conner/codePractice/rosDummy/install/robot_types/include/robot_types
[0.559s] -- Up-to-date: /home/conner/codePractice/rosDummy/install/robot_types/include/robot_types/msg
[0.559s] -- Up-to-date: /home/conner/codePractice/rosDummy/install/robot_types/include/robot_types/msg/rosidl_typesupport_introspection_c__visibility_control.h
[0.559s] -- Up-to-date: /home/conner/codePractice/rosDummy/install/robot_types/include/robot_types/action
[0.559s] -- Up-to-date: /home/conner/codePractice/rosDummy/install/robot_types/include/robot_types/action/detail
[0.559s] -- Up-to-date: /home/conner/codePractice/rosDummy/install/robot_types/include/robot_types/action/detail/pid__rosidl_typesupport_introspection_c.h
[0.559s] -- Up-to-date: /home/conner/codePractice/rosDummy/install/robot_types/include/robot_types/action/detail/pid__type_support.c
[0.559s] -- Up-to-date: /home/conner/codePractice/rosDummy/install/robot_types/lib/librobot_types__rosidl_typesupport_introspection_c.so
[0.560s] -- Up-to-date: /home/conner/codePractice/rosDummy/install/robot_types/lib/librobot_types__rosidl_typesupport_c.so
[0.560s] -- Up-to-date: /home/conner/codePractice/rosDummy/install/robot_types/include/robot_types
[0.560s] -- Up-to-date: /home/conner/codePractice/rosDummy/install/robot_types/include/robot_types/action
[0.560s] -- Up-to-date: /home/conner/codePractice/rosDummy/install/robot_types/include/robot_types/action/pid.hpp
[0.560s] -- Up-to-date: /home/conner/codePractice/rosDummy/install/robot_types/include/robot_types/action/detail
[0.560s] -- Up-to-date: /home/conner/codePractice/rosDummy/install/robot_types/include/robot_types/action/detail/pid__traits.hpp
[0.560s] -- Up-to-date: /home/conner/codePractice/rosDummy/install/robot_types/include/robot_types/action/detail/pid__struct.hpp
[0.560s] -- Up-to-date: /home/conner/codePractice/rosDummy/install/robot_types/include/robot_types/action/detail/pid__builder.hpp
[0.560s] -- Up-to-date: /home/conner/codePractice/rosDummy/install/robot_types/include/robot_types
[0.560s] -- Up-to-date: /home/conner/codePractice/rosDummy/install/robot_types/include/robot_types/action
[0.560s] -- Up-to-date: /home/conner/codePractice/rosDummy/install/robot_types/include/robot_types/action/detail
[0.561s] -- Up-to-date: /home/conner/codePractice/rosDummy/install/robot_types/include/robot_types/action/detail/pid__type_support.cpp
[0.561s] -- Up-to-date: /home/conner/codePractice/rosDummy/install/robot_types/include/robot_types/action/detail/pid__rosidl_typesupport_introspection_cpp.hpp
[0.561s] -- Up-to-date: /home/conner/codePractice/rosDummy/install/robot_types/lib/librobot_types__rosidl_typesupport_introspection_cpp.so
[0.561s] -- Up-to-date: /home/conner/codePractice/rosDummy/install/robot_types/lib/librobot_types__rosidl_typesupport_cpp.so
[0.561s] -- Up-to-date: /home/conner/codePractice/rosDummy/install/robot_types/share/robot_types/environment/pythonpath.sh
[0.561s] -- Up-to-date: /home/conner/codePractice/rosDummy/install/robot_types/share/robot_types/environment/pythonpath.dsv
[0.561s] -- Up-to-date: /home/conner/codePractice/rosDummy/install/robot_types/lib/python3.8/site-packages/robot_types/__init__.py
[0.632s] -- Up-to-date: /home/conner/codePractice/rosDummy/install/robot_types/lib/python3.8/site-packages/robot_types/action
[0.633s] -- Up-to-date: /home/conner/codePractice/rosDummy/install/robot_types/lib/python3.8/site-packages/robot_types/action/_pid.py
[0.633s] -- Up-to-date: /home/conner/codePractice/rosDummy/install/robot_types/lib/python3.8/site-packages/robot_types/action/_pid_s.c
[0.634s] -- Up-to-date: /home/conner/codePractice/rosDummy/install/robot_types/lib/python3.8/site-packages/robot_types/action/__init__.py
[0.634s] -- Up-to-date: /home/conner/codePractice/rosDummy/install/robot_types/lib/python3.8/site-packages/robot_types/robot_types_s__rosidl_typesupport_fastrtps_c.cpython-38-x86_64-linux-gnu.so
[0.635s] -- Up-to-date: /home/conner/codePractice/rosDummy/install/robot_types/lib/python3.8/site-packages/robot_types/robot_types_s__rosidl_typesupport_introspection_c.cpython-38-x86_64-linux-gnu.so
[0.636s] -- Up-to-date: /home/conner/codePractice/rosDummy/install/robot_types/lib/python3.8/site-packages/robot_types/robot_types_s__rosidl_typesupport_c.cpython-38-x86_64-linux-gnu.so
[0.636s] -- Up-to-date: /home/conner/codePractice/rosDummy/install/robot_types/lib/librobot_types__python.so
[0.637s] -- Up-to-date: /home/conner/codePractice/rosDummy/install/robot_types/share/robot_types/action/PID.idl
[0.638s] -- Up-to-date: /home/conner/codePractice/rosDummy/install/robot_types/share/robot_types/action/PID.action
[0.638s] -- Up-to-date: /home/conner/codePractice/rosDummy/install/robot_types/share/ament_index/resource_index/package_run_dependencies/robot_types
[0.639s] -- Up-to-date: /home/conner/codePractice/rosDummy/install/robot_types/share/ament_index/resource_index/parent_prefix_path/robot_types
[0.639s] -- Up-to-date: /home/conner/codePractice/rosDummy/install/robot_types/share/robot_types/environment/ament_prefix_path.sh
[0.640s] -- Up-to-date: /home/conner/codePractice/rosDummy/install/robot_types/share/robot_types/environment/ament_prefix_path.dsv
[0.642s] -- Up-to-date: /home/conner/codePractice/rosDummy/install/robot_types/share/robot_types/environment/path.sh
[0.642s] -- Up-to-date: /home/conner/codePractice/rosDummy/install/robot_types/share/robot_types/environment/path.dsv
[0.643s] -- Up-to-date: /home/conner/codePractice/rosDummy/install/robot_types/share/robot_types/local_setup.bash
[0.643s] -- Up-to-date: /home/conner/codePractice/rosDummy/install/robot_types/share/robot_types/local_setup.sh
[0.643s] -- Up-to-date: /home/conner/codePractice/rosDummy/install/robot_types/share/robot_types/local_setup.zsh
[0.644s] -- Up-to-date: /home/conner/codePractice/rosDummy/install/robot_types/share/robot_types/local_setup.dsv
[0.644s] -- Installing: /home/conner/codePractice/rosDummy/install/robot_types/share/robot_types/package.dsv
[0.644s] -- Up-to-date: /home/conner/codePractice/rosDummy/install/robot_types/share/ament_index/resource_index/packages/robot_types
[0.644s] -- Up-to-date: /home/conner/codePractice/rosDummy/install/robot_types/share/robot_types/cmake/robot_types__rosidl_generator_cExport.cmake
[0.645s] -- Up-to-date: /home/conner/codePractice/rosDummy/install/robot_types/share/robot_types/cmake/robot_types__rosidl_generator_cExport-noconfig.cmake
[0.645s] -- Up-to-date: /home/conner/codePractice/rosDummy/install/robot_types/share/robot_types/cmake/robot_types__rosidl_typesupport_introspection_cExport.cmake
[0.645s] -- Up-to-date: /home/conner/codePractice/rosDummy/install/robot_types/share/robot_types/cmake/robot_types__rosidl_typesupport_introspection_cExport-noconfig.cmake
[0.645s] -- Up-to-date: /home/conner/codePractice/rosDummy/install/robot_types/share/robot_types/cmake/robot_types__rosidl_typesupport_cExport.cmake
[0.645s] -- Up-to-date: /home/conner/codePractice/rosDummy/install/robot_types/share/robot_types/cmake/robot_types__rosidl_typesupport_cExport-noconfig.cmake
[0.646s] -- Up-to-date: /home/conner/codePractice/rosDummy/install/robot_types/share/robot_types/cmake/robot_types__rosidl_generator_cppExport.cmake
[0.646s] -- Up-to-date: /home/conner/codePractice/rosDummy/install/robot_types/share/robot_types/cmake/robot_types__rosidl_typesupport_introspection_cppExport.cmake
[0.646s] -- Up-to-date: /home/conner/codePractice/rosDummy/install/robot_types/share/robot_types/cmake/robot_types__rosidl_typesupport_introspection_cppExport-noconfig.cmake
[0.647s] -- Up-to-date: /home/conner/codePractice/rosDummy/install/robot_types/share/robot_types/cmake/robot_types__rosidl_typesupport_cppExport.cmake
[0.650s] -- Up-to-date: /home/conner/codePractice/rosDummy/install/robot_types/share/robot_types/cmake/robot_types__rosidl_typesupport_cppExport-noconfig.cmake
[0.655s] -- Up-to-date: /home/conner/codePractice/rosDummy/install/robot_types/share/robot_types/cmake/rosidl_cmake-extras.cmake
[0.655s] -- Up-to-date: /home/conner/codePractice/rosDummy/install/robot_types/share/robot_types/cmake/ament_cmake_export_dependencies-extras.cmake
[0.655s] -- Up-to-date: /home/conner/codePractice/rosDummy/install/robot_types/share/robot_types/cmake/ament_cmake_export_libraries-extras.cmake
[0.656s] -- Up-to-date: /home/conner/codePractice/rosDummy/install/robot_types/share/robot_types/cmake/ament_cmake_export_targets-extras.cmake
[0.656s] -- Up-to-date: /home/conner/codePractice/rosDummy/install/robot_types/share/robot_types/cmake/ament_cmake_export_include_directories-extras.cmake
[0.656s] -- Up-to-date: /home/conner/codePractice/rosDummy/install/robot_types/share/robot_types/cmake/rosidl_cmake_export_typesupport_libraries-extras.cmake
[0.657s] -- Up-to-date: /home/conner/codePractice/rosDummy/install/robot_types/share/robot_types/cmake/rosidl_cmake_export_typesupport_targets-extras.cmake
[0.657s] -- Up-to-date: /home/conner/codePractice/rosDummy/install/robot_types/share/robot_types/cmake/robot_typesConfig.cmake
[0.657s] -- Up-to-date: /home/conner/codePractice/rosDummy/install/robot_types/share/robot_types/cmake/robot_typesConfig-version.cmake
[0.657s] -- Up-to-date: /home/conner/codePractice/rosDummy/install/robot_types/share/robot_types/package.xml
[0.657s] Invoked command in '/home/conner/codePractice/rosDummy/build/robot_types' returned '0': CMAKE_PREFIX_PATH=${CMAKE_PREFIX_PATH}:/opt/ros/foxy /usr/bin/cmake --install /home/conner/codePractice/rosDummy/build/robot_types
