[0.090s] Invoking command in '/home/conner/codePractice/rosDummy/build/robot_types': CMAKE_PREFIX_PATH=${CMAKE_PREFIX_PATH}:/opt/ros/foxy /usr/bin/cmake --build /home/conner/codePractice/rosDummy/build/robot_types -- -j8 -l8
[0.321s] [  3%] Built target robot_types__cpp
[0.336s] [ 12%] Built target robot_types__rosidl_generator_c
[0.405s] [ 35%] Built target robot_types__rosidl_typesupport_introspection_cpp
[0.406s] [ 35%] Built target robot_types__rosidl_typesupport_introspection_c
[0.406s] [ 41%] Built target robot_types__rosidl_typesupport_cpp
[0.408s] [ 51%] Built target robot_types__rosidl_typesupport_c
[0.420s] [ 61%] Built target robot_types__rosidl_typesupport_fastrtps_cpp
[0.509s] [ 70%] Built target robot_types__rosidl_typesupport_fastrtps_c
[0.568s] [ 70%] Built target robot_types
[0.615s] [ 74%] Built target robot_types__py
[0.667s] [ 80%] Built target robot_types__python
[0.720s] [ 87%] Built target robot_types__rosidl_typesupport_introspection_c__pyext
[0.722s] [ 93%] Built target robot_types__rosidl_typesupport_c__pyext
[0.731s] [100%] Built target robot_types__rosidl_typesupport_fastrtps_c__pyext
[0.758s] Invoked command in '/home/conner/codePractice/rosDummy/build/robot_types' returned '0': CMAKE_PREFIX_PATH=${CMAKE_PREFIX_PATH}:/opt/ros/foxy /usr/bin/cmake --build /home/conner/codePractice/rosDummy/build/robot_types -- -j8 -l8
[0.886s] Invoking command in '/home/conner/codePractice/rosDummy/build/robot_types': CMAKE_PREFIX_PATH=${CMAKE_PREFIX_PATH}:/opt/ros/foxy /usr/bin/cmake --install /home/conner/codePractice/rosDummy/build/robot_types
[0.912s] -- Install configuration: ""
[0.912s] -- Up-to-date: /home/conner/codePractice/rosDummy/install/robot_types/share/ament_index/resource_index/rosidl_interfaces/robot_types
[0.914s] -- Up-to-date: /home/conner/codePractice/rosDummy/install/robot_types/include/robot_types
[0.915s] -- Up-to-date: /home/conner/codePractice/rosDummy/install/robot_types/include/robot_types/msg
[0.916s] -- Up-to-date: /home/conner/codePractice/rosDummy/install/robot_types/include/robot_types/msg/rosidl_generator_c__visibility_control.h
[0.917s] -- Up-to-date: /home/conner/codePractice/rosDummy/install/robot_types/include/robot_types/action
[0.917s] -- Up-to-date: /home/conner/codePractice/rosDummy/install/robot_types/include/robot_types/action/pid.h
[0.919s] -- Up-to-date: /home/conner/codePractice/rosDummy/install/robot_types/include/robot_types/action/detail
[0.919s] -- Up-to-date: /home/conner/codePractice/rosDummy/install/robot_types/include/robot_types/action/detail/pid__struct.h
[0.919s] -- Up-to-date: /home/conner/codePractice/rosDummy/install/robot_types/include/robot_types/action/detail/pid__functions.h
[0.919s] -- Up-to-date: /home/conner/codePractice/rosDummy/install/robot_types/include/robot_types/action/detail/pid__type_support.h
[0.920s] -- Up-to-date: /home/conner/codePractice/rosDummy/install/robot_types/include/robot_types/action/detail/pid__functions.c
[0.920s] -- Up-to-date: /home/conner/codePractice/rosDummy/install/robot_types/share/robot_types/environment/library_path.sh
[0.921s] -- Up-to-date: /home/conner/codePractice/rosDummy/install/robot_types/share/robot_types/environment/library_path.dsv
[0.921s] -- Up-to-date: /home/conner/codePractice/rosDummy/install/robot_types/lib/librobot_types__rosidl_generator_c.so
[0.922s] -- Up-to-date: /home/conner/codePractice/rosDummy/install/robot_types/include/robot_types
[0.922s] -- Up-to-date: /home/conner/codePractice/rosDummy/install/robot_types/include/robot_types/msg
[0.922s] -- Up-to-date: /home/conner/codePractice/rosDummy/install/robot_types/include/robot_types/msg/rosidl_typesupport_fastrtps_c__visibility_control.h
[0.923s] -- Up-to-date: /home/conner/codePractice/rosDummy/install/robot_types/include/robot_types/action
[0.923s] -- Up-to-date: /home/conner/codePractice/rosDummy/install/robot_types/include/robot_types/action/detail
[0.923s] -- Up-to-date: /home/conner/codePractice/rosDummy/install/robot_types/include/robot_types/action/detail/pid__rosidl_typesupport_fastrtps_c.h
[0.925s] -- Up-to-date: /home/conner/codePractice/rosDummy/install/robot_types/lib/librobot_types__rosidl_typesupport_fastrtps_c.so
[0.925s] -- Up-to-date: /home/conner/codePractice/rosDummy/install/robot_types/include/robot_types
[0.926s] -- Up-to-date: /home/conner/codePractice/rosDummy/install/robot_types/include/robot_types/msg
[0.926s] -- Up-to-date: /home/conner/codePractice/rosDummy/install/robot_types/include/robot_types/msg/rosidl_typesupport_fastrtps_cpp__visibility_control.h
[0.927s] -- Up-to-date: /home/conner/codePractice/rosDummy/install/robot_types/include/robot_types/action
[0.928s] -- Up-to-date: /home/conner/codePractice/rosDummy/install/robot_types/include/robot_types/action/detail
[0.929s] -- Up-to-date: /home/conner/codePractice/rosDummy/install/robot_types/include/robot_types/action/detail/pid__rosidl_typesupport_fastrtps_cpp.hpp
[0.929s] -- Up-to-date: /home/conner/codePractice/rosDummy/install/robot_types/include/robot_types/action/detail/dds_fastrtps
[0.933s] -- Up-to-date: /home/conner/codePractice/rosDummy/install/robot_types/lib/librobot_types__rosidl_typesupport_fastrtps_cpp.so
[0.933s] -- Up-to-date: /home/conner/codePractice/rosDummy/install/robot_types/include/robot_types
[0.933s] -- Up-to-date: /home/conner/codePractice/rosDummy/install/robot_types/include/robot_types/msg
[0.933s] -- Up-to-date: /home/conner/codePractice/rosDummy/install/robot_types/include/robot_types/msg/rosidl_typesupport_introspection_c__visibility_control.h
[0.933s] -- Up-to-date: /home/conner/codePractice/rosDummy/install/robot_types/include/robot_types/action
[0.934s] -- Up-to-date: /home/conner/codePractice/rosDummy/install/robot_types/include/robot_types/action/detail
[0.934s] -- Up-to-date: /home/conner/codePractice/rosDummy/install/robot_types/include/robot_types/action/detail/pid__rosidl_typesupport_introspection_c.h
[0.934s] -- Up-to-date: /home/conner/codePractice/rosDummy/install/robot_types/include/robot_types/action/detail/pid__type_support.c
[0.934s] -- Up-to-date: /home/conner/codePractice/rosDummy/install/robot_types/lib/librobot_types__rosidl_typesupport_introspection_c.so
[0.935s] -- Up-to-date: /home/conner/codePractice/rosDummy/install/robot_types/lib/librobot_types__rosidl_typesupport_c.so
[0.935s] -- Up-to-date: /home/conner/codePractice/rosDummy/install/robot_types/include/robot_types
[0.935s] -- Up-to-date: /home/conner/codePractice/rosDummy/install/robot_types/include/robot_types/action
[0.935s] -- Up-to-date: /home/conner/codePractice/rosDummy/install/robot_types/include/robot_types/action/pid.hpp
[0.935s] -- Up-to-date: /home/conner/codePractice/rosDummy/install/robot_types/include/robot_types/action/detail
[0.936s] -- Up-to-date: /home/conner/codePractice/rosDummy/install/robot_types/include/robot_types/action/detail/pid__traits.hpp
[0.936s] -- Up-to-date: /home/conner/codePractice/rosDummy/install/robot_types/include/robot_types/action/detail/pid__struct.hpp
[0.936s] -- Up-to-date: /home/conner/codePractice/rosDummy/install/robot_types/include/robot_types/action/detail/pid__builder.hpp
[0.936s] -- Up-to-date: /home/conner/codePractice/rosDummy/install/robot_types/include/robot_types
[0.936s] -- Up-to-date: /home/conner/codePractice/rosDummy/install/robot_types/include/robot_types/action
[0.936s] -- Up-to-date: /home/conner/codePractice/rosDummy/install/robot_types/include/robot_types/action/detail
[0.937s] -- Up-to-date: /home/conner/codePractice/rosDummy/install/robot_types/include/robot_types/action/detail/pid__type_support.cpp
[0.937s] -- Up-to-date: /home/conner/codePractice/rosDummy/install/robot_types/include/robot_types/action/detail/pid__rosidl_typesupport_introspection_cpp.hpp
[0.938s] -- Up-to-date: /home/conner/codePractice/rosDummy/install/robot_types/lib/librobot_types__rosidl_typesupport_introspection_cpp.so
[0.939s] -- Up-to-date: /home/conner/codePractice/rosDummy/install/robot_types/lib/librobot_types__rosidl_typesupport_cpp.so
[0.939s] -- Up-to-date: /home/conner/codePractice/rosDummy/install/robot_types/share/robot_types/environment/pythonpath.sh
[0.940s] -- Up-to-date: /home/conner/codePractice/rosDummy/install/robot_types/share/robot_types/environment/pythonpath.dsv
[0.940s] -- Up-to-date: /home/conner/codePractice/rosDummy/install/robot_types/lib/python3.8/site-packages/robot_types/__init__.py
[1.006s] -- Up-to-date: /home/conner/codePractice/rosDummy/install/robot_types/lib/python3.8/site-packages/robot_types/action
[1.007s] -- Up-to-date: /home/conner/codePractice/rosDummy/install/robot_types/lib/python3.8/site-packages/robot_types/action/_pid.py
[1.007s] -- Up-to-date: /home/conner/codePractice/rosDummy/install/robot_types/lib/python3.8/site-packages/robot_types/action/_pid_s.c
[1.007s] -- Up-to-date: /home/conner/codePractice/rosDummy/install/robot_types/lib/python3.8/site-packages/robot_types/action/__init__.py
[1.008s] -- Up-to-date: /home/conner/codePractice/rosDummy/install/robot_types/lib/python3.8/site-packages/robot_types/robot_types_s__rosidl_typesupport_fastrtps_c.cpython-38-x86_64-linux-gnu.so
[1.010s] -- Up-to-date: /home/conner/codePractice/rosDummy/install/robot_types/lib/python3.8/site-packages/robot_types/robot_types_s__rosidl_typesupport_introspection_c.cpython-38-x86_64-linux-gnu.so
[1.011s] -- Up-to-date: /home/conner/codePractice/rosDummy/install/robot_types/lib/python3.8/site-packages/robot_types/robot_types_s__rosidl_typesupport_c.cpython-38-x86_64-linux-gnu.so
[1.013s] -- Up-to-date: /home/conner/codePractice/rosDummy/install/robot_types/lib/librobot_types__python.so
[1.014s] -- Up-to-date: /home/conner/codePractice/rosDummy/install/robot_types/share/robot_types/action/PID.idl
[1.015s] -- Up-to-date: /home/conner/codePractice/rosDummy/install/robot_types/share/robot_types/action/PID.action
[1.016s] -- Up-to-date: /home/conner/codePractice/rosDummy/install/robot_types/share/ament_index/resource_index/package_run_dependencies/robot_types
[1.016s] -- Up-to-date: /home/conner/codePractice/rosDummy/install/robot_types/share/ament_index/resource_index/parent_prefix_path/robot_types
[1.018s] -- Up-to-date: /home/conner/codePractice/rosDummy/install/robot_types/share/robot_types/environment/ament_prefix_path.sh
[1.019s] -- Up-to-date: /home/conner/codePractice/rosDummy/install/robot_types/share/robot_types/environment/ament_prefix_path.dsv
[1.019s] -- Up-to-date: /home/conner/codePractice/rosDummy/install/robot_types/share/robot_types/environment/path.sh
[1.020s] -- Up-to-date: /home/conner/codePractice/rosDummy/install/robot_types/share/robot_types/environment/path.dsv
[1.020s] -- Up-to-date: /home/conner/codePractice/rosDummy/install/robot_types/share/robot_types/local_setup.bash
[1.020s] -- Up-to-date: /home/conner/codePractice/rosDummy/install/robot_types/share/robot_types/local_setup.sh
[1.020s] -- Up-to-date: /home/conner/codePractice/rosDummy/install/robot_types/share/robot_types/local_setup.zsh
[1.021s] -- Up-to-date: /home/conner/codePractice/rosDummy/install/robot_types/share/robot_types/local_setup.dsv
[1.022s] -- Installing: /home/conner/codePractice/rosDummy/install/robot_types/share/robot_types/package.dsv
[1.023s] -- Up-to-date: /home/conner/codePractice/rosDummy/install/robot_types/share/ament_index/resource_index/packages/robot_types
[1.024s] -- Up-to-date: /home/conner/codePractice/rosDummy/install/robot_types/share/robot_types/cmake/robot_types__rosidl_generator_cExport.cmake
[1.024s] -- Up-to-date: /home/conner/codePractice/rosDummy/install/robot_types/share/robot_types/cmake/robot_types__rosidl_generator_cExport-noconfig.cmake
[1.024s] -- Up-to-date: /home/conner/codePractice/rosDummy/install/robot_types/share/robot_types/cmake/robot_types__rosidl_typesupport_introspection_cExport.cmake
[1.025s] -- Up-to-date: /home/conner/codePractice/rosDummy/install/robot_types/share/robot_types/cmake/robot_types__rosidl_typesupport_introspection_cExport-noconfig.cmake
[1.026s] -- Up-to-date: /home/conner/codePractice/rosDummy/install/robot_types/share/robot_types/cmake/robot_types__rosidl_typesupport_cExport.cmake
[1.026s] -- Up-to-date: /home/conner/codePractice/rosDummy/install/robot_types/share/robot_types/cmake/robot_types__rosidl_typesupport_cExport-noconfig.cmake
[1.026s] -- Up-to-date: /home/conner/codePractice/rosDummy/install/robot_types/share/robot_types/cmake/robot_types__rosidl_generator_cppExport.cmake
[1.026s] -- Up-to-date: /home/conner/codePractice/rosDummy/install/robot_types/share/robot_types/cmake/robot_types__rosidl_typesupport_introspection_cppExport.cmake
[1.027s] -- Up-to-date: /home/conner/codePractice/rosDummy/install/robot_types/share/robot_types/cmake/robot_types__rosidl_typesupport_introspection_cppExport-noconfig.cmake
[1.028s] -- Up-to-date: /home/conner/codePractice/rosDummy/install/robot_types/share/robot_types/cmake/robot_types__rosidl_typesupport_cppExport.cmake
[1.028s] -- Up-to-date: /home/conner/codePractice/rosDummy/install/robot_types/share/robot_types/cmake/robot_types__rosidl_typesupport_cppExport-noconfig.cmake
[1.028s] -- Up-to-date: /home/conner/codePractice/rosDummy/install/robot_types/share/robot_types/cmake/rosidl_cmake-extras.cmake
[1.028s] -- Up-to-date: /home/conner/codePractice/rosDummy/install/robot_types/share/robot_types/cmake/ament_cmake_export_dependencies-extras.cmake
[1.029s] -- Up-to-date: /home/conner/codePractice/rosDummy/install/robot_types/share/robot_types/cmake/ament_cmake_export_libraries-extras.cmake
[1.029s] -- Up-to-date: /home/conner/codePractice/rosDummy/install/robot_types/share/robot_types/cmake/ament_cmake_export_targets-extras.cmake
[1.029s] -- Up-to-date: /home/conner/codePractice/rosDummy/install/robot_types/share/robot_types/cmake/ament_cmake_export_include_directories-extras.cmake
[1.030s] -- Up-to-date: /home/conner/codePractice/rosDummy/install/robot_types/share/robot_types/cmake/rosidl_cmake_export_typesupport_libraries-extras.cmake
[1.030s] -- Up-to-date: /home/conner/codePractice/rosDummy/install/robot_types/share/robot_types/cmake/rosidl_cmake_export_typesupport_targets-extras.cmake
[1.030s] -- Up-to-date: /home/conner/codePractice/rosDummy/install/robot_types/share/robot_types/cmake/robot_typesConfig.cmake
[1.030s] -- Up-to-date: /home/conner/codePractice/rosDummy/install/robot_types/share/robot_types/cmake/robot_typesConfig-version.cmake
[1.030s] -- Up-to-date: /home/conner/codePractice/rosDummy/install/robot_types/share/robot_types/package.xml
[1.041s] Invoked command in '/home/conner/codePractice/rosDummy/build/robot_types' returned '0': CMAKE_PREFIX_PATH=${CMAKE_PREFIX_PATH}:/opt/ros/foxy /usr/bin/cmake --install /home/conner/codePractice/rosDummy/build/robot_types
