[0.098s] Invoking command in '/home/conner/codePractice/rosDummy/build/robot_types': CMAKE_PREFIX_PATH=/opt/ros/foxy /usr/bin/cmake /home/conner/codePractice/rosDummy/src/robot_types -DCMAKE_INSTALL_PREFIX=/home/conner/codePractice/rosDummy/install/robot_types
[1.793s] -- The C compiler identification is GNU 9.4.0
[2.782s] -- The CXX compiler identification is GNU 9.4.0
[3.142s] -- Check for working C compiler: /usr/bin/cc
[3.683s] -- Check for working C compiler: /usr/bin/cc -- works
[3.687s] -- Detecting C compiler ABI info
[4.128s] -- Detecting C compiler ABI info - done
[4.158s] -- Detecting C compile features
[4.159s] -- Detecting C compile features - done
[4.166s] -- Check for working CXX compiler: /usr/bin/c++
[4.667s] -- Check for working CXX compiler: /usr/bin/c++ -- works
[4.672s] -- Detecting CXX compiler ABI info
[5.138s] -- Detecting CXX compiler ABI info - done
[5.183s] -- Detecting CXX compile features
[5.185s] -- Detecting CXX compile features - done
[5.234s] -- Found ament_cmake: 0.9.11 (/opt/ros/foxy/share/ament_cmake/cmake)
[5.346s] -- Found PythonInterp: /usr/bin/python3 (found suitable version "3.8.10", minimum required is "3") 
[5.346s] -- Using PYTHON_EXECUTABLE: /usr/bin/python3
[6.024s] -- Found rosidl_default_generators: 1.0.1 (/opt/ros/foxy/share/rosidl_default_generators/cmake)
[6.057s] -- Using all available rosidl_typesupport_c: rosidl_typesupport_fastrtps_c;rosidl_typesupport_introspection_c
[6.102s] -- Found rosidl_adapter: 1.3.0 (/opt/ros/foxy/share/rosidl_adapter/cmake)
[9.158s] -- Found OpenSSL: /usr/lib/x86_64-linux-gnu/libcrypto.so (found version "1.1.1f")  
[11.524s] -- Found FastRTPS: /opt/ros/foxy/include  
[16.215s] -- Using all available rosidl_typesupport_cpp: rosidl_typesupport_fastrtps_cpp;rosidl_typesupport_introspection_cpp
[16.333s] CMake Error at /opt/ros/foxy/share/rosidl_cmake/cmake/rosidl_generate_interfaces.cmake:93 (message):
[16.334s]   rosidl_generate_interfaces() the passed file 'action/Fibonacci.action'
[16.334s]   doesn't exist relative to the CMAKE_CURRENT_SOURCE_DIR
[16.334s]   '/home/conner/codePractice/rosDummy/src/robot_types'
[16.334s] Call Stack (most recent call first):
[16.334s]   CMakeLists.txt:22 (rosidl_generate_interfaces)
[16.335s] 
[16.335s] 
[16.336s] -- Configuring incomplete, errors occurred!
[16.336s] See also "/home/conner/codePractice/rosDummy/build/robot_types/CMakeFiles/CMakeOutput.log".
[16.361s] Invoked command in '/home/conner/codePractice/rosDummy/build/robot_types' returned '1': CMAKE_PREFIX_PATH=/opt/ros/foxy /usr/bin/cmake /home/conner/codePractice/rosDummy/src/robot_types -DCMAKE_INSTALL_PREFIX=/home/conner/codePractice/rosDummy/install/robot_types
