[0.241s] Invoking command in '/home/conner/codePractice/rosDummy/build/mediator_node': CMAKE_PREFIX_PATH=/home/conner/codePractice/rosDummy/install/robot_types:/home/conner/codePractice/rosDummy/install/mediator_node:/home/conner/codePractice/rosDummy/install/control_node:/home/conner/codePractice/rosDummy/install/brain_node:/opt/ros/foxy /usr/bin/cmake --build /home/conner/codePractice/rosDummy/build/mediator_node -- -j8 -l8
[0.284s] [35m[1mScanning dependencies of target action_server[0m
[0.303s] [ 50%] Built target pid_action_server
[0.317s] [ 75%] [32mBuilding CXX object CMakeFiles/action_server.dir/src/mediator_node.cpp.o[0m
[3.975s] [100%] [32m[1mLinking CXX shared library libaction_server.so[0m
[4.289s] [100%] Built target action_server
[4.307s] Invoked command in '/home/conner/codePractice/rosDummy/build/mediator_node' returned '0': CMAKE_PREFIX_PATH=/home/conner/codePractice/rosDummy/install/robot_types:/home/conner/codePractice/rosDummy/install/mediator_node:/home/conner/codePractice/rosDummy/install/control_node:/home/conner/codePractice/rosDummy/install/brain_node:/opt/ros/foxy /usr/bin/cmake --build /home/conner/codePractice/rosDummy/build/mediator_node -- -j8 -l8
[4.348s] Invoking command in '/home/conner/codePractice/rosDummy/build/mediator_node': CMAKE_PREFIX_PATH=/home/conner/codePractice/rosDummy/install/robot_types:/home/conner/codePractice/rosDummy/install/mediator_node:/home/conner/codePractice/rosDummy/install/control_node:/home/conner/codePractice/rosDummy/install/brain_node:/opt/ros/foxy /usr/bin/cmake --install /home/conner/codePractice/rosDummy/build/mediator_node
[4.356s] -- Install configuration: ""
[4.356s] -- Up-to-date: /home/conner/codePractice/rosDummy/install/mediator_node/lib/mediator_node/pid_action_server
[4.356s] -- Installing: /home/conner/codePractice/rosDummy/install/mediator_node/lib/libaction_server.so
[4.359s] -- Set runtime path of "/home/conner/codePractice/rosDummy/install/mediator_node/lib/libaction_server.so" to ""
[4.360s] -- Up-to-date: /home/conner/codePractice/rosDummy/install/mediator_node/share/ament_index/resource_index/package_run_dependencies/mediator_node
[4.360s] -- Up-to-date: /home/conner/codePractice/rosDummy/install/mediator_node/share/ament_index/resource_index/parent_prefix_path/mediator_node
[4.360s] -- Up-to-date: /home/conner/codePractice/rosDummy/install/mediator_node/share/mediator_node/environment/ament_prefix_path.sh
[4.360s] -- Up-to-date: /home/conner/codePractice/rosDummy/install/mediator_node/share/mediator_node/environment/ament_prefix_path.dsv
[4.361s] -- Up-to-date: /home/conner/codePractice/rosDummy/install/mediator_node/share/mediator_node/environment/path.sh
[4.361s] -- Up-to-date: /home/conner/codePractice/rosDummy/install/mediator_node/share/mediator_node/environment/path.dsv
[4.361s] -- Up-to-date: /home/conner/codePractice/rosDummy/install/mediator_node/share/mediator_node/local_setup.bash
[4.361s] -- Up-to-date: /home/conner/codePractice/rosDummy/install/mediator_node/share/mediator_node/local_setup.sh
[4.361s] -- Up-to-date: /home/conner/codePractice/rosDummy/install/mediator_node/share/mediator_node/local_setup.zsh
[4.362s] -- Up-to-date: /home/conner/codePractice/rosDummy/install/mediator_node/share/mediator_node/local_setup.dsv
[4.362s] -- Installing: /home/conner/codePractice/rosDummy/install/mediator_node/share/mediator_node/package.dsv
[4.362s] -- Up-to-date: /home/conner/codePractice/rosDummy/install/mediator_node/share/ament_index/resource_index/packages/mediator_node
[4.362s] -- Up-to-date: /home/conner/codePractice/rosDummy/install/mediator_node/share/ament_index/resource_index/rclcpp_components/mediator_node
[4.363s] -- Up-to-date: /home/conner/codePractice/rosDummy/install/mediator_node/share/mediator_node/cmake/mediator_nodeConfig.cmake
[4.364s] -- Up-to-date: /home/conner/codePractice/rosDummy/install/mediator_node/share/mediator_node/cmake/mediator_nodeConfig-version.cmake
[4.364s] -- Up-to-date: /home/conner/codePractice/rosDummy/install/mediator_node/share/mediator_node/package.xml
[4.365s] Invoked command in '/home/conner/codePractice/rosDummy/build/mediator_node' returned '0': CMAKE_PREFIX_PATH=/home/conner/codePractice/rosDummy/install/robot_types:/home/conner/codePractice/rosDummy/install/mediator_node:/home/conner/codePractice/rosDummy/install/control_node:/home/conner/codePractice/rosDummy/install/brain_node:/opt/ros/foxy /usr/bin/cmake --install /home/conner/codePractice/rosDummy/build/mediator_node
