[0.479s] Invoking command in '/home/conner/codePractice/rosDummy/build/robot_types': CMAKE_PREFIX_PATH=${CMAKE_PREFIX_PATH}:/opt/ros/foxy /usr/bin/cmake --build /home/conner/codePractice/rosDummy/build/robot_types -- -j8 -l8
[0.620s] [  3%] Built target robot_types__cpp
[0.621s] [ 12%] Built target robot_types__rosidl_generator_c
[0.703s] [ 22%] Built target robot_types__rosidl_typesupport_introspection_cpp
[0.716s] [ 58%] Built target robot_types__rosidl_typesupport_introspection_c
[0.717s] [ 58%] Built target robot_types__rosidl_typesupport_cpp
[0.717s] [ 58%] Built target robot_types__rosidl_typesupport_fastrtps_cpp
[0.717s] [ 61%] Built target robot_types__rosidl_typesupport_c
[0.796s] [ 70%] Built target robot_types__rosidl_typesupport_fastrtps_c
[0.831s] [ 70%] Built target robot_types
[0.879s] [ 74%] Built target robot_types__py
[0.935s] [ 80%] Built target robot_types__python
[0.990s] [ 87%] Built target robot_types__rosidl_typesupport_c__pyext
[0.993s] [100%] Built target robot_types__rosidl_typesupport_introspection_c__pyext
[0.994s] [100%] Built target robot_types__rosidl_typesupport_fastrtps_c__pyext
[1.014s] Invoked command in '/home/conner/codePractice/rosDummy/build/robot_types' returned '0': CMAKE_PREFIX_PATH=${CMAKE_PREFIX_PATH}:/opt/ros/foxy /usr/bin/cmake --build /home/conner/codePractice/rosDummy/build/robot_types -- -j8 -l8
[1.142s] Invoking command in '/home/conner/codePractice/rosDummy/build/robot_types': CMAKE_PREFIX_PATH=${CMAKE_PREFIX_PATH}:/opt/ros/foxy /usr/bin/cmake --install /home/conner/codePractice/rosDummy/build/robot_types
[1.172s] -- Install configuration: ""
[1.175s] -- Up-to-date: /home/conner/codePractice/rosDummy/install/robot_types/share/ament_index/resource_index/rosidl_interfaces/robot_types
[1.176s] -- Up-to-date: /home/conner/codePractice/rosDummy/install/robot_types/include/robot_types
[1.176s] -- Up-to-date: /home/conner/codePractice/rosDummy/install/robot_types/include/robot_types/msg
[1.177s] -- Up-to-date: /home/conner/codePractice/rosDummy/install/robot_types/include/robot_types/msg/rosidl_generator_c__visibility_control.h
[1.177s] -- Up-to-date: /home/conner/codePractice/rosDummy/install/robot_types/include/robot_types/action
[1.177s] -- Up-to-date: /home/conner/codePractice/rosDummy/install/robot_types/include/robot_types/action/pid.h
[1.178s] -- Up-to-date: /home/conner/codePractice/rosDummy/install/robot_types/include/robot_types/action/detail
[1.178s] -- Up-to-date: /home/conner/codePractice/rosDummy/install/robot_types/include/robot_types/action/detail/pid__struct.h
[1.178s] -- Up-to-date: /home/conner/codePractice/rosDummy/install/robot_types/include/robot_types/action/detail/pid__functions.h
[1.178s] -- Up-to-date: /home/conner/codePractice/rosDummy/install/robot_types/include/robot_types/action/detail/pid__type_support.h
[1.179s] -- Up-to-date: /home/conner/codePractice/rosDummy/install/robot_types/include/robot_types/action/detail/pid__functions.c
[1.179s] -- Up-to-date: /home/conner/codePractice/rosDummy/install/robot_types/share/robot_types/environment/library_path.sh
[1.180s] -- Up-to-date: /home/conner/codePractice/rosDummy/install/robot_types/share/robot_types/environment/library_path.dsv
[1.180s] -- Up-to-date: /home/conner/codePractice/rosDummy/install/robot_types/lib/librobot_types__rosidl_generator_c.so
[1.181s] -- Up-to-date: /home/conner/codePractice/rosDummy/install/robot_types/include/robot_types
[1.181s] -- Up-to-date: /home/conner/codePractice/rosDummy/install/robot_types/include/robot_types/msg
[1.181s] -- Up-to-date: /home/conner/codePractice/rosDummy/install/robot_types/include/robot_types/msg/rosidl_typesupport_fastrtps_c__visibility_control.h
[1.182s] -- Up-to-date: /home/conner/codePractice/rosDummy/install/robot_types/include/robot_types/action
[1.183s] -- Up-to-date: /home/conner/codePractice/rosDummy/install/robot_types/include/robot_types/action/detail
[1.183s] -- Up-to-date: /home/conner/codePractice/rosDummy/install/robot_types/include/robot_types/action/detail/pid__rosidl_typesupport_fastrtps_c.h
[1.183s] -- Up-to-date: /home/conner/codePractice/rosDummy/install/robot_types/lib/librobot_types__rosidl_typesupport_fastrtps_c.so
[1.184s] -- Up-to-date: /home/conner/codePractice/rosDummy/install/robot_types/include/robot_types
[1.184s] -- Up-to-date: /home/conner/codePractice/rosDummy/install/robot_types/include/robot_types/msg
[1.184s] -- Up-to-date: /home/conner/codePractice/rosDummy/install/robot_types/include/robot_types/msg/rosidl_typesupport_fastrtps_cpp__visibility_control.h
[1.185s] -- Up-to-date: /home/conner/codePractice/rosDummy/install/robot_types/include/robot_types/action
[1.185s] -- Up-to-date: /home/conner/codePractice/rosDummy/install/robot_types/include/robot_types/action/detail
[1.185s] -- Up-to-date: /home/conner/codePractice/rosDummy/install/robot_types/include/robot_types/action/detail/pid__rosidl_typesupport_fastrtps_cpp.hpp
[1.185s] -- Up-to-date: /home/conner/codePractice/rosDummy/install/robot_types/include/robot_types/action/detail/dds_fastrtps
[1.186s] -- Up-to-date: /home/conner/codePractice/rosDummy/install/robot_types/lib/librobot_types__rosidl_typesupport_fastrtps_cpp.so
[1.186s] -- Up-to-date: /home/conner/codePractice/rosDummy/install/robot_types/include/robot_types
[1.186s] -- Up-to-date: /home/conner/codePractice/rosDummy/install/robot_types/include/robot_types/msg
[1.186s] -- Up-to-date: /home/conner/codePractice/rosDummy/install/robot_types/include/robot_types/msg/rosidl_typesupport_introspection_c__visibility_control.h
[1.186s] -- Up-to-date: /home/conner/codePractice/rosDummy/install/robot_types/include/robot_types/action
[1.186s] -- Up-to-date: /home/conner/codePractice/rosDummy/install/robot_types/include/robot_types/action/detail
[1.187s] -- Up-to-date: /home/conner/codePractice/rosDummy/install/robot_types/include/robot_types/action/detail/pid__rosidl_typesupport_introspection_c.h
[1.187s] -- Up-to-date: /home/conner/codePractice/rosDummy/install/robot_types/include/robot_types/action/detail/pid__type_support.c
[1.187s] -- Up-to-date: /home/conner/codePractice/rosDummy/install/robot_types/lib/librobot_types__rosidl_typesupport_introspection_c.so
[1.187s] -- Up-to-date: /home/conner/codePractice/rosDummy/install/robot_types/lib/librobot_types__rosidl_typesupport_c.so
[1.187s] -- Up-to-date: /home/conner/codePractice/rosDummy/install/robot_types/include/robot_types
[1.188s] -- Up-to-date: /home/conner/codePractice/rosDummy/install/robot_types/include/robot_types/action
[1.188s] -- Up-to-date: /home/conner/codePractice/rosDummy/install/robot_types/include/robot_types/action/pid.hpp
[1.188s] -- Up-to-date: /home/conner/codePractice/rosDummy/install/robot_types/include/robot_types/action/detail
[1.188s] -- Up-to-date: /home/conner/codePractice/rosDummy/install/robot_types/include/robot_types/action/detail/pid__traits.hpp
[1.188s] -- Up-to-date: /home/conner/codePractice/rosDummy/install/robot_types/include/robot_types/action/detail/pid__struct.hpp
[1.188s] -- Up-to-date: /home/conner/codePractice/rosDummy/install/robot_types/include/robot_types/action/detail/pid__builder.hpp
[1.189s] -- Up-to-date: /home/conner/codePractice/rosDummy/install/robot_types/include/robot_types
[1.190s] -- Up-to-date: /home/conner/codePractice/rosDummy/install/robot_types/include/robot_types/action
[1.190s] -- Up-to-date: /home/conner/codePractice/rosDummy/install/robot_types/include/robot_types/action/detail
[1.190s] -- Up-to-date: /home/conner/codePractice/rosDummy/install/robot_types/include/robot_types/action/detail/pid__type_support.cpp
[1.190s] -- Up-to-date: /home/conner/codePractice/rosDummy/install/robot_types/include/robot_types/action/detail/pid__rosidl_typesupport_introspection_cpp.hpp
[1.190s] -- Up-to-date: /home/conner/codePractice/rosDummy/install/robot_types/lib/librobot_types__rosidl_typesupport_introspection_cpp.so
[1.190s] -- Up-to-date: /home/conner/codePractice/rosDummy/install/robot_types/lib/librobot_types__rosidl_typesupport_cpp.so
[1.191s] -- Up-to-date: /home/conner/codePractice/rosDummy/install/robot_types/share/robot_types/environment/pythonpath.sh
[1.191s] -- Up-to-date: /home/conner/codePractice/rosDummy/install/robot_types/share/robot_types/environment/pythonpath.dsv
[1.191s] -- Up-to-date: /home/conner/codePractice/rosDummy/install/robot_types/lib/python3.8/site-packages/robot_types/__init__.py
[1.255s] -- Up-to-date: /home/conner/codePractice/rosDummy/install/robot_types/lib/python3.8/site-packages/robot_types/action
[1.256s] -- Up-to-date: /home/conner/codePractice/rosDummy/install/robot_types/lib/python3.8/site-packages/robot_types/action/_pid.py
[1.257s] -- Up-to-date: /home/conner/codePractice/rosDummy/install/robot_types/lib/python3.8/site-packages/robot_types/action/_pid_s.c
[1.258s] -- Up-to-date: /home/conner/codePractice/rosDummy/install/robot_types/lib/python3.8/site-packages/robot_types/action/__init__.py
[1.259s] -- Up-to-date: /home/conner/codePractice/rosDummy/install/robot_types/lib/python3.8/site-packages/robot_types/robot_types_s__rosidl_typesupport_fastrtps_c.cpython-38-x86_64-linux-gnu.so
[1.259s] -- Up-to-date: /home/conner/codePractice/rosDummy/install/robot_types/lib/python3.8/site-packages/robot_types/robot_types_s__rosidl_typesupport_introspection_c.cpython-38-x86_64-linux-gnu.so
[1.260s] -- Up-to-date: /home/conner/codePractice/rosDummy/install/robot_types/lib/python3.8/site-packages/robot_types/robot_types_s__rosidl_typesupport_c.cpython-38-x86_64-linux-gnu.so
[1.261s] -- Up-to-date: /home/conner/codePractice/rosDummy/install/robot_types/lib/librobot_types__python.so
[1.262s] -- Up-to-date: /home/conner/codePractice/rosDummy/install/robot_types/share/robot_types/action/PID.idl
[1.262s] -- Up-to-date: /home/conner/codePractice/rosDummy/install/robot_types/share/robot_types/action/PID.action
[1.262s] -- Up-to-date: /home/conner/codePractice/rosDummy/install/robot_types/share/ament_index/resource_index/package_run_dependencies/robot_types
[1.263s] -- Up-to-date: /home/conner/codePractice/rosDummy/install/robot_types/share/ament_index/resource_index/parent_prefix_path/robot_types
[1.263s] -- Up-to-date: /home/conner/codePractice/rosDummy/install/robot_types/share/robot_types/environment/ament_prefix_path.sh
[1.264s] -- Up-to-date: /home/conner/codePractice/rosDummy/install/robot_types/share/robot_types/environment/ament_prefix_path.dsv
[1.264s] -- Up-to-date: /home/conner/codePractice/rosDummy/install/robot_types/share/robot_types/environment/path.sh
[1.265s] -- Up-to-date: /home/conner/codePractice/rosDummy/install/robot_types/share/robot_types/environment/path.dsv
[1.265s] -- Up-to-date: /home/conner/codePractice/rosDummy/install/robot_types/share/robot_types/local_setup.bash
[1.266s] -- Up-to-date: /home/conner/codePractice/rosDummy/install/robot_types/share/robot_types/local_setup.sh
[1.266s] -- Up-to-date: /home/conner/codePractice/rosDummy/install/robot_types/share/robot_types/local_setup.zsh
[1.267s] -- Up-to-date: /home/conner/codePractice/rosDummy/install/robot_types/share/robot_types/local_setup.dsv
[1.267s] -- Installing: /home/conner/codePractice/rosDummy/install/robot_types/share/robot_types/package.dsv
[1.267s] -- Up-to-date: /home/conner/codePractice/rosDummy/install/robot_types/share/ament_index/resource_index/packages/robot_types
[1.268s] -- Up-to-date: /home/conner/codePractice/rosDummy/install/robot_types/share/robot_types/cmake/robot_types__rosidl_generator_cExport.cmake
[1.268s] -- Up-to-date: /home/conner/codePractice/rosDummy/install/robot_types/share/robot_types/cmake/robot_types__rosidl_generator_cExport-noconfig.cmake
[1.269s] -- Up-to-date: /home/conner/codePractice/rosDummy/install/robot_types/share/robot_types/cmake/robot_types__rosidl_typesupport_introspection_cExport.cmake
[1.269s] -- Up-to-date: /home/conner/codePractice/rosDummy/install/robot_types/share/robot_types/cmake/robot_types__rosidl_typesupport_introspection_cExport-noconfig.cmake
[1.269s] -- Up-to-date: /home/conner/codePractice/rosDummy/install/robot_types/share/robot_types/cmake/robot_types__rosidl_typesupport_cExport.cmake
[1.269s] -- Up-to-date: /home/conner/codePractice/rosDummy/install/robot_types/share/robot_types/cmake/robot_types__rosidl_typesupport_cExport-noconfig.cmake
[1.269s] -- Up-to-date: /home/conner/codePractice/rosDummy/install/robot_types/share/robot_types/cmake/robot_types__rosidl_generator_cppExport.cmake
[1.270s] -- Up-to-date: /home/conner/codePractice/rosDummy/install/robot_types/share/robot_types/cmake/robot_types__rosidl_typesupport_introspection_cppExport.cmake
[1.270s] -- Up-to-date: /home/conner/codePractice/rosDummy/install/robot_types/share/robot_types/cmake/robot_types__rosidl_typesupport_introspection_cppExport-noconfig.cmake
[1.270s] -- Up-to-date: /home/conner/codePractice/rosDummy/install/robot_types/share/robot_types/cmake/robot_types__rosidl_typesupport_cppExport.cmake
[1.272s] -- Up-to-date: /home/conner/codePractice/rosDummy/install/robot_types/share/robot_types/cmake/robot_types__rosidl_typesupport_cppExport-noconfig.cmake
[1.272s] -- Up-to-date: /home/conner/codePractice/rosDummy/install/robot_types/share/robot_types/cmake/rosidl_cmake-extras.cmake
[1.273s] -- Up-to-date: /home/conner/codePractice/rosDummy/install/robot_types/share/robot_types/cmake/ament_cmake_export_dependencies-extras.cmake
[1.273s] -- Up-to-date: /home/conner/codePractice/rosDummy/install/robot_types/share/robot_types/cmake/ament_cmake_export_libraries-extras.cmake
[1.273s] -- Up-to-date: /home/conner/codePractice/rosDummy/install/robot_types/share/robot_types/cmake/ament_cmake_export_targets-extras.cmake
[1.273s] -- Up-to-date: /home/conner/codePractice/rosDummy/install/robot_types/share/robot_types/cmake/ament_cmake_export_include_directories-extras.cmake
[1.274s] -- Up-to-date: /home/conner/codePractice/rosDummy/install/robot_types/share/robot_types/cmake/rosidl_cmake_export_typesupport_libraries-extras.cmake
[1.274s] -- Up-to-date: /home/conner/codePractice/rosDummy/install/robot_types/share/robot_types/cmake/rosidl_cmake_export_typesupport_targets-extras.cmake
[1.274s] -- Up-to-date: /home/conner/codePractice/rosDummy/install/robot_types/share/robot_types/cmake/robot_typesConfig.cmake
[1.274s] -- Up-to-date: /home/conner/codePractice/rosDummy/install/robot_types/share/robot_types/cmake/robot_typesConfig-version.cmake
[1.274s] -- Up-to-date: /home/conner/codePractice/rosDummy/install/robot_types/share/robot_types/package.xml
[1.281s] Invoked command in '/home/conner/codePractice/rosDummy/build/robot_types' returned '0': CMAKE_PREFIX_PATH=${CMAKE_PREFIX_PATH}:/opt/ros/foxy /usr/bin/cmake --install /home/conner/codePractice/rosDummy/build/robot_types
