[0.693s] Invoking command in '/home/conner/codePractice/rosDummy/build/mediator_node': CMAKE_PREFIX_PATH=/home/conner/codePractice/rosDummy/install/robot_types:/home/conner/codePractice/rosDummy/install/mediator_node:/home/conner/codePractice/rosDummy/install/control_node:/home/conner/codePractice/rosDummy/install/brain_node:/opt/ros/foxy LD_LIBRARY_PATH=/home/conner/codePractice/rosDummy/install/robot_types/lib:/home/conner/codePractice/rosDummy/install/mediator_node/lib:/home/conner/codePractice/rosDummy/install/control_node/lib:/opt/ros/foxy/opt/yaml_cpp_vendor/lib:/opt/ros/foxy/opt/rviz_ogre_vendor/lib:/opt/ros/foxy/lib/x86_64-linux-gnu:/opt/ros/foxy/lib /usr/bin/cmake --build /home/conner/codePractice/rosDummy/build/mediator_node -- -j8 -l8
[0.946s] [ 50%] Built target pid_action_server
[0.954s] [35m[1mScanning dependencies of target action_server[0m
[1.230s] [ 75%] [32mBuilding CXX object CMakeFiles/action_server.dir/src/mediator_node.cpp.o[0m
[16.310s] [100%] [32m[1mLinking CXX shared library libaction_server.so[0m
[17.668s] [100%] Built target action_server
[17.711s] Invoked command in '/home/conner/codePractice/rosDummy/build/mediator_node' returned '0': CMAKE_PREFIX_PATH=/home/conner/codePractice/rosDummy/install/robot_types:/home/conner/codePractice/rosDummy/install/mediator_node:/home/conner/codePractice/rosDummy/install/control_node:/home/conner/codePractice/rosDummy/install/brain_node:/opt/ros/foxy LD_LIBRARY_PATH=/home/conner/codePractice/rosDummy/install/robot_types/lib:/home/conner/codePractice/rosDummy/install/mediator_node/lib:/home/conner/codePractice/rosDummy/install/control_node/lib:/opt/ros/foxy/opt/yaml_cpp_vendor/lib:/opt/ros/foxy/opt/rviz_ogre_vendor/lib:/opt/ros/foxy/lib/x86_64-linux-gnu:/opt/ros/foxy/lib /usr/bin/cmake --build /home/conner/codePractice/rosDummy/build/mediator_node -- -j8 -l8
[17.801s] Invoking command in '/home/conner/codePractice/rosDummy/build/mediator_node': CMAKE_PREFIX_PATH=/home/conner/codePractice/rosDummy/install/robot_types:/home/conner/codePractice/rosDummy/install/mediator_node:/home/conner/codePractice/rosDummy/install/control_node:/home/conner/codePractice/rosDummy/install/brain_node:/opt/ros/foxy LD_LIBRARY_PATH=/home/conner/codePractice/rosDummy/install/robot_types/lib:/home/conner/codePractice/rosDummy/install/mediator_node/lib:/home/conner/codePractice/rosDummy/install/control_node/lib:/opt/ros/foxy/opt/yaml_cpp_vendor/lib:/opt/ros/foxy/opt/rviz_ogre_vendor/lib:/opt/ros/foxy/lib/x86_64-linux-gnu:/opt/ros/foxy/lib /usr/bin/cmake --install /home/conner/codePractice/rosDummy/build/mediator_node
[17.828s] -- Install configuration: ""
[17.837s] -- Up-to-date: /home/conner/codePractice/rosDummy/install/mediator_node/lib/mediator_node/pid_action_server
[17.842s] -- Installing: /home/conner/codePractice/rosDummy/install/mediator_node/lib/libaction_server.so
[17.848s] -- Set runtime path of "/home/conner/codePractice/rosDummy/install/mediator_node/lib/libaction_server.so" to ""
[17.849s] -- Up-to-date: /home/conner/codePractice/rosDummy/install/mediator_node/share/ament_index/resource_index/package_run_dependencies/mediator_node
[17.849s] -- Up-to-date: /home/conner/codePractice/rosDummy/install/mediator_node/share/ament_index/resource_index/parent_prefix_path/mediator_node
[17.851s] -- Up-to-date: /home/conner/codePractice/rosDummy/install/mediator_node/share/mediator_node/environment/ament_prefix_path.sh
[17.852s] -- Up-to-date: /home/conner/codePractice/rosDummy/install/mediator_node/share/mediator_node/environment/ament_prefix_path.dsv
[17.852s] -- Up-to-date: /home/conner/codePractice/rosDummy/install/mediator_node/share/mediator_node/environment/path.sh
[17.853s] -- Up-to-date: /home/conner/codePractice/rosDummy/install/mediator_node/share/mediator_node/environment/path.dsv
[17.855s] -- Up-to-date: /home/conner/codePractice/rosDummy/install/mediator_node/share/mediator_node/local_setup.bash
[17.855s] -- Up-to-date: /home/conner/codePractice/rosDummy/install/mediator_node/share/mediator_node/local_setup.sh
[17.858s] -- Up-to-date: /home/conner/codePractice/rosDummy/install/mediator_node/share/mediator_node/local_setup.zsh
[17.859s] -- Up-to-date: /home/conner/codePractice/rosDummy/install/mediator_node/share/mediator_node/local_setup.dsv
[17.861s] -- Installing: /home/conner/codePractice/rosDummy/install/mediator_node/share/mediator_node/package.dsv
[17.863s] -- Up-to-date: /home/conner/codePractice/rosDummy/install/mediator_node/share/ament_index/resource_index/packages/mediator_node
[17.863s] -- Up-to-date: /home/conner/codePractice/rosDummy/install/mediator_node/share/ament_index/resource_index/rclcpp_components/mediator_node
[17.864s] -- Up-to-date: /home/conner/codePractice/rosDummy/install/mediator_node/share/mediator_node/cmake/mediator_nodeConfig.cmake
[17.866s] -- Up-to-date: /home/conner/codePractice/rosDummy/install/mediator_node/share/mediator_node/cmake/mediator_nodeConfig-version.cmake
[17.867s] -- Up-to-date: /home/conner/codePractice/rosDummy/install/mediator_node/share/mediator_node/package.xml
[17.884s] Invoked command in '/home/conner/codePractice/rosDummy/build/mediator_node' returned '0': CMAKE_PREFIX_PATH=/home/conner/codePractice/rosDummy/install/robot_types:/home/conner/codePractice/rosDummy/install/mediator_node:/home/conner/codePractice/rosDummy/install/control_node:/home/conner/codePractice/rosDummy/install/brain_node:/opt/ros/foxy LD_LIBRARY_PATH=/home/conner/codePractice/rosDummy/install/robot_types/lib:/home/conner/codePractice/rosDummy/install/mediator_node/lib:/home/conner/codePractice/rosDummy/install/control_node/lib:/opt/ros/foxy/opt/yaml_cpp_vendor/lib:/opt/ros/foxy/opt/rviz_ogre_vendor/lib:/opt/ros/foxy/lib/x86_64-linux-gnu:/opt/ros/foxy/lib /usr/bin/cmake --install /home/conner/codePractice/rosDummy/build/mediator_node
