[0.097s] Invoking command in '/home/conner/codePractice/rosDummy/build/mediator_node': CMAKE_PREFIX_PATH=/opt/ros/foxy /usr/bin/cmake /home/conner/codePractice/rosDummy/src/mediator_node -DCMAKE_INSTALL_PREFIX=/home/conner/codePractice/rosDummy/install/mediator_node
[1.808s] -- The C compiler identification is GNU 9.4.0
[2.803s] -- The CXX compiler identification is GNU 9.4.0
[3.161s] -- Check for working C compiler: /usr/bin/cc
[3.726s] -- Check for working C compiler: /usr/bin/cc -- works
[3.729s] -- Detecting C compiler ABI info
[4.259s] -- Detecting C compiler ABI info - done
[4.295s] -- Detecting C compile features
[4.296s] -- Detecting C compile features - done
[4.302s] -- Check for working CXX compiler: /usr/bin/c++
[4.875s] -- Check for working CXX compiler: /usr/bin/c++ -- works
[4.878s] -- Detecting CXX compiler ABI info
[5.448s] -- Detecting CXX compiler ABI info - done
[5.480s] -- Detecting CXX compile features
[5.483s] -- Detecting CXX compile features - done
[5.488s] -- Found ament_cmake: 0.9.11 (/opt/ros/foxy/share/ament_cmake/cmake)
[5.552s] -- Found PythonInterp: /usr/bin/python3 (found suitable version "3.8.10", minimum required is "3") 
[5.552s] -- Using PYTHON_EXECUTABLE: /usr/bin/python3
[6.048s] -- Found rclcpp: 2.4.2 (/opt/ros/foxy/share/rclcpp/cmake)
[6.711s] -- Using all available rosidl_typesupport_c: rosidl_typesupport_fastrtps_c;rosidl_typesupport_introspection_c
[6.733s] -- Found rosidl_adapter: 1.3.0 (/opt/ros/foxy/share/rosidl_adapter/cmake)
[9.176s] -- Found OpenSSL: /usr/lib/x86_64-linux-gnu/libcrypto.so (found version "1.1.1f")  
[11.547s] -- Found FastRTPS: /opt/ros/foxy/include  
[16.237s] -- Using all available rosidl_typesupport_cpp: rosidl_typesupport_fastrtps_cpp;rosidl_typesupport_introspection_cpp
[16.521s] -- Found rmw_implementation_cmake: 1.0.3 (/opt/ros/foxy/share/rmw_implementation_cmake/cmake)
[16.544s] -- Using RMW implementation 'rmw_fastrtps_cpp' as default
[16.550s] -- Looking for pthread.h
[17.156s] -- Looking for pthread.h - found
[17.157s] -- Performing Test CMAKE_HAVE_LIBC_PTHREAD
[17.578s] -- Performing Test CMAKE_HAVE_LIBC_PTHREAD - Failed
[17.579s] -- Looking for pthread_create in pthreads
[17.928s] -- Looking for pthread_create in pthreads - not found
[17.928s] -- Looking for pthread_create in pthread
[18.373s] -- Looking for pthread_create in pthread - found
[18.376s] -- Found Threads: TRUE  
[18.874s] -- Found geometry_msgs: 2.0.5 (/opt/ros/foxy/share/geometry_msgs/cmake)
[18.994s] -- Found ament_lint_auto: 0.9.7 (/opt/ros/foxy/share/ament_lint_auto/cmake)
[19.235s] -- Added test 'copyright' to check source files copyright and LICENSE
[19.248s] -- Added test 'lint_cmake' to check CMake code style
[19.259s] -- Added test 'xmllint' to check XML markup files
[19.271s] -- Configuring done
[19.278s] -- Generating done
[19.283s] -- Build files have been written to: /home/conner/codePractice/rosDummy/build/mediator_node
